CRITICAL - 2024-12-23 12:47:46 --> DivisionByZeroError: Division by zero
in APPPATH/Views/dashboard/DashboardAudit.php on line 140.
 1 SYSTEMPATH/View/View.php(228): include()
 2 SYSTEMPATH/View/View.php(231): CodeIgniter\View\View->CodeIgniter\View\{closure}()
 3 SYSTEMPATH/Common.php(1178): CodeIgniter\View\View->render()
 4 APPPATH/Controllers/DashController.php(117): view()
 5 SYSTEMPATH/CodeIgniter.php(941): App\Controllers\DashController->auditsystem()
 6 SYSTEMPATH/CodeIgniter.php(502): CodeIgniter\CodeIgniter->runController()
 7 SYSTEMPATH/CodeIgniter.php(361): CodeIgniter\CodeIgniter->handleRequest()
 8 FCPATH/index.php(84): CodeIgniter\CodeIgniter->run()
CRITICAL - 2024-12-23 12:52:59 --> DivisionByZeroError: Division by zero
in APPPATH/Views/dashboard/DashboardAudit.php on line 140.
 1 SYSTEMPATH/View/View.php(228): include()
 2 SYSTEMPATH/View/View.php(231): CodeIgniter\View\View->CodeIgniter\View\{closure}()
 3 SYSTEMPATH/Common.php(1178): CodeIgniter\View\View->render()
 4 APPPATH/Controllers/DashController.php(117): view()
 5 SYSTEMPATH/CodeIgniter.php(941): App\Controllers\DashController->auditsystem()
 6 SYSTEMPATH/CodeIgniter.php(502): CodeIgniter\CodeIgniter->runController()
 7 SYSTEMPATH/CodeIgniter.php(361): CodeIgniter\CodeIgniter->handleRequest()
 8 FCPATH/index.php(84): CodeIgniter\CodeIgniter->run()
CRITICAL - 2024-12-23 12:53:31 --> DivisionByZeroError: Division by zero
in APPPATH/Views/dashboard/DashboardAudit.php on line 140.
 1 SYSTEMPATH/View/View.php(228): include()
 2 SYSTEMPATH/View/View.php(231): CodeIgniter\View\View->CodeIgniter\View\{closure}()
 3 SYSTEMPATH/Common.php(1178): CodeIgniter\View\View->render()
 4 APPPATH/Controllers/DashController.php(117): view()
 5 SYSTEMPATH/CodeIgniter.php(941): App\Controllers\DashController->auditsystem()
 6 SYSTEMPATH/CodeIgniter.php(502): CodeIgniter\CodeIgniter->runController()
 7 SYSTEMPATH/CodeIgniter.php(361): CodeIgniter\CodeIgniter->handleRequest()
 8 FCPATH/index.php(84): CodeIgniter\CodeIgniter->run()
