CRITICAL - 2024-02-26 21:25:10 --> Error: Call to undefined method CodeIgniter\Database\MySQLi\Builder::getResultArray()
in APPPATH\Models\HomeModel.php on line 16.
 1 APPPATH\Controllers\HomeController.php(18): App\Models\HomeModel->getuser()
 2 SYSTEMPATH\CodeIgniter.php(941): App\Controllers\HomeController->homepage()
 3 SYSTEMPATH\CodeIgniter.php(502): CodeIgniter\CodeIgniter->runController(Object(App\Controllers\HomeController))
 4 SYSTEMPATH\CodeIgniter.php(361): CodeIgniter\CodeIgniter->handleRequest(null, Object(Config\Cache), false)
 5 FCPATH\index.php(79): CodeIgniter\CodeIgniter->run()
CRITICAL - 2024-02-26 21:26:22 --> Error: Call to undefined method CodeIgniter\Database\MySQLi\Builder::getResultArray()
in APPPATH\Models\HomeModel.php on line 16.
 1 APPPATH\Controllers\HomeController.php(18): App\Models\HomeModel->getuser()
 2 SYSTEMPATH\CodeIgniter.php(941): App\Controllers\HomeController->homepage()
 3 SYSTEMPATH\CodeIgniter.php(502): CodeIgniter\CodeIgniter->runController(Object(App\Controllers\HomeController))
 4 SYSTEMPATH\CodeIgniter.php(361): CodeIgniter\CodeIgniter->handleRequest(null, Object(Config\Cache), false)
 5 FCPATH\index.php(79): CodeIgniter\CodeIgniter->run()
ERROR - 2024-02-26 21:41:15 --> Error connecting to the database: mysqli_sql_exception: Unknown database 'posi' in D:\Applications\xampp\htdocs\jblas\system\Database\MySQLi\Connection.php:185
Stack trace:
#0 D:\Applications\xampp\htdocs\jblas\system\Database\MySQLi\Connection.php(185): mysqli->real_connect('localhost', 'root', '', 'posi', 3306, '', 0)
#1 D:\Applications\xampp\htdocs\jblas\system\Database\BaseConnection.php(392): CodeIgniter\Database\MySQLi\Connection->connect(false)
#2 D:\Applications\xampp\htdocs\jblas\system\Database\BaseConnection.php(575): CodeIgniter\Database\BaseConnection->initialize()
#3 D:\Applications\xampp\htdocs\jblas\system\Database\BaseBuilder.php(1616): CodeIgniter\Database\BaseConnection->query('SELECT *\nFROM `...', Array, false)
#4 D:\Applications\xampp\htdocs\jblas\app\Models\HomeModel.php(16): CodeIgniter\Database\BaseBuilder->get()
#5 D:\Applications\xampp\htdocs\jblas\app\Controllers\HomeController.php(18): App\Models\HomeModel->getuser()
#6 D:\Applications\xampp\htdocs\jblas\system\CodeIgniter.php(941): App\Controllers\HomeController->homepage()
#7 D:\Applications\xampp\htdocs\jblas\system\CodeIgniter.php(502): CodeIgniter\CodeIgniter->runController(Object(App\Controllers\HomeController))
#8 D:\Applications\xampp\htdocs\jblas\system\CodeIgniter.php(361): CodeIgniter\CodeIgniter->handleRequest(NULL, Object(Config\Cache), false)
#9 D:\Applications\xampp\htdocs\jblas\public\index.php(79): CodeIgniter\CodeIgniter->run()
#10 {main}

Next CodeIgniter\Database\Exceptions\DatabaseException: Unknown database 'posi' in D:\Applications\xampp\htdocs\jblas\system\Database\MySQLi\Connection.php:229
Stack trace:
#0 D:\Applications\xampp\htdocs\jblas\system\Database\BaseConnection.php(392): CodeIgniter\Database\MySQLi\Connection->connect(false)
#1 D:\Applications\xampp\htdocs\jblas\system\Database\BaseConnection.php(575): CodeIgniter\Database\BaseConnection->initialize()
#2 D:\Applications\xampp\htdocs\jblas\system\Database\BaseBuilder.php(1616): CodeIgniter\Database\BaseConnection->query('SELECT *\nFROM `...', Array, false)
#3 D:\Applications\xampp\htdocs\jblas\app\Models\HomeModel.php(16): CodeIgniter\Database\BaseBuilder->get()
#4 D:\Applications\xampp\htdocs\jblas\app\Controllers\HomeController.php(18): App\Models\HomeModel->getuser()
#5 D:\Applications\xampp\htdocs\jblas\system\CodeIgniter.php(941): App\Controllers\HomeController->homepage()
#6 D:\Applications\xampp\htdocs\jblas\system\CodeIgniter.php(502): CodeIgniter\CodeIgniter->runController(Object(App\Controllers\HomeController))
#7 D:\Applications\xampp\htdocs\jblas\system\CodeIgniter.php(361): CodeIgniter\CodeIgniter->handleRequest(NULL, Object(Config\Cache), false)
#8 D:\Applications\xampp\htdocs\jblas\public\index.php(79): CodeIgniter\CodeIgniter->run()
#9 {main}
CRITICAL - 2024-02-26 21:41:15 --> CodeIgniter\Database\Exceptions\DatabaseException: Unable to connect to the database.
Main connection [MySQLi]: Unknown database 'posi'
in SYSTEMPATH\Database\BaseConnection.php on line 428.
 1 SYSTEMPATH\Database\BaseConnection.php(575): CodeIgniter\Database\BaseConnection->initialize()
 2 SYSTEMPATH\Database\BaseBuilder.php(1616): CodeIgniter\Database\BaseConnection->query('SELECT *
FROM `users`', [], false)
 3 APPPATH\Models\HomeModel.php(16): CodeIgniter\Database\BaseBuilder->get()
 4 APPPATH\Controllers\HomeController.php(18): App\Models\HomeModel->getuser()
 5 SYSTEMPATH\CodeIgniter.php(941): App\Controllers\HomeController->homepage()
 6 SYSTEMPATH\CodeIgniter.php(502): CodeIgniter\CodeIgniter->runController(Object(App\Controllers\HomeController))
 7 SYSTEMPATH\CodeIgniter.php(361): CodeIgniter\CodeIgniter->handleRequest(null, Object(Config\Cache), false)
 8 FCPATH\index.php(79): CodeIgniter\CodeIgniter->run()
CRITICAL - 2024-02-26 22:10:34 --> Error: Call to undefined method CodeIgniter\Database\MySQLi\Builder::getResultArray()
in APPPATH\Models\HomeModel.php on line 16.
 1 APPPATH\Controllers\HomeController.php(18): App\Models\HomeModel->getuser()
 2 SYSTEMPATH\CodeIgniter.php(941): App\Controllers\HomeController->homepage()
 3 SYSTEMPATH\CodeIgniter.php(502): CodeIgniter\CodeIgniter->runController(Object(App\Controllers\HomeController))
 4 SYSTEMPATH\CodeIgniter.php(361): CodeIgniter\CodeIgniter->handleRequest(null, Object(Config\Cache), false)
 5 FCPATH\index.php(79): CodeIgniter\CodeIgniter->run()
CRITICAL - 2024-02-26 22:11:15 --> Error: Call to undefined method CodeIgniter\Database\MySQLi\Builder::getResultArray()
in APPPATH\Models\HomeModel.php on line 16.
 1 APPPATH\Controllers\HomeController.php(18): App\Models\HomeModel->getuser()
 2 SYSTEMPATH\CodeIgniter.php(941): App\Controllers\HomeController->homepage()
 3 SYSTEMPATH\CodeIgniter.php(502): CodeIgniter\CodeIgniter->runController(Object(App\Controllers\HomeController))
 4 SYSTEMPATH\CodeIgniter.php(361): CodeIgniter\CodeIgniter->handleRequest(null, Object(Config\Cache), false)
 5 FCPATH\index.php(79): CodeIgniter\CodeIgniter->run()
CRITICAL - 2024-02-26 22:12:08 --> ErrorException: Undefined variable $data
in APPPATH\Controllers\HomeController.php on line 20.
 1 APPPATH\Controllers\HomeController.php(20): CodeIgniter\Debug\Exceptions->errorHandler(2, 'Undefined variable $data', 'D:\\Applications\\xampp\\htdocs\\jblas\\app\\Controllers\\HomeController.php', 20)
 2 SYSTEMPATH\CodeIgniter.php(941): App\Controllers\HomeController->homepage()
 3 SYSTEMPATH\CodeIgniter.php(502): CodeIgniter\CodeIgniter->runController(Object(App\Controllers\HomeController))
 4 SYSTEMPATH\CodeIgniter.php(361): CodeIgniter\CodeIgniter->handleRequest(null, Object(Config\Cache), false)
 5 FCPATH\index.php(79): CodeIgniter\CodeIgniter->run()
CRITICAL - 2024-02-26 22:13:51 --> ErrorException: Undefined variable $data
in APPPATH\Controllers\HomeController.php on line 20.
 1 APPPATH\Controllers\HomeController.php(20): CodeIgniter\Debug\Exceptions->errorHandler(2, 'Undefined variable $data', 'D:\\Applications\\xampp\\htdocs\\jblas\\app\\Controllers\\HomeController.php', 20)
 2 SYSTEMPATH\CodeIgniter.php(941): App\Controllers\HomeController->homepage()
 3 SYSTEMPATH\CodeIgniter.php(502): CodeIgniter\CodeIgniter->runController(Object(App\Controllers\HomeController))
 4 SYSTEMPATH\CodeIgniter.php(361): CodeIgniter\CodeIgniter->handleRequest(null, Object(Config\Cache), false)
 5 FCPATH\index.php(79): CodeIgniter\CodeIgniter->run()
CRITICAL - 2024-02-26 22:13:52 --> ErrorException: Undefined variable $data
in APPPATH\Controllers\HomeController.php on line 20.
 1 APPPATH\Controllers\HomeController.php(20): CodeIgniter\Debug\Exceptions->errorHandler(2, 'Undefined variable $data', 'D:\\Applications\\xampp\\htdocs\\jblas\\app\\Controllers\\HomeController.php', 20)
 2 SYSTEMPATH\CodeIgniter.php(941): App\Controllers\HomeController->homepage()
 3 SYSTEMPATH\CodeIgniter.php(502): CodeIgniter\CodeIgniter->runController(Object(App\Controllers\HomeController))
 4 SYSTEMPATH\CodeIgniter.php(361): CodeIgniter\CodeIgniter->handleRequest(null, Object(Config\Cache), false)
 5 FCPATH\index.php(79): CodeIgniter\CodeIgniter->run()
CRITICAL - 2024-02-26 22:13:52 --> ErrorException: Undefined variable $data
in APPPATH\Controllers\HomeController.php on line 20.
 1 APPPATH\Controllers\HomeController.php(20): CodeIgniter\Debug\Exceptions->errorHandler(2, 'Undefined variable $data', 'D:\\Applications\\xampp\\htdocs\\jblas\\app\\Controllers\\HomeController.php', 20)
 2 SYSTEMPATH\CodeIgniter.php(941): App\Controllers\HomeController->homepage()
 3 SYSTEMPATH\CodeIgniter.php(502): CodeIgniter\CodeIgniter->runController(Object(App\Controllers\HomeController))
 4 SYSTEMPATH\CodeIgniter.php(361): CodeIgniter\CodeIgniter->handleRequest(null, Object(Config\Cache), false)
 5 FCPATH\index.php(79): CodeIgniter\CodeIgniter->run()
CRITICAL - 2024-02-26 22:14:45 --> Error: Call to undefined method CodeIgniter\Database\MySQLi\Builder::getResultArray()
in APPPATH\Models\HomeModel.php on line 16.
 1 APPPATH\Controllers\HomeController.php(18): App\Models\HomeModel->getuser()
 2 SYSTEMPATH\CodeIgniter.php(941): App\Controllers\HomeController->homepage()
 3 SYSTEMPATH\CodeIgniter.php(502): CodeIgniter\CodeIgniter->runController(Object(App\Controllers\HomeController))
 4 SYSTEMPATH\CodeIgniter.php(361): CodeIgniter\CodeIgniter->handleRequest(null, Object(Config\Cache), false)
 5 FCPATH\index.php(79): CodeIgniter\CodeIgniter->run()
CRITICAL - 2024-02-26 23:15:47 --> Error: Call to a member function encrypt() on null
in APPPATH\Controllers\HomeController.php on line 54.
 1 SYSTEMPATH\CodeIgniter.php(941): App\Controllers\HomeController->posthome()
 2 SYSTEMPATH\CodeIgniter.php(502): CodeIgniter\CodeIgniter->runController(Object(App\Controllers\HomeController))
 3 SYSTEMPATH\CodeIgniter.php(361): CodeIgniter\CodeIgniter->handleRequest(null, Object(Config\Cache), false)
 4 FCPATH\index.php(84): CodeIgniter\CodeIgniter->run()
