INFO - 2024-05-13 09:05:21 --> Session: Class initialized using 'CodeIgniter\Session\Handlers\FileHandler' driver.
INFO - 2024-05-13 09:05:21 --> Session: Class initialized using 'CodeIgniter\Session\Handlers\FileHandler' driver.
INFO - 2024-05-13 09:05:27 --> Session: Class initialized using 'CodeIgniter\Session\Handlers\FileHandler' driver.
INFO - 2024-05-13 09:05:41 --> Session: Class initialized using 'CodeIgniter\Session\Handlers\FileHandler' driver.
INFO - 2024-05-13 09:05:42 --> Session: Class initialized using 'CodeIgniter\Session\Handlers\FileHandler' driver.
INFO - 2024-05-13 09:32:13 --> Session: Class initialized using 'CodeIgniter\Session\Handlers\FileHandler' driver.
INFO - 2024-05-13 09:32:13 --> Session: Class initialized using 'CodeIgniter\Session\Handlers\FileHandler' driver.
INFO - 2024-05-13 09:32:27 --> Session: Class initialized using 'CodeIgniter\Session\Handlers\FileHandler' driver.
INFO - 2024-05-13 09:32:27 --> Session: Class initialized using 'CodeIgniter\Session\Handlers\FileHandler' driver.
INFO - 2024-05-13 09:32:32 --> Session: Class initialized using 'CodeIgniter\Session\Handlers\FileHandler' driver.
INFO - 2024-05-13 09:32:37 --> Session: Class initialized using 'CodeIgniter\Session\Handlers\FileHandler' driver.
INFO - 2024-05-13 09:32:37 --> Session: Class initialized using 'CodeIgniter\Session\Handlers\FileHandler' driver.
INFO - 2024-05-13 09:32:49 --> Session: Class initialized using 'CodeIgniter\Session\Handlers\FileHandler' driver.
INFO - 2024-05-13 09:32:49 --> Session: Class initialized using 'CodeIgniter\Session\Handlers\FileHandler' driver.
INFO - 2024-05-13 09:32:52 --> Session: Class initialized using 'CodeIgniter\Session\Handlers\FileHandler' driver.
INFO - 2024-05-13 09:32:57 --> Session: Class initialized using 'CodeIgniter\Session\Handlers\FileHandler' driver.
INFO - 2024-05-13 09:37:54 --> Session: Class initialized using 'CodeIgniter\Session\Handlers\FileHandler' driver.
INFO - 2024-05-13 09:38:14 --> Session: Class initialized using 'CodeIgniter\Session\Handlers\FileHandler' driver.
INFO - 2024-05-13 09:38:43 --> Session: Class initialized using 'CodeIgniter\Session\Handlers\FileHandler' driver.
INFO - 2024-05-13 09:39:22 --> Session: Class initialized using 'CodeIgniter\Session\Handlers\FileHandler' driver.
INFO - 2024-05-13 09:39:31 --> Session: Class initialized using 'CodeIgniter\Session\Handlers\FileHandler' driver.
INFO - 2024-05-13 09:39:44 --> Session: Class initialized using 'CodeIgniter\Session\Handlers\FileHandler' driver.
INFO - 2024-05-13 09:39:45 --> Session: Class initialized using 'CodeIgniter\Session\Handlers\FileHandler' driver.
INFO - 2024-05-13 09:39:56 --> Session: Class initialized using 'CodeIgniter\Session\Handlers\FileHandler' driver.
INFO - 2024-05-13 09:40:03 --> Session: Class initialized using 'CodeIgniter\Session\Handlers\FileHandler' driver.
INFO - 2024-05-13 09:40:04 --> Session: Class initialized using 'CodeIgniter\Session\Handlers\FileHandler' driver.
INFO - 2024-05-13 09:40:07 --> Session: Class initialized using 'CodeIgniter\Session\Handlers\FileHandler' driver.
INFO - 2024-05-13 09:41:21 --> Session: Class initialized using 'CodeIgniter\Session\Handlers\FileHandler' driver.
INFO - 2024-05-13 09:47:23 --> Session: Class initialized using 'CodeIgniter\Session\Handlers\FileHandler' driver.
INFO - 2024-05-13 09:47:30 --> Session: Class initialized using 'CodeIgniter\Session\Handlers\FileHandler' driver.
INFO - 2024-05-13 09:47:40 --> Session: Class initialized using 'CodeIgniter\Session\Handlers\FileHandler' driver.
INFO - 2024-05-13 09:47:47 --> Session: Class initialized using 'CodeIgniter\Session\Handlers\FileHandler' driver.
INFO - 2024-05-13 09:48:24 --> Session: Class initialized using 'CodeIgniter\Session\Handlers\FileHandler' driver.
INFO - 2024-05-13 09:48:36 --> Session: Class initialized using 'CodeIgniter\Session\Handlers\FileHandler' driver.
INFO - 2024-05-13 09:55:18 --> Session: Class initialized using 'CodeIgniter\Session\Handlers\FileHandler' driver.
INFO - 2024-05-13 09:57:17 --> Session: Class initialized using 'CodeIgniter\Session\Handlers\FileHandler' driver.
INFO - 2024-05-13 09:57:38 --> Session: Class initialized using 'CodeIgniter\Session\Handlers\FileHandler' driver.
INFO - 2024-05-13 09:58:19 --> Session: Class initialized using 'CodeIgniter\Session\Handlers\FileHandler' driver.
INFO - 2024-05-13 09:58:34 --> Session: Class initialized using 'CodeIgniter\Session\Handlers\FileHandler' driver.
INFO - 2024-05-13 09:58:43 --> Session: Class initialized using 'CodeIgniter\Session\Handlers\FileHandler' driver.
INFO - 2024-05-13 09:58:53 --> Session: Class initialized using 'CodeIgniter\Session\Handlers\FileHandler' driver.
INFO - 2024-05-13 10:00:01 --> Session: Class initialized using 'CodeIgniter\Session\Handlers\FileHandler' driver.
INFO - 2024-05-13 10:00:16 --> Session: Class initialized using 'CodeIgniter\Session\Handlers\FileHandler' driver.
INFO - 2024-05-13 10:01:30 --> Session: Class initialized using 'CodeIgniter\Session\Handlers\FileHandler' driver.
INFO - 2024-05-13 10:02:01 --> Session: Class initialized using 'CodeIgniter\Session\Handlers\FileHandler' driver.
INFO - 2024-05-13 10:02:24 --> Session: Class initialized using 'CodeIgniter\Session\Handlers\FileHandler' driver.
INFO - 2024-05-13 10:04:08 --> Session: Class initialized using 'CodeIgniter\Session\Handlers\FileHandler' driver.
INFO - 2024-05-13 10:04:09 --> Session: Class initialized using 'CodeIgniter\Session\Handlers\FileHandler' driver.
INFO - 2024-05-13 10:06:06 --> Session: Class initialized using 'CodeIgniter\Session\Handlers\FileHandler' driver.
INFO - 2024-05-13 10:08:10 --> Session: Class initialized using 'CodeIgniter\Session\Handlers\FileHandler' driver.
INFO - 2024-05-13 10:08:13 --> Session: Class initialized using 'CodeIgniter\Session\Handlers\FileHandler' driver.
INFO - 2024-05-13 13:34:10 --> Session: Class initialized using 'CodeIgniter\Session\Handlers\FileHandler' driver.
INFO - 2024-05-13 13:34:10 --> Session: Class initialized using 'CodeIgniter\Session\Handlers\FileHandler' driver.
INFO - 2024-05-13 13:34:13 --> Session: Class initialized using 'CodeIgniter\Session\Handlers\FileHandler' driver.
INFO - 2024-05-13 13:34:24 --> Session: Class initialized using 'CodeIgniter\Session\Handlers\FileHandler' driver.
INFO - 2024-05-13 13:34:24 --> Session: Class initialized using 'CodeIgniter\Session\Handlers\FileHandler' driver.
INFO - 2024-05-13 13:34:29 --> Session: Class initialized using 'CodeIgniter\Session\Handlers\FileHandler' driver.
INFO - 2024-05-13 13:34:29 --> Session: Class initialized using 'CodeIgniter\Session\Handlers\FileHandler' driver.
INFO - 2024-05-13 13:34:37 --> Session: Class initialized using 'CodeIgniter\Session\Handlers\FileHandler' driver.
INFO - 2024-05-13 13:34:39 --> Session: Class initialized using 'CodeIgniter\Session\Handlers\FileHandler' driver.
INFO - 2024-05-13 13:34:43 --> Session: Class initialized using 'CodeIgniter\Session\Handlers\FileHandler' driver.
INFO - 2024-05-13 13:34:43 --> Session: Class initialized using 'CodeIgniter\Session\Handlers\FileHandler' driver.
INFO - 2024-05-13 13:34:51 --> Session: Class initialized using 'CodeIgniter\Session\Handlers\FileHandler' driver.
INFO - 2024-05-13 13:34:51 --> Session: Class initialized using 'CodeIgniter\Session\Handlers\FileHandler' driver.
INFO - 2024-05-13 13:34:59 --> Session: Class initialized using 'CodeIgniter\Session\Handlers\FileHandler' driver.
INFO - 2024-05-13 13:35:01 --> Session: Class initialized using 'CodeIgniter\Session\Handlers\FileHandler' driver.
INFO - 2024-05-13 13:39:06 --> Session: Class initialized using 'CodeIgniter\Session\Handlers\FileHandler' driver.
ERROR - 2024-05-13 13:39:06 --> mysqli_sql_exception: Table 'as.tbl_table_index' doesn't exist in D:\Applications\xampp\htdocs\jblas\system\Database\MySQLi\Connection.php:306
Stack trace:
#0 D:\Applications\xampp\htdocs\jblas\system\Database\MySQLi\Connection.php(306): mysqli->query('SELECT *\nFROM `...', 0)
#1 D:\Applications\xampp\htdocs\jblas\system\Database\BaseConnection.php(693): CodeIgniter\Database\MySQLi\Connection->execute('SELECT *\nFROM `...')
#2 D:\Applications\xampp\htdocs\jblas\system\Database\BaseConnection.php(607): CodeIgniter\Database\BaseConnection->simpleQuery('SELECT *\nFROM `...')
#3 D:\Applications\xampp\htdocs\jblas\system\Database\BaseBuilder.php(1616): CodeIgniter\Database\BaseConnection->query('SELECT *\nFROM `...', Array, false)
#4 D:\Applications\xampp\htdocs\jblas\app\Models\WorkpaperModel.php(71): CodeIgniter\Database\BaseBuilder->get()
#5 D:\Applications\xampp\htdocs\jblas\app\Controllers\WorkpaperController.php(93): App\Models\WorkpaperModel->getfileindex()
#6 D:\Applications\xampp\htdocs\jblas\system\CodeIgniter.php(941): App\Controllers\WorkpaperController->getfiles('567c2a1f867b208...', '3d8278c6122d416...', 'Sample client 1...')
#7 D:\Applications\xampp\htdocs\jblas\system\CodeIgniter.php(502): CodeIgniter\CodeIgniter->runController(Object(App\Controllers\WorkpaperController))
#8 D:\Applications\xampp\htdocs\jblas\system\CodeIgniter.php(361): CodeIgniter\CodeIgniter->handleRequest(NULL, Object(Config\Cache), false)
#9 D:\Applications\xampp\htdocs\jblas\public\index.php(84): CodeIgniter\CodeIgniter->run()
#10 {main}
CRITICAL - 2024-05-13 13:39:06 --> CodeIgniter\Database\Exceptions\DatabaseException: Table 'as.tbl_table_index' doesn't exist
in SYSTEMPATH\Database\BaseConnection.php on line 647.
 1 SYSTEMPATH\Database\BaseBuilder.php(1616): CodeIgniter\Database\BaseConnection->query('SELECT *
FROM `tbl_table_index`', [], false)
 2 APPPATH\Models\WorkpaperModel.php(71): CodeIgniter\Database\BaseBuilder->get()
 3 APPPATH\Controllers\WorkpaperController.php(93): App\Models\WorkpaperModel->getfileindex()
 4 SYSTEMPATH\CodeIgniter.php(941): App\Controllers\WorkpaperController->getfiles('567c2a1f867b2080cdb5a5e33008c76259d4f2bd1fb924ca3aa5b63f4a3b660309dd75eaca429631e4dbf4b9854a933a6f25e9019a16e1abeb2881c46a0e0c914KqfDwulzVloD2z6bV8L4PA=', '3d8278c6122d4161c5003d0b97acf506f940103e7f94ec2922f780d5336162a8ef76ef059dc03566dc3605a11ee90cc08df65da388dbab5badf9f7992d2ef3d7WrDS6KYMr2AuqSHNp4Shb3g=', 'Sample client 1s')
 5 SYSTEMPATH\CodeIgniter.php(502): CodeIgniter\CodeIgniter->runController(Object(App\Controllers\WorkpaperController))
 6 SYSTEMPATH\CodeIgniter.php(361): CodeIgniter\CodeIgniter->handleRequest(null, Object(Config\Cache), false)
 7 FCPATH\index.php(84): CodeIgniter\CodeIgniter->run()
CRITICAL - 2024-05-13 13:39:06 --> [Caused by] CodeIgniter\Database\Exceptions\DatabaseException: Table 'as.tbl_table_index' doesn't exist
in SYSTEMPATH\Database\MySQLi\Connection.php on line 311.
 1 SYSTEMPATH\Database\BaseConnection.php(693): CodeIgniter\Database\MySQLi\Connection->execute('SELECT *
FROM `tbl_table_index`')
 2 SYSTEMPATH\Database\BaseConnection.php(607): CodeIgniter\Database\BaseConnection->simpleQuery('SELECT *
FROM `tbl_table_index`')
 3 SYSTEMPATH\Database\BaseBuilder.php(1616): CodeIgniter\Database\BaseConnection->query('SELECT *
FROM `tbl_table_index`', [], false)
 4 APPPATH\Models\WorkpaperModel.php(71): CodeIgniter\Database\BaseBuilder->get()
 5 APPPATH\Controllers\WorkpaperController.php(93): App\Models\WorkpaperModel->getfileindex()
 6 SYSTEMPATH\CodeIgniter.php(941): App\Controllers\WorkpaperController->getfiles('567c2a1f867b2080cdb5a5e33008c76259d4f2bd1fb924ca3aa5b63f4a3b660309dd75eaca429631e4dbf4b9854a933a6f25e9019a16e1abeb2881c46a0e0c914KqfDwulzVloD2z6bV8L4PA=', '3d8278c6122d4161c5003d0b97acf506f940103e7f94ec2922f780d5336162a8ef76ef059dc03566dc3605a11ee90cc08df65da388dbab5badf9f7992d2ef3d7WrDS6KYMr2AuqSHNp4Shb3g=', 'Sample client 1s')
 7 SYSTEMPATH\CodeIgniter.php(502): CodeIgniter\CodeIgniter->runController(Object(App\Controllers\WorkpaperController))
 8 SYSTEMPATH\CodeIgniter.php(361): CodeIgniter\CodeIgniter->handleRequest(null, Object(Config\Cache), false)
 9 FCPATH\index.php(84): CodeIgniter\CodeIgniter->run()
CRITICAL - 2024-05-13 13:39:06 --> [Caused by] mysqli_sql_exception: Table 'as.tbl_table_index' doesn't exist
in SYSTEMPATH\Database\MySQLi\Connection.php on line 306.
 1 SYSTEMPATH\Database\MySQLi\Connection.php(306): mysqli->query('SELECT *
FROM `tbl_table_index`', 0)
 2 SYSTEMPATH\Database\BaseConnection.php(693): CodeIgniter\Database\MySQLi\Connection->execute('SELECT *
FROM `tbl_table_index`')
 3 SYSTEMPATH\Database\BaseConnection.php(607): CodeIgniter\Database\BaseConnection->simpleQuery('SELECT *
FROM `tbl_table_index`')
 4 SYSTEMPATH\Database\BaseBuilder.php(1616): CodeIgniter\Database\BaseConnection->query('SELECT *
FROM `tbl_table_index`', [], false)
 5 APPPATH\Models\WorkpaperModel.php(71): CodeIgniter\Database\BaseBuilder->get()
 6 APPPATH\Controllers\WorkpaperController.php(93): App\Models\WorkpaperModel->getfileindex()
 7 SYSTEMPATH\CodeIgniter.php(941): App\Controllers\WorkpaperController->getfiles('567c2a1f867b2080cdb5a5e33008c76259d4f2bd1fb924ca3aa5b63f4a3b660309dd75eaca429631e4dbf4b9854a933a6f25e9019a16e1abeb2881c46a0e0c914KqfDwulzVloD2z6bV8L4PA=', '3d8278c6122d4161c5003d0b97acf506f940103e7f94ec2922f780d5336162a8ef76ef059dc03566dc3605a11ee90cc08df65da388dbab5badf9f7992d2ef3d7WrDS6KYMr2AuqSHNp4Shb3g=', 'Sample client 1s')
 8 SYSTEMPATH\CodeIgniter.php(502): CodeIgniter\CodeIgniter->runController(Object(App\Controllers\WorkpaperController))
 9 SYSTEMPATH\CodeIgniter.php(361): CodeIgniter\CodeIgniter->handleRequest(null, Object(Config\Cache), false)
10 FCPATH\index.php(84): CodeIgniter\CodeIgniter->run()
INFO - 2024-05-13 13:39:43 --> Session: Class initialized using 'CodeIgniter\Session\Handlers\FileHandler' driver.
INFO - 2024-05-13 13:40:37 --> Session: Class initialized using 'CodeIgniter\Session\Handlers\FileHandler' driver.
CRITICAL - 2024-05-13 13:40:37 --> ErrorException: Undefined array key "c1titleID"
in APPPATH\Views\workpaper\ViewFilesValues.php on line 104.
 1 APPPATH\Views\workpaper\ViewFilesValues.php(104): CodeIgniter\Debug\Exceptions->errorHandler(2, 'Undefined array key "c1titleID"', 'D:\\Applications\\xampp\\htdocs\\jblas\\app\\Views\\workpaper\\ViewFilesValues.php', 104)
 2 SYSTEMPATH\View\View.php(228): include('D:\\Applications\\xampp\\htdocs\\jblas\\app\\Views\\workpaper\\ViewFilesValues.php')
 3 SYSTEMPATH\View\View.php(231): CodeIgniter\View\View->CodeIgniter\View\{closure}()
 4 SYSTEMPATH\Common.php(1178): CodeIgniter\View\View->render('workpaper/ViewFilesValues', [], true)
 5 APPPATH\Controllers\WorkpaperController.php(97): view('workpaper/ViewFilesValues', [...])
 6 SYSTEMPATH\CodeIgniter.php(941): App\Controllers\WorkpaperController->getfiles('567c2a1f867b2080cdb5a5e33008c76259d4f2bd1fb924ca3aa5b63f4a3b660309dd75eaca429631e4dbf4b9854a933a6f25e9019a16e1abeb2881c46a0e0c914KqfDwulzVloD2z6bV8L4PA=', '3d8278c6122d4161c5003d0b97acf506f940103e7f94ec2922f780d5336162a8ef76ef059dc03566dc3605a11ee90cc08df65da388dbab5badf9f7992d2ef3d7WrDS6KYMr2AuqSHNp4Shb3g=', 'Sample client 1s')
 7 SYSTEMPATH\CodeIgniter.php(502): CodeIgniter\CodeIgniter->runController(Object(App\Controllers\WorkpaperController))
 8 SYSTEMPATH\CodeIgniter.php(361): CodeIgniter\CodeIgniter->handleRequest(null, Object(Config\Cache), false)
 9 FCPATH\index.php(84): CodeIgniter\CodeIgniter->run()
INFO - 2024-05-13 13:40:55 --> Session: Class initialized using 'CodeIgniter\Session\Handlers\FileHandler' driver.
INFO - 2024-05-13 13:58:47 --> Session: Class initialized using 'CodeIgniter\Session\Handlers\FileHandler' driver.
INFO - 2024-05-13 14:03:30 --> Session: Class initialized using 'CodeIgniter\Session\Handlers\FileHandler' driver.
INFO - 2024-05-13 14:03:35 --> Session: Class initialized using 'CodeIgniter\Session\Handlers\FileHandler' driver.
INFO - 2024-05-13 14:03:37 --> Session: Class initialized using 'CodeIgniter\Session\Handlers\FileHandler' driver.
INFO - 2024-05-13 14:04:08 --> Session: Class initialized using 'CodeIgniter\Session\Handlers\FileHandler' driver.
INFO - 2024-05-13 14:05:23 --> Session: Class initialized using 'CodeIgniter\Session\Handlers\FileHandler' driver.
INFO - 2024-05-13 14:05:34 --> Session: Class initialized using 'CodeIgniter\Session\Handlers\FileHandler' driver.
INFO - 2024-05-13 14:05:49 --> Session: Class initialized using 'CodeIgniter\Session\Handlers\FileHandler' driver.
INFO - 2024-05-13 14:06:22 --> Session: Class initialized using 'CodeIgniter\Session\Handlers\FileHandler' driver.
INFO - 2024-05-13 14:06:39 --> Session: Class initialized using 'CodeIgniter\Session\Handlers\FileHandler' driver.
INFO - 2024-05-13 14:06:58 --> Session: Class initialized using 'CodeIgniter\Session\Handlers\FileHandler' driver.
INFO - 2024-05-13 14:07:09 --> Session: Class initialized using 'CodeIgniter\Session\Handlers\FileHandler' driver.
INFO - 2024-05-13 14:07:21 --> Session: Class initialized using 'CodeIgniter\Session\Handlers\FileHandler' driver.
INFO - 2024-05-13 14:08:46 --> Session: Class initialized using 'CodeIgniter\Session\Handlers\FileHandler' driver.
INFO - 2024-05-13 14:09:15 --> Session: Class initialized using 'CodeIgniter\Session\Handlers\FileHandler' driver.
INFO - 2024-05-13 14:09:42 --> Session: Class initialized using 'CodeIgniter\Session\Handlers\FileHandler' driver.
INFO - 2024-05-13 14:10:03 --> Session: Class initialized using 'CodeIgniter\Session\Handlers\FileHandler' driver.
INFO - 2024-05-13 14:10:28 --> Session: Class initialized using 'CodeIgniter\Session\Handlers\FileHandler' driver.
INFO - 2024-05-13 14:10:34 --> Session: Class initialized using 'CodeIgniter\Session\Handlers\FileHandler' driver.
INFO - 2024-05-13 14:11:21 --> Session: Class initialized using 'CodeIgniter\Session\Handlers\FileHandler' driver.
INFO - 2024-05-13 14:11:33 --> Session: Class initialized using 'CodeIgniter\Session\Handlers\FileHandler' driver.
INFO - 2024-05-13 14:11:38 --> Session: Class initialized using 'CodeIgniter\Session\Handlers\FileHandler' driver.
INFO - 2024-05-13 14:11:49 --> Session: Class initialized using 'CodeIgniter\Session\Handlers\FileHandler' driver.
INFO - 2024-05-13 14:12:18 --> Session: Class initialized using 'CodeIgniter\Session\Handlers\FileHandler' driver.
INFO - 2024-05-13 14:12:30 --> Session: Class initialized using 'CodeIgniter\Session\Handlers\FileHandler' driver.
INFO - 2024-05-13 14:12:42 --> Session: Class initialized using 'CodeIgniter\Session\Handlers\FileHandler' driver.
INFO - 2024-05-13 14:13:05 --> Session: Class initialized using 'CodeIgniter\Session\Handlers\FileHandler' driver.
INFO - 2024-05-13 14:13:06 --> Session: Class initialized using 'CodeIgniter\Session\Handlers\FileHandler' driver.
INFO - 2024-05-13 14:13:21 --> Session: Class initialized using 'CodeIgniter\Session\Handlers\FileHandler' driver.
INFO - 2024-05-13 14:15:11 --> Session: Class initialized using 'CodeIgniter\Session\Handlers\FileHandler' driver.
INFO - 2024-05-13 14:15:18 --> Session: Class initialized using 'CodeIgniter\Session\Handlers\FileHandler' driver.
INFO - 2024-05-13 14:16:21 --> Session: Class initialized using 'CodeIgniter\Session\Handlers\FileHandler' driver.
INFO - 2024-05-13 14:16:46 --> Session: Class initialized using 'CodeIgniter\Session\Handlers\FileHandler' driver.
INFO - 2024-05-13 14:17:09 --> Session: Class initialized using 'CodeIgniter\Session\Handlers\FileHandler' driver.
INFO - 2024-05-13 14:17:17 --> Session: Class initialized using 'CodeIgniter\Session\Handlers\FileHandler' driver.
INFO - 2024-05-13 14:17:18 --> Session: Class initialized using 'CodeIgniter\Session\Handlers\FileHandler' driver.
INFO - 2024-05-13 14:17:23 --> Session: Class initialized using 'CodeIgniter\Session\Handlers\FileHandler' driver.
INFO - 2024-05-13 14:17:24 --> Session: Class initialized using 'CodeIgniter\Session\Handlers\FileHandler' driver.
INFO - 2024-05-13 14:17:25 --> Session: Class initialized using 'CodeIgniter\Session\Handlers\FileHandler' driver.
INFO - 2024-05-13 14:27:11 --> Session: Class initialized using 'CodeIgniter\Session\Handlers\FileHandler' driver.
INFO - 2024-05-13 14:27:37 --> Session: Class initialized using 'CodeIgniter\Session\Handlers\FileHandler' driver.
INFO - 2024-05-13 14:27:58 --> Session: Class initialized using 'CodeIgniter\Session\Handlers\FileHandler' driver.
INFO - 2024-05-13 14:28:56 --> Session: Class initialized using 'CodeIgniter\Session\Handlers\FileHandler' driver.
INFO - 2024-05-13 14:29:23 --> Session: Class initialized using 'CodeIgniter\Session\Handlers\FileHandler' driver.
INFO - 2024-05-13 14:29:41 --> Session: Class initialized using 'CodeIgniter\Session\Handlers\FileHandler' driver.
INFO - 2024-05-13 14:30:04 --> Session: Class initialized using 'CodeIgniter\Session\Handlers\FileHandler' driver.
INFO - 2024-05-13 14:30:25 --> Session: Class initialized using 'CodeIgniter\Session\Handlers\FileHandler' driver.
INFO - 2024-05-13 14:30:53 --> Session: Class initialized using 'CodeIgniter\Session\Handlers\FileHandler' driver.
INFO - 2024-05-13 14:31:01 --> Session: Class initialized using 'CodeIgniter\Session\Handlers\FileHandler' driver.
INFO - 2024-05-13 14:31:13 --> Session: Class initialized using 'CodeIgniter\Session\Handlers\FileHandler' driver.
INFO - 2024-05-13 14:32:14 --> Session: Class initialized using 'CodeIgniter\Session\Handlers\FileHandler' driver.
INFO - 2024-05-13 14:32:20 --> Session: Class initialized using 'CodeIgniter\Session\Handlers\FileHandler' driver.
INFO - 2024-05-13 14:32:32 --> Session: Class initialized using 'CodeIgniter\Session\Handlers\FileHandler' driver.
INFO - 2024-05-13 14:32:49 --> Session: Class initialized using 'CodeIgniter\Session\Handlers\FileHandler' driver.
INFO - 2024-05-13 14:32:54 --> Session: Class initialized using 'CodeIgniter\Session\Handlers\FileHandler' driver.
INFO - 2024-05-13 14:39:08 --> Session: Class initialized using 'CodeIgniter\Session\Handlers\FileHandler' driver.
INFO - 2024-05-13 14:40:27 --> Session: Class initialized using 'CodeIgniter\Session\Handlers\FileHandler' driver.
INFO - 2024-05-13 14:41:32 --> Session: Class initialized using 'CodeIgniter\Session\Handlers\FileHandler' driver.
INFO - 2024-05-13 14:42:45 --> Session: Class initialized using 'CodeIgniter\Session\Handlers\FileHandler' driver.
INFO - 2024-05-13 14:43:25 --> Session: Class initialized using 'CodeIgniter\Session\Handlers\FileHandler' driver.
INFO - 2024-05-13 14:47:40 --> Session: Class initialized using 'CodeIgniter\Session\Handlers\FileHandler' driver.
INFO - 2024-05-13 14:51:41 --> Session: Class initialized using 'CodeIgniter\Session\Handlers\FileHandler' driver.
INFO - 2024-05-13 14:52:00 --> Session: Class initialized using 'CodeIgniter\Session\Handlers\FileHandler' driver.
INFO - 2024-05-13 14:53:13 --> Session: Class initialized using 'CodeIgniter\Session\Handlers\FileHandler' driver.
INFO - 2024-05-13 14:54:39 --> Session: Class initialized using 'CodeIgniter\Session\Handlers\FileHandler' driver.
INFO - 2024-05-13 14:59:30 --> Session: Class initialized using 'CodeIgniter\Session\Handlers\FileHandler' driver.
INFO - 2024-05-13 15:08:54 --> Session: Class initialized using 'CodeIgniter\Session\Handlers\FileHandler' driver.
INFO - 2024-05-13 15:09:37 --> Session: Class initialized using 'CodeIgniter\Session\Handlers\FileHandler' driver.
INFO - 2024-05-13 15:10:55 --> Session: Class initialized using 'CodeIgniter\Session\Handlers\FileHandler' driver.
INFO - 2024-05-13 15:12:32 --> Session: Class initialized using 'CodeIgniter\Session\Handlers\FileHandler' driver.
INFO - 2024-05-13 15:32:27 --> Session: Class initialized using 'CodeIgniter\Session\Handlers\FileHandler' driver.
INFO - 2024-05-13 15:32:44 --> Session: Class initialized using 'CodeIgniter\Session\Handlers\FileHandler' driver.
INFO - 2024-05-13 15:33:06 --> Session: Class initialized using 'CodeIgniter\Session\Handlers\FileHandler' driver.
INFO - 2024-05-13 15:33:19 --> Session: Class initialized using 'CodeIgniter\Session\Handlers\FileHandler' driver.
INFO - 2024-05-13 15:41:08 --> Session: Class initialized using 'CodeIgniter\Session\Handlers\FileHandler' driver.
INFO - 2024-05-13 15:43:49 --> Session: Class initialized using 'CodeIgniter\Session\Handlers\FileHandler' driver.
INFO - 2024-05-13 15:44:38 --> Session: Class initialized using 'CodeIgniter\Session\Handlers\FileHandler' driver.
INFO - 2024-05-13 15:44:46 --> Session: Class initialized using 'CodeIgniter\Session\Handlers\FileHandler' driver.
INFO - 2024-05-13 17:29:37 --> Session: Class initialized using 'CodeIgniter\Session\Handlers\FileHandler' driver.
INFO - 2024-05-13 17:33:35 --> Session: Class initialized using 'CodeIgniter\Session\Handlers\FileHandler' driver.
INFO - 2024-05-13 17:33:48 --> Session: Class initialized using 'CodeIgniter\Session\Handlers\FileHandler' driver.
INFO - 2024-05-13 17:34:59 --> Session: Class initialized using 'CodeIgniter\Session\Handlers\FileHandler' driver.
INFO - 2024-05-13 17:35:11 --> Session: Class initialized using 'CodeIgniter\Session\Handlers\FileHandler' driver.
INFO - 2024-05-13 17:50:25 --> Session: Class initialized using 'CodeIgniter\Session\Handlers\FileHandler' driver.
INFO - 2024-05-13 17:51:24 --> Session: Class initialized using 'CodeIgniter\Session\Handlers\FileHandler' driver.
INFO - 2024-05-13 17:51:49 --> Session: Class initialized using 'CodeIgniter\Session\Handlers\FileHandler' driver.
INFO - 2024-05-13 17:52:15 --> Session: Class initialized using 'CodeIgniter\Session\Handlers\FileHandler' driver.
INFO - 2024-05-13 17:52:33 --> Session: Class initialized using 'CodeIgniter\Session\Handlers\FileHandler' driver.
INFO - 2024-05-13 17:55:05 --> Session: Class initialized using 'CodeIgniter\Session\Handlers\FileHandler' driver.
INFO - 2024-05-13 17:56:04 --> Session: Class initialized using 'CodeIgniter\Session\Handlers\FileHandler' driver.
INFO - 2024-05-13 17:56:53 --> Session: Class initialized using 'CodeIgniter\Session\Handlers\FileHandler' driver.
INFO - 2024-05-13 17:57:02 --> Session: Class initialized using 'CodeIgniter\Session\Handlers\FileHandler' driver.
INFO - 2024-05-13 17:57:07 --> Session: Class initialized using 'CodeIgniter\Session\Handlers\FileHandler' driver.
INFO - 2024-05-13 17:57:26 --> Session: Class initialized using 'CodeIgniter\Session\Handlers\FileHandler' driver.
INFO - 2024-05-13 17:58:05 --> Session: Class initialized using 'CodeIgniter\Session\Handlers\FileHandler' driver.
INFO - 2024-05-13 17:58:46 --> Session: Class initialized using 'CodeIgniter\Session\Handlers\FileHandler' driver.
INFO - 2024-05-13 18:04:09 --> Session: Class initialized using 'CodeIgniter\Session\Handlers\FileHandler' driver.
INFO - 2024-05-13 18:05:16 --> Session: Class initialized using 'CodeIgniter\Session\Handlers\FileHandler' driver.
INFO - 2024-05-13 18:05:37 --> Session: Class initialized using 'CodeIgniter\Session\Handlers\FileHandler' driver.
INFO - 2024-05-13 18:05:56 --> Session: Class initialized using 'CodeIgniter\Session\Handlers\FileHandler' driver.
INFO - 2024-05-13 18:07:46 --> Session: Class initialized using 'CodeIgniter\Session\Handlers\FileHandler' driver.
INFO - 2024-05-13 18:08:24 --> Session: Class initialized using 'CodeIgniter\Session\Handlers\FileHandler' driver.
INFO - 2024-05-13 18:33:35 --> Session: Class initialized using 'CodeIgniter\Session\Handlers\FileHandler' driver.
INFO - 2024-05-13 18:34:05 --> Session: Class initialized using 'CodeIgniter\Session\Handlers\FileHandler' driver.
INFO - 2024-05-13 18:37:59 --> Session: Class initialized using 'CodeIgniter\Session\Handlers\FileHandler' driver.
INFO - 2024-05-13 18:39:08 --> Session: Class initialized using 'CodeIgniter\Session\Handlers\FileHandler' driver.
INFO - 2024-05-13 18:42:42 --> Session: Class initialized using 'CodeIgniter\Session\Handlers\FileHandler' driver.
INFO - 2024-05-13 18:42:59 --> Session: Class initialized using 'CodeIgniter\Session\Handlers\FileHandler' driver.
INFO - 2024-05-13 18:45:40 --> Session: Class initialized using 'CodeIgniter\Session\Handlers\FileHandler' driver.
INFO - 2024-05-13 19:15:08 --> Session: Class initialized using 'CodeIgniter\Session\Handlers\FileHandler' driver.
INFO - 2024-05-13 19:17:01 --> Session: Class initialized using 'CodeIgniter\Session\Handlers\FileHandler' driver.
INFO - 2024-05-13 19:17:25 --> Session: Class initialized using 'CodeIgniter\Session\Handlers\FileHandler' driver.
INFO - 2024-05-13 19:17:41 --> Session: Class initialized using 'CodeIgniter\Session\Handlers\FileHandler' driver.
INFO - 2024-05-13 19:17:56 --> Session: Class initialized using 'CodeIgniter\Session\Handlers\FileHandler' driver.
INFO - 2024-05-13 19:46:10 --> Session: Class initialized using 'CodeIgniter\Session\Handlers\FileHandler' driver.
INFO - 2024-05-13 19:46:18 --> Session: Class initialized using 'CodeIgniter\Session\Handlers\FileHandler' driver.
INFO - 2024-05-13 19:46:18 --> Session: Class initialized using 'CodeIgniter\Session\Handlers\FileHandler' driver.
INFO - 2024-05-13 19:46:29 --> Session: Class initialized using 'CodeIgniter\Session\Handlers\FileHandler' driver.
INFO - 2024-05-13 19:46:29 --> Session: Class initialized using 'CodeIgniter\Session\Handlers\FileHandler' driver.
INFO - 2024-05-13 19:46:38 --> Session: Class initialized using 'CodeIgniter\Session\Handlers\FileHandler' driver.
INFO - 2024-05-13 19:46:38 --> Session: Class initialized using 'CodeIgniter\Session\Handlers\FileHandler' driver.
INFO - 2024-05-13 19:46:41 --> Session: Class initialized using 'CodeIgniter\Session\Handlers\FileHandler' driver.
INFO - 2024-05-13 19:46:45 --> Session: Class initialized using 'CodeIgniter\Session\Handlers\FileHandler' driver.
ERROR - 2024-05-13 19:46:45 --> mysqli_sql_exception: Table 'as.tbl_file_index' doesn't exist in D:\dhay\xampp\htdocs\jblas\system\Database\MySQLi\Connection.php:306
Stack trace:
#0 D:\dhay\xampp\htdocs\jblas\system\Database\MySQLi\Connection.php(306): mysqli->query('SELECT *\nFROM `...', 0)
#1 D:\dhay\xampp\htdocs\jblas\system\Database\BaseConnection.php(693): CodeIgniter\Database\MySQLi\Connection->execute('SELECT *\nFROM `...')
#2 D:\dhay\xampp\htdocs\jblas\system\Database\BaseConnection.php(607): CodeIgniter\Database\BaseConnection->simpleQuery('SELECT *\nFROM `...')
#3 D:\dhay\xampp\htdocs\jblas\system\Database\BaseBuilder.php(1616): CodeIgniter\Database\BaseConnection->query('SELECT *\nFROM `...', Array, false)
#4 D:\dhay\xampp\htdocs\jblas\app\Models\WorkpaperModel.php(71): CodeIgniter\Database\BaseBuilder->get()
#5 D:\dhay\xampp\htdocs\jblas\app\Controllers\WorkpaperController.php(93): App\Models\WorkpaperModel->getfileindex()
#6 D:\dhay\xampp\htdocs\jblas\system\CodeIgniter.php(941): App\Controllers\WorkpaperController->getfiles('5233ec5dbaaea02...', '24edf720645a0b6...', 'Sample client 1...')
#7 D:\dhay\xampp\htdocs\jblas\system\CodeIgniter.php(502): CodeIgniter\CodeIgniter->runController(Object(App\Controllers\WorkpaperController))
#8 D:\dhay\xampp\htdocs\jblas\system\CodeIgniter.php(361): CodeIgniter\CodeIgniter->handleRequest(NULL, Object(Config\Cache), false)
#9 D:\dhay\xampp\htdocs\jblas\public\index.php(84): CodeIgniter\CodeIgniter->run()
#10 {main}
CRITICAL - 2024-05-13 19:46:45 --> CodeIgniter\Database\Exceptions\DatabaseException: Table 'as.tbl_file_index' doesn't exist
in SYSTEMPATH\Database\BaseConnection.php on line 647.
 1 SYSTEMPATH\Database\BaseBuilder.php(1616): CodeIgniter\Database\BaseConnection->query('SELECT *
FROM `tbl_file_index`', [], false)
 2 APPPATH\Models\WorkpaperModel.php(71): CodeIgniter\Database\BaseBuilder->get()
 3 APPPATH\Controllers\WorkpaperController.php(93): App\Models\WorkpaperModel->getfileindex()
 4 SYSTEMPATH\CodeIgniter.php(941): App\Controllers\WorkpaperController->getfiles('5233ec5dbaaea02fb6abee55b7b1c998e8cd8b96bc71b590d1eee3e56416282d1f47b2bd353abc3521ff53b344ce1979d9e991ffc9fd072fb1ad91c35a6d7036GzHFlqTJ6NyzjTxPy9W7T0w=', '24edf720645a0b610784c8d2c1e74ed98c9ac71ac506f9752c8a56133609eba7ffe374a3016b090554bc7c8a01366871896da7307ce20633b5ebba6ada605bd0vOFCOr6cZUmoEoq$yQ~B3vM=', 'Sample client 1s')
 5 SYSTEMPATH\CodeIgniter.php(502): CodeIgniter\CodeIgniter->runController(Object(App\Controllers\WorkpaperController))
 6 SYSTEMPATH\CodeIgniter.php(361): CodeIgniter\CodeIgniter->handleRequest(null, Object(Config\Cache), false)
 7 FCPATH\index.php(84): CodeIgniter\CodeIgniter->run()
CRITICAL - 2024-05-13 19:46:45 --> [Caused by] CodeIgniter\Database\Exceptions\DatabaseException: Table 'as.tbl_file_index' doesn't exist
in SYSTEMPATH\Database\MySQLi\Connection.php on line 311.
 1 SYSTEMPATH\Database\BaseConnection.php(693): CodeIgniter\Database\MySQLi\Connection->execute('SELECT *
FROM `tbl_file_index`')
 2 SYSTEMPATH\Database\BaseConnection.php(607): CodeIgniter\Database\BaseConnection->simpleQuery('SELECT *
FROM `tbl_file_index`')
 3 SYSTEMPATH\Database\BaseBuilder.php(1616): CodeIgniter\Database\BaseConnection->query('SELECT *
FROM `tbl_file_index`', [], false)
 4 APPPATH\Models\WorkpaperModel.php(71): CodeIgniter\Database\BaseBuilder->get()
 5 APPPATH\Controllers\WorkpaperController.php(93): App\Models\WorkpaperModel->getfileindex()
 6 SYSTEMPATH\CodeIgniter.php(941): App\Controllers\WorkpaperController->getfiles('5233ec5dbaaea02fb6abee55b7b1c998e8cd8b96bc71b590d1eee3e56416282d1f47b2bd353abc3521ff53b344ce1979d9e991ffc9fd072fb1ad91c35a6d7036GzHFlqTJ6NyzjTxPy9W7T0w=', '24edf720645a0b610784c8d2c1e74ed98c9ac71ac506f9752c8a56133609eba7ffe374a3016b090554bc7c8a01366871896da7307ce20633b5ebba6ada605bd0vOFCOr6cZUmoEoq$yQ~B3vM=', 'Sample client 1s')
 7 SYSTEMPATH\CodeIgniter.php(502): CodeIgniter\CodeIgniter->runController(Object(App\Controllers\WorkpaperController))
 8 SYSTEMPATH\CodeIgniter.php(361): CodeIgniter\CodeIgniter->handleRequest(null, Object(Config\Cache), false)
 9 FCPATH\index.php(84): CodeIgniter\CodeIgniter->run()
CRITICAL - 2024-05-13 19:46:45 --> [Caused by] mysqli_sql_exception: Table 'as.tbl_file_index' doesn't exist
in SYSTEMPATH\Database\MySQLi\Connection.php on line 306.
 1 SYSTEMPATH\Database\MySQLi\Connection.php(306): mysqli->query('SELECT *
FROM `tbl_file_index`', 0)
 2 SYSTEMPATH\Database\BaseConnection.php(693): CodeIgniter\Database\MySQLi\Connection->execute('SELECT *
FROM `tbl_file_index`')
 3 SYSTEMPATH\Database\BaseConnection.php(607): CodeIgniter\Database\BaseConnection->simpleQuery('SELECT *
FROM `tbl_file_index`')
 4 SYSTEMPATH\Database\BaseBuilder.php(1616): CodeIgniter\Database\BaseConnection->query('SELECT *
FROM `tbl_file_index`', [], false)
 5 APPPATH\Models\WorkpaperModel.php(71): CodeIgniter\Database\BaseBuilder->get()
 6 APPPATH\Controllers\WorkpaperController.php(93): App\Models\WorkpaperModel->getfileindex()
 7 SYSTEMPATH\CodeIgniter.php(941): App\Controllers\WorkpaperController->getfiles('5233ec5dbaaea02fb6abee55b7b1c998e8cd8b96bc71b590d1eee3e56416282d1f47b2bd353abc3521ff53b344ce1979d9e991ffc9fd072fb1ad91c35a6d7036GzHFlqTJ6NyzjTxPy9W7T0w=', '24edf720645a0b610784c8d2c1e74ed98c9ac71ac506f9752c8a56133609eba7ffe374a3016b090554bc7c8a01366871896da7307ce20633b5ebba6ada605bd0vOFCOr6cZUmoEoq$yQ~B3vM=', 'Sample client 1s')
 8 SYSTEMPATH\CodeIgniter.php(502): CodeIgniter\CodeIgniter->runController(Object(App\Controllers\WorkpaperController))
 9 SYSTEMPATH\CodeIgniter.php(361): CodeIgniter\CodeIgniter->handleRequest(null, Object(Config\Cache), false)
10 FCPATH\index.php(84): CodeIgniter\CodeIgniter->run()
INFO - 2024-05-13 19:46:48 --> Session: Class initialized using 'CodeIgniter\Session\Handlers\FileHandler' driver.
INFO - 2024-05-13 19:48:54 --> Session: Class initialized using 'CodeIgniter\Session\Handlers\FileHandler' driver.
INFO - 2024-05-13 19:48:57 --> Session: Class initialized using 'CodeIgniter\Session\Handlers\FileHandler' driver.
INFO - 2024-05-13 19:48:58 --> Session: Class initialized using 'CodeIgniter\Session\Handlers\FileHandler' driver.
INFO - 2024-05-13 19:52:33 --> Session: Class initialized using 'CodeIgniter\Session\Handlers\FileHandler' driver.
INFO - 2024-05-13 19:52:57 --> Session: Class initialized using 'CodeIgniter\Session\Handlers\FileHandler' driver.
INFO - 2024-05-13 19:54:06 --> Session: Class initialized using 'CodeIgniter\Session\Handlers\FileHandler' driver.
INFO - 2024-05-13 19:56:57 --> Session: Class initialized using 'CodeIgniter\Session\Handlers\FileHandler' driver.
INFO - 2024-05-13 19:59:04 --> Session: Class initialized using 'CodeIgniter\Session\Handlers\FileHandler' driver.
INFO - 2024-05-13 19:59:53 --> Session: Class initialized using 'CodeIgniter\Session\Handlers\FileHandler' driver.
INFO - 2024-05-13 20:00:20 --> Session: Class initialized using 'CodeIgniter\Session\Handlers\FileHandler' driver.
INFO - 2024-05-13 20:00:49 --> Session: Class initialized using 'CodeIgniter\Session\Handlers\FileHandler' driver.
INFO - 2024-05-13 20:01:36 --> Session: Class initialized using 'CodeIgniter\Session\Handlers\FileHandler' driver.
INFO - 2024-05-13 20:02:16 --> Session: Class initialized using 'CodeIgniter\Session\Handlers\FileHandler' driver.
INFO - 2024-05-13 20:05:10 --> Session: Class initialized using 'CodeIgniter\Session\Handlers\FileHandler' driver.
INFO - 2024-05-13 20:07:43 --> Session: Class initialized using 'CodeIgniter\Session\Handlers\FileHandler' driver.
INFO - 2024-05-13 20:08:03 --> Session: Class initialized using 'CodeIgniter\Session\Handlers\FileHandler' driver.
INFO - 2024-05-13 20:08:39 --> Session: Class initialized using 'CodeIgniter\Session\Handlers\FileHandler' driver.
INFO - 2024-05-13 20:08:52 --> Session: Class initialized using 'CodeIgniter\Session\Handlers\FileHandler' driver.
INFO - 2024-05-13 20:10:21 --> Session: Class initialized using 'CodeIgniter\Session\Handlers\FileHandler' driver.
INFO - 2024-05-13 20:13:49 --> Session: Class initialized using 'CodeIgniter\Session\Handlers\FileHandler' driver.
INFO - 2024-05-13 20:14:15 --> Session: Class initialized using 'CodeIgniter\Session\Handlers\FileHandler' driver.
INFO - 2024-05-13 20:14:41 --> Session: Class initialized using 'CodeIgniter\Session\Handlers\FileHandler' driver.
INFO - 2024-05-13 20:20:55 --> Session: Class initialized using 'CodeIgniter\Session\Handlers\FileHandler' driver.
INFO - 2024-05-13 20:22:06 --> Session: Class initialized using 'CodeIgniter\Session\Handlers\FileHandler' driver.
INFO - 2024-05-13 20:22:30 --> Session: Class initialized using 'CodeIgniter\Session\Handlers\FileHandler' driver.
INFO - 2024-05-13 20:26:04 --> Session: Class initialized using 'CodeIgniter\Session\Handlers\FileHandler' driver.
INFO - 2024-05-13 20:32:03 --> Session: Class initialized using 'CodeIgniter\Session\Handlers\FileHandler' driver.
INFO - 2024-05-13 20:58:15 --> Session: Class initialized using 'CodeIgniter\Session\Handlers\FileHandler' driver.
INFO - 2024-05-13 21:03:51 --> Session: Class initialized using 'CodeIgniter\Session\Handlers\FileHandler' driver.
INFO - 2024-05-13 21:04:31 --> Session: Class initialized using 'CodeIgniter\Session\Handlers\FileHandler' driver.
CRITICAL - 2024-05-13 21:04:31 --> CodeIgniter\Encryption\Exceptions\EncryptionException: Decrypting: authentication failed.
in SYSTEMPATH\Encryption\Handlers\OpenSSLHandler.php on line 139.
 1 SYSTEMPATH\Encryption\Handlers\OpenSSLHandler.php(139): CodeIgniter\Encryption\Exceptions\EncryptionException::forAuthenticationFailed()
 2 APPPATH\Models\WorkpaperModel.php(198): CodeIgniter\Encryption\Handlers\OpenSSLHandler->decrypt('')
 3 APPPATH\Controllers\WorkpaperController.php(180): App\Models\WorkpaperModel->importtb([...])
 4 SYSTEMPATH\CodeIgniter.php(941): App\Controllers\WorkpaperController->importtb('eb828e1797574875f08e1a24763b3db8c888c5146f64d7847bbcfc2047a4e4cc9b9dd1d347fef949514796dce470ac375aced99cab72984e3e2815ee6617bd6bAwDle4o9SdSYN$IvzM1YSLs=', 'f372e80d74dd4abdea29f128888f0e86af8a96c5e54cc57ef47ec01deb4fb247c16de7b05013005860de1722a1fb8217ac50e4af235e74daab9cc69365948fbc4DfU6Y0XuL2qPbaZMIVFrOQ=', 'DJ metal works')
 5 SYSTEMPATH\CodeIgniter.php(502): CodeIgniter\CodeIgniter->runController(Object(App\Controllers\WorkpaperController))
 6 SYSTEMPATH\CodeIgniter.php(361): CodeIgniter\CodeIgniter->handleRequest(null, Object(Config\Cache), false)
 7 FCPATH\index.php(84): CodeIgniter\CodeIgniter->run()
INFO - 2024-05-13 21:04:43 --> Session: Class initialized using 'CodeIgniter\Session\Handlers\FileHandler' driver.
INFO - 2024-05-13 21:04:52 --> Session: Class initialized using 'CodeIgniter\Session\Handlers\FileHandler' driver.
INFO - 2024-05-13 21:05:36 --> Session: Class initialized using 'CodeIgniter\Session\Handlers\FileHandler' driver.
INFO - 2024-05-13 21:09:41 --> Session: Class initialized using 'CodeIgniter\Session\Handlers\FileHandler' driver.
INFO - 2024-05-13 21:10:17 --> Session: Class initialized using 'CodeIgniter\Session\Handlers\FileHandler' driver.
CRITICAL - 2024-05-13 21:10:17 --> CodeIgniter\Encryption\Exceptions\EncryptionException: Decrypting: authentication failed.
in SYSTEMPATH\Encryption\Handlers\OpenSSLHandler.php on line 139.
 1 SYSTEMPATH\Encryption\Handlers\OpenSSLHandler.php(139): CodeIgniter\Encryption\Exceptions\EncryptionException::forAuthenticationFailed()
 2 APPPATH\Models\WorkpaperModel.php(198): CodeIgniter\Encryption\Handlers\OpenSSLHandler->decrypt('')
 3 APPPATH\Controllers\WorkpaperController.php(180): App\Models\WorkpaperModel->importtb([...])
 4 SYSTEMPATH\CodeIgniter.php(941): App\Controllers\WorkpaperController->importtb('eb828e1797574875f08e1a24763b3db8c888c5146f64d7847bbcfc2047a4e4cc9b9dd1d347fef949514796dce470ac375aced99cab72984e3e2815ee6617bd6bAwDle4o9SdSYN$IvzM1YSLs=', 'f372e80d74dd4abdea29f128888f0e86af8a96c5e54cc57ef47ec01deb4fb247c16de7b05013005860de1722a1fb8217ac50e4af235e74daab9cc69365948fbc4DfU6Y0XuL2qPbaZMIVFrOQ=', 'DJ metal works')
 5 SYSTEMPATH\CodeIgniter.php(502): CodeIgniter\CodeIgniter->runController(Object(App\Controllers\WorkpaperController))
 6 SYSTEMPATH\CodeIgniter.php(361): CodeIgniter\CodeIgniter->handleRequest(null, Object(Config\Cache), false)
 7 FCPATH\index.php(84): CodeIgniter\CodeIgniter->run()
INFO - 2024-05-13 21:11:01 --> Session: Class initialized using 'CodeIgniter\Session\Handlers\FileHandler' driver.
CRITICAL - 2024-05-13 21:11:02 --> CodeIgniter\Encryption\Exceptions\EncryptionException: Decrypting: authentication failed.
in SYSTEMPATH\Encryption\Handlers\OpenSSLHandler.php on line 139.
 1 SYSTEMPATH\Encryption\Handlers\OpenSSLHandler.php(139): CodeIgniter\Encryption\Exceptions\EncryptionException::forAuthenticationFailed()
 2 APPPATH\Models\WorkpaperModel.php(194): CodeIgniter\Encryption\Handlers\OpenSSLHandler->decrypt('')
 3 APPPATH\Controllers\WorkpaperController.php(180): App\Models\WorkpaperModel->importtb([...])
 4 SYSTEMPATH\CodeIgniter.php(941): App\Controllers\WorkpaperController->importtb('eb828e1797574875f08e1a24763b3db8c888c5146f64d7847bbcfc2047a4e4cc9b9dd1d347fef949514796dce470ac375aced99cab72984e3e2815ee6617bd6bAwDle4o9SdSYN$IvzM1YSLs=', 'f372e80d74dd4abdea29f128888f0e86af8a96c5e54cc57ef47ec01deb4fb247c16de7b05013005860de1722a1fb8217ac50e4af235e74daab9cc69365948fbc4DfU6Y0XuL2qPbaZMIVFrOQ=', 'DJ metal works')
 5 SYSTEMPATH\CodeIgniter.php(502): CodeIgniter\CodeIgniter->runController(Object(App\Controllers\WorkpaperController))
 6 SYSTEMPATH\CodeIgniter.php(361): CodeIgniter\CodeIgniter->handleRequest(null, Object(Config\Cache), false)
 7 FCPATH\index.php(84): CodeIgniter\CodeIgniter->run()
INFO - 2024-05-13 21:11:38 --> Session: Class initialized using 'CodeIgniter\Session\Handlers\FileHandler' driver.
CRITICAL - 2024-05-13 21:11:38 --> ErrorException: Trying to access array offset on value of type null
in APPPATH\Models\WorkpaperModel.php on line 198.
 1 APPPATH\Models\WorkpaperModel.php(198): CodeIgniter\Debug\Exceptions->errorHandler(2, 'Trying to access array offset on value of type null', 'D:\\dhay\\xampp\\htdocs\\jblas\\app\\Models\\WorkpaperModel.php', 198)
 2 APPPATH\Controllers\WorkpaperController.php(180): App\Models\WorkpaperModel->importtb([...])
 3 SYSTEMPATH\CodeIgniter.php(941): App\Controllers\WorkpaperController->importtb('eb828e1797574875f08e1a24763b3db8c888c5146f64d7847bbcfc2047a4e4cc9b9dd1d347fef949514796dce470ac375aced99cab72984e3e2815ee6617bd6bAwDle4o9SdSYN$IvzM1YSLs=', 'f372e80d74dd4abdea29f128888f0e86af8a96c5e54cc57ef47ec01deb4fb247c16de7b05013005860de1722a1fb8217ac50e4af235e74daab9cc69365948fbc4DfU6Y0XuL2qPbaZMIVFrOQ=', 'DJ metal works')
 4 SYSTEMPATH\CodeIgniter.php(502): CodeIgniter\CodeIgniter->runController(Object(App\Controllers\WorkpaperController))
 5 SYSTEMPATH\CodeIgniter.php(361): CodeIgniter\CodeIgniter->handleRequest(null, Object(Config\Cache), false)
 6 FCPATH\index.php(84): CodeIgniter\CodeIgniter->run()
INFO - 2024-05-13 21:11:44 --> Session: Class initialized using 'CodeIgniter\Session\Handlers\FileHandler' driver.
INFO - 2024-05-13 21:11:48 --> Session: Class initialized using 'CodeIgniter\Session\Handlers\FileHandler' driver.
INFO - 2024-05-13 21:12:21 --> Session: Class initialized using 'CodeIgniter\Session\Handlers\FileHandler' driver.
INFO - 2024-05-13 21:12:22 --> Session: Class initialized using 'CodeIgniter\Session\Handlers\FileHandler' driver.
INFO - 2024-05-13 21:12:22 --> Session: Class initialized using 'CodeIgniter\Session\Handlers\FileHandler' driver.
INFO - 2024-05-13 21:12:25 --> Session: Class initialized using 'CodeIgniter\Session\Handlers\FileHandler' driver.
INFO - 2024-05-13 21:13:43 --> Session: Class initialized using 'CodeIgniter\Session\Handlers\FileHandler' driver.
INFO - 2024-05-13 21:14:29 --> Session: Class initialized using 'CodeIgniter\Session\Handlers\FileHandler' driver.
CRITICAL - 2024-05-13 21:14:29 --> CodeIgniter\Encryption\Exceptions\EncryptionException: Decrypting: authentication failed.
in SYSTEMPATH\Encryption\Handlers\OpenSSLHandler.php on line 139.
 1 SYSTEMPATH\Encryption\Handlers\OpenSSLHandler.php(139): CodeIgniter\Encryption\Exceptions\EncryptionException::forAuthenticationFailed()
 2 APPPATH\Models\WorkpaperModel.php(198): CodeIgniter\Encryption\Handlers\OpenSSLHandler->decrypt('')
 3 APPPATH\Controllers\WorkpaperController.php(180): App\Models\WorkpaperModel->importtb([...])
 4 SYSTEMPATH\CodeIgniter.php(941): App\Controllers\WorkpaperController->importtb('eb828e1797574875f08e1a24763b3db8c888c5146f64d7847bbcfc2047a4e4cc9b9dd1d347fef949514796dce470ac375aced99cab72984e3e2815ee6617bd6bAwDle4o9SdSYN$IvzM1YSLs=', 'f372e80d74dd4abdea29f128888f0e86af8a96c5e54cc57ef47ec01deb4fb247c16de7b05013005860de1722a1fb8217ac50e4af235e74daab9cc69365948fbc4DfU6Y0XuL2qPbaZMIVFrOQ=', 'DJ metal works')
 5 SYSTEMPATH\CodeIgniter.php(502): CodeIgniter\CodeIgniter->runController(Object(App\Controllers\WorkpaperController))
 6 SYSTEMPATH\CodeIgniter.php(361): CodeIgniter\CodeIgniter->handleRequest(null, Object(Config\Cache), false)
 7 FCPATH\index.php(84): CodeIgniter\CodeIgniter->run()
INFO - 2024-05-13 21:15:26 --> Session: Class initialized using 'CodeIgniter\Session\Handlers\FileHandler' driver.
ERROR - 2024-05-13 21:15:26 --> mysqli_sql_exception: Unknown column 'client' in 'field list' in D:\dhay\xampp\htdocs\jblas\system\Database\MySQLi\Connection.php:306
Stack trace:
#0 D:\dhay\xampp\htdocs\jblas\system\Database\MySQLi\Connection.php(306): mysqli->query('INSERT INTO `tb...', 0)
#1 D:\dhay\xampp\htdocs\jblas\system\Database\BaseConnection.php(693): CodeIgniter\Database\MySQLi\Connection->execute('INSERT INTO `tb...')
#2 D:\dhay\xampp\htdocs\jblas\system\Database\BaseConnection.php(607): CodeIgniter\Database\BaseConnection->simpleQuery('INSERT INTO `tb...')
#3 D:\dhay\xampp\htdocs\jblas\system\Database\BaseBuilder.php(2307): CodeIgniter\Database\BaseConnection->query('INSERT INTO `tb...', Array, false)
#4 D:\dhay\xampp\htdocs\jblas\app\Models\WorkpaperModel.php(207): CodeIgniter\Database\BaseBuilder->insert(Array)
#5 D:\dhay\xampp\htdocs\jblas\app\Controllers\WorkpaperController.php(180): App\Models\WorkpaperModel->importtb(Array)
#6 D:\dhay\xampp\htdocs\jblas\system\CodeIgniter.php(941): App\Controllers\WorkpaperController->importtb('eb828e179757487...', 'f372e80d74dd4ab...', 'DJ metal works')
#7 D:\dhay\xampp\htdocs\jblas\system\CodeIgniter.php(502): CodeIgniter\CodeIgniter->runController(Object(App\Controllers\WorkpaperController))
#8 D:\dhay\xampp\htdocs\jblas\system\CodeIgniter.php(361): CodeIgniter\CodeIgniter->handleRequest(NULL, Object(Config\Cache), false)
#9 D:\dhay\xampp\htdocs\jblas\public\index.php(84): CodeIgniter\CodeIgniter->run()
#10 {main}
CRITICAL - 2024-05-13 21:15:26 --> CodeIgniter\Database\Exceptions\DatabaseException: Unknown column 'client' in 'field list'
in SYSTEMPATH\Database\BaseConnection.php on line 647.
 1 SYSTEMPATH\Database\BaseBuilder.php(2307): CodeIgniter\Database\BaseConnection->query('INSERT INTO `tbl_file_index` (`client`, `firm`, `workpaper`, `index`, `account_code`, `account`, `account_type`, `dytd`, `cytd`, `added_by`) VALUES (:client:, :firm:, :workpaper:, :index:, :account_code:, :account:, :account_type:, :dytd:, :cytd:, :added_by:)', [...], false)
 2 APPPATH\Models\WorkpaperModel.php(207): CodeIgniter\Database\BaseBuilder->insert([...])
 3 APPPATH\Controllers\WorkpaperController.php(180): App\Models\WorkpaperModel->importtb([...])
 4 SYSTEMPATH\CodeIgniter.php(941): App\Controllers\WorkpaperController->importtb('eb828e1797574875f08e1a24763b3db8c888c5146f64d7847bbcfc2047a4e4cc9b9dd1d347fef949514796dce470ac375aced99cab72984e3e2815ee6617bd6bAwDle4o9SdSYN$IvzM1YSLs=', 'f372e80d74dd4abdea29f128888f0e86af8a96c5e54cc57ef47ec01deb4fb247c16de7b05013005860de1722a1fb8217ac50e4af235e74daab9cc69365948fbc4DfU6Y0XuL2qPbaZMIVFrOQ=', 'DJ metal works')
 5 SYSTEMPATH\CodeIgniter.php(502): CodeIgniter\CodeIgniter->runController(Object(App\Controllers\WorkpaperController))
 6 SYSTEMPATH\CodeIgniter.php(361): CodeIgniter\CodeIgniter->handleRequest(null, Object(Config\Cache), false)
 7 FCPATH\index.php(84): CodeIgniter\CodeIgniter->run()
CRITICAL - 2024-05-13 21:15:26 --> [Caused by] CodeIgniter\Database\Exceptions\DatabaseException: Unknown column 'client' in 'field list'
in SYSTEMPATH\Database\MySQLi\Connection.php on line 311.
 1 SYSTEMPATH\Database\BaseConnection.php(693): CodeIgniter\Database\MySQLi\Connection->execute('INSERT INTO `tbl_file_index` (`client`, `firm`, `workpaper`, `index`, `account_code`, `account`, `account_type`, `dytd`, `cytd`, `added_by`) VALUES (\'5\', \'1\', \'4\', \'a\', \'210\', \'Sale of Services\', \'Revenue\', \'0\', \'7875215\', \'8\')')
 2 SYSTEMPATH\Database\BaseConnection.php(607): CodeIgniter\Database\BaseConnection->simpleQuery('INSERT INTO `tbl_file_index` (`client`, `firm`, `workpaper`, `index`, `account_code`, `account`, `account_type`, `dytd`, `cytd`, `added_by`) VALUES (\'5\', \'1\', \'4\', \'a\', \'210\', \'Sale of Services\', \'Revenue\', \'0\', \'7875215\', \'8\')')
 3 SYSTEMPATH\Database\BaseBuilder.php(2307): CodeIgniter\Database\BaseConnection->query('INSERT INTO `tbl_file_index` (`client`, `firm`, `workpaper`, `index`, `account_code`, `account`, `account_type`, `dytd`, `cytd`, `added_by`) VALUES (:client:, :firm:, :workpaper:, :index:, :account_code:, :account:, :account_type:, :dytd:, :cytd:, :added_by:)', [...], false)
 4 APPPATH\Models\WorkpaperModel.php(207): CodeIgniter\Database\BaseBuilder->insert([...])
 5 APPPATH\Controllers\WorkpaperController.php(180): App\Models\WorkpaperModel->importtb([...])
 6 SYSTEMPATH\CodeIgniter.php(941): App\Controllers\WorkpaperController->importtb('eb828e1797574875f08e1a24763b3db8c888c5146f64d7847bbcfc2047a4e4cc9b9dd1d347fef949514796dce470ac375aced99cab72984e3e2815ee6617bd6bAwDle4o9SdSYN$IvzM1YSLs=', 'f372e80d74dd4abdea29f128888f0e86af8a96c5e54cc57ef47ec01deb4fb247c16de7b05013005860de1722a1fb8217ac50e4af235e74daab9cc69365948fbc4DfU6Y0XuL2qPbaZMIVFrOQ=', 'DJ metal works')
 7 SYSTEMPATH\CodeIgniter.php(502): CodeIgniter\CodeIgniter->runController(Object(App\Controllers\WorkpaperController))
 8 SYSTEMPATH\CodeIgniter.php(361): CodeIgniter\CodeIgniter->handleRequest(null, Object(Config\Cache), false)
 9 FCPATH\index.php(84): CodeIgniter\CodeIgniter->run()
CRITICAL - 2024-05-13 21:15:26 --> [Caused by] mysqli_sql_exception: Unknown column 'client' in 'field list'
in SYSTEMPATH\Database\MySQLi\Connection.php on line 306.
 1 SYSTEMPATH\Database\MySQLi\Connection.php(306): mysqli->query('INSERT INTO `tbl_file_index` (`client`, `firm`, `workpaper`, `index`, `account_code`, `account`, `account_type`, `dytd`, `cytd`, `added_by`) VALUES (\'5\', \'1\', \'4\', \'a\', \'210\', \'Sale of Services\', \'Revenue\', \'0\', \'7875215\', \'8\')', 0)
 2 SYSTEMPATH\Database\BaseConnection.php(693): CodeIgniter\Database\MySQLi\Connection->execute('INSERT INTO `tbl_file_index` (`client`, `firm`, `workpaper`, `index`, `account_code`, `account`, `account_type`, `dytd`, `cytd`, `added_by`) VALUES (\'5\', \'1\', \'4\', \'a\', \'210\', \'Sale of Services\', \'Revenue\', \'0\', \'7875215\', \'8\')')
 3 SYSTEMPATH\Database\BaseConnection.php(607): CodeIgniter\Database\BaseConnection->simpleQuery('INSERT INTO `tbl_file_index` (`client`, `firm`, `workpaper`, `index`, `account_code`, `account`, `account_type`, `dytd`, `cytd`, `added_by`) VALUES (\'5\', \'1\', \'4\', \'a\', \'210\', \'Sale of Services\', \'Revenue\', \'0\', \'7875215\', \'8\')')
 4 SYSTEMPATH\Database\BaseBuilder.php(2307): CodeIgniter\Database\BaseConnection->query('INSERT INTO `tbl_file_index` (`client`, `firm`, `workpaper`, `index`, `account_code`, `account`, `account_type`, `dytd`, `cytd`, `added_by`) VALUES (:client:, :firm:, :workpaper:, :index:, :account_code:, :account:, :account_type:, :dytd:, :cytd:, :added_by:)', [...], false)
 5 APPPATH\Models\WorkpaperModel.php(207): CodeIgniter\Database\BaseBuilder->insert([...])
 6 APPPATH\Controllers\WorkpaperController.php(180): App\Models\WorkpaperModel->importtb([...])
 7 SYSTEMPATH\CodeIgniter.php(941): App\Controllers\WorkpaperController->importtb('eb828e1797574875f08e1a24763b3db8c888c5146f64d7847bbcfc2047a4e4cc9b9dd1d347fef949514796dce470ac375aced99cab72984e3e2815ee6617bd6bAwDle4o9SdSYN$IvzM1YSLs=', 'f372e80d74dd4abdea29f128888f0e86af8a96c5e54cc57ef47ec01deb4fb247c16de7b05013005860de1722a1fb8217ac50e4af235e74daab9cc69365948fbc4DfU6Y0XuL2qPbaZMIVFrOQ=', 'DJ metal works')
 8 SYSTEMPATH\CodeIgniter.php(502): CodeIgniter\CodeIgniter->runController(Object(App\Controllers\WorkpaperController))
 9 SYSTEMPATH\CodeIgniter.php(361): CodeIgniter\CodeIgniter->handleRequest(null, Object(Config\Cache), false)
10 FCPATH\index.php(84): CodeIgniter\CodeIgniter->run()
INFO - 2024-05-13 21:16:06 --> Session: Class initialized using 'CodeIgniter\Session\Handlers\FileHandler' driver.
INFO - 2024-05-13 21:16:07 --> Session: Class initialized using 'CodeIgniter\Session\Handlers\FileHandler' driver.
INFO - 2024-05-13 21:18:30 --> Session: Class initialized using 'CodeIgniter\Session\Handlers\FileHandler' driver.
INFO - 2024-05-13 21:18:40 --> Session: Class initialized using 'CodeIgniter\Session\Handlers\FileHandler' driver.
INFO - 2024-05-13 21:19:18 --> Session: Class initialized using 'CodeIgniter\Session\Handlers\FileHandler' driver.
CRITICAL - 2024-05-13 21:19:18 --> CodeIgniter\Encryption\Exceptions\EncryptionException: Decrypting: authentication failed.
in SYSTEMPATH\Encryption\Handlers\OpenSSLHandler.php on line 139.
 1 SYSTEMPATH\Encryption\Handlers\OpenSSLHandler.php(139): CodeIgniter\Encryption\Exceptions\EncryptionException::forAuthenticationFailed()
 2 APPPATH\Models\WorkpaperModel.php(198): CodeIgniter\Encryption\Handlers\OpenSSLHandler->decrypt('')
 3 APPPATH\Controllers\WorkpaperController.php(180): App\Models\WorkpaperModel->importtb([...])
 4 SYSTEMPATH\CodeIgniter.php(941): App\Controllers\WorkpaperController->importtb('eb828e1797574875f08e1a24763b3db8c888c5146f64d7847bbcfc2047a4e4cc9b9dd1d347fef949514796dce470ac375aced99cab72984e3e2815ee6617bd6bAwDle4o9SdSYN$IvzM1YSLs=', 'f372e80d74dd4abdea29f128888f0e86af8a96c5e54cc57ef47ec01deb4fb247c16de7b05013005860de1722a1fb8217ac50e4af235e74daab9cc69365948fbc4DfU6Y0XuL2qPbaZMIVFrOQ=', 'DJ metal works')
 5 SYSTEMPATH\CodeIgniter.php(502): CodeIgniter\CodeIgniter->runController(Object(App\Controllers\WorkpaperController))
 6 SYSTEMPATH\CodeIgniter.php(361): CodeIgniter\CodeIgniter->handleRequest(null, Object(Config\Cache), false)
 7 FCPATH\index.php(84): CodeIgniter\CodeIgniter->run()
INFO - 2024-05-13 21:21:31 --> Session: Class initialized using 'CodeIgniter\Session\Handlers\FileHandler' driver.
INFO - 2024-05-13 21:21:41 --> Session: Class initialized using 'CodeIgniter\Session\Handlers\FileHandler' driver.
INFO - 2024-05-13 21:21:48 --> Session: Class initialized using 'CodeIgniter\Session\Handlers\FileHandler' driver.
INFO - 2024-05-13 21:21:58 --> Session: Class initialized using 'CodeIgniter\Session\Handlers\FileHandler' driver.
INFO - 2024-05-13 21:22:17 --> Session: Class initialized using 'CodeIgniter\Session\Handlers\FileHandler' driver.
INFO - 2024-05-13 21:22:18 --> Session: Class initialized using 'CodeIgniter\Session\Handlers\FileHandler' driver.
INFO - 2024-05-13 21:22:21 --> Session: Class initialized using 'CodeIgniter\Session\Handlers\FileHandler' driver.
INFO - 2024-05-13 21:22:57 --> Session: Class initialized using 'CodeIgniter\Session\Handlers\FileHandler' driver.
INFO - 2024-05-13 21:23:01 --> Session: Class initialized using 'CodeIgniter\Session\Handlers\FileHandler' driver.
INFO - 2024-05-13 21:23:35 --> Session: Class initialized using 'CodeIgniter\Session\Handlers\FileHandler' driver.
INFO - 2024-05-13 21:24:05 --> Session: Class initialized using 'CodeIgniter\Session\Handlers\FileHandler' driver.
CRITICAL - 2024-05-13 21:24:05 --> CodeIgniter\Encryption\Exceptions\EncryptionException: Decrypting: authentication failed.
in SYSTEMPATH\Encryption\Handlers\OpenSSLHandler.php on line 139.
 1 SYSTEMPATH\Encryption\Handlers\OpenSSLHandler.php(139): CodeIgniter\Encryption\Exceptions\EncryptionException::forAuthenticationFailed()
 2 APPPATH\Models\WorkpaperModel.php(198): CodeIgniter\Encryption\Handlers\OpenSSLHandler->decrypt('')
 3 APPPATH\Controllers\WorkpaperController.php(180): App\Models\WorkpaperModel->importtb([...])
 4 SYSTEMPATH\CodeIgniter.php(941): App\Controllers\WorkpaperController->importtb('eb828e1797574875f08e1a24763b3db8c888c5146f64d7847bbcfc2047a4e4cc9b9dd1d347fef949514796dce470ac375aced99cab72984e3e2815ee6617bd6bAwDle4o9SdSYN$IvzM1YSLs=', 'f372e80d74dd4abdea29f128888f0e86af8a96c5e54cc57ef47ec01deb4fb247c16de7b05013005860de1722a1fb8217ac50e4af235e74daab9cc69365948fbc4DfU6Y0XuL2qPbaZMIVFrOQ=', 'DJ metal works')
 5 SYSTEMPATH\CodeIgniter.php(502): CodeIgniter\CodeIgniter->runController(Object(App\Controllers\WorkpaperController))
 6 SYSTEMPATH\CodeIgniter.php(361): CodeIgniter\CodeIgniter->handleRequest(null, Object(Config\Cache), false)
 7 FCPATH\index.php(84): CodeIgniter\CodeIgniter->run()
INFO - 2024-05-13 21:24:27 --> Session: Class initialized using 'CodeIgniter\Session\Handlers\FileHandler' driver.
INFO - 2024-05-13 21:25:56 --> Session: Class initialized using 'CodeIgniter\Session\Handlers\FileHandler' driver.
INFO - 2024-05-13 21:25:58 --> Session: Class initialized using 'CodeIgniter\Session\Handlers\FileHandler' driver.
INFO - 2024-05-13 21:26:29 --> Session: Class initialized using 'CodeIgniter\Session\Handlers\FileHandler' driver.
INFO - 2024-05-13 21:26:30 --> Session: Class initialized using 'CodeIgniter\Session\Handlers\FileHandler' driver.
