INFO - 2024-08-29 13:16:47 --> Session: Class initialized using 'CodeIgniter\Session\Handlers\FileHandler' driver.
INFO - 2024-08-29 13:16:47 --> Session: Class initialized using 'CodeIgniter\Session\Handlers\FileHandler' driver.
INFO - 2024-08-29 13:24:50 --> Session: Class initialized using 'CodeIgniter\Session\Handlers\FileHandler' driver.
INFO - 2024-08-29 13:24:57 --> Session: Class initialized using 'CodeIgniter\Session\Handlers\FileHandler' driver.
INFO - 2024-08-29 13:24:57 --> Session: Class initialized using 'CodeIgniter\Session\Handlers\FileHandler' driver.
INFO - 2024-08-29 13:25:03 --> Session: Class initialized using 'CodeIgniter\Session\Handlers\FileHandler' driver.
INFO - 2024-08-29 13:30:46 --> Session: Class initialized using 'CodeIgniter\Session\Handlers\FileHandler' driver.
INFO - 2024-08-29 13:30:47 --> Session: Class initialized using 'CodeIgniter\Session\Handlers\FileHandler' driver.
INFO - 2024-08-29 13:30:48 --> Session: Class initialized using 'CodeIgniter\Session\Handlers\FileHandler' driver.
INFO - 2024-08-29 13:30:53 --> Session: Class initialized using 'CodeIgniter\Session\Handlers\FileHandler' driver.
WARNING - 2024-08-29 13:30:53 --> [DEPRECATED] strtotime(): Passing null to parameter #1 ($datetime) of type string is deprecated in APPPATH/Views/workpaper/pdfc1/AC3.php on line 77.
 1 APPPATH/Views/workpaper/pdfc1/AC3.php(77): strtotime(null)
 2 SYSTEMPATH/View/View.php(228): include('/home/q05wyrnxw9oo/testapplaud.buildappminds.com/app/Views/workpaper/pdfc1/AC3.php')
 3 SYSTEMPATH/View/View.php(231): CodeIgniter\View\View->CodeIgniter\View\{closure}()
 4 SYSTEMPATH/Common.php(1178): CodeIgniter\View\View->render('workpaper/pdfc1/AC3', [], true)
 5 APPPATH/Controllers/WorkpaperController.php(3146): view('workpaper/pdfc1/AC3', [...])
 6 SYSTEMPATH/CodeIgniter.php(941): App\Controllers\WorkpaperController->viewpdfc1('AC3', '8411b1e09186f7f852c1a84a05ddaa7f9fda7d6bf54a7f1737885574ae52c20471af4a455abf3d98fc8a1815b90d2ae5c3756b9a74a23e848c0a94eb5094011euAWO1KOEgNBXUSRv50Q8M0w=', 'eaf1efa27b9ce3232f79e76dfedfa1e29d52bfb5f4743013659c86ed3b726188f9cb2457033af4ac479bb8df27b801c9a755fc22f14c36dc11006edb8503f419prCAh8GVNQVhpAJmAFbiahg=', '6f35781bb667be64794a80e13335c848906fac2b67a6826656efa1c231233fc08f5b4c31336a4f95a43e3669f7551b6001481c92ed32e53edd90c8036a14b77dYCJTLcIQS$SI87ZY~ZSPDbU=')
 7 SYSTEMPATH/CodeIgniter.php(502): CodeIgniter\CodeIgniter->runController(Object(App\Controllers\WorkpaperController))
 8 SYSTEMPATH/CodeIgniter.php(361): CodeIgniter\CodeIgniter->handleRequest(null, Object(Config\Cache), false)
 9 FCPATH/index.php(84): CodeIgniter\CodeIgniter->run()
WARNING - 2024-08-29 13:30:53 --> [DEPRECATED] strtotime(): Passing null to parameter #1 ($datetime) of type string is deprecated in APPPATH/Views/workpaper/pdfc1/AC3.php on line 81.
 1 APPPATH/Views/workpaper/pdfc1/AC3.php(81): strtotime(null)
 2 SYSTEMPATH/View/View.php(228): include('/home/q05wyrnxw9oo/testapplaud.buildappminds.com/app/Views/workpaper/pdfc1/AC3.php')
 3 SYSTEMPATH/View/View.php(231): CodeIgniter\View\View->CodeIgniter\View\{closure}()
 4 SYSTEMPATH/Common.php(1178): CodeIgniter\View\View->render('workpaper/pdfc1/AC3', [], true)
 5 APPPATH/Controllers/WorkpaperController.php(3146): view('workpaper/pdfc1/AC3', [...])
 6 SYSTEMPATH/CodeIgniter.php(941): App\Controllers\WorkpaperController->viewpdfc1('AC3', '8411b1e09186f7f852c1a84a05ddaa7f9fda7d6bf54a7f1737885574ae52c20471af4a455abf3d98fc8a1815b90d2ae5c3756b9a74a23e848c0a94eb5094011euAWO1KOEgNBXUSRv50Q8M0w=', 'eaf1efa27b9ce3232f79e76dfedfa1e29d52bfb5f4743013659c86ed3b726188f9cb2457033af4ac479bb8df27b801c9a755fc22f14c36dc11006edb8503f419prCAh8GVNQVhpAJmAFbiahg=', '6f35781bb667be64794a80e13335c848906fac2b67a6826656efa1c231233fc08f5b4c31336a4f95a43e3669f7551b6001481c92ed32e53edd90c8036a14b77dYCJTLcIQS$SI87ZY~ZSPDbU=')
 7 SYSTEMPATH/CodeIgniter.php(502): CodeIgniter\CodeIgniter->runController(Object(App\Controllers\WorkpaperController))
 8 SYSTEMPATH/CodeIgniter.php(361): CodeIgniter\CodeIgniter->handleRequest(null, Object(Config\Cache), false)
 9 FCPATH/index.php(84): CodeIgniter\CodeIgniter->run()
CRITICAL - 2024-08-29 13:30:53 --> ErrorException: Undefined array key "suppsign"
in APPPATH/Views/workpaper/pdfc1/AC3.php on line 199.
 1 APPPATH/Views/workpaper/pdfc1/AC3.php(199): CodeIgniter\Debug\Exceptions->errorHandler()
 2 SYSTEMPATH/View/View.php(228): include('/home/q05wyrnxw9oo/testapplaud.buildappminds.com/app/Views/workpaper/pdfc1/AC3.php')
 3 SYSTEMPATH/View/View.php(231): CodeIgniter\View\View->CodeIgniter\View\{closure}()
 4 SYSTEMPATH/Common.php(1178): CodeIgniter\View\View->render()
 5 APPPATH/Controllers/WorkpaperController.php(3146): view()
 6 SYSTEMPATH/CodeIgniter.php(941): App\Controllers\WorkpaperController->viewpdfc1()
 7 SYSTEMPATH/CodeIgniter.php(502): CodeIgniter\CodeIgniter->runController()
 8 SYSTEMPATH/CodeIgniter.php(361): CodeIgniter\CodeIgniter->handleRequest()
 9 FCPATH/index.php(84): CodeIgniter\CodeIgniter->run()
INFO - 2024-08-29 13:31:01 --> Session: Class initialized using 'CodeIgniter\Session\Handlers\FileHandler' driver.
WARNING - 2024-08-29 13:31:01 --> [DEPRECATED] strtotime(): Passing null to parameter #1 ($datetime) of type string is deprecated in APPPATH/Views/workpaper/pdfc1/AC3.php on line 77.
 1 APPPATH/Views/workpaper/pdfc1/AC3.php(77): strtotime(null)
 2 SYSTEMPATH/View/View.php(228): include('/home/q05wyrnxw9oo/testapplaud.buildappminds.com/app/Views/workpaper/pdfc1/AC3.php')
 3 SYSTEMPATH/View/View.php(231): CodeIgniter\View\View->CodeIgniter\View\{closure}()
 4 SYSTEMPATH/Common.php(1178): CodeIgniter\View\View->render('workpaper/pdfc1/AC3', [], true)
 5 APPPATH/Controllers/WorkpaperController.php(3146): view('workpaper/pdfc1/AC3', [...])
 6 SYSTEMPATH/CodeIgniter.php(941): App\Controllers\WorkpaperController->viewpdfc1('AC3', '8411b1e09186f7f852c1a84a05ddaa7f9fda7d6bf54a7f1737885574ae52c20471af4a455abf3d98fc8a1815b90d2ae5c3756b9a74a23e848c0a94eb5094011euAWO1KOEgNBXUSRv50Q8M0w=', 'eaf1efa27b9ce3232f79e76dfedfa1e29d52bfb5f4743013659c86ed3b726188f9cb2457033af4ac479bb8df27b801c9a755fc22f14c36dc11006edb8503f419prCAh8GVNQVhpAJmAFbiahg=', '6f35781bb667be64794a80e13335c848906fac2b67a6826656efa1c231233fc08f5b4c31336a4f95a43e3669f7551b6001481c92ed32e53edd90c8036a14b77dYCJTLcIQS$SI87ZY~ZSPDbU=')
 7 SYSTEMPATH/CodeIgniter.php(502): CodeIgniter\CodeIgniter->runController(Object(App\Controllers\WorkpaperController))
 8 SYSTEMPATH/CodeIgniter.php(361): CodeIgniter\CodeIgniter->handleRequest(null, Object(Config\Cache), false)
 9 FCPATH/index.php(84): CodeIgniter\CodeIgniter->run()
WARNING - 2024-08-29 13:31:01 --> [DEPRECATED] strtotime(): Passing null to parameter #1 ($datetime) of type string is deprecated in APPPATH/Views/workpaper/pdfc1/AC3.php on line 81.
 1 APPPATH/Views/workpaper/pdfc1/AC3.php(81): strtotime(null)
 2 SYSTEMPATH/View/View.php(228): include('/home/q05wyrnxw9oo/testapplaud.buildappminds.com/app/Views/workpaper/pdfc1/AC3.php')
 3 SYSTEMPATH/View/View.php(231): CodeIgniter\View\View->CodeIgniter\View\{closure}()
 4 SYSTEMPATH/Common.php(1178): CodeIgniter\View\View->render('workpaper/pdfc1/AC3', [], true)
 5 APPPATH/Controllers/WorkpaperController.php(3146): view('workpaper/pdfc1/AC3', [...])
 6 SYSTEMPATH/CodeIgniter.php(941): App\Controllers\WorkpaperController->viewpdfc1('AC3', '8411b1e09186f7f852c1a84a05ddaa7f9fda7d6bf54a7f1737885574ae52c20471af4a455abf3d98fc8a1815b90d2ae5c3756b9a74a23e848c0a94eb5094011euAWO1KOEgNBXUSRv50Q8M0w=', 'eaf1efa27b9ce3232f79e76dfedfa1e29d52bfb5f4743013659c86ed3b726188f9cb2457033af4ac479bb8df27b801c9a755fc22f14c36dc11006edb8503f419prCAh8GVNQVhpAJmAFbiahg=', '6f35781bb667be64794a80e13335c848906fac2b67a6826656efa1c231233fc08f5b4c31336a4f95a43e3669f7551b6001481c92ed32e53edd90c8036a14b77dYCJTLcIQS$SI87ZY~ZSPDbU=')
 7 SYSTEMPATH/CodeIgniter.php(502): CodeIgniter\CodeIgniter->runController(Object(App\Controllers\WorkpaperController))
 8 SYSTEMPATH/CodeIgniter.php(361): CodeIgniter\CodeIgniter->handleRequest(null, Object(Config\Cache), false)
 9 FCPATH/index.php(84): CodeIgniter\CodeIgniter->run()
WARNING - 2024-08-29 13:31:01 --> [DEPRECATED] strtotime(): Passing null to parameter #1 ($datetime) of type string is deprecated in APPPATH/Views/workpaper/pdfc1/AC3.php on line 200.
 1 APPPATH/Views/workpaper/pdfc1/AC3.php(200): strtotime(null)
 2 SYSTEMPATH/View/View.php(228): include('/home/q05wyrnxw9oo/testapplaud.buildappminds.com/app/Views/workpaper/pdfc1/AC3.php')
 3 SYSTEMPATH/View/View.php(231): CodeIgniter\View\View->CodeIgniter\View\{closure}()
 4 SYSTEMPATH/Common.php(1178): CodeIgniter\View\View->render('workpaper/pdfc1/AC3', [], true)
 5 APPPATH/Controllers/WorkpaperController.php(3146): view('workpaper/pdfc1/AC3', [...])
 6 SYSTEMPATH/CodeIgniter.php(941): App\Controllers\WorkpaperController->viewpdfc1('AC3', '8411b1e09186f7f852c1a84a05ddaa7f9fda7d6bf54a7f1737885574ae52c20471af4a455abf3d98fc8a1815b90d2ae5c3756b9a74a23e848c0a94eb5094011euAWO1KOEgNBXUSRv50Q8M0w=', 'eaf1efa27b9ce3232f79e76dfedfa1e29d52bfb5f4743013659c86ed3b726188f9cb2457033af4ac479bb8df27b801c9a755fc22f14c36dc11006edb8503f419prCAh8GVNQVhpAJmAFbiahg=', '6f35781bb667be64794a80e13335c848906fac2b67a6826656efa1c231233fc08f5b4c31336a4f95a43e3669f7551b6001481c92ed32e53edd90c8036a14b77dYCJTLcIQS$SI87ZY~ZSPDbU=')
 7 SYSTEMPATH/CodeIgniter.php(502): CodeIgniter\CodeIgniter->runController(Object(App\Controllers\WorkpaperController))
 8 SYSTEMPATH/CodeIgniter.php(361): CodeIgniter\CodeIgniter->handleRequest(null, Object(Config\Cache), false)
 9 FCPATH/index.php(84): CodeIgniter\CodeIgniter->run()
INFO - 2024-08-29 13:31:31 --> Session: Class initialized using 'CodeIgniter\Session\Handlers\FileHandler' driver.
WARNING - 2024-08-29 13:31:31 --> [DEPRECATED] strtotime(): Passing null to parameter #1 ($datetime) of type string is deprecated in APPPATH/Views/workpaper/pdfc1/AC3.php on line 77.
 1 APPPATH/Views/workpaper/pdfc1/AC3.php(77): strtotime(null)
 2 SYSTEMPATH/View/View.php(228): include('/home/q05wyrnxw9oo/testapplaud.buildappminds.com/app/Views/workpaper/pdfc1/AC3.php')
 3 SYSTEMPATH/View/View.php(231): CodeIgniter\View\View->CodeIgniter\View\{closure}()
 4 SYSTEMPATH/Common.php(1178): CodeIgniter\View\View->render('workpaper/pdfc1/AC3', [], true)
 5 APPPATH/Controllers/WorkpaperController.php(3146): view('workpaper/pdfc1/AC3', [...])
 6 SYSTEMPATH/CodeIgniter.php(941): App\Controllers\WorkpaperController->viewpdfc1('AC3', '8411b1e09186f7f852c1a84a05ddaa7f9fda7d6bf54a7f1737885574ae52c20471af4a455abf3d98fc8a1815b90d2ae5c3756b9a74a23e848c0a94eb5094011euAWO1KOEgNBXUSRv50Q8M0w=', 'eaf1efa27b9ce3232f79e76dfedfa1e29d52bfb5f4743013659c86ed3b726188f9cb2457033af4ac479bb8df27b801c9a755fc22f14c36dc11006edb8503f419prCAh8GVNQVhpAJmAFbiahg=', '6f35781bb667be64794a80e13335c848906fac2b67a6826656efa1c231233fc08f5b4c31336a4f95a43e3669f7551b6001481c92ed32e53edd90c8036a14b77dYCJTLcIQS$SI87ZY~ZSPDbU=')
 7 SYSTEMPATH/CodeIgniter.php(502): CodeIgniter\CodeIgniter->runController(Object(App\Controllers\WorkpaperController))
 8 SYSTEMPATH/CodeIgniter.php(361): CodeIgniter\CodeIgniter->handleRequest(null, Object(Config\Cache), false)
 9 FCPATH/index.php(84): CodeIgniter\CodeIgniter->run()
WARNING - 2024-08-29 13:31:31 --> [DEPRECATED] strtotime(): Passing null to parameter #1 ($datetime) of type string is deprecated in APPPATH/Views/workpaper/pdfc1/AC3.php on line 81.
 1 APPPATH/Views/workpaper/pdfc1/AC3.php(81): strtotime(null)
 2 SYSTEMPATH/View/View.php(228): include('/home/q05wyrnxw9oo/testapplaud.buildappminds.com/app/Views/workpaper/pdfc1/AC3.php')
 3 SYSTEMPATH/View/View.php(231): CodeIgniter\View\View->CodeIgniter\View\{closure}()
 4 SYSTEMPATH/Common.php(1178): CodeIgniter\View\View->render('workpaper/pdfc1/AC3', [], true)
 5 APPPATH/Controllers/WorkpaperController.php(3146): view('workpaper/pdfc1/AC3', [...])
 6 SYSTEMPATH/CodeIgniter.php(941): App\Controllers\WorkpaperController->viewpdfc1('AC3', '8411b1e09186f7f852c1a84a05ddaa7f9fda7d6bf54a7f1737885574ae52c20471af4a455abf3d98fc8a1815b90d2ae5c3756b9a74a23e848c0a94eb5094011euAWO1KOEgNBXUSRv50Q8M0w=', 'eaf1efa27b9ce3232f79e76dfedfa1e29d52bfb5f4743013659c86ed3b726188f9cb2457033af4ac479bb8df27b801c9a755fc22f14c36dc11006edb8503f419prCAh8GVNQVhpAJmAFbiahg=', '6f35781bb667be64794a80e13335c848906fac2b67a6826656efa1c231233fc08f5b4c31336a4f95a43e3669f7551b6001481c92ed32e53edd90c8036a14b77dYCJTLcIQS$SI87ZY~ZSPDbU=')
 7 SYSTEMPATH/CodeIgniter.php(502): CodeIgniter\CodeIgniter->runController(Object(App\Controllers\WorkpaperController))
 8 SYSTEMPATH/CodeIgniter.php(361): CodeIgniter\CodeIgniter->handleRequest(null, Object(Config\Cache), false)
 9 FCPATH/index.php(84): CodeIgniter\CodeIgniter->run()
WARNING - 2024-08-29 13:31:31 --> [DEPRECATED] strtotime(): Passing null to parameter #1 ($datetime) of type string is deprecated in APPPATH/Views/workpaper/pdfc1/AC3.php on line 200.
 1 APPPATH/Views/workpaper/pdfc1/AC3.php(200): strtotime(null)
 2 SYSTEMPATH/View/View.php(228): include('/home/q05wyrnxw9oo/testapplaud.buildappminds.com/app/Views/workpaper/pdfc1/AC3.php')
 3 SYSTEMPATH/View/View.php(231): CodeIgniter\View\View->CodeIgniter\View\{closure}()
 4 SYSTEMPATH/Common.php(1178): CodeIgniter\View\View->render('workpaper/pdfc1/AC3', [], true)
 5 APPPATH/Controllers/WorkpaperController.php(3146): view('workpaper/pdfc1/AC3', [...])
 6 SYSTEMPATH/CodeIgniter.php(941): App\Controllers\WorkpaperController->viewpdfc1('AC3', '8411b1e09186f7f852c1a84a05ddaa7f9fda7d6bf54a7f1737885574ae52c20471af4a455abf3d98fc8a1815b90d2ae5c3756b9a74a23e848c0a94eb5094011euAWO1KOEgNBXUSRv50Q8M0w=', 'eaf1efa27b9ce3232f79e76dfedfa1e29d52bfb5f4743013659c86ed3b726188f9cb2457033af4ac479bb8df27b801c9a755fc22f14c36dc11006edb8503f419prCAh8GVNQVhpAJmAFbiahg=', '6f35781bb667be64794a80e13335c848906fac2b67a6826656efa1c231233fc08f5b4c31336a4f95a43e3669f7551b6001481c92ed32e53edd90c8036a14b77dYCJTLcIQS$SI87ZY~ZSPDbU=')
 7 SYSTEMPATH/CodeIgniter.php(502): CodeIgniter\CodeIgniter->runController(Object(App\Controllers\WorkpaperController))
 8 SYSTEMPATH/CodeIgniter.php(361): CodeIgniter\CodeIgniter->handleRequest(null, Object(Config\Cache), false)
 9 FCPATH/index.php(84): CodeIgniter\CodeIgniter->run()
WARNING - 2024-08-29 13:31:31 --> [DEPRECATED] strtotime(): Passing null to parameter #1 ($datetime) of type string is deprecated in APPPATH/Views/workpaper/pdfc1/AC3.php on line 209.
 1 APPPATH/Views/workpaper/pdfc1/AC3.php(209): strtotime(null)
 2 SYSTEMPATH/View/View.php(228): include('/home/q05wyrnxw9oo/testapplaud.buildappminds.com/app/Views/workpaper/pdfc1/AC3.php')
 3 SYSTEMPATH/View/View.php(231): CodeIgniter\View\View->CodeIgniter\View\{closure}()
 4 SYSTEMPATH/Common.php(1178): CodeIgniter\View\View->render('workpaper/pdfc1/AC3', [], true)
 5 APPPATH/Controllers/WorkpaperController.php(3146): view('workpaper/pdfc1/AC3', [...])
 6 SYSTEMPATH/CodeIgniter.php(941): App\Controllers\WorkpaperController->viewpdfc1('AC3', '8411b1e09186f7f852c1a84a05ddaa7f9fda7d6bf54a7f1737885574ae52c20471af4a455abf3d98fc8a1815b90d2ae5c3756b9a74a23e848c0a94eb5094011euAWO1KOEgNBXUSRv50Q8M0w=', 'eaf1efa27b9ce3232f79e76dfedfa1e29d52bfb5f4743013659c86ed3b726188f9cb2457033af4ac479bb8df27b801c9a755fc22f14c36dc11006edb8503f419prCAh8GVNQVhpAJmAFbiahg=', '6f35781bb667be64794a80e13335c848906fac2b67a6826656efa1c231233fc08f5b4c31336a4f95a43e3669f7551b6001481c92ed32e53edd90c8036a14b77dYCJTLcIQS$SI87ZY~ZSPDbU=')
 7 SYSTEMPATH/CodeIgniter.php(502): CodeIgniter\CodeIgniter->runController(Object(App\Controllers\WorkpaperController))
 8 SYSTEMPATH/CodeIgniter.php(361): CodeIgniter\CodeIgniter->handleRequest(null, Object(Config\Cache), false)
 9 FCPATH/index.php(84): CodeIgniter\CodeIgniter->run()
INFO - 2024-08-29 13:31:33 --> Session: Class initialized using 'CodeIgniter\Session\Handlers\FileHandler' driver.
WARNING - 2024-08-29 13:31:33 --> [DEPRECATED] strtotime(): Passing null to parameter #1 ($datetime) of type string is deprecated in APPPATH/Views/workpaper/pdfc1/AC3.php on line 77.
 1 APPPATH/Views/workpaper/pdfc1/AC3.php(77): strtotime(null)
 2 SYSTEMPATH/View/View.php(228): include('/home/q05wyrnxw9oo/testapplaud.buildappminds.com/app/Views/workpaper/pdfc1/AC3.php')
 3 SYSTEMPATH/View/View.php(231): CodeIgniter\View\View->CodeIgniter\View\{closure}()
 4 SYSTEMPATH/Common.php(1178): CodeIgniter\View\View->render('workpaper/pdfc1/AC3', [], true)
 5 APPPATH/Controllers/WorkpaperController.php(3146): view('workpaper/pdfc1/AC3', [...])
 6 SYSTEMPATH/CodeIgniter.php(941): App\Controllers\WorkpaperController->viewpdfc1('AC3', '8411b1e09186f7f852c1a84a05ddaa7f9fda7d6bf54a7f1737885574ae52c20471af4a455abf3d98fc8a1815b90d2ae5c3756b9a74a23e848c0a94eb5094011euAWO1KOEgNBXUSRv50Q8M0w=', 'eaf1efa27b9ce3232f79e76dfedfa1e29d52bfb5f4743013659c86ed3b726188f9cb2457033af4ac479bb8df27b801c9a755fc22f14c36dc11006edb8503f419prCAh8GVNQVhpAJmAFbiahg=', '6f35781bb667be64794a80e13335c848906fac2b67a6826656efa1c231233fc08f5b4c31336a4f95a43e3669f7551b6001481c92ed32e53edd90c8036a14b77dYCJTLcIQS$SI87ZY~ZSPDbU=')
 7 SYSTEMPATH/CodeIgniter.php(502): CodeIgniter\CodeIgniter->runController(Object(App\Controllers\WorkpaperController))
 8 SYSTEMPATH/CodeIgniter.php(361): CodeIgniter\CodeIgniter->handleRequest(null, Object(Config\Cache), false)
 9 FCPATH/index.php(84): CodeIgniter\CodeIgniter->run()
WARNING - 2024-08-29 13:31:33 --> [DEPRECATED] strtotime(): Passing null to parameter #1 ($datetime) of type string is deprecated in APPPATH/Views/workpaper/pdfc1/AC3.php on line 81.
 1 APPPATH/Views/workpaper/pdfc1/AC3.php(81): strtotime(null)
 2 SYSTEMPATH/View/View.php(228): include('/home/q05wyrnxw9oo/testapplaud.buildappminds.com/app/Views/workpaper/pdfc1/AC3.php')
 3 SYSTEMPATH/View/View.php(231): CodeIgniter\View\View->CodeIgniter\View\{closure}()
 4 SYSTEMPATH/Common.php(1178): CodeIgniter\View\View->render('workpaper/pdfc1/AC3', [], true)
 5 APPPATH/Controllers/WorkpaperController.php(3146): view('workpaper/pdfc1/AC3', [...])
 6 SYSTEMPATH/CodeIgniter.php(941): App\Controllers\WorkpaperController->viewpdfc1('AC3', '8411b1e09186f7f852c1a84a05ddaa7f9fda7d6bf54a7f1737885574ae52c20471af4a455abf3d98fc8a1815b90d2ae5c3756b9a74a23e848c0a94eb5094011euAWO1KOEgNBXUSRv50Q8M0w=', 'eaf1efa27b9ce3232f79e76dfedfa1e29d52bfb5f4743013659c86ed3b726188f9cb2457033af4ac479bb8df27b801c9a755fc22f14c36dc11006edb8503f419prCAh8GVNQVhpAJmAFbiahg=', '6f35781bb667be64794a80e13335c848906fac2b67a6826656efa1c231233fc08f5b4c31336a4f95a43e3669f7551b6001481c92ed32e53edd90c8036a14b77dYCJTLcIQS$SI87ZY~ZSPDbU=')
 7 SYSTEMPATH/CodeIgniter.php(502): CodeIgniter\CodeIgniter->runController(Object(App\Controllers\WorkpaperController))
 8 SYSTEMPATH/CodeIgniter.php(361): CodeIgniter\CodeIgniter->handleRequest(null, Object(Config\Cache), false)
 9 FCPATH/index.php(84): CodeIgniter\CodeIgniter->run()
WARNING - 2024-08-29 13:31:33 --> [DEPRECATED] strtotime(): Passing null to parameter #1 ($datetime) of type string is deprecated in APPPATH/Views/workpaper/pdfc1/AC3.php on line 200.
 1 APPPATH/Views/workpaper/pdfc1/AC3.php(200): strtotime(null)
 2 SYSTEMPATH/View/View.php(228): include('/home/q05wyrnxw9oo/testapplaud.buildappminds.com/app/Views/workpaper/pdfc1/AC3.php')
 3 SYSTEMPATH/View/View.php(231): CodeIgniter\View\View->CodeIgniter\View\{closure}()
 4 SYSTEMPATH/Common.php(1178): CodeIgniter\View\View->render('workpaper/pdfc1/AC3', [], true)
 5 APPPATH/Controllers/WorkpaperController.php(3146): view('workpaper/pdfc1/AC3', [...])
 6 SYSTEMPATH/CodeIgniter.php(941): App\Controllers\WorkpaperController->viewpdfc1('AC3', '8411b1e09186f7f852c1a84a05ddaa7f9fda7d6bf54a7f1737885574ae52c20471af4a455abf3d98fc8a1815b90d2ae5c3756b9a74a23e848c0a94eb5094011euAWO1KOEgNBXUSRv50Q8M0w=', 'eaf1efa27b9ce3232f79e76dfedfa1e29d52bfb5f4743013659c86ed3b726188f9cb2457033af4ac479bb8df27b801c9a755fc22f14c36dc11006edb8503f419prCAh8GVNQVhpAJmAFbiahg=', '6f35781bb667be64794a80e13335c848906fac2b67a6826656efa1c231233fc08f5b4c31336a4f95a43e3669f7551b6001481c92ed32e53edd90c8036a14b77dYCJTLcIQS$SI87ZY~ZSPDbU=')
 7 SYSTEMPATH/CodeIgniter.php(502): CodeIgniter\CodeIgniter->runController(Object(App\Controllers\WorkpaperController))
 8 SYSTEMPATH/CodeIgniter.php(361): CodeIgniter\CodeIgniter->handleRequest(null, Object(Config\Cache), false)
 9 FCPATH/index.php(84): CodeIgniter\CodeIgniter->run()
WARNING - 2024-08-29 13:31:33 --> [DEPRECATED] strtotime(): Passing null to parameter #1 ($datetime) of type string is deprecated in APPPATH/Views/workpaper/pdfc1/AC3.php on line 209.
 1 APPPATH/Views/workpaper/pdfc1/AC3.php(209): strtotime(null)
 2 SYSTEMPATH/View/View.php(228): include('/home/q05wyrnxw9oo/testapplaud.buildappminds.com/app/Views/workpaper/pdfc1/AC3.php')
 3 SYSTEMPATH/View/View.php(231): CodeIgniter\View\View->CodeIgniter\View\{closure}()
 4 SYSTEMPATH/Common.php(1178): CodeIgniter\View\View->render('workpaper/pdfc1/AC3', [], true)
 5 APPPATH/Controllers/WorkpaperController.php(3146): view('workpaper/pdfc1/AC3', [...])
 6 SYSTEMPATH/CodeIgniter.php(941): App\Controllers\WorkpaperController->viewpdfc1('AC3', '8411b1e09186f7f852c1a84a05ddaa7f9fda7d6bf54a7f1737885574ae52c20471af4a455abf3d98fc8a1815b90d2ae5c3756b9a74a23e848c0a94eb5094011euAWO1KOEgNBXUSRv50Q8M0w=', 'eaf1efa27b9ce3232f79e76dfedfa1e29d52bfb5f4743013659c86ed3b726188f9cb2457033af4ac479bb8df27b801c9a755fc22f14c36dc11006edb8503f419prCAh8GVNQVhpAJmAFbiahg=', '6f35781bb667be64794a80e13335c848906fac2b67a6826656efa1c231233fc08f5b4c31336a4f95a43e3669f7551b6001481c92ed32e53edd90c8036a14b77dYCJTLcIQS$SI87ZY~ZSPDbU=')
 7 SYSTEMPATH/CodeIgniter.php(502): CodeIgniter\CodeIgniter->runController(Object(App\Controllers\WorkpaperController))
 8 SYSTEMPATH/CodeIgniter.php(361): CodeIgniter\CodeIgniter->handleRequest(null, Object(Config\Cache), false)
 9 FCPATH/index.php(84): CodeIgniter\CodeIgniter->run()
INFO - 2024-08-29 13:34:28 --> Session: Class initialized using 'CodeIgniter\Session\Handlers\FileHandler' driver.
WARNING - 2024-08-29 13:34:28 --> [DEPRECATED] strtotime(): Passing null to parameter #1 ($datetime) of type string is deprecated in APPPATH/Views/workpaper/pdfc1/AC3.php on line 77.
 1 APPPATH/Views/workpaper/pdfc1/AC3.php(77): strtotime(null)
 2 SYSTEMPATH/View/View.php(228): include('/home/q05wyrnxw9oo/testapplaud.buildappminds.com/app/Views/workpaper/pdfc1/AC3.php')
 3 SYSTEMPATH/View/View.php(231): CodeIgniter\View\View->CodeIgniter\View\{closure}()
 4 SYSTEMPATH/Common.php(1178): CodeIgniter\View\View->render('workpaper/pdfc1/AC3', [], true)
 5 APPPATH/Controllers/WorkpaperController.php(3146): view('workpaper/pdfc1/AC3', [...])
 6 SYSTEMPATH/CodeIgniter.php(941): App\Controllers\WorkpaperController->viewpdfc1('AC3', '8411b1e09186f7f852c1a84a05ddaa7f9fda7d6bf54a7f1737885574ae52c20471af4a455abf3d98fc8a1815b90d2ae5c3756b9a74a23e848c0a94eb5094011euAWO1KOEgNBXUSRv50Q8M0w=', 'eaf1efa27b9ce3232f79e76dfedfa1e29d52bfb5f4743013659c86ed3b726188f9cb2457033af4ac479bb8df27b801c9a755fc22f14c36dc11006edb8503f419prCAh8GVNQVhpAJmAFbiahg=', '6f35781bb667be64794a80e13335c848906fac2b67a6826656efa1c231233fc08f5b4c31336a4f95a43e3669f7551b6001481c92ed32e53edd90c8036a14b77dYCJTLcIQS$SI87ZY~ZSPDbU=')
 7 SYSTEMPATH/CodeIgniter.php(502): CodeIgniter\CodeIgniter->runController(Object(App\Controllers\WorkpaperController))
 8 SYSTEMPATH/CodeIgniter.php(361): CodeIgniter\CodeIgniter->handleRequest(null, Object(Config\Cache), false)
 9 FCPATH/index.php(84): CodeIgniter\CodeIgniter->run()
WARNING - 2024-08-29 13:34:28 --> [DEPRECATED] strtotime(): Passing null to parameter #1 ($datetime) of type string is deprecated in APPPATH/Views/workpaper/pdfc1/AC3.php on line 81.
 1 APPPATH/Views/workpaper/pdfc1/AC3.php(81): strtotime(null)
 2 SYSTEMPATH/View/View.php(228): include('/home/q05wyrnxw9oo/testapplaud.buildappminds.com/app/Views/workpaper/pdfc1/AC3.php')
 3 SYSTEMPATH/View/View.php(231): CodeIgniter\View\View->CodeIgniter\View\{closure}()
 4 SYSTEMPATH/Common.php(1178): CodeIgniter\View\View->render('workpaper/pdfc1/AC3', [], true)
 5 APPPATH/Controllers/WorkpaperController.php(3146): view('workpaper/pdfc1/AC3', [...])
 6 SYSTEMPATH/CodeIgniter.php(941): App\Controllers\WorkpaperController->viewpdfc1('AC3', '8411b1e09186f7f852c1a84a05ddaa7f9fda7d6bf54a7f1737885574ae52c20471af4a455abf3d98fc8a1815b90d2ae5c3756b9a74a23e848c0a94eb5094011euAWO1KOEgNBXUSRv50Q8M0w=', 'eaf1efa27b9ce3232f79e76dfedfa1e29d52bfb5f4743013659c86ed3b726188f9cb2457033af4ac479bb8df27b801c9a755fc22f14c36dc11006edb8503f419prCAh8GVNQVhpAJmAFbiahg=', '6f35781bb667be64794a80e13335c848906fac2b67a6826656efa1c231233fc08f5b4c31336a4f95a43e3669f7551b6001481c92ed32e53edd90c8036a14b77dYCJTLcIQS$SI87ZY~ZSPDbU=')
 7 SYSTEMPATH/CodeIgniter.php(502): CodeIgniter\CodeIgniter->runController(Object(App\Controllers\WorkpaperController))
 8 SYSTEMPATH/CodeIgniter.php(361): CodeIgniter\CodeIgniter->handleRequest(null, Object(Config\Cache), false)
 9 FCPATH/index.php(84): CodeIgniter\CodeIgniter->run()
WARNING - 2024-08-29 13:34:28 --> [DEPRECATED] strtotime(): Passing null to parameter #1 ($datetime) of type string is deprecated in APPPATH/Views/workpaper/pdfc1/AC3.php on line 200.
 1 APPPATH/Views/workpaper/pdfc1/AC3.php(200): strtotime(null)
 2 SYSTEMPATH/View/View.php(228): include('/home/q05wyrnxw9oo/testapplaud.buildappminds.com/app/Views/workpaper/pdfc1/AC3.php')
 3 SYSTEMPATH/View/View.php(231): CodeIgniter\View\View->CodeIgniter\View\{closure}()
 4 SYSTEMPATH/Common.php(1178): CodeIgniter\View\View->render('workpaper/pdfc1/AC3', [], true)
 5 APPPATH/Controllers/WorkpaperController.php(3146): view('workpaper/pdfc1/AC3', [...])
 6 SYSTEMPATH/CodeIgniter.php(941): App\Controllers\WorkpaperController->viewpdfc1('AC3', '8411b1e09186f7f852c1a84a05ddaa7f9fda7d6bf54a7f1737885574ae52c20471af4a455abf3d98fc8a1815b90d2ae5c3756b9a74a23e848c0a94eb5094011euAWO1KOEgNBXUSRv50Q8M0w=', 'eaf1efa27b9ce3232f79e76dfedfa1e29d52bfb5f4743013659c86ed3b726188f9cb2457033af4ac479bb8df27b801c9a755fc22f14c36dc11006edb8503f419prCAh8GVNQVhpAJmAFbiahg=', '6f35781bb667be64794a80e13335c848906fac2b67a6826656efa1c231233fc08f5b4c31336a4f95a43e3669f7551b6001481c92ed32e53edd90c8036a14b77dYCJTLcIQS$SI87ZY~ZSPDbU=')
 7 SYSTEMPATH/CodeIgniter.php(502): CodeIgniter\CodeIgniter->runController(Object(App\Controllers\WorkpaperController))
 8 SYSTEMPATH/CodeIgniter.php(361): CodeIgniter\CodeIgniter->handleRequest(null, Object(Config\Cache), false)
 9 FCPATH/index.php(84): CodeIgniter\CodeIgniter->run()
WARNING - 2024-08-29 13:34:28 --> [DEPRECATED] strtotime(): Passing null to parameter #1 ($datetime) of type string is deprecated in APPPATH/Views/workpaper/pdfc1/AC3.php on line 209.
 1 APPPATH/Views/workpaper/pdfc1/AC3.php(209): strtotime(null)
 2 SYSTEMPATH/View/View.php(228): include('/home/q05wyrnxw9oo/testapplaud.buildappminds.com/app/Views/workpaper/pdfc1/AC3.php')
 3 SYSTEMPATH/View/View.php(231): CodeIgniter\View\View->CodeIgniter\View\{closure}()
 4 SYSTEMPATH/Common.php(1178): CodeIgniter\View\View->render('workpaper/pdfc1/AC3', [], true)
 5 APPPATH/Controllers/WorkpaperController.php(3146): view('workpaper/pdfc1/AC3', [...])
 6 SYSTEMPATH/CodeIgniter.php(941): App\Controllers\WorkpaperController->viewpdfc1('AC3', '8411b1e09186f7f852c1a84a05ddaa7f9fda7d6bf54a7f1737885574ae52c20471af4a455abf3d98fc8a1815b90d2ae5c3756b9a74a23e848c0a94eb5094011euAWO1KOEgNBXUSRv50Q8M0w=', 'eaf1efa27b9ce3232f79e76dfedfa1e29d52bfb5f4743013659c86ed3b726188f9cb2457033af4ac479bb8df27b801c9a755fc22f14c36dc11006edb8503f419prCAh8GVNQVhpAJmAFbiahg=', '6f35781bb667be64794a80e13335c848906fac2b67a6826656efa1c231233fc08f5b4c31336a4f95a43e3669f7551b6001481c92ed32e53edd90c8036a14b77dYCJTLcIQS$SI87ZY~ZSPDbU=')
 7 SYSTEMPATH/CodeIgniter.php(502): CodeIgniter\CodeIgniter->runController(Object(App\Controllers\WorkpaperController))
 8 SYSTEMPATH/CodeIgniter.php(361): CodeIgniter\CodeIgniter->handleRequest(null, Object(Config\Cache), false)
 9 FCPATH/index.php(84): CodeIgniter\CodeIgniter->run()
INFO - 2024-08-29 13:35:57 --> Session: Class initialized using 'CodeIgniter\Session\Handlers\FileHandler' driver.
WARNING - 2024-08-29 13:35:57 --> [DEPRECATED] strtotime(): Passing null to parameter #1 ($datetime) of type string is deprecated in APPPATH/Views/workpaper/pdfc1/AC3.php on line 77.
 1 APPPATH/Views/workpaper/pdfc1/AC3.php(77): strtotime(null)
 2 SYSTEMPATH/View/View.php(228): include('/home/q05wyrnxw9oo/testapplaud.buildappminds.com/app/Views/workpaper/pdfc1/AC3.php')
 3 SYSTEMPATH/View/View.php(231): CodeIgniter\View\View->CodeIgniter\View\{closure}()
 4 SYSTEMPATH/Common.php(1178): CodeIgniter\View\View->render('workpaper/pdfc1/AC3', [], true)
 5 APPPATH/Controllers/WorkpaperController.php(3146): view('workpaper/pdfc1/AC3', [...])
 6 SYSTEMPATH/CodeIgniter.php(941): App\Controllers\WorkpaperController->viewpdfc1('AC3', '8411b1e09186f7f852c1a84a05ddaa7f9fda7d6bf54a7f1737885574ae52c20471af4a455abf3d98fc8a1815b90d2ae5c3756b9a74a23e848c0a94eb5094011euAWO1KOEgNBXUSRv50Q8M0w=', 'eaf1efa27b9ce3232f79e76dfedfa1e29d52bfb5f4743013659c86ed3b726188f9cb2457033af4ac479bb8df27b801c9a755fc22f14c36dc11006edb8503f419prCAh8GVNQVhpAJmAFbiahg=', '6f35781bb667be64794a80e13335c848906fac2b67a6826656efa1c231233fc08f5b4c31336a4f95a43e3669f7551b6001481c92ed32e53edd90c8036a14b77dYCJTLcIQS$SI87ZY~ZSPDbU=')
 7 SYSTEMPATH/CodeIgniter.php(502): CodeIgniter\CodeIgniter->runController(Object(App\Controllers\WorkpaperController))
 8 SYSTEMPATH/CodeIgniter.php(361): CodeIgniter\CodeIgniter->handleRequest(null, Object(Config\Cache), false)
 9 FCPATH/index.php(84): CodeIgniter\CodeIgniter->run()
WARNING - 2024-08-29 13:35:57 --> [DEPRECATED] strtotime(): Passing null to parameter #1 ($datetime) of type string is deprecated in APPPATH/Views/workpaper/pdfc1/AC3.php on line 81.
 1 APPPATH/Views/workpaper/pdfc1/AC3.php(81): strtotime(null)
 2 SYSTEMPATH/View/View.php(228): include('/home/q05wyrnxw9oo/testapplaud.buildappminds.com/app/Views/workpaper/pdfc1/AC3.php')
 3 SYSTEMPATH/View/View.php(231): CodeIgniter\View\View->CodeIgniter\View\{closure}()
 4 SYSTEMPATH/Common.php(1178): CodeIgniter\View\View->render('workpaper/pdfc1/AC3', [], true)
 5 APPPATH/Controllers/WorkpaperController.php(3146): view('workpaper/pdfc1/AC3', [...])
 6 SYSTEMPATH/CodeIgniter.php(941): App\Controllers\WorkpaperController->viewpdfc1('AC3', '8411b1e09186f7f852c1a84a05ddaa7f9fda7d6bf54a7f1737885574ae52c20471af4a455abf3d98fc8a1815b90d2ae5c3756b9a74a23e848c0a94eb5094011euAWO1KOEgNBXUSRv50Q8M0w=', 'eaf1efa27b9ce3232f79e76dfedfa1e29d52bfb5f4743013659c86ed3b726188f9cb2457033af4ac479bb8df27b801c9a755fc22f14c36dc11006edb8503f419prCAh8GVNQVhpAJmAFbiahg=', '6f35781bb667be64794a80e13335c848906fac2b67a6826656efa1c231233fc08f5b4c31336a4f95a43e3669f7551b6001481c92ed32e53edd90c8036a14b77dYCJTLcIQS$SI87ZY~ZSPDbU=')
 7 SYSTEMPATH/CodeIgniter.php(502): CodeIgniter\CodeIgniter->runController(Object(App\Controllers\WorkpaperController))
 8 SYSTEMPATH/CodeIgniter.php(361): CodeIgniter\CodeIgniter->handleRequest(null, Object(Config\Cache), false)
 9 FCPATH/index.php(84): CodeIgniter\CodeIgniter->run()
WARNING - 2024-08-29 13:35:57 --> [DEPRECATED] strtotime(): Passing null to parameter #1 ($datetime) of type string is deprecated in APPPATH/Views/workpaper/pdfc1/AC3.php on line 200.
 1 APPPATH/Views/workpaper/pdfc1/AC3.php(200): strtotime(null)
 2 SYSTEMPATH/View/View.php(228): include('/home/q05wyrnxw9oo/testapplaud.buildappminds.com/app/Views/workpaper/pdfc1/AC3.php')
 3 SYSTEMPATH/View/View.php(231): CodeIgniter\View\View->CodeIgniter\View\{closure}()
 4 SYSTEMPATH/Common.php(1178): CodeIgniter\View\View->render('workpaper/pdfc1/AC3', [], true)
 5 APPPATH/Controllers/WorkpaperController.php(3146): view('workpaper/pdfc1/AC3', [...])
 6 SYSTEMPATH/CodeIgniter.php(941): App\Controllers\WorkpaperController->viewpdfc1('AC3', '8411b1e09186f7f852c1a84a05ddaa7f9fda7d6bf54a7f1737885574ae52c20471af4a455abf3d98fc8a1815b90d2ae5c3756b9a74a23e848c0a94eb5094011euAWO1KOEgNBXUSRv50Q8M0w=', 'eaf1efa27b9ce3232f79e76dfedfa1e29d52bfb5f4743013659c86ed3b726188f9cb2457033af4ac479bb8df27b801c9a755fc22f14c36dc11006edb8503f419prCAh8GVNQVhpAJmAFbiahg=', '6f35781bb667be64794a80e13335c848906fac2b67a6826656efa1c231233fc08f5b4c31336a4f95a43e3669f7551b6001481c92ed32e53edd90c8036a14b77dYCJTLcIQS$SI87ZY~ZSPDbU=')
 7 SYSTEMPATH/CodeIgniter.php(502): CodeIgniter\CodeIgniter->runController(Object(App\Controllers\WorkpaperController))
 8 SYSTEMPATH/CodeIgniter.php(361): CodeIgniter\CodeIgniter->handleRequest(null, Object(Config\Cache), false)
 9 FCPATH/index.php(84): CodeIgniter\CodeIgniter->run()
WARNING - 2024-08-29 13:35:57 --> [DEPRECATED] strtotime(): Passing null to parameter #1 ($datetime) of type string is deprecated in APPPATH/Views/workpaper/pdfc1/AC3.php on line 209.
 1 APPPATH/Views/workpaper/pdfc1/AC3.php(209): strtotime(null)
 2 SYSTEMPATH/View/View.php(228): include('/home/q05wyrnxw9oo/testapplaud.buildappminds.com/app/Views/workpaper/pdfc1/AC3.php')
 3 SYSTEMPATH/View/View.php(231): CodeIgniter\View\View->CodeIgniter\View\{closure}()
 4 SYSTEMPATH/Common.php(1178): CodeIgniter\View\View->render('workpaper/pdfc1/AC3', [], true)
 5 APPPATH/Controllers/WorkpaperController.php(3146): view('workpaper/pdfc1/AC3', [...])
 6 SYSTEMPATH/CodeIgniter.php(941): App\Controllers\WorkpaperController->viewpdfc1('AC3', '8411b1e09186f7f852c1a84a05ddaa7f9fda7d6bf54a7f1737885574ae52c20471af4a455abf3d98fc8a1815b90d2ae5c3756b9a74a23e848c0a94eb5094011euAWO1KOEgNBXUSRv50Q8M0w=', 'eaf1efa27b9ce3232f79e76dfedfa1e29d52bfb5f4743013659c86ed3b726188f9cb2457033af4ac479bb8df27b801c9a755fc22f14c36dc11006edb8503f419prCAh8GVNQVhpAJmAFbiahg=', '6f35781bb667be64794a80e13335c848906fac2b67a6826656efa1c231233fc08f5b4c31336a4f95a43e3669f7551b6001481c92ed32e53edd90c8036a14b77dYCJTLcIQS$SI87ZY~ZSPDbU=')
 7 SYSTEMPATH/CodeIgniter.php(502): CodeIgniter\CodeIgniter->runController(Object(App\Controllers\WorkpaperController))
 8 SYSTEMPATH/CodeIgniter.php(361): CodeIgniter\CodeIgniter->handleRequest(null, Object(Config\Cache), false)
 9 FCPATH/index.php(84): CodeIgniter\CodeIgniter->run()
INFO - 2024-08-29 13:36:11 --> Session: Class initialized using 'CodeIgniter\Session\Handlers\FileHandler' driver.
WARNING - 2024-08-29 13:36:11 --> [DEPRECATED] strtotime(): Passing null to parameter #1 ($datetime) of type string is deprecated in APPPATH/Views/workpaper/pdfc1/AC3.php on line 77.
 1 APPPATH/Views/workpaper/pdfc1/AC3.php(77): strtotime(null)
 2 SYSTEMPATH/View/View.php(228): include('/home/q05wyrnxw9oo/testapplaud.buildappminds.com/app/Views/workpaper/pdfc1/AC3.php')
 3 SYSTEMPATH/View/View.php(231): CodeIgniter\View\View->CodeIgniter\View\{closure}()
 4 SYSTEMPATH/Common.php(1178): CodeIgniter\View\View->render('workpaper/pdfc1/AC3', [], true)
 5 APPPATH/Controllers/WorkpaperController.php(3146): view('workpaper/pdfc1/AC3', [...])
 6 SYSTEMPATH/CodeIgniter.php(941): App\Controllers\WorkpaperController->viewpdfc1('AC3', '8411b1e09186f7f852c1a84a05ddaa7f9fda7d6bf54a7f1737885574ae52c20471af4a455abf3d98fc8a1815b90d2ae5c3756b9a74a23e848c0a94eb5094011euAWO1KOEgNBXUSRv50Q8M0w=', 'eaf1efa27b9ce3232f79e76dfedfa1e29d52bfb5f4743013659c86ed3b726188f9cb2457033af4ac479bb8df27b801c9a755fc22f14c36dc11006edb8503f419prCAh8GVNQVhpAJmAFbiahg=', '6f35781bb667be64794a80e13335c848906fac2b67a6826656efa1c231233fc08f5b4c31336a4f95a43e3669f7551b6001481c92ed32e53edd90c8036a14b77dYCJTLcIQS$SI87ZY~ZSPDbU=')
 7 SYSTEMPATH/CodeIgniter.php(502): CodeIgniter\CodeIgniter->runController(Object(App\Controllers\WorkpaperController))
 8 SYSTEMPATH/CodeIgniter.php(361): CodeIgniter\CodeIgniter->handleRequest(null, Object(Config\Cache), false)
 9 FCPATH/index.php(84): CodeIgniter\CodeIgniter->run()
WARNING - 2024-08-29 13:36:11 --> [DEPRECATED] strtotime(): Passing null to parameter #1 ($datetime) of type string is deprecated in APPPATH/Views/workpaper/pdfc1/AC3.php on line 81.
 1 APPPATH/Views/workpaper/pdfc1/AC3.php(81): strtotime(null)
 2 SYSTEMPATH/View/View.php(228): include('/home/q05wyrnxw9oo/testapplaud.buildappminds.com/app/Views/workpaper/pdfc1/AC3.php')
 3 SYSTEMPATH/View/View.php(231): CodeIgniter\View\View->CodeIgniter\View\{closure}()
 4 SYSTEMPATH/Common.php(1178): CodeIgniter\View\View->render('workpaper/pdfc1/AC3', [], true)
 5 APPPATH/Controllers/WorkpaperController.php(3146): view('workpaper/pdfc1/AC3', [...])
 6 SYSTEMPATH/CodeIgniter.php(941): App\Controllers\WorkpaperController->viewpdfc1('AC3', '8411b1e09186f7f852c1a84a05ddaa7f9fda7d6bf54a7f1737885574ae52c20471af4a455abf3d98fc8a1815b90d2ae5c3756b9a74a23e848c0a94eb5094011euAWO1KOEgNBXUSRv50Q8M0w=', 'eaf1efa27b9ce3232f79e76dfedfa1e29d52bfb5f4743013659c86ed3b726188f9cb2457033af4ac479bb8df27b801c9a755fc22f14c36dc11006edb8503f419prCAh8GVNQVhpAJmAFbiahg=', '6f35781bb667be64794a80e13335c848906fac2b67a6826656efa1c231233fc08f5b4c31336a4f95a43e3669f7551b6001481c92ed32e53edd90c8036a14b77dYCJTLcIQS$SI87ZY~ZSPDbU=')
 7 SYSTEMPATH/CodeIgniter.php(502): CodeIgniter\CodeIgniter->runController(Object(App\Controllers\WorkpaperController))
 8 SYSTEMPATH/CodeIgniter.php(361): CodeIgniter\CodeIgniter->handleRequest(null, Object(Config\Cache), false)
 9 FCPATH/index.php(84): CodeIgniter\CodeIgniter->run()
WARNING - 2024-08-29 13:36:11 --> [DEPRECATED] strtotime(): Passing null to parameter #1 ($datetime) of type string is deprecated in APPPATH/Views/workpaper/pdfc1/AC3.php on line 200.
 1 APPPATH/Views/workpaper/pdfc1/AC3.php(200): strtotime(null)
 2 SYSTEMPATH/View/View.php(228): include('/home/q05wyrnxw9oo/testapplaud.buildappminds.com/app/Views/workpaper/pdfc1/AC3.php')
 3 SYSTEMPATH/View/View.php(231): CodeIgniter\View\View->CodeIgniter\View\{closure}()
 4 SYSTEMPATH/Common.php(1178): CodeIgniter\View\View->render('workpaper/pdfc1/AC3', [], true)
 5 APPPATH/Controllers/WorkpaperController.php(3146): view('workpaper/pdfc1/AC3', [...])
 6 SYSTEMPATH/CodeIgniter.php(941): App\Controllers\WorkpaperController->viewpdfc1('AC3', '8411b1e09186f7f852c1a84a05ddaa7f9fda7d6bf54a7f1737885574ae52c20471af4a455abf3d98fc8a1815b90d2ae5c3756b9a74a23e848c0a94eb5094011euAWO1KOEgNBXUSRv50Q8M0w=', 'eaf1efa27b9ce3232f79e76dfedfa1e29d52bfb5f4743013659c86ed3b726188f9cb2457033af4ac479bb8df27b801c9a755fc22f14c36dc11006edb8503f419prCAh8GVNQVhpAJmAFbiahg=', '6f35781bb667be64794a80e13335c848906fac2b67a6826656efa1c231233fc08f5b4c31336a4f95a43e3669f7551b6001481c92ed32e53edd90c8036a14b77dYCJTLcIQS$SI87ZY~ZSPDbU=')
 7 SYSTEMPATH/CodeIgniter.php(502): CodeIgniter\CodeIgniter->runController(Object(App\Controllers\WorkpaperController))
 8 SYSTEMPATH/CodeIgniter.php(361): CodeIgniter\CodeIgniter->handleRequest(null, Object(Config\Cache), false)
 9 FCPATH/index.php(84): CodeIgniter\CodeIgniter->run()
WARNING - 2024-08-29 13:36:11 --> [DEPRECATED] strtotime(): Passing null to parameter #1 ($datetime) of type string is deprecated in APPPATH/Views/workpaper/pdfc1/AC3.php on line 209.
 1 APPPATH/Views/workpaper/pdfc1/AC3.php(209): strtotime(null)
 2 SYSTEMPATH/View/View.php(228): include('/home/q05wyrnxw9oo/testapplaud.buildappminds.com/app/Views/workpaper/pdfc1/AC3.php')
 3 SYSTEMPATH/View/View.php(231): CodeIgniter\View\View->CodeIgniter\View\{closure}()
 4 SYSTEMPATH/Common.php(1178): CodeIgniter\View\View->render('workpaper/pdfc1/AC3', [], true)
 5 APPPATH/Controllers/WorkpaperController.php(3146): view('workpaper/pdfc1/AC3', [...])
 6 SYSTEMPATH/CodeIgniter.php(941): App\Controllers\WorkpaperController->viewpdfc1('AC3', '8411b1e09186f7f852c1a84a05ddaa7f9fda7d6bf54a7f1737885574ae52c20471af4a455abf3d98fc8a1815b90d2ae5c3756b9a74a23e848c0a94eb5094011euAWO1KOEgNBXUSRv50Q8M0w=', 'eaf1efa27b9ce3232f79e76dfedfa1e29d52bfb5f4743013659c86ed3b726188f9cb2457033af4ac479bb8df27b801c9a755fc22f14c36dc11006edb8503f419prCAh8GVNQVhpAJmAFbiahg=', '6f35781bb667be64794a80e13335c848906fac2b67a6826656efa1c231233fc08f5b4c31336a4f95a43e3669f7551b6001481c92ed32e53edd90c8036a14b77dYCJTLcIQS$SI87ZY~ZSPDbU=')
 7 SYSTEMPATH/CodeIgniter.php(502): CodeIgniter\CodeIgniter->runController(Object(App\Controllers\WorkpaperController))
 8 SYSTEMPATH/CodeIgniter.php(361): CodeIgniter\CodeIgniter->handleRequest(null, Object(Config\Cache), false)
 9 FCPATH/index.php(84): CodeIgniter\CodeIgniter->run()
INFO - 2024-08-29 13:36:22 --> Session: Class initialized using 'CodeIgniter\Session\Handlers\FileHandler' driver.
WARNING - 2024-08-29 13:36:22 --> [DEPRECATED] strtotime(): Passing null to parameter #1 ($datetime) of type string is deprecated in APPPATH/Views/workpaper/pdfc1/AC3.php on line 77.
 1 APPPATH/Views/workpaper/pdfc1/AC3.php(77): strtotime(null)
 2 SYSTEMPATH/View/View.php(228): include('/home/q05wyrnxw9oo/testapplaud.buildappminds.com/app/Views/workpaper/pdfc1/AC3.php')
 3 SYSTEMPATH/View/View.php(231): CodeIgniter\View\View->CodeIgniter\View\{closure}()
 4 SYSTEMPATH/Common.php(1178): CodeIgniter\View\View->render('workpaper/pdfc1/AC3', [], true)
 5 APPPATH/Controllers/WorkpaperController.php(3146): view('workpaper/pdfc1/AC3', [...])
 6 SYSTEMPATH/CodeIgniter.php(941): App\Controllers\WorkpaperController->viewpdfc1('AC3', '8411b1e09186f7f852c1a84a05ddaa7f9fda7d6bf54a7f1737885574ae52c20471af4a455abf3d98fc8a1815b90d2ae5c3756b9a74a23e848c0a94eb5094011euAWO1KOEgNBXUSRv50Q8M0w=', 'eaf1efa27b9ce3232f79e76dfedfa1e29d52bfb5f4743013659c86ed3b726188f9cb2457033af4ac479bb8df27b801c9a755fc22f14c36dc11006edb8503f419prCAh8GVNQVhpAJmAFbiahg=', '6f35781bb667be64794a80e13335c848906fac2b67a6826656efa1c231233fc08f5b4c31336a4f95a43e3669f7551b6001481c92ed32e53edd90c8036a14b77dYCJTLcIQS$SI87ZY~ZSPDbU=')
 7 SYSTEMPATH/CodeIgniter.php(502): CodeIgniter\CodeIgniter->runController(Object(App\Controllers\WorkpaperController))
 8 SYSTEMPATH/CodeIgniter.php(361): CodeIgniter\CodeIgniter->handleRequest(null, Object(Config\Cache), false)
 9 FCPATH/index.php(84): CodeIgniter\CodeIgniter->run()
WARNING - 2024-08-29 13:36:22 --> [DEPRECATED] strtotime(): Passing null to parameter #1 ($datetime) of type string is deprecated in APPPATH/Views/workpaper/pdfc1/AC3.php on line 81.
 1 APPPATH/Views/workpaper/pdfc1/AC3.php(81): strtotime(null)
 2 SYSTEMPATH/View/View.php(228): include('/home/q05wyrnxw9oo/testapplaud.buildappminds.com/app/Views/workpaper/pdfc1/AC3.php')
 3 SYSTEMPATH/View/View.php(231): CodeIgniter\View\View->CodeIgniter\View\{closure}()
 4 SYSTEMPATH/Common.php(1178): CodeIgniter\View\View->render('workpaper/pdfc1/AC3', [], true)
 5 APPPATH/Controllers/WorkpaperController.php(3146): view('workpaper/pdfc1/AC3', [...])
 6 SYSTEMPATH/CodeIgniter.php(941): App\Controllers\WorkpaperController->viewpdfc1('AC3', '8411b1e09186f7f852c1a84a05ddaa7f9fda7d6bf54a7f1737885574ae52c20471af4a455abf3d98fc8a1815b90d2ae5c3756b9a74a23e848c0a94eb5094011euAWO1KOEgNBXUSRv50Q8M0w=', 'eaf1efa27b9ce3232f79e76dfedfa1e29d52bfb5f4743013659c86ed3b726188f9cb2457033af4ac479bb8df27b801c9a755fc22f14c36dc11006edb8503f419prCAh8GVNQVhpAJmAFbiahg=', '6f35781bb667be64794a80e13335c848906fac2b67a6826656efa1c231233fc08f5b4c31336a4f95a43e3669f7551b6001481c92ed32e53edd90c8036a14b77dYCJTLcIQS$SI87ZY~ZSPDbU=')
 7 SYSTEMPATH/CodeIgniter.php(502): CodeIgniter\CodeIgniter->runController(Object(App\Controllers\WorkpaperController))
 8 SYSTEMPATH/CodeIgniter.php(361): CodeIgniter\CodeIgniter->handleRequest(null, Object(Config\Cache), false)
 9 FCPATH/index.php(84): CodeIgniter\CodeIgniter->run()
WARNING - 2024-08-29 13:36:22 --> [DEPRECATED] strtotime(): Passing null to parameter #1 ($datetime) of type string is deprecated in APPPATH/Views/workpaper/pdfc1/AC3.php on line 200.
 1 APPPATH/Views/workpaper/pdfc1/AC3.php(200): strtotime(null)
 2 SYSTEMPATH/View/View.php(228): include('/home/q05wyrnxw9oo/testapplaud.buildappminds.com/app/Views/workpaper/pdfc1/AC3.php')
 3 SYSTEMPATH/View/View.php(231): CodeIgniter\View\View->CodeIgniter\View\{closure}()
 4 SYSTEMPATH/Common.php(1178): CodeIgniter\View\View->render('workpaper/pdfc1/AC3', [], true)
 5 APPPATH/Controllers/WorkpaperController.php(3146): view('workpaper/pdfc1/AC3', [...])
 6 SYSTEMPATH/CodeIgniter.php(941): App\Controllers\WorkpaperController->viewpdfc1('AC3', '8411b1e09186f7f852c1a84a05ddaa7f9fda7d6bf54a7f1737885574ae52c20471af4a455abf3d98fc8a1815b90d2ae5c3756b9a74a23e848c0a94eb5094011euAWO1KOEgNBXUSRv50Q8M0w=', 'eaf1efa27b9ce3232f79e76dfedfa1e29d52bfb5f4743013659c86ed3b726188f9cb2457033af4ac479bb8df27b801c9a755fc22f14c36dc11006edb8503f419prCAh8GVNQVhpAJmAFbiahg=', '6f35781bb667be64794a80e13335c848906fac2b67a6826656efa1c231233fc08f5b4c31336a4f95a43e3669f7551b6001481c92ed32e53edd90c8036a14b77dYCJTLcIQS$SI87ZY~ZSPDbU=')
 7 SYSTEMPATH/CodeIgniter.php(502): CodeIgniter\CodeIgniter->runController(Object(App\Controllers\WorkpaperController))
 8 SYSTEMPATH/CodeIgniter.php(361): CodeIgniter\CodeIgniter->handleRequest(null, Object(Config\Cache), false)
 9 FCPATH/index.php(84): CodeIgniter\CodeIgniter->run()
WARNING - 2024-08-29 13:36:22 --> [DEPRECATED] strtotime(): Passing null to parameter #1 ($datetime) of type string is deprecated in APPPATH/Views/workpaper/pdfc1/AC3.php on line 209.
 1 APPPATH/Views/workpaper/pdfc1/AC3.php(209): strtotime(null)
 2 SYSTEMPATH/View/View.php(228): include('/home/q05wyrnxw9oo/testapplaud.buildappminds.com/app/Views/workpaper/pdfc1/AC3.php')
 3 SYSTEMPATH/View/View.php(231): CodeIgniter\View\View->CodeIgniter\View\{closure}()
 4 SYSTEMPATH/Common.php(1178): CodeIgniter\View\View->render('workpaper/pdfc1/AC3', [], true)
 5 APPPATH/Controllers/WorkpaperController.php(3146): view('workpaper/pdfc1/AC3', [...])
 6 SYSTEMPATH/CodeIgniter.php(941): App\Controllers\WorkpaperController->viewpdfc1('AC3', '8411b1e09186f7f852c1a84a05ddaa7f9fda7d6bf54a7f1737885574ae52c20471af4a455abf3d98fc8a1815b90d2ae5c3756b9a74a23e848c0a94eb5094011euAWO1KOEgNBXUSRv50Q8M0w=', 'eaf1efa27b9ce3232f79e76dfedfa1e29d52bfb5f4743013659c86ed3b726188f9cb2457033af4ac479bb8df27b801c9a755fc22f14c36dc11006edb8503f419prCAh8GVNQVhpAJmAFbiahg=', '6f35781bb667be64794a80e13335c848906fac2b67a6826656efa1c231233fc08f5b4c31336a4f95a43e3669f7551b6001481c92ed32e53edd90c8036a14b77dYCJTLcIQS$SI87ZY~ZSPDbU=')
 7 SYSTEMPATH/CodeIgniter.php(502): CodeIgniter\CodeIgniter->runController(Object(App\Controllers\WorkpaperController))
 8 SYSTEMPATH/CodeIgniter.php(361): CodeIgniter\CodeIgniter->handleRequest(null, Object(Config\Cache), false)
 9 FCPATH/index.php(84): CodeIgniter\CodeIgniter->run()
INFO - 2024-08-29 13:37:23 --> Session: Class initialized using 'CodeIgniter\Session\Handlers\FileHandler' driver.
WARNING - 2024-08-29 13:37:23 --> [DEPRECATED] strtotime(): Passing null to parameter #1 ($datetime) of type string is deprecated in APPPATH/Views/workpaper/pdfc1/AC2.php on line 81.
 1 APPPATH/Views/workpaper/pdfc1/AC2.php(81): strtotime(null)
 2 SYSTEMPATH/View/View.php(228): include('/home/q05wyrnxw9oo/testapplaud.buildappminds.com/app/Views/workpaper/pdfc1/AC2.php')
 3 SYSTEMPATH/View/View.php(231): CodeIgniter\View\View->CodeIgniter\View\{closure}()
 4 SYSTEMPATH/Common.php(1178): CodeIgniter\View\View->render('workpaper/pdfc1/AC2', [], true)
 5 APPPATH/Controllers/WorkpaperController.php(3139): view('workpaper/pdfc1/AC2', [...])
 6 SYSTEMPATH/CodeIgniter.php(941): App\Controllers\WorkpaperController->viewpdfc1('AC2', '7f9632336b37e6aef1ebdff52ce3c3499051ddec144cbec90a5cb40e50cf3ab5366f953a45a503d251dd9908b0b394404fcf4f336a89fa2fbc62ccdd001c5517Eel~fNoINJf5GAJQBlAzdBI=', 'eaf1efa27b9ce3232f79e76dfedfa1e29d52bfb5f4743013659c86ed3b726188f9cb2457033af4ac479bb8df27b801c9a755fc22f14c36dc11006edb8503f419prCAh8GVNQVhpAJmAFbiahg=', '6f35781bb667be64794a80e13335c848906fac2b67a6826656efa1c231233fc08f5b4c31336a4f95a43e3669f7551b6001481c92ed32e53edd90c8036a14b77dYCJTLcIQS$SI87ZY~ZSPDbU=')
 7 SYSTEMPATH/CodeIgniter.php(502): CodeIgniter\CodeIgniter->runController(Object(App\Controllers\WorkpaperController))
 8 SYSTEMPATH/CodeIgniter.php(361): CodeIgniter\CodeIgniter->handleRequest(null, Object(Config\Cache), false)
 9 FCPATH/index.php(84): CodeIgniter\CodeIgniter->run()
INFO - 2024-08-29 13:37:32 --> Session: Class initialized using 'CodeIgniter\Session\Handlers\FileHandler' driver.
WARNING - 2024-08-29 13:37:32 --> [DEPRECATED] strtotime(): Passing null to parameter #1 ($datetime) of type string is deprecated in APPPATH/Views/workpaper/pdfc1/AC2.php on line 81.
 1 APPPATH/Views/workpaper/pdfc1/AC2.php(81): strtotime(null)
 2 SYSTEMPATH/View/View.php(228): include('/home/q05wyrnxw9oo/testapplaud.buildappminds.com/app/Views/workpaper/pdfc1/AC2.php')
 3 SYSTEMPATH/View/View.php(231): CodeIgniter\View\View->CodeIgniter\View\{closure}()
 4 SYSTEMPATH/Common.php(1178): CodeIgniter\View\View->render('workpaper/pdfc1/AC2', [], true)
 5 APPPATH/Controllers/WorkpaperController.php(3139): view('workpaper/pdfc1/AC2', [...])
 6 SYSTEMPATH/CodeIgniter.php(941): App\Controllers\WorkpaperController->viewpdfc1('AC2', '7f9632336b37e6aef1ebdff52ce3c3499051ddec144cbec90a5cb40e50cf3ab5366f953a45a503d251dd9908b0b394404fcf4f336a89fa2fbc62ccdd001c5517Eel~fNoINJf5GAJQBlAzdBI=', 'eaf1efa27b9ce3232f79e76dfedfa1e29d52bfb5f4743013659c86ed3b726188f9cb2457033af4ac479bb8df27b801c9a755fc22f14c36dc11006edb8503f419prCAh8GVNQVhpAJmAFbiahg=', '6f35781bb667be64794a80e13335c848906fac2b67a6826656efa1c231233fc08f5b4c31336a4f95a43e3669f7551b6001481c92ed32e53edd90c8036a14b77dYCJTLcIQS$SI87ZY~ZSPDbU=')
 7 SYSTEMPATH/CodeIgniter.php(502): CodeIgniter\CodeIgniter->runController(Object(App\Controllers\WorkpaperController))
 8 SYSTEMPATH/CodeIgniter.php(361): CodeIgniter\CodeIgniter->handleRequest(null, Object(Config\Cache), false)
 9 FCPATH/index.php(84): CodeIgniter\CodeIgniter->run()
INFO - 2024-08-29 13:37:59 --> Session: Class initialized using 'CodeIgniter\Session\Handlers\FileHandler' driver.
WARNING - 2024-08-29 13:37:59 --> [DEPRECATED] strtotime(): Passing null to parameter #1 ($datetime) of type string is deprecated in APPPATH/Views/workpaper/pdfc1/AC1.php on line 81.
 1 APPPATH/Views/workpaper/pdfc1/AC1.php(81): strtotime(null)
 2 SYSTEMPATH/View/View.php(228): include('/home/q05wyrnxw9oo/testapplaud.buildappminds.com/app/Views/workpaper/pdfc1/AC1.php')
 3 SYSTEMPATH/View/View.php(231): CodeIgniter\View\View->CodeIgniter\View\{closure}()
 4 SYSTEMPATH/Common.php(1178): CodeIgniter\View\View->render('workpaper/pdfc1/AC1', [], true)
 5 APPPATH/Controllers/WorkpaperController.php(3134): view('workpaper/pdfc1/AC1', [...])
 6 SYSTEMPATH/CodeIgniter.php(941): App\Controllers\WorkpaperController->viewpdfc1('AC1', '2b7c0c109e7394591455594c8fafc7d598845a0bd72762ad7df041c9a76b1aa2475f8b0b7a6f40535e50fecbf4aab3255f50958d3840ca6d55da8422b0ad487bLKAawERM0tqrtmMKK2i6Vz4=', 'eaf1efa27b9ce3232f79e76dfedfa1e29d52bfb5f4743013659c86ed3b726188f9cb2457033af4ac479bb8df27b801c9a755fc22f14c36dc11006edb8503f419prCAh8GVNQVhpAJmAFbiahg=', '6f35781bb667be64794a80e13335c848906fac2b67a6826656efa1c231233fc08f5b4c31336a4f95a43e3669f7551b6001481c92ed32e53edd90c8036a14b77dYCJTLcIQS$SI87ZY~ZSPDbU=')
 7 SYSTEMPATH/CodeIgniter.php(502): CodeIgniter\CodeIgniter->runController(Object(App\Controllers\WorkpaperController))
 8 SYSTEMPATH/CodeIgniter.php(361): CodeIgniter\CodeIgniter->handleRequest(null, Object(Config\Cache), false)
 9 FCPATH/index.php(84): CodeIgniter\CodeIgniter->run()
WARNING - 2024-08-29 13:37:59 --> [DEPRECATED] strtotime(): Passing null to parameter #1 ($datetime) of type string is deprecated in APPPATH/Views/workpaper/pdfc1/AC1.php on line 162.
 1 APPPATH/Views/workpaper/pdfc1/AC1.php(162): strtotime(null)
 2 SYSTEMPATH/View/View.php(228): include('/home/q05wyrnxw9oo/testapplaud.buildappminds.com/app/Views/workpaper/pdfc1/AC1.php')
 3 SYSTEMPATH/View/View.php(231): CodeIgniter\View\View->CodeIgniter\View\{closure}()
 4 SYSTEMPATH/Common.php(1178): CodeIgniter\View\View->render('workpaper/pdfc1/AC1', [], true)
 5 APPPATH/Controllers/WorkpaperController.php(3134): view('workpaper/pdfc1/AC1', [...])
 6 SYSTEMPATH/CodeIgniter.php(941): App\Controllers\WorkpaperController->viewpdfc1('AC1', '2b7c0c109e7394591455594c8fafc7d598845a0bd72762ad7df041c9a76b1aa2475f8b0b7a6f40535e50fecbf4aab3255f50958d3840ca6d55da8422b0ad487bLKAawERM0tqrtmMKK2i6Vz4=', 'eaf1efa27b9ce3232f79e76dfedfa1e29d52bfb5f4743013659c86ed3b726188f9cb2457033af4ac479bb8df27b801c9a755fc22f14c36dc11006edb8503f419prCAh8GVNQVhpAJmAFbiahg=', '6f35781bb667be64794a80e13335c848906fac2b67a6826656efa1c231233fc08f5b4c31336a4f95a43e3669f7551b6001481c92ed32e53edd90c8036a14b77dYCJTLcIQS$SI87ZY~ZSPDbU=')
 7 SYSTEMPATH/CodeIgniter.php(502): CodeIgniter\CodeIgniter->runController(Object(App\Controllers\WorkpaperController))
 8 SYSTEMPATH/CodeIgniter.php(361): CodeIgniter\CodeIgniter->handleRequest(null, Object(Config\Cache), false)
 9 FCPATH/index.php(84): CodeIgniter\CodeIgniter->run()
INFO - 2024-08-29 13:38:27 --> Session: Class initialized using 'CodeIgniter\Session\Handlers\FileHandler' driver.
WARNING - 2024-08-29 13:38:27 --> [DEPRECATED] strtotime(): Passing null to parameter #1 ($datetime) of type string is deprecated in APPPATH/Views/workpaper/pdfc1/AC1.php on line 81.
 1 APPPATH/Views/workpaper/pdfc1/AC1.php(81): strtotime(null)
 2 SYSTEMPATH/View/View.php(228): include('/home/q05wyrnxw9oo/testapplaud.buildappminds.com/app/Views/workpaper/pdfc1/AC1.php')
 3 SYSTEMPATH/View/View.php(231): CodeIgniter\View\View->CodeIgniter\View\{closure}()
 4 SYSTEMPATH/Common.php(1178): CodeIgniter\View\View->render('workpaper/pdfc1/AC1', [], true)
 5 APPPATH/Controllers/WorkpaperController.php(3134): view('workpaper/pdfc1/AC1', [...])
 6 SYSTEMPATH/CodeIgniter.php(941): App\Controllers\WorkpaperController->viewpdfc1('AC1', '2b7c0c109e7394591455594c8fafc7d598845a0bd72762ad7df041c9a76b1aa2475f8b0b7a6f40535e50fecbf4aab3255f50958d3840ca6d55da8422b0ad487bLKAawERM0tqrtmMKK2i6Vz4=', 'eaf1efa27b9ce3232f79e76dfedfa1e29d52bfb5f4743013659c86ed3b726188f9cb2457033af4ac479bb8df27b801c9a755fc22f14c36dc11006edb8503f419prCAh8GVNQVhpAJmAFbiahg=', '6f35781bb667be64794a80e13335c848906fac2b67a6826656efa1c231233fc08f5b4c31336a4f95a43e3669f7551b6001481c92ed32e53edd90c8036a14b77dYCJTLcIQS$SI87ZY~ZSPDbU=')
 7 SYSTEMPATH/CodeIgniter.php(502): CodeIgniter\CodeIgniter->runController(Object(App\Controllers\WorkpaperController))
 8 SYSTEMPATH/CodeIgniter.php(361): CodeIgniter\CodeIgniter->handleRequest(null, Object(Config\Cache), false)
 9 FCPATH/index.php(84): CodeIgniter\CodeIgniter->run()
WARNING - 2024-08-29 13:38:27 --> [DEPRECATED] strtotime(): Passing null to parameter #1 ($datetime) of type string is deprecated in APPPATH/Views/workpaper/pdfc1/AC1.php on line 162.
 1 APPPATH/Views/workpaper/pdfc1/AC1.php(162): strtotime(null)
 2 SYSTEMPATH/View/View.php(228): include('/home/q05wyrnxw9oo/testapplaud.buildappminds.com/app/Views/workpaper/pdfc1/AC1.php')
 3 SYSTEMPATH/View/View.php(231): CodeIgniter\View\View->CodeIgniter\View\{closure}()
 4 SYSTEMPATH/Common.php(1178): CodeIgniter\View\View->render('workpaper/pdfc1/AC1', [], true)
 5 APPPATH/Controllers/WorkpaperController.php(3134): view('workpaper/pdfc1/AC1', [...])
 6 SYSTEMPATH/CodeIgniter.php(941): App\Controllers\WorkpaperController->viewpdfc1('AC1', '2b7c0c109e7394591455594c8fafc7d598845a0bd72762ad7df041c9a76b1aa2475f8b0b7a6f40535e50fecbf4aab3255f50958d3840ca6d55da8422b0ad487bLKAawERM0tqrtmMKK2i6Vz4=', 'eaf1efa27b9ce3232f79e76dfedfa1e29d52bfb5f4743013659c86ed3b726188f9cb2457033af4ac479bb8df27b801c9a755fc22f14c36dc11006edb8503f419prCAh8GVNQVhpAJmAFbiahg=', '6f35781bb667be64794a80e13335c848906fac2b67a6826656efa1c231233fc08f5b4c31336a4f95a43e3669f7551b6001481c92ed32e53edd90c8036a14b77dYCJTLcIQS$SI87ZY~ZSPDbU=')
 7 SYSTEMPATH/CodeIgniter.php(502): CodeIgniter\CodeIgniter->runController(Object(App\Controllers\WorkpaperController))
 8 SYSTEMPATH/CodeIgniter.php(361): CodeIgniter\CodeIgniter->handleRequest(null, Object(Config\Cache), false)
 9 FCPATH/index.php(84): CodeIgniter\CodeIgniter->run()
INFO - 2024-08-29 13:38:41 --> Session: Class initialized using 'CodeIgniter\Session\Handlers\FileHandler' driver.
WARNING - 2024-08-29 13:38:41 --> [DEPRECATED] strtotime(): Passing null to parameter #1 ($datetime) of type string is deprecated in APPPATH/Views/workpaper/pdfc1/AC1.php on line 81.
 1 APPPATH/Views/workpaper/pdfc1/AC1.php(81): strtotime(null)
 2 SYSTEMPATH/View/View.php(228): include('/home/q05wyrnxw9oo/testapplaud.buildappminds.com/app/Views/workpaper/pdfc1/AC1.php')
 3 SYSTEMPATH/View/View.php(231): CodeIgniter\View\View->CodeIgniter\View\{closure}()
 4 SYSTEMPATH/Common.php(1178): CodeIgniter\View\View->render('workpaper/pdfc1/AC1', [], true)
 5 APPPATH/Controllers/WorkpaperController.php(3134): view('workpaper/pdfc1/AC1', [...])
 6 SYSTEMPATH/CodeIgniter.php(941): App\Controllers\WorkpaperController->viewpdfc1('AC1', '2b7c0c109e7394591455594c8fafc7d598845a0bd72762ad7df041c9a76b1aa2475f8b0b7a6f40535e50fecbf4aab3255f50958d3840ca6d55da8422b0ad487bLKAawERM0tqrtmMKK2i6Vz4=', 'eaf1efa27b9ce3232f79e76dfedfa1e29d52bfb5f4743013659c86ed3b726188f9cb2457033af4ac479bb8df27b801c9a755fc22f14c36dc11006edb8503f419prCAh8GVNQVhpAJmAFbiahg=', '6f35781bb667be64794a80e13335c848906fac2b67a6826656efa1c231233fc08f5b4c31336a4f95a43e3669f7551b6001481c92ed32e53edd90c8036a14b77dYCJTLcIQS$SI87ZY~ZSPDbU=')
 7 SYSTEMPATH/CodeIgniter.php(502): CodeIgniter\CodeIgniter->runController(Object(App\Controllers\WorkpaperController))
 8 SYSTEMPATH/CodeIgniter.php(361): CodeIgniter\CodeIgniter->handleRequest(null, Object(Config\Cache), false)
 9 FCPATH/index.php(84): CodeIgniter\CodeIgniter->run()
WARNING - 2024-08-29 13:38:41 --> [DEPRECATED] strtotime(): Passing null to parameter #1 ($datetime) of type string is deprecated in APPPATH/Views/workpaper/pdfc1/AC1.php on line 162.
 1 APPPATH/Views/workpaper/pdfc1/AC1.php(162): strtotime(null)
 2 SYSTEMPATH/View/View.php(228): include('/home/q05wyrnxw9oo/testapplaud.buildappminds.com/app/Views/workpaper/pdfc1/AC1.php')
 3 SYSTEMPATH/View/View.php(231): CodeIgniter\View\View->CodeIgniter\View\{closure}()
 4 SYSTEMPATH/Common.php(1178): CodeIgniter\View\View->render('workpaper/pdfc1/AC1', [], true)
 5 APPPATH/Controllers/WorkpaperController.php(3134): view('workpaper/pdfc1/AC1', [...])
 6 SYSTEMPATH/CodeIgniter.php(941): App\Controllers\WorkpaperController->viewpdfc1('AC1', '2b7c0c109e7394591455594c8fafc7d598845a0bd72762ad7df041c9a76b1aa2475f8b0b7a6f40535e50fecbf4aab3255f50958d3840ca6d55da8422b0ad487bLKAawERM0tqrtmMKK2i6Vz4=', 'eaf1efa27b9ce3232f79e76dfedfa1e29d52bfb5f4743013659c86ed3b726188f9cb2457033af4ac479bb8df27b801c9a755fc22f14c36dc11006edb8503f419prCAh8GVNQVhpAJmAFbiahg=', '6f35781bb667be64794a80e13335c848906fac2b67a6826656efa1c231233fc08f5b4c31336a4f95a43e3669f7551b6001481c92ed32e53edd90c8036a14b77dYCJTLcIQS$SI87ZY~ZSPDbU=')
 7 SYSTEMPATH/CodeIgniter.php(502): CodeIgniter\CodeIgniter->runController(Object(App\Controllers\WorkpaperController))
 8 SYSTEMPATH/CodeIgniter.php(361): CodeIgniter\CodeIgniter->handleRequest(null, Object(Config\Cache), false)
 9 FCPATH/index.php(84): CodeIgniter\CodeIgniter->run()
INFO - 2024-08-29 13:40:57 --> Session: Class initialized using 'CodeIgniter\Session\Handlers\FileHandler' driver.
WARNING - 2024-08-29 13:40:57 --> [DEPRECATED] strtotime(): Passing null to parameter #1 ($datetime) of type string is deprecated in APPPATH/Views/workpaper/pdfc1/AC1.php on line 81.
 1 APPPATH/Views/workpaper/pdfc1/AC1.php(81): strtotime(null)
 2 SYSTEMPATH/View/View.php(228): include('/home/q05wyrnxw9oo/testapplaud.buildappminds.com/app/Views/workpaper/pdfc1/AC1.php')
 3 SYSTEMPATH/View/View.php(231): CodeIgniter\View\View->CodeIgniter\View\{closure}()
 4 SYSTEMPATH/Common.php(1178): CodeIgniter\View\View->render('workpaper/pdfc1/AC1', [], true)
 5 APPPATH/Controllers/WorkpaperController.php(3134): view('workpaper/pdfc1/AC1', [...])
 6 SYSTEMPATH/CodeIgniter.php(941): App\Controllers\WorkpaperController->viewpdfc1('AC1', '2b7c0c109e7394591455594c8fafc7d598845a0bd72762ad7df041c9a76b1aa2475f8b0b7a6f40535e50fecbf4aab3255f50958d3840ca6d55da8422b0ad487bLKAawERM0tqrtmMKK2i6Vz4=', 'eaf1efa27b9ce3232f79e76dfedfa1e29d52bfb5f4743013659c86ed3b726188f9cb2457033af4ac479bb8df27b801c9a755fc22f14c36dc11006edb8503f419prCAh8GVNQVhpAJmAFbiahg=', '6f35781bb667be64794a80e13335c848906fac2b67a6826656efa1c231233fc08f5b4c31336a4f95a43e3669f7551b6001481c92ed32e53edd90c8036a14b77dYCJTLcIQS$SI87ZY~ZSPDbU=')
 7 SYSTEMPATH/CodeIgniter.php(502): CodeIgniter\CodeIgniter->runController(Object(App\Controllers\WorkpaperController))
 8 SYSTEMPATH/CodeIgniter.php(361): CodeIgniter\CodeIgniter->handleRequest(null, Object(Config\Cache), false)
 9 FCPATH/index.php(84): CodeIgniter\CodeIgniter->run()
WARNING - 2024-08-29 13:40:57 --> [DEPRECATED] strtotime(): Passing null to parameter #1 ($datetime) of type string is deprecated in APPPATH/Views/workpaper/pdfc1/AC1.php on line 162.
 1 APPPATH/Views/workpaper/pdfc1/AC1.php(162): strtotime(null)
 2 SYSTEMPATH/View/View.php(228): include('/home/q05wyrnxw9oo/testapplaud.buildappminds.com/app/Views/workpaper/pdfc1/AC1.php')
 3 SYSTEMPATH/View/View.php(231): CodeIgniter\View\View->CodeIgniter\View\{closure}()
 4 SYSTEMPATH/Common.php(1178): CodeIgniter\View\View->render('workpaper/pdfc1/AC1', [], true)
 5 APPPATH/Controllers/WorkpaperController.php(3134): view('workpaper/pdfc1/AC1', [...])
 6 SYSTEMPATH/CodeIgniter.php(941): App\Controllers\WorkpaperController->viewpdfc1('AC1', '2b7c0c109e7394591455594c8fafc7d598845a0bd72762ad7df041c9a76b1aa2475f8b0b7a6f40535e50fecbf4aab3255f50958d3840ca6d55da8422b0ad487bLKAawERM0tqrtmMKK2i6Vz4=', 'eaf1efa27b9ce3232f79e76dfedfa1e29d52bfb5f4743013659c86ed3b726188f9cb2457033af4ac479bb8df27b801c9a755fc22f14c36dc11006edb8503f419prCAh8GVNQVhpAJmAFbiahg=', '6f35781bb667be64794a80e13335c848906fac2b67a6826656efa1c231233fc08f5b4c31336a4f95a43e3669f7551b6001481c92ed32e53edd90c8036a14b77dYCJTLcIQS$SI87ZY~ZSPDbU=')
 7 SYSTEMPATH/CodeIgniter.php(502): CodeIgniter\CodeIgniter->runController(Object(App\Controllers\WorkpaperController))
 8 SYSTEMPATH/CodeIgniter.php(361): CodeIgniter\CodeIgniter->handleRequest(null, Object(Config\Cache), false)
 9 FCPATH/index.php(84): CodeIgniter\CodeIgniter->run()
INFO - 2024-08-29 13:41:08 --> Session: Class initialized using 'CodeIgniter\Session\Handlers\FileHandler' driver.
WARNING - 2024-08-29 13:41:08 --> [DEPRECATED] strtotime(): Passing null to parameter #1 ($datetime) of type string is deprecated in APPPATH/Views/workpaper/pdfc1/AC2.php on line 81.
 1 APPPATH/Views/workpaper/pdfc1/AC2.php(81): strtotime(null)
 2 SYSTEMPATH/View/View.php(228): include('/home/q05wyrnxw9oo/testapplaud.buildappminds.com/app/Views/workpaper/pdfc1/AC2.php')
 3 SYSTEMPATH/View/View.php(231): CodeIgniter\View\View->CodeIgniter\View\{closure}()
 4 SYSTEMPATH/Common.php(1178): CodeIgniter\View\View->render('workpaper/pdfc1/AC2', [], true)
 5 APPPATH/Controllers/WorkpaperController.php(3139): view('workpaper/pdfc1/AC2', [...])
 6 SYSTEMPATH/CodeIgniter.php(941): App\Controllers\WorkpaperController->viewpdfc1('AC2', '7f9632336b37e6aef1ebdff52ce3c3499051ddec144cbec90a5cb40e50cf3ab5366f953a45a503d251dd9908b0b394404fcf4f336a89fa2fbc62ccdd001c5517Eel~fNoINJf5GAJQBlAzdBI=', 'eaf1efa27b9ce3232f79e76dfedfa1e29d52bfb5f4743013659c86ed3b726188f9cb2457033af4ac479bb8df27b801c9a755fc22f14c36dc11006edb8503f419prCAh8GVNQVhpAJmAFbiahg=', '6f35781bb667be64794a80e13335c848906fac2b67a6826656efa1c231233fc08f5b4c31336a4f95a43e3669f7551b6001481c92ed32e53edd90c8036a14b77dYCJTLcIQS$SI87ZY~ZSPDbU=')
 7 SYSTEMPATH/CodeIgniter.php(502): CodeIgniter\CodeIgniter->runController(Object(App\Controllers\WorkpaperController))
 8 SYSTEMPATH/CodeIgniter.php(361): CodeIgniter\CodeIgniter->handleRequest(null, Object(Config\Cache), false)
 9 FCPATH/index.php(84): CodeIgniter\CodeIgniter->run()
INFO - 2024-08-29 13:41:18 --> Session: Class initialized using 'CodeIgniter\Session\Handlers\FileHandler' driver.
WARNING - 2024-08-29 13:41:18 --> [DEPRECATED] strtotime(): Passing null to parameter #1 ($datetime) of type string is deprecated in APPPATH/Views/workpaper/pdfc1/AC3.php on line 77.
 1 APPPATH/Views/workpaper/pdfc1/AC3.php(77): strtotime(null)
 2 SYSTEMPATH/View/View.php(228): include('/home/q05wyrnxw9oo/testapplaud.buildappminds.com/app/Views/workpaper/pdfc1/AC3.php')
 3 SYSTEMPATH/View/View.php(231): CodeIgniter\View\View->CodeIgniter\View\{closure}()
 4 SYSTEMPATH/Common.php(1178): CodeIgniter\View\View->render('workpaper/pdfc1/AC3', [], true)
 5 APPPATH/Controllers/WorkpaperController.php(3146): view('workpaper/pdfc1/AC3', [...])
 6 SYSTEMPATH/CodeIgniter.php(941): App\Controllers\WorkpaperController->viewpdfc1('AC3', '8411b1e09186f7f852c1a84a05ddaa7f9fda7d6bf54a7f1737885574ae52c20471af4a455abf3d98fc8a1815b90d2ae5c3756b9a74a23e848c0a94eb5094011euAWO1KOEgNBXUSRv50Q8M0w=', 'eaf1efa27b9ce3232f79e76dfedfa1e29d52bfb5f4743013659c86ed3b726188f9cb2457033af4ac479bb8df27b801c9a755fc22f14c36dc11006edb8503f419prCAh8GVNQVhpAJmAFbiahg=', '6f35781bb667be64794a80e13335c848906fac2b67a6826656efa1c231233fc08f5b4c31336a4f95a43e3669f7551b6001481c92ed32e53edd90c8036a14b77dYCJTLcIQS$SI87ZY~ZSPDbU=')
 7 SYSTEMPATH/CodeIgniter.php(502): CodeIgniter\CodeIgniter->runController(Object(App\Controllers\WorkpaperController))
 8 SYSTEMPATH/CodeIgniter.php(361): CodeIgniter\CodeIgniter->handleRequest(null, Object(Config\Cache), false)
 9 FCPATH/index.php(84): CodeIgniter\CodeIgniter->run()
WARNING - 2024-08-29 13:41:18 --> [DEPRECATED] strtotime(): Passing null to parameter #1 ($datetime) of type string is deprecated in APPPATH/Views/workpaper/pdfc1/AC3.php on line 81.
 1 APPPATH/Views/workpaper/pdfc1/AC3.php(81): strtotime(null)
 2 SYSTEMPATH/View/View.php(228): include('/home/q05wyrnxw9oo/testapplaud.buildappminds.com/app/Views/workpaper/pdfc1/AC3.php')
 3 SYSTEMPATH/View/View.php(231): CodeIgniter\View\View->CodeIgniter\View\{closure}()
 4 SYSTEMPATH/Common.php(1178): CodeIgniter\View\View->render('workpaper/pdfc1/AC3', [], true)
 5 APPPATH/Controllers/WorkpaperController.php(3146): view('workpaper/pdfc1/AC3', [...])
 6 SYSTEMPATH/CodeIgniter.php(941): App\Controllers\WorkpaperController->viewpdfc1('AC3', '8411b1e09186f7f852c1a84a05ddaa7f9fda7d6bf54a7f1737885574ae52c20471af4a455abf3d98fc8a1815b90d2ae5c3756b9a74a23e848c0a94eb5094011euAWO1KOEgNBXUSRv50Q8M0w=', 'eaf1efa27b9ce3232f79e76dfedfa1e29d52bfb5f4743013659c86ed3b726188f9cb2457033af4ac479bb8df27b801c9a755fc22f14c36dc11006edb8503f419prCAh8GVNQVhpAJmAFbiahg=', '6f35781bb667be64794a80e13335c848906fac2b67a6826656efa1c231233fc08f5b4c31336a4f95a43e3669f7551b6001481c92ed32e53edd90c8036a14b77dYCJTLcIQS$SI87ZY~ZSPDbU=')
 7 SYSTEMPATH/CodeIgniter.php(502): CodeIgniter\CodeIgniter->runController(Object(App\Controllers\WorkpaperController))
 8 SYSTEMPATH/CodeIgniter.php(361): CodeIgniter\CodeIgniter->handleRequest(null, Object(Config\Cache), false)
 9 FCPATH/index.php(84): CodeIgniter\CodeIgniter->run()
WARNING - 2024-08-29 13:41:18 --> [DEPRECATED] strtotime(): Passing null to parameter #1 ($datetime) of type string is deprecated in APPPATH/Views/workpaper/pdfc1/AC3.php on line 200.
 1 APPPATH/Views/workpaper/pdfc1/AC3.php(200): strtotime(null)
 2 SYSTEMPATH/View/View.php(228): include('/home/q05wyrnxw9oo/testapplaud.buildappminds.com/app/Views/workpaper/pdfc1/AC3.php')
 3 SYSTEMPATH/View/View.php(231): CodeIgniter\View\View->CodeIgniter\View\{closure}()
 4 SYSTEMPATH/Common.php(1178): CodeIgniter\View\View->render('workpaper/pdfc1/AC3', [], true)
 5 APPPATH/Controllers/WorkpaperController.php(3146): view('workpaper/pdfc1/AC3', [...])
 6 SYSTEMPATH/CodeIgniter.php(941): App\Controllers\WorkpaperController->viewpdfc1('AC3', '8411b1e09186f7f852c1a84a05ddaa7f9fda7d6bf54a7f1737885574ae52c20471af4a455abf3d98fc8a1815b90d2ae5c3756b9a74a23e848c0a94eb5094011euAWO1KOEgNBXUSRv50Q8M0w=', 'eaf1efa27b9ce3232f79e76dfedfa1e29d52bfb5f4743013659c86ed3b726188f9cb2457033af4ac479bb8df27b801c9a755fc22f14c36dc11006edb8503f419prCAh8GVNQVhpAJmAFbiahg=', '6f35781bb667be64794a80e13335c848906fac2b67a6826656efa1c231233fc08f5b4c31336a4f95a43e3669f7551b6001481c92ed32e53edd90c8036a14b77dYCJTLcIQS$SI87ZY~ZSPDbU=')
 7 SYSTEMPATH/CodeIgniter.php(502): CodeIgniter\CodeIgniter->runController(Object(App\Controllers\WorkpaperController))
 8 SYSTEMPATH/CodeIgniter.php(361): CodeIgniter\CodeIgniter->handleRequest(null, Object(Config\Cache), false)
 9 FCPATH/index.php(84): CodeIgniter\CodeIgniter->run()
WARNING - 2024-08-29 13:41:18 --> [DEPRECATED] strtotime(): Passing null to parameter #1 ($datetime) of type string is deprecated in APPPATH/Views/workpaper/pdfc1/AC3.php on line 209.
 1 APPPATH/Views/workpaper/pdfc1/AC3.php(209): strtotime(null)
 2 SYSTEMPATH/View/View.php(228): include('/home/q05wyrnxw9oo/testapplaud.buildappminds.com/app/Views/workpaper/pdfc1/AC3.php')
 3 SYSTEMPATH/View/View.php(231): CodeIgniter\View\View->CodeIgniter\View\{closure}()
 4 SYSTEMPATH/Common.php(1178): CodeIgniter\View\View->render('workpaper/pdfc1/AC3', [], true)
 5 APPPATH/Controllers/WorkpaperController.php(3146): view('workpaper/pdfc1/AC3', [...])
 6 SYSTEMPATH/CodeIgniter.php(941): App\Controllers\WorkpaperController->viewpdfc1('AC3', '8411b1e09186f7f852c1a84a05ddaa7f9fda7d6bf54a7f1737885574ae52c20471af4a455abf3d98fc8a1815b90d2ae5c3756b9a74a23e848c0a94eb5094011euAWO1KOEgNBXUSRv50Q8M0w=', 'eaf1efa27b9ce3232f79e76dfedfa1e29d52bfb5f4743013659c86ed3b726188f9cb2457033af4ac479bb8df27b801c9a755fc22f14c36dc11006edb8503f419prCAh8GVNQVhpAJmAFbiahg=', '6f35781bb667be64794a80e13335c848906fac2b67a6826656efa1c231233fc08f5b4c31336a4f95a43e3669f7551b6001481c92ed32e53edd90c8036a14b77dYCJTLcIQS$SI87ZY~ZSPDbU=')
 7 SYSTEMPATH/CodeIgniter.php(502): CodeIgniter\CodeIgniter->runController(Object(App\Controllers\WorkpaperController))
 8 SYSTEMPATH/CodeIgniter.php(361): CodeIgniter\CodeIgniter->handleRequest(null, Object(Config\Cache), false)
 9 FCPATH/index.php(84): CodeIgniter\CodeIgniter->run()
