INFO - 2024-04-25 10:51:39 --> Session: Class initialized using 'CodeIgniter\Session\Handlers\FileHandler' driver.
INFO - 2024-04-25 10:51:41 --> Session: Class initialized using 'CodeIgniter\Session\Handlers\FileHandler' driver.
INFO - 2024-04-25 10:55:01 --> Session: Class initialized using 'CodeIgniter\Session\Handlers\FileHandler' driver.
INFO - 2024-04-25 10:55:02 --> Session: Class initialized using 'CodeIgniter\Session\Handlers\FileHandler' driver.
INFO - 2024-04-25 10:55:08 --> Session: Class initialized using 'CodeIgniter\Session\Handlers\FileHandler' driver.
INFO - 2024-04-25 10:55:11 --> Session: Class initialized using 'CodeIgniter\Session\Handlers\FileHandler' driver.
INFO - 2024-04-25 10:55:21 --> Session: Class initialized using 'CodeIgniter\Session\Handlers\FileHandler' driver.
INFO - 2024-04-25 10:55:21 --> Session: Class initialized using 'CodeIgniter\Session\Handlers\FileHandler' driver.
INFO - 2024-04-25 10:55:25 --> Session: Class initialized using 'CodeIgniter\Session\Handlers\FileHandler' driver.
INFO - 2024-04-25 10:55:25 --> Session: Class initialized using 'CodeIgniter\Session\Handlers\FileHandler' driver.
INFO - 2024-04-25 10:55:27 --> Session: Class initialized using 'CodeIgniter\Session\Handlers\FileHandler' driver.
INFO - 2024-04-25 10:55:43 --> Session: Class initialized using 'CodeIgniter\Session\Handlers\FileHandler' driver.
INFO - 2024-04-25 10:55:44 --> Session: Class initialized using 'CodeIgniter\Session\Handlers\FileHandler' driver.
WARNING - 2024-04-25 10:55:45 --> [DEPRECATED] Required parameter $currentfont follows optional parameter $isunicode in APPPATH\Libraries\tcpdf\include\tcpdf_fonts.php on line 1998.
 1 APPPATH\Libraries\tcpdf\tcpdf.php(115): require_once()
 2 SYSTEMPATH\Autoloader\Autoloader.php(309): include_once('D:\\dhay\\xampp\\htdocs\\jblas\\app\\Libraries\\tcpdf\\tcpdf.php')
 3 SYSTEMPATH\Autoloader\Autoloader.php(253): CodeIgniter\Autoloader\Autoloader->includeFile('D:\\dhay\\xampp\\htdocs\\jblas\\app\\Libraries/tcpdf/tcpdf.php')
 4 APPPATH\Views\workpaper\pdfc1\AC2.php(6): CodeIgniter\Autoloader\Autoloader->loadClassmap('TCPDF')
 5 SYSTEMPATH\View\View.php(228): include('D:\\dhay\\xampp\\htdocs\\jblas\\app\\Views\\workpaper\\pdfc1\\AC2.php')
 6 SYSTEMPATH\View\View.php(231): CodeIgniter\View\View->CodeIgniter\View\{closure}()
 7 SYSTEMPATH\Common.php(1178): CodeIgniter\View\View->render('workpaper/pdfc1/AC2', [], true)
 8 APPPATH\Controllers\WorkpaperController.php(2460): view('workpaper/pdfc1/AC2', [...])
 9 SYSTEMPATH\CodeIgniter.php(941): App\Controllers\WorkpaperController->viewpdfc1('AC2', '435e7fbefc5aa3d9c4aaf51c000de15df614a20fa5d1c87ef69f70b3f51118b4e5c59dc7e7d42c72437e653ac690797ee834966ec61d280906dc0d5b9037b6ab7W$tcyWAwVxYM0nj8YLyNdg=', 'ff9b1347d6306a8eee5e3b4c2aa73fe5f3f7baaebb2bf7b2b6bdd11dc0aa9bf40539b105a3e348dfb76d8d3fa67d21c92148fe7049bc83b42b62a53f25b261c01e4ZGMyVFcFDxqMR5T5rxfc=', '88fe0b34efc80e6f0df906357a96ee7a8d4f223154c1713b1efb8605d4d9163e4722a6f2d72949eac4ba2cec7d8d697c8fd2767d007f2845e0a45e130a91e71bvvLWdWP3IZbEyo$O3RItsy8=')
10 SYSTEMPATH\CodeIgniter.php(502): CodeIgniter\CodeIgniter->runController(Object(App\Controllers\WorkpaperController))
11 SYSTEMPATH\CodeIgniter.php(361): CodeIgniter\CodeIgniter->handleRequest(null, Object(Config\Cache), false)
12 FCPATH\index.php(84): CodeIgniter\CodeIgniter->run()
WARNING - 2024-04-25 10:55:45 --> [DEPRECATED] Required parameter $currentfont follows optional parameter $isunicode in APPPATH\Libraries\tcpdf\include\tcpdf_fonts.php on line 2024.
 1 APPPATH\Libraries\tcpdf\tcpdf.php(115): require_once()
 2 SYSTEMPATH\Autoloader\Autoloader.php(309): include_once('D:\\dhay\\xampp\\htdocs\\jblas\\app\\Libraries\\tcpdf\\tcpdf.php')
 3 SYSTEMPATH\Autoloader\Autoloader.php(253): CodeIgniter\Autoloader\Autoloader->includeFile('D:\\dhay\\xampp\\htdocs\\jblas\\app\\Libraries/tcpdf/tcpdf.php')
 4 APPPATH\Views\workpaper\pdfc1\AC2.php(6): CodeIgniter\Autoloader\Autoloader->loadClassmap('TCPDF')
 5 SYSTEMPATH\View\View.php(228): include('D:\\dhay\\xampp\\htdocs\\jblas\\app\\Views\\workpaper\\pdfc1\\AC2.php')
 6 SYSTEMPATH\View\View.php(231): CodeIgniter\View\View->CodeIgniter\View\{closure}()
 7 SYSTEMPATH\Common.php(1178): CodeIgniter\View\View->render('workpaper/pdfc1/AC2', [], true)
 8 APPPATH\Controllers\WorkpaperController.php(2460): view('workpaper/pdfc1/AC2', [...])
 9 SYSTEMPATH\CodeIgniter.php(941): App\Controllers\WorkpaperController->viewpdfc1('AC2', '435e7fbefc5aa3d9c4aaf51c000de15df614a20fa5d1c87ef69f70b3f51118b4e5c59dc7e7d42c72437e653ac690797ee834966ec61d280906dc0d5b9037b6ab7W$tcyWAwVxYM0nj8YLyNdg=', 'ff9b1347d6306a8eee5e3b4c2aa73fe5f3f7baaebb2bf7b2b6bdd11dc0aa9bf40539b105a3e348dfb76d8d3fa67d21c92148fe7049bc83b42b62a53f25b261c01e4ZGMyVFcFDxqMR5T5rxfc=', '88fe0b34efc80e6f0df906357a96ee7a8d4f223154c1713b1efb8605d4d9163e4722a6f2d72949eac4ba2cec7d8d697c8fd2767d007f2845e0a45e130a91e71bvvLWdWP3IZbEyo$O3RItsy8=')
10 SYSTEMPATH\CodeIgniter.php(502): CodeIgniter\CodeIgniter->runController(Object(App\Controllers\WorkpaperController))
11 SYSTEMPATH\CodeIgniter.php(361): CodeIgniter\CodeIgniter->handleRequest(null, Object(Config\Cache), false)
12 FCPATH\index.php(84): CodeIgniter\CodeIgniter->run()
WARNING - 2024-04-25 10:55:45 --> [DEPRECATED] Required parameter $currentfont follows optional parameter $setbom in APPPATH\Libraries\tcpdf\include\tcpdf_fonts.php on line 2040.
 1 APPPATH\Libraries\tcpdf\tcpdf.php(115): require_once()
 2 SYSTEMPATH\Autoloader\Autoloader.php(309): include_once('D:\\dhay\\xampp\\htdocs\\jblas\\app\\Libraries\\tcpdf\\tcpdf.php')
 3 SYSTEMPATH\Autoloader\Autoloader.php(253): CodeIgniter\Autoloader\Autoloader->includeFile('D:\\dhay\\xampp\\htdocs\\jblas\\app\\Libraries/tcpdf/tcpdf.php')
 4 APPPATH\Views\workpaper\pdfc1\AC2.php(6): CodeIgniter\Autoloader\Autoloader->loadClassmap('TCPDF')
 5 SYSTEMPATH\View\View.php(228): include('D:\\dhay\\xampp\\htdocs\\jblas\\app\\Views\\workpaper\\pdfc1\\AC2.php')
 6 SYSTEMPATH\View\View.php(231): CodeIgniter\View\View->CodeIgniter\View\{closure}()
 7 SYSTEMPATH\Common.php(1178): CodeIgniter\View\View->render('workpaper/pdfc1/AC2', [], true)
 8 APPPATH\Controllers\WorkpaperController.php(2460): view('workpaper/pdfc1/AC2', [...])
 9 SYSTEMPATH\CodeIgniter.php(941): App\Controllers\WorkpaperController->viewpdfc1('AC2', '435e7fbefc5aa3d9c4aaf51c000de15df614a20fa5d1c87ef69f70b3f51118b4e5c59dc7e7d42c72437e653ac690797ee834966ec61d280906dc0d5b9037b6ab7W$tcyWAwVxYM0nj8YLyNdg=', 'ff9b1347d6306a8eee5e3b4c2aa73fe5f3f7baaebb2bf7b2b6bdd11dc0aa9bf40539b105a3e348dfb76d8d3fa67d21c92148fe7049bc83b42b62a53f25b261c01e4ZGMyVFcFDxqMR5T5rxfc=', '88fe0b34efc80e6f0df906357a96ee7a8d4f223154c1713b1efb8605d4d9163e4722a6f2d72949eac4ba2cec7d8d697c8fd2767d007f2845e0a45e130a91e71bvvLWdWP3IZbEyo$O3RItsy8=')
10 SYSTEMPATH\CodeIgniter.php(502): CodeIgniter\CodeIgniter->runController(Object(App\Controllers\WorkpaperController))
11 SYSTEMPATH\CodeIgniter.php(361): CodeIgniter\CodeIgniter->handleRequest(null, Object(Config\Cache), false)
12 FCPATH\index.php(84): CodeIgniter\CodeIgniter->run()
WARNING - 2024-04-25 10:55:45 --> [DEPRECATED] Required parameter $currentfont follows optional parameter $setbom in APPPATH\Libraries\tcpdf\include\tcpdf_fonts.php on line 2060.
 1 APPPATH\Libraries\tcpdf\tcpdf.php(115): require_once()
 2 SYSTEMPATH\Autoloader\Autoloader.php(309): include_once('D:\\dhay\\xampp\\htdocs\\jblas\\app\\Libraries\\tcpdf\\tcpdf.php')
 3 SYSTEMPATH\Autoloader\Autoloader.php(253): CodeIgniter\Autoloader\Autoloader->includeFile('D:\\dhay\\xampp\\htdocs\\jblas\\app\\Libraries/tcpdf/tcpdf.php')
 4 APPPATH\Views\workpaper\pdfc1\AC2.php(6): CodeIgniter\Autoloader\Autoloader->loadClassmap('TCPDF')
 5 SYSTEMPATH\View\View.php(228): include('D:\\dhay\\xampp\\htdocs\\jblas\\app\\Views\\workpaper\\pdfc1\\AC2.php')
 6 SYSTEMPATH\View\View.php(231): CodeIgniter\View\View->CodeIgniter\View\{closure}()
 7 SYSTEMPATH\Common.php(1178): CodeIgniter\View\View->render('workpaper/pdfc1/AC2', [], true)
 8 APPPATH\Controllers\WorkpaperController.php(2460): view('workpaper/pdfc1/AC2', [...])
 9 SYSTEMPATH\CodeIgniter.php(941): App\Controllers\WorkpaperController->viewpdfc1('AC2', '435e7fbefc5aa3d9c4aaf51c000de15df614a20fa5d1c87ef69f70b3f51118b4e5c59dc7e7d42c72437e653ac690797ee834966ec61d280906dc0d5b9037b6ab7W$tcyWAwVxYM0nj8YLyNdg=', 'ff9b1347d6306a8eee5e3b4c2aa73fe5f3f7baaebb2bf7b2b6bdd11dc0aa9bf40539b105a3e348dfb76d8d3fa67d21c92148fe7049bc83b42b62a53f25b261c01e4ZGMyVFcFDxqMR5T5rxfc=', '88fe0b34efc80e6f0df906357a96ee7a8d4f223154c1713b1efb8605d4d9163e4722a6f2d72949eac4ba2cec7d8d697c8fd2767d007f2845e0a45e130a91e71bvvLWdWP3IZbEyo$O3RItsy8=')
10 SYSTEMPATH\CodeIgniter.php(502): CodeIgniter\CodeIgniter->runController(Object(App\Controllers\WorkpaperController))
11 SYSTEMPATH\CodeIgniter.php(361): CodeIgniter\CodeIgniter->handleRequest(null, Object(Config\Cache), false)
12 FCPATH\index.php(84): CodeIgniter\CodeIgniter->run()
WARNING - 2024-04-25 10:55:45 --> [DEPRECATED] Required parameter $currentfont follows optional parameter $str in APPPATH\Libraries\tcpdf\include\tcpdf_fonts.php on line 2077.
 1 APPPATH\Libraries\tcpdf\tcpdf.php(115): require_once()
 2 SYSTEMPATH\Autoloader\Autoloader.php(309): include_once('D:\\dhay\\xampp\\htdocs\\jblas\\app\\Libraries\\tcpdf\\tcpdf.php')
 3 SYSTEMPATH\Autoloader\Autoloader.php(253): CodeIgniter\Autoloader\Autoloader->includeFile('D:\\dhay\\xampp\\htdocs\\jblas\\app\\Libraries/tcpdf/tcpdf.php')
 4 APPPATH\Views\workpaper\pdfc1\AC2.php(6): CodeIgniter\Autoloader\Autoloader->loadClassmap('TCPDF')
 5 SYSTEMPATH\View\View.php(228): include('D:\\dhay\\xampp\\htdocs\\jblas\\app\\Views\\workpaper\\pdfc1\\AC2.php')
 6 SYSTEMPATH\View\View.php(231): CodeIgniter\View\View->CodeIgniter\View\{closure}()
 7 SYSTEMPATH\Common.php(1178): CodeIgniter\View\View->render('workpaper/pdfc1/AC2', [], true)
 8 APPPATH\Controllers\WorkpaperController.php(2460): view('workpaper/pdfc1/AC2', [...])
 9 SYSTEMPATH\CodeIgniter.php(941): App\Controllers\WorkpaperController->viewpdfc1('AC2', '435e7fbefc5aa3d9c4aaf51c000de15df614a20fa5d1c87ef69f70b3f51118b4e5c59dc7e7d42c72437e653ac690797ee834966ec61d280906dc0d5b9037b6ab7W$tcyWAwVxYM0nj8YLyNdg=', 'ff9b1347d6306a8eee5e3b4c2aa73fe5f3f7baaebb2bf7b2b6bdd11dc0aa9bf40539b105a3e348dfb76d8d3fa67d21c92148fe7049bc83b42b62a53f25b261c01e4ZGMyVFcFDxqMR5T5rxfc=', '88fe0b34efc80e6f0df906357a96ee7a8d4f223154c1713b1efb8605d4d9163e4722a6f2d72949eac4ba2cec7d8d697c8fd2767d007f2845e0a45e130a91e71bvvLWdWP3IZbEyo$O3RItsy8=')
10 SYSTEMPATH\CodeIgniter.php(502): CodeIgniter\CodeIgniter->runController(Object(App\Controllers\WorkpaperController))
11 SYSTEMPATH\CodeIgniter.php(361): CodeIgniter\CodeIgniter->handleRequest(null, Object(Config\Cache), false)
12 FCPATH\index.php(84): CodeIgniter\CodeIgniter->run()
WARNING - 2024-04-25 10:55:45 --> [DEPRECATED] Required parameter $currentfont follows optional parameter $str in APPPATH\Libraries\tcpdf\include\tcpdf_fonts.php on line 2093.
 1 APPPATH\Libraries\tcpdf\tcpdf.php(115): require_once()
 2 SYSTEMPATH\Autoloader\Autoloader.php(309): include_once('D:\\dhay\\xampp\\htdocs\\jblas\\app\\Libraries\\tcpdf\\tcpdf.php')
 3 SYSTEMPATH\Autoloader\Autoloader.php(253): CodeIgniter\Autoloader\Autoloader->includeFile('D:\\dhay\\xampp\\htdocs\\jblas\\app\\Libraries/tcpdf/tcpdf.php')
 4 APPPATH\Views\workpaper\pdfc1\AC2.php(6): CodeIgniter\Autoloader\Autoloader->loadClassmap('TCPDF')
 5 SYSTEMPATH\View\View.php(228): include('D:\\dhay\\xampp\\htdocs\\jblas\\app\\Views\\workpaper\\pdfc1\\AC2.php')
 6 SYSTEMPATH\View\View.php(231): CodeIgniter\View\View->CodeIgniter\View\{closure}()
 7 SYSTEMPATH\Common.php(1178): CodeIgniter\View\View->render('workpaper/pdfc1/AC2', [], true)
 8 APPPATH\Controllers\WorkpaperController.php(2460): view('workpaper/pdfc1/AC2', [...])
 9 SYSTEMPATH\CodeIgniter.php(941): App\Controllers\WorkpaperController->viewpdfc1('AC2', '435e7fbefc5aa3d9c4aaf51c000de15df614a20fa5d1c87ef69f70b3f51118b4e5c59dc7e7d42c72437e653ac690797ee834966ec61d280906dc0d5b9037b6ab7W$tcyWAwVxYM0nj8YLyNdg=', 'ff9b1347d6306a8eee5e3b4c2aa73fe5f3f7baaebb2bf7b2b6bdd11dc0aa9bf40539b105a3e348dfb76d8d3fa67d21c92148fe7049bc83b42b62a53f25b261c01e4ZGMyVFcFDxqMR5T5rxfc=', '88fe0b34efc80e6f0df906357a96ee7a8d4f223154c1713b1efb8605d4d9163e4722a6f2d72949eac4ba2cec7d8d697c8fd2767d007f2845e0a45e130a91e71bvvLWdWP3IZbEyo$O3RItsy8=')
10 SYSTEMPATH\CodeIgniter.php(502): CodeIgniter\CodeIgniter->runController(Object(App\Controllers\WorkpaperController))
11 SYSTEMPATH\CodeIgniter.php(361): CodeIgniter\CodeIgniter->handleRequest(null, Object(Config\Cache), false)
12 FCPATH\index.php(84): CodeIgniter\CodeIgniter->run()
WARNING - 2024-04-25 10:55:45 --> [DEPRECATED] Required parameter $tagvspaces follows optional parameter $default_css in APPPATH\Libraries\tcpdf\include\tcpdf_static.php on line 1139.
 1 APPPATH\Libraries\tcpdf\tcpdf.php(121): require_once()
 2 SYSTEMPATH\Autoloader\Autoloader.php(309): include_once('D:\\dhay\\xampp\\htdocs\\jblas\\app\\Libraries\\tcpdf\\tcpdf.php')
 3 SYSTEMPATH\Autoloader\Autoloader.php(253): CodeIgniter\Autoloader\Autoloader->includeFile('D:\\dhay\\xampp\\htdocs\\jblas\\app\\Libraries/tcpdf/tcpdf.php')
 4 APPPATH\Views\workpaper\pdfc1\AC2.php(6): CodeIgniter\Autoloader\Autoloader->loadClassmap('TCPDF')
 5 SYSTEMPATH\View\View.php(228): include('D:\\dhay\\xampp\\htdocs\\jblas\\app\\Views\\workpaper\\pdfc1\\AC2.php')
 6 SYSTEMPATH\View\View.php(231): CodeIgniter\View\View->CodeIgniter\View\{closure}()
 7 SYSTEMPATH\Common.php(1178): CodeIgniter\View\View->render('workpaper/pdfc1/AC2', [], true)
 8 APPPATH\Controllers\WorkpaperController.php(2460): view('workpaper/pdfc1/AC2', [...])
 9 SYSTEMPATH\CodeIgniter.php(941): App\Controllers\WorkpaperController->viewpdfc1('AC2', '435e7fbefc5aa3d9c4aaf51c000de15df614a20fa5d1c87ef69f70b3f51118b4e5c59dc7e7d42c72437e653ac690797ee834966ec61d280906dc0d5b9037b6ab7W$tcyWAwVxYM0nj8YLyNdg=', 'ff9b1347d6306a8eee5e3b4c2aa73fe5f3f7baaebb2bf7b2b6bdd11dc0aa9bf40539b105a3e348dfb76d8d3fa67d21c92148fe7049bc83b42b62a53f25b261c01e4ZGMyVFcFDxqMR5T5rxfc=', '88fe0b34efc80e6f0df906357a96ee7a8d4f223154c1713b1efb8605d4d9163e4722a6f2d72949eac4ba2cec7d8d697c8fd2767d007f2845e0a45e130a91e71bvvLWdWP3IZbEyo$O3RItsy8=')
10 SYSTEMPATH\CodeIgniter.php(502): CodeIgniter\CodeIgniter->runController(Object(App\Controllers\WorkpaperController))
11 SYSTEMPATH\CodeIgniter.php(361): CodeIgniter\CodeIgniter->handleRequest(null, Object(Config\Cache), false)
12 FCPATH\index.php(84): CodeIgniter\CodeIgniter->run()
WARNING - 2024-04-25 10:55:45 --> [DEPRECATED] Required parameter $k follows optional parameter $points in APPPATH\Libraries\tcpdf\include\tcpdf_static.php on line 2488.
 1 APPPATH\Libraries\tcpdf\tcpdf.php(121): require_once()
 2 SYSTEMPATH\Autoloader\Autoloader.php(309): include_once('D:\\dhay\\xampp\\htdocs\\jblas\\app\\Libraries\\tcpdf\\tcpdf.php')
 3 SYSTEMPATH\Autoloader\Autoloader.php(253): CodeIgniter\Autoloader\Autoloader->includeFile('D:\\dhay\\xampp\\htdocs\\jblas\\app\\Libraries/tcpdf/tcpdf.php')
 4 APPPATH\Views\workpaper\pdfc1\AC2.php(6): CodeIgniter\Autoloader\Autoloader->loadClassmap('TCPDF')
 5 SYSTEMPATH\View\View.php(228): include('D:\\dhay\\xampp\\htdocs\\jblas\\app\\Views\\workpaper\\pdfc1\\AC2.php')
 6 SYSTEMPATH\View\View.php(231): CodeIgniter\View\View->CodeIgniter\View\{closure}()
 7 SYSTEMPATH\Common.php(1178): CodeIgniter\View\View->render('workpaper/pdfc1/AC2', [], true)
 8 APPPATH\Controllers\WorkpaperController.php(2460): view('workpaper/pdfc1/AC2', [...])
 9 SYSTEMPATH\CodeIgniter.php(941): App\Controllers\WorkpaperController->viewpdfc1('AC2', '435e7fbefc5aa3d9c4aaf51c000de15df614a20fa5d1c87ef69f70b3f51118b4e5c59dc7e7d42c72437e653ac690797ee834966ec61d280906dc0d5b9037b6ab7W$tcyWAwVxYM0nj8YLyNdg=', 'ff9b1347d6306a8eee5e3b4c2aa73fe5f3f7baaebb2bf7b2b6bdd11dc0aa9bf40539b105a3e348dfb76d8d3fa67d21c92148fe7049bc83b42b62a53f25b261c01e4ZGMyVFcFDxqMR5T5rxfc=', '88fe0b34efc80e6f0df906357a96ee7a8d4f223154c1713b1efb8605d4d9163e4722a6f2d72949eac4ba2cec7d8d697c8fd2767d007f2845e0a45e130a91e71bvvLWdWP3IZbEyo$O3RItsy8=')
10 SYSTEMPATH\CodeIgniter.php(502): CodeIgniter\CodeIgniter->runController(Object(App\Controllers\WorkpaperController))
11 SYSTEMPATH\CodeIgniter.php(361): CodeIgniter\CodeIgniter->handleRequest(null, Object(Config\Cache), false)
12 FCPATH\index.php(84): CodeIgniter\CodeIgniter->run()
INFO - 2024-04-25 10:56:16 --> Session: Class initialized using 'CodeIgniter\Session\Handlers\FileHandler' driver.
WARNING - 2024-04-25 10:56:16 --> [DEPRECATED] Required parameter $currentfont follows optional parameter $isunicode in APPPATH\Libraries\tcpdf\include\tcpdf_fonts.php on line 1998.
 1 APPPATH\Libraries\tcpdf\tcpdf.php(115): require_once()
 2 SYSTEMPATH\Autoloader\Autoloader.php(309): include_once('D:\\dhay\\xampp\\htdocs\\jblas\\app\\Libraries\\tcpdf\\tcpdf.php')
 3 SYSTEMPATH\Autoloader\Autoloader.php(253): CodeIgniter\Autoloader\Autoloader->includeFile('D:\\dhay\\xampp\\htdocs\\jblas\\app\\Libraries/tcpdf/tcpdf.php')
 4 APPPATH\Views\workpaper\pdfc2\B2.php(6): CodeIgniter\Autoloader\Autoloader->loadClassmap('TCPDF')
 5 SYSTEMPATH\View\View.php(228): include('D:\\dhay\\xampp\\htdocs\\jblas\\app\\Views\\workpaper\\pdfc2\\B2.php')
 6 SYSTEMPATH\View\View.php(231): CodeIgniter\View\View->CodeIgniter\View\{closure}()
 7 SYSTEMPATH\Common.php(1178): CodeIgniter\View\View->render('workpaper/pdfc2/B2', [], true)
 8 APPPATH\Controllers\WorkpaperController.php(2651): view('workpaper/pdfc2/B2', [...])
 9 SYSTEMPATH\CodeIgniter.php(941): App\Controllers\WorkpaperController->viewpdfc2('2.1 B2', 'b48735dad4be1ebcc61c1d1fffb67271c1390b9e3ef7e1378488acdd86312fc03de2abfd135b834a4e1b0d892e5c978f668d7dd41e6f43f9e2629521d68b0a17XpqoOi4aufzR4lkIyHz5vCqf', 'ff9b1347d6306a8eee5e3b4c2aa73fe5f3f7baaebb2bf7b2b6bdd11dc0aa9bf40539b105a3e348dfb76d8d3fa67d21c92148fe7049bc83b42b62a53f25b261c01e4ZGMyVFcFDxqMR5T5rxfc=', '88fe0b34efc80e6f0df906357a96ee7a8d4f223154c1713b1efb8605d4d9163e4722a6f2d72949eac4ba2cec7d8d697c8fd2767d007f2845e0a45e130a91e71bvvLWdWP3IZbEyo$O3RItsy8=')
10 SYSTEMPATH\CodeIgniter.php(502): CodeIgniter\CodeIgniter->runController(Object(App\Controllers\WorkpaperController))
11 SYSTEMPATH\CodeIgniter.php(361): CodeIgniter\CodeIgniter->handleRequest(null, Object(Config\Cache), false)
12 FCPATH\index.php(84): CodeIgniter\CodeIgniter->run()
WARNING - 2024-04-25 10:56:16 --> [DEPRECATED] Required parameter $currentfont follows optional parameter $isunicode in APPPATH\Libraries\tcpdf\include\tcpdf_fonts.php on line 2024.
 1 APPPATH\Libraries\tcpdf\tcpdf.php(115): require_once()
 2 SYSTEMPATH\Autoloader\Autoloader.php(309): include_once('D:\\dhay\\xampp\\htdocs\\jblas\\app\\Libraries\\tcpdf\\tcpdf.php')
 3 SYSTEMPATH\Autoloader\Autoloader.php(253): CodeIgniter\Autoloader\Autoloader->includeFile('D:\\dhay\\xampp\\htdocs\\jblas\\app\\Libraries/tcpdf/tcpdf.php')
 4 APPPATH\Views\workpaper\pdfc2\B2.php(6): CodeIgniter\Autoloader\Autoloader->loadClassmap('TCPDF')
 5 SYSTEMPATH\View\View.php(228): include('D:\\dhay\\xampp\\htdocs\\jblas\\app\\Views\\workpaper\\pdfc2\\B2.php')
 6 SYSTEMPATH\View\View.php(231): CodeIgniter\View\View->CodeIgniter\View\{closure}()
 7 SYSTEMPATH\Common.php(1178): CodeIgniter\View\View->render('workpaper/pdfc2/B2', [], true)
 8 APPPATH\Controllers\WorkpaperController.php(2651): view('workpaper/pdfc2/B2', [...])
 9 SYSTEMPATH\CodeIgniter.php(941): App\Controllers\WorkpaperController->viewpdfc2('2.1 B2', 'b48735dad4be1ebcc61c1d1fffb67271c1390b9e3ef7e1378488acdd86312fc03de2abfd135b834a4e1b0d892e5c978f668d7dd41e6f43f9e2629521d68b0a17XpqoOi4aufzR4lkIyHz5vCqf', 'ff9b1347d6306a8eee5e3b4c2aa73fe5f3f7baaebb2bf7b2b6bdd11dc0aa9bf40539b105a3e348dfb76d8d3fa67d21c92148fe7049bc83b42b62a53f25b261c01e4ZGMyVFcFDxqMR5T5rxfc=', '88fe0b34efc80e6f0df906357a96ee7a8d4f223154c1713b1efb8605d4d9163e4722a6f2d72949eac4ba2cec7d8d697c8fd2767d007f2845e0a45e130a91e71bvvLWdWP3IZbEyo$O3RItsy8=')
10 SYSTEMPATH\CodeIgniter.php(502): CodeIgniter\CodeIgniter->runController(Object(App\Controllers\WorkpaperController))
11 SYSTEMPATH\CodeIgniter.php(361): CodeIgniter\CodeIgniter->handleRequest(null, Object(Config\Cache), false)
12 FCPATH\index.php(84): CodeIgniter\CodeIgniter->run()
WARNING - 2024-04-25 10:56:16 --> [DEPRECATED] Required parameter $currentfont follows optional parameter $setbom in APPPATH\Libraries\tcpdf\include\tcpdf_fonts.php on line 2040.
 1 APPPATH\Libraries\tcpdf\tcpdf.php(115): require_once()
 2 SYSTEMPATH\Autoloader\Autoloader.php(309): include_once('D:\\dhay\\xampp\\htdocs\\jblas\\app\\Libraries\\tcpdf\\tcpdf.php')
 3 SYSTEMPATH\Autoloader\Autoloader.php(253): CodeIgniter\Autoloader\Autoloader->includeFile('D:\\dhay\\xampp\\htdocs\\jblas\\app\\Libraries/tcpdf/tcpdf.php')
 4 APPPATH\Views\workpaper\pdfc2\B2.php(6): CodeIgniter\Autoloader\Autoloader->loadClassmap('TCPDF')
 5 SYSTEMPATH\View\View.php(228): include('D:\\dhay\\xampp\\htdocs\\jblas\\app\\Views\\workpaper\\pdfc2\\B2.php')
 6 SYSTEMPATH\View\View.php(231): CodeIgniter\View\View->CodeIgniter\View\{closure}()
 7 SYSTEMPATH\Common.php(1178): CodeIgniter\View\View->render('workpaper/pdfc2/B2', [], true)
 8 APPPATH\Controllers\WorkpaperController.php(2651): view('workpaper/pdfc2/B2', [...])
 9 SYSTEMPATH\CodeIgniter.php(941): App\Controllers\WorkpaperController->viewpdfc2('2.1 B2', 'b48735dad4be1ebcc61c1d1fffb67271c1390b9e3ef7e1378488acdd86312fc03de2abfd135b834a4e1b0d892e5c978f668d7dd41e6f43f9e2629521d68b0a17XpqoOi4aufzR4lkIyHz5vCqf', 'ff9b1347d6306a8eee5e3b4c2aa73fe5f3f7baaebb2bf7b2b6bdd11dc0aa9bf40539b105a3e348dfb76d8d3fa67d21c92148fe7049bc83b42b62a53f25b261c01e4ZGMyVFcFDxqMR5T5rxfc=', '88fe0b34efc80e6f0df906357a96ee7a8d4f223154c1713b1efb8605d4d9163e4722a6f2d72949eac4ba2cec7d8d697c8fd2767d007f2845e0a45e130a91e71bvvLWdWP3IZbEyo$O3RItsy8=')
10 SYSTEMPATH\CodeIgniter.php(502): CodeIgniter\CodeIgniter->runController(Object(App\Controllers\WorkpaperController))
11 SYSTEMPATH\CodeIgniter.php(361): CodeIgniter\CodeIgniter->handleRequest(null, Object(Config\Cache), false)
12 FCPATH\index.php(84): CodeIgniter\CodeIgniter->run()
WARNING - 2024-04-25 10:56:16 --> [DEPRECATED] Required parameter $currentfont follows optional parameter $setbom in APPPATH\Libraries\tcpdf\include\tcpdf_fonts.php on line 2060.
 1 APPPATH\Libraries\tcpdf\tcpdf.php(115): require_once()
 2 SYSTEMPATH\Autoloader\Autoloader.php(309): include_once('D:\\dhay\\xampp\\htdocs\\jblas\\app\\Libraries\\tcpdf\\tcpdf.php')
 3 SYSTEMPATH\Autoloader\Autoloader.php(253): CodeIgniter\Autoloader\Autoloader->includeFile('D:\\dhay\\xampp\\htdocs\\jblas\\app\\Libraries/tcpdf/tcpdf.php')
 4 APPPATH\Views\workpaper\pdfc2\B2.php(6): CodeIgniter\Autoloader\Autoloader->loadClassmap('TCPDF')
 5 SYSTEMPATH\View\View.php(228): include('D:\\dhay\\xampp\\htdocs\\jblas\\app\\Views\\workpaper\\pdfc2\\B2.php')
 6 SYSTEMPATH\View\View.php(231): CodeIgniter\View\View->CodeIgniter\View\{closure}()
 7 SYSTEMPATH\Common.php(1178): CodeIgniter\View\View->render('workpaper/pdfc2/B2', [], true)
 8 APPPATH\Controllers\WorkpaperController.php(2651): view('workpaper/pdfc2/B2', [...])
 9 SYSTEMPATH\CodeIgniter.php(941): App\Controllers\WorkpaperController->viewpdfc2('2.1 B2', 'b48735dad4be1ebcc61c1d1fffb67271c1390b9e3ef7e1378488acdd86312fc03de2abfd135b834a4e1b0d892e5c978f668d7dd41e6f43f9e2629521d68b0a17XpqoOi4aufzR4lkIyHz5vCqf', 'ff9b1347d6306a8eee5e3b4c2aa73fe5f3f7baaebb2bf7b2b6bdd11dc0aa9bf40539b105a3e348dfb76d8d3fa67d21c92148fe7049bc83b42b62a53f25b261c01e4ZGMyVFcFDxqMR5T5rxfc=', '88fe0b34efc80e6f0df906357a96ee7a8d4f223154c1713b1efb8605d4d9163e4722a6f2d72949eac4ba2cec7d8d697c8fd2767d007f2845e0a45e130a91e71bvvLWdWP3IZbEyo$O3RItsy8=')
10 SYSTEMPATH\CodeIgniter.php(502): CodeIgniter\CodeIgniter->runController(Object(App\Controllers\WorkpaperController))
11 SYSTEMPATH\CodeIgniter.php(361): CodeIgniter\CodeIgniter->handleRequest(null, Object(Config\Cache), false)
12 FCPATH\index.php(84): CodeIgniter\CodeIgniter->run()
WARNING - 2024-04-25 10:56:16 --> [DEPRECATED] Required parameter $currentfont follows optional parameter $str in APPPATH\Libraries\tcpdf\include\tcpdf_fonts.php on line 2077.
 1 APPPATH\Libraries\tcpdf\tcpdf.php(115): require_once()
 2 SYSTEMPATH\Autoloader\Autoloader.php(309): include_once('D:\\dhay\\xampp\\htdocs\\jblas\\app\\Libraries\\tcpdf\\tcpdf.php')
 3 SYSTEMPATH\Autoloader\Autoloader.php(253): CodeIgniter\Autoloader\Autoloader->includeFile('D:\\dhay\\xampp\\htdocs\\jblas\\app\\Libraries/tcpdf/tcpdf.php')
 4 APPPATH\Views\workpaper\pdfc2\B2.php(6): CodeIgniter\Autoloader\Autoloader->loadClassmap('TCPDF')
 5 SYSTEMPATH\View\View.php(228): include('D:\\dhay\\xampp\\htdocs\\jblas\\app\\Views\\workpaper\\pdfc2\\B2.php')
 6 SYSTEMPATH\View\View.php(231): CodeIgniter\View\View->CodeIgniter\View\{closure}()
 7 SYSTEMPATH\Common.php(1178): CodeIgniter\View\View->render('workpaper/pdfc2/B2', [], true)
 8 APPPATH\Controllers\WorkpaperController.php(2651): view('workpaper/pdfc2/B2', [...])
 9 SYSTEMPATH\CodeIgniter.php(941): App\Controllers\WorkpaperController->viewpdfc2('2.1 B2', 'b48735dad4be1ebcc61c1d1fffb67271c1390b9e3ef7e1378488acdd86312fc03de2abfd135b834a4e1b0d892e5c978f668d7dd41e6f43f9e2629521d68b0a17XpqoOi4aufzR4lkIyHz5vCqf', 'ff9b1347d6306a8eee5e3b4c2aa73fe5f3f7baaebb2bf7b2b6bdd11dc0aa9bf40539b105a3e348dfb76d8d3fa67d21c92148fe7049bc83b42b62a53f25b261c01e4ZGMyVFcFDxqMR5T5rxfc=', '88fe0b34efc80e6f0df906357a96ee7a8d4f223154c1713b1efb8605d4d9163e4722a6f2d72949eac4ba2cec7d8d697c8fd2767d007f2845e0a45e130a91e71bvvLWdWP3IZbEyo$O3RItsy8=')
10 SYSTEMPATH\CodeIgniter.php(502): CodeIgniter\CodeIgniter->runController(Object(App\Controllers\WorkpaperController))
11 SYSTEMPATH\CodeIgniter.php(361): CodeIgniter\CodeIgniter->handleRequest(null, Object(Config\Cache), false)
12 FCPATH\index.php(84): CodeIgniter\CodeIgniter->run()
WARNING - 2024-04-25 10:56:16 --> [DEPRECATED] Required parameter $currentfont follows optional parameter $str in APPPATH\Libraries\tcpdf\include\tcpdf_fonts.php on line 2093.
 1 APPPATH\Libraries\tcpdf\tcpdf.php(115): require_once()
 2 SYSTEMPATH\Autoloader\Autoloader.php(309): include_once('D:\\dhay\\xampp\\htdocs\\jblas\\app\\Libraries\\tcpdf\\tcpdf.php')
 3 SYSTEMPATH\Autoloader\Autoloader.php(253): CodeIgniter\Autoloader\Autoloader->includeFile('D:\\dhay\\xampp\\htdocs\\jblas\\app\\Libraries/tcpdf/tcpdf.php')
 4 APPPATH\Views\workpaper\pdfc2\B2.php(6): CodeIgniter\Autoloader\Autoloader->loadClassmap('TCPDF')
 5 SYSTEMPATH\View\View.php(228): include('D:\\dhay\\xampp\\htdocs\\jblas\\app\\Views\\workpaper\\pdfc2\\B2.php')
 6 SYSTEMPATH\View\View.php(231): CodeIgniter\View\View->CodeIgniter\View\{closure}()
 7 SYSTEMPATH\Common.php(1178): CodeIgniter\View\View->render('workpaper/pdfc2/B2', [], true)
 8 APPPATH\Controllers\WorkpaperController.php(2651): view('workpaper/pdfc2/B2', [...])
 9 SYSTEMPATH\CodeIgniter.php(941): App\Controllers\WorkpaperController->viewpdfc2('2.1 B2', 'b48735dad4be1ebcc61c1d1fffb67271c1390b9e3ef7e1378488acdd86312fc03de2abfd135b834a4e1b0d892e5c978f668d7dd41e6f43f9e2629521d68b0a17XpqoOi4aufzR4lkIyHz5vCqf', 'ff9b1347d6306a8eee5e3b4c2aa73fe5f3f7baaebb2bf7b2b6bdd11dc0aa9bf40539b105a3e348dfb76d8d3fa67d21c92148fe7049bc83b42b62a53f25b261c01e4ZGMyVFcFDxqMR5T5rxfc=', '88fe0b34efc80e6f0df906357a96ee7a8d4f223154c1713b1efb8605d4d9163e4722a6f2d72949eac4ba2cec7d8d697c8fd2767d007f2845e0a45e130a91e71bvvLWdWP3IZbEyo$O3RItsy8=')
10 SYSTEMPATH\CodeIgniter.php(502): CodeIgniter\CodeIgniter->runController(Object(App\Controllers\WorkpaperController))
11 SYSTEMPATH\CodeIgniter.php(361): CodeIgniter\CodeIgniter->handleRequest(null, Object(Config\Cache), false)
12 FCPATH\index.php(84): CodeIgniter\CodeIgniter->run()
WARNING - 2024-04-25 10:56:16 --> [DEPRECATED] Required parameter $tagvspaces follows optional parameter $default_css in APPPATH\Libraries\tcpdf\include\tcpdf_static.php on line 1139.
 1 APPPATH\Libraries\tcpdf\tcpdf.php(121): require_once()
 2 SYSTEMPATH\Autoloader\Autoloader.php(309): include_once('D:\\dhay\\xampp\\htdocs\\jblas\\app\\Libraries\\tcpdf\\tcpdf.php')
 3 SYSTEMPATH\Autoloader\Autoloader.php(253): CodeIgniter\Autoloader\Autoloader->includeFile('D:\\dhay\\xampp\\htdocs\\jblas\\app\\Libraries/tcpdf/tcpdf.php')
 4 APPPATH\Views\workpaper\pdfc2\B2.php(6): CodeIgniter\Autoloader\Autoloader->loadClassmap('TCPDF')
 5 SYSTEMPATH\View\View.php(228): include('D:\\dhay\\xampp\\htdocs\\jblas\\app\\Views\\workpaper\\pdfc2\\B2.php')
 6 SYSTEMPATH\View\View.php(231): CodeIgniter\View\View->CodeIgniter\View\{closure}()
 7 SYSTEMPATH\Common.php(1178): CodeIgniter\View\View->render('workpaper/pdfc2/B2', [], true)
 8 APPPATH\Controllers\WorkpaperController.php(2651): view('workpaper/pdfc2/B2', [...])
 9 SYSTEMPATH\CodeIgniter.php(941): App\Controllers\WorkpaperController->viewpdfc2('2.1 B2', 'b48735dad4be1ebcc61c1d1fffb67271c1390b9e3ef7e1378488acdd86312fc03de2abfd135b834a4e1b0d892e5c978f668d7dd41e6f43f9e2629521d68b0a17XpqoOi4aufzR4lkIyHz5vCqf', 'ff9b1347d6306a8eee5e3b4c2aa73fe5f3f7baaebb2bf7b2b6bdd11dc0aa9bf40539b105a3e348dfb76d8d3fa67d21c92148fe7049bc83b42b62a53f25b261c01e4ZGMyVFcFDxqMR5T5rxfc=', '88fe0b34efc80e6f0df906357a96ee7a8d4f223154c1713b1efb8605d4d9163e4722a6f2d72949eac4ba2cec7d8d697c8fd2767d007f2845e0a45e130a91e71bvvLWdWP3IZbEyo$O3RItsy8=')
10 SYSTEMPATH\CodeIgniter.php(502): CodeIgniter\CodeIgniter->runController(Object(App\Controllers\WorkpaperController))
11 SYSTEMPATH\CodeIgniter.php(361): CodeIgniter\CodeIgniter->handleRequest(null, Object(Config\Cache), false)
12 FCPATH\index.php(84): CodeIgniter\CodeIgniter->run()
WARNING - 2024-04-25 10:56:16 --> [DEPRECATED] Required parameter $k follows optional parameter $points in APPPATH\Libraries\tcpdf\include\tcpdf_static.php on line 2488.
 1 APPPATH\Libraries\tcpdf\tcpdf.php(121): require_once()
 2 SYSTEMPATH\Autoloader\Autoloader.php(309): include_once('D:\\dhay\\xampp\\htdocs\\jblas\\app\\Libraries\\tcpdf\\tcpdf.php')
 3 SYSTEMPATH\Autoloader\Autoloader.php(253): CodeIgniter\Autoloader\Autoloader->includeFile('D:\\dhay\\xampp\\htdocs\\jblas\\app\\Libraries/tcpdf/tcpdf.php')
 4 APPPATH\Views\workpaper\pdfc2\B2.php(6): CodeIgniter\Autoloader\Autoloader->loadClassmap('TCPDF')
 5 SYSTEMPATH\View\View.php(228): include('D:\\dhay\\xampp\\htdocs\\jblas\\app\\Views\\workpaper\\pdfc2\\B2.php')
 6 SYSTEMPATH\View\View.php(231): CodeIgniter\View\View->CodeIgniter\View\{closure}()
 7 SYSTEMPATH\Common.php(1178): CodeIgniter\View\View->render('workpaper/pdfc2/B2', [], true)
 8 APPPATH\Controllers\WorkpaperController.php(2651): view('workpaper/pdfc2/B2', [...])
 9 SYSTEMPATH\CodeIgniter.php(941): App\Controllers\WorkpaperController->viewpdfc2('2.1 B2', 'b48735dad4be1ebcc61c1d1fffb67271c1390b9e3ef7e1378488acdd86312fc03de2abfd135b834a4e1b0d892e5c978f668d7dd41e6f43f9e2629521d68b0a17XpqoOi4aufzR4lkIyHz5vCqf', 'ff9b1347d6306a8eee5e3b4c2aa73fe5f3f7baaebb2bf7b2b6bdd11dc0aa9bf40539b105a3e348dfb76d8d3fa67d21c92148fe7049bc83b42b62a53f25b261c01e4ZGMyVFcFDxqMR5T5rxfc=', '88fe0b34efc80e6f0df906357a96ee7a8d4f223154c1713b1efb8605d4d9163e4722a6f2d72949eac4ba2cec7d8d697c8fd2767d007f2845e0a45e130a91e71bvvLWdWP3IZbEyo$O3RItsy8=')
10 SYSTEMPATH\CodeIgniter.php(502): CodeIgniter\CodeIgniter->runController(Object(App\Controllers\WorkpaperController))
11 SYSTEMPATH\CodeIgniter.php(361): CodeIgniter\CodeIgniter->handleRequest(null, Object(Config\Cache), false)
12 FCPATH\index.php(84): CodeIgniter\CodeIgniter->run()
INFO - 2024-04-25 10:56:23 --> Session: Class initialized using 'CodeIgniter\Session\Handlers\FileHandler' driver.
WARNING - 2024-04-25 10:56:23 --> [DEPRECATED] Required parameter $currentfont follows optional parameter $isunicode in APPPATH\Libraries\tcpdf\include\tcpdf_fonts.php on line 1998.
 1 APPPATH\Libraries\tcpdf\tcpdf.php(115): require_once()
 2 SYSTEMPATH\Autoloader\Autoloader.php(309): include_once('D:\\dhay\\xampp\\htdocs\\jblas\\app\\Libraries\\tcpdf\\tcpdf.php')
 3 SYSTEMPATH\Autoloader\Autoloader.php(253): CodeIgniter\Autoloader\Autoloader->includeFile('D:\\dhay\\xampp\\htdocs\\jblas\\app\\Libraries/tcpdf/tcpdf.php')
 4 APPPATH\Views\workpaper\pdfc1\AC2.php(6): CodeIgniter\Autoloader\Autoloader->loadClassmap('TCPDF')
 5 SYSTEMPATH\View\View.php(228): include('D:\\dhay\\xampp\\htdocs\\jblas\\app\\Views\\workpaper\\pdfc1\\AC2.php')
 6 SYSTEMPATH\View\View.php(231): CodeIgniter\View\View->CodeIgniter\View\{closure}()
 7 SYSTEMPATH\Common.php(1178): CodeIgniter\View\View->render('workpaper/pdfc1/AC2', [], true)
 8 APPPATH\Controllers\WorkpaperController.php(2460): view('workpaper/pdfc1/AC2', [...])
 9 SYSTEMPATH\CodeIgniter.php(941): App\Controllers\WorkpaperController->viewpdfc1('AC2', '435e7fbefc5aa3d9c4aaf51c000de15df614a20fa5d1c87ef69f70b3f51118b4e5c59dc7e7d42c72437e653ac690797ee834966ec61d280906dc0d5b9037b6ab7W$tcyWAwVxYM0nj8YLyNdg=', 'ff9b1347d6306a8eee5e3b4c2aa73fe5f3f7baaebb2bf7b2b6bdd11dc0aa9bf40539b105a3e348dfb76d8d3fa67d21c92148fe7049bc83b42b62a53f25b261c01e4ZGMyVFcFDxqMR5T5rxfc=', '88fe0b34efc80e6f0df906357a96ee7a8d4f223154c1713b1efb8605d4d9163e4722a6f2d72949eac4ba2cec7d8d697c8fd2767d007f2845e0a45e130a91e71bvvLWdWP3IZbEyo$O3RItsy8=')
10 SYSTEMPATH\CodeIgniter.php(502): CodeIgniter\CodeIgniter->runController(Object(App\Controllers\WorkpaperController))
11 SYSTEMPATH\CodeIgniter.php(361): CodeIgniter\CodeIgniter->handleRequest(null, Object(Config\Cache), false)
12 FCPATH\index.php(84): CodeIgniter\CodeIgniter->run()
WARNING - 2024-04-25 10:56:23 --> [DEPRECATED] Required parameter $currentfont follows optional parameter $isunicode in APPPATH\Libraries\tcpdf\include\tcpdf_fonts.php on line 2024.
 1 APPPATH\Libraries\tcpdf\tcpdf.php(115): require_once()
 2 SYSTEMPATH\Autoloader\Autoloader.php(309): include_once('D:\\dhay\\xampp\\htdocs\\jblas\\app\\Libraries\\tcpdf\\tcpdf.php')
 3 SYSTEMPATH\Autoloader\Autoloader.php(253): CodeIgniter\Autoloader\Autoloader->includeFile('D:\\dhay\\xampp\\htdocs\\jblas\\app\\Libraries/tcpdf/tcpdf.php')
 4 APPPATH\Views\workpaper\pdfc1\AC2.php(6): CodeIgniter\Autoloader\Autoloader->loadClassmap('TCPDF')
 5 SYSTEMPATH\View\View.php(228): include('D:\\dhay\\xampp\\htdocs\\jblas\\app\\Views\\workpaper\\pdfc1\\AC2.php')
 6 SYSTEMPATH\View\View.php(231): CodeIgniter\View\View->CodeIgniter\View\{closure}()
 7 SYSTEMPATH\Common.php(1178): CodeIgniter\View\View->render('workpaper/pdfc1/AC2', [], true)
 8 APPPATH\Controllers\WorkpaperController.php(2460): view('workpaper/pdfc1/AC2', [...])
 9 SYSTEMPATH\CodeIgniter.php(941): App\Controllers\WorkpaperController->viewpdfc1('AC2', '435e7fbefc5aa3d9c4aaf51c000de15df614a20fa5d1c87ef69f70b3f51118b4e5c59dc7e7d42c72437e653ac690797ee834966ec61d280906dc0d5b9037b6ab7W$tcyWAwVxYM0nj8YLyNdg=', 'ff9b1347d6306a8eee5e3b4c2aa73fe5f3f7baaebb2bf7b2b6bdd11dc0aa9bf40539b105a3e348dfb76d8d3fa67d21c92148fe7049bc83b42b62a53f25b261c01e4ZGMyVFcFDxqMR5T5rxfc=', '88fe0b34efc80e6f0df906357a96ee7a8d4f223154c1713b1efb8605d4d9163e4722a6f2d72949eac4ba2cec7d8d697c8fd2767d007f2845e0a45e130a91e71bvvLWdWP3IZbEyo$O3RItsy8=')
10 SYSTEMPATH\CodeIgniter.php(502): CodeIgniter\CodeIgniter->runController(Object(App\Controllers\WorkpaperController))
11 SYSTEMPATH\CodeIgniter.php(361): CodeIgniter\CodeIgniter->handleRequest(null, Object(Config\Cache), false)
12 FCPATH\index.php(84): CodeIgniter\CodeIgniter->run()
WARNING - 2024-04-25 10:56:23 --> [DEPRECATED] Required parameter $currentfont follows optional parameter $setbom in APPPATH\Libraries\tcpdf\include\tcpdf_fonts.php on line 2040.
 1 APPPATH\Libraries\tcpdf\tcpdf.php(115): require_once()
 2 SYSTEMPATH\Autoloader\Autoloader.php(309): include_once('D:\\dhay\\xampp\\htdocs\\jblas\\app\\Libraries\\tcpdf\\tcpdf.php')
 3 SYSTEMPATH\Autoloader\Autoloader.php(253): CodeIgniter\Autoloader\Autoloader->includeFile('D:\\dhay\\xampp\\htdocs\\jblas\\app\\Libraries/tcpdf/tcpdf.php')
 4 APPPATH\Views\workpaper\pdfc1\AC2.php(6): CodeIgniter\Autoloader\Autoloader->loadClassmap('TCPDF')
 5 SYSTEMPATH\View\View.php(228): include('D:\\dhay\\xampp\\htdocs\\jblas\\app\\Views\\workpaper\\pdfc1\\AC2.php')
 6 SYSTEMPATH\View\View.php(231): CodeIgniter\View\View->CodeIgniter\View\{closure}()
 7 SYSTEMPATH\Common.php(1178): CodeIgniter\View\View->render('workpaper/pdfc1/AC2', [], true)
 8 APPPATH\Controllers\WorkpaperController.php(2460): view('workpaper/pdfc1/AC2', [...])
 9 SYSTEMPATH\CodeIgniter.php(941): App\Controllers\WorkpaperController->viewpdfc1('AC2', '435e7fbefc5aa3d9c4aaf51c000de15df614a20fa5d1c87ef69f70b3f51118b4e5c59dc7e7d42c72437e653ac690797ee834966ec61d280906dc0d5b9037b6ab7W$tcyWAwVxYM0nj8YLyNdg=', 'ff9b1347d6306a8eee5e3b4c2aa73fe5f3f7baaebb2bf7b2b6bdd11dc0aa9bf40539b105a3e348dfb76d8d3fa67d21c92148fe7049bc83b42b62a53f25b261c01e4ZGMyVFcFDxqMR5T5rxfc=', '88fe0b34efc80e6f0df906357a96ee7a8d4f223154c1713b1efb8605d4d9163e4722a6f2d72949eac4ba2cec7d8d697c8fd2767d007f2845e0a45e130a91e71bvvLWdWP3IZbEyo$O3RItsy8=')
10 SYSTEMPATH\CodeIgniter.php(502): CodeIgniter\CodeIgniter->runController(Object(App\Controllers\WorkpaperController))
11 SYSTEMPATH\CodeIgniter.php(361): CodeIgniter\CodeIgniter->handleRequest(null, Object(Config\Cache), false)
12 FCPATH\index.php(84): CodeIgniter\CodeIgniter->run()
WARNING - 2024-04-25 10:56:23 --> [DEPRECATED] Required parameter $currentfont follows optional parameter $setbom in APPPATH\Libraries\tcpdf\include\tcpdf_fonts.php on line 2060.
 1 APPPATH\Libraries\tcpdf\tcpdf.php(115): require_once()
 2 SYSTEMPATH\Autoloader\Autoloader.php(309): include_once('D:\\dhay\\xampp\\htdocs\\jblas\\app\\Libraries\\tcpdf\\tcpdf.php')
 3 SYSTEMPATH\Autoloader\Autoloader.php(253): CodeIgniter\Autoloader\Autoloader->includeFile('D:\\dhay\\xampp\\htdocs\\jblas\\app\\Libraries/tcpdf/tcpdf.php')
 4 APPPATH\Views\workpaper\pdfc1\AC2.php(6): CodeIgniter\Autoloader\Autoloader->loadClassmap('TCPDF')
 5 SYSTEMPATH\View\View.php(228): include('D:\\dhay\\xampp\\htdocs\\jblas\\app\\Views\\workpaper\\pdfc1\\AC2.php')
 6 SYSTEMPATH\View\View.php(231): CodeIgniter\View\View->CodeIgniter\View\{closure}()
 7 SYSTEMPATH\Common.php(1178): CodeIgniter\View\View->render('workpaper/pdfc1/AC2', [], true)
 8 APPPATH\Controllers\WorkpaperController.php(2460): view('workpaper/pdfc1/AC2', [...])
 9 SYSTEMPATH\CodeIgniter.php(941): App\Controllers\WorkpaperController->viewpdfc1('AC2', '435e7fbefc5aa3d9c4aaf51c000de15df614a20fa5d1c87ef69f70b3f51118b4e5c59dc7e7d42c72437e653ac690797ee834966ec61d280906dc0d5b9037b6ab7W$tcyWAwVxYM0nj8YLyNdg=', 'ff9b1347d6306a8eee5e3b4c2aa73fe5f3f7baaebb2bf7b2b6bdd11dc0aa9bf40539b105a3e348dfb76d8d3fa67d21c92148fe7049bc83b42b62a53f25b261c01e4ZGMyVFcFDxqMR5T5rxfc=', '88fe0b34efc80e6f0df906357a96ee7a8d4f223154c1713b1efb8605d4d9163e4722a6f2d72949eac4ba2cec7d8d697c8fd2767d007f2845e0a45e130a91e71bvvLWdWP3IZbEyo$O3RItsy8=')
10 SYSTEMPATH\CodeIgniter.php(502): CodeIgniter\CodeIgniter->runController(Object(App\Controllers\WorkpaperController))
11 SYSTEMPATH\CodeIgniter.php(361): CodeIgniter\CodeIgniter->handleRequest(null, Object(Config\Cache), false)
12 FCPATH\index.php(84): CodeIgniter\CodeIgniter->run()
WARNING - 2024-04-25 10:56:23 --> [DEPRECATED] Required parameter $currentfont follows optional parameter $str in APPPATH\Libraries\tcpdf\include\tcpdf_fonts.php on line 2077.
 1 APPPATH\Libraries\tcpdf\tcpdf.php(115): require_once()
 2 SYSTEMPATH\Autoloader\Autoloader.php(309): include_once('D:\\dhay\\xampp\\htdocs\\jblas\\app\\Libraries\\tcpdf\\tcpdf.php')
 3 SYSTEMPATH\Autoloader\Autoloader.php(253): CodeIgniter\Autoloader\Autoloader->includeFile('D:\\dhay\\xampp\\htdocs\\jblas\\app\\Libraries/tcpdf/tcpdf.php')
 4 APPPATH\Views\workpaper\pdfc1\AC2.php(6): CodeIgniter\Autoloader\Autoloader->loadClassmap('TCPDF')
 5 SYSTEMPATH\View\View.php(228): include('D:\\dhay\\xampp\\htdocs\\jblas\\app\\Views\\workpaper\\pdfc1\\AC2.php')
 6 SYSTEMPATH\View\View.php(231): CodeIgniter\View\View->CodeIgniter\View\{closure}()
 7 SYSTEMPATH\Common.php(1178): CodeIgniter\View\View->render('workpaper/pdfc1/AC2', [], true)
 8 APPPATH\Controllers\WorkpaperController.php(2460): view('workpaper/pdfc1/AC2', [...])
 9 SYSTEMPATH\CodeIgniter.php(941): App\Controllers\WorkpaperController->viewpdfc1('AC2', '435e7fbefc5aa3d9c4aaf51c000de15df614a20fa5d1c87ef69f70b3f51118b4e5c59dc7e7d42c72437e653ac690797ee834966ec61d280906dc0d5b9037b6ab7W$tcyWAwVxYM0nj8YLyNdg=', 'ff9b1347d6306a8eee5e3b4c2aa73fe5f3f7baaebb2bf7b2b6bdd11dc0aa9bf40539b105a3e348dfb76d8d3fa67d21c92148fe7049bc83b42b62a53f25b261c01e4ZGMyVFcFDxqMR5T5rxfc=', '88fe0b34efc80e6f0df906357a96ee7a8d4f223154c1713b1efb8605d4d9163e4722a6f2d72949eac4ba2cec7d8d697c8fd2767d007f2845e0a45e130a91e71bvvLWdWP3IZbEyo$O3RItsy8=')
10 SYSTEMPATH\CodeIgniter.php(502): CodeIgniter\CodeIgniter->runController(Object(App\Controllers\WorkpaperController))
11 SYSTEMPATH\CodeIgniter.php(361): CodeIgniter\CodeIgniter->handleRequest(null, Object(Config\Cache), false)
12 FCPATH\index.php(84): CodeIgniter\CodeIgniter->run()
WARNING - 2024-04-25 10:56:23 --> [DEPRECATED] Required parameter $currentfont follows optional parameter $str in APPPATH\Libraries\tcpdf\include\tcpdf_fonts.php on line 2093.
 1 APPPATH\Libraries\tcpdf\tcpdf.php(115): require_once()
 2 SYSTEMPATH\Autoloader\Autoloader.php(309): include_once('D:\\dhay\\xampp\\htdocs\\jblas\\app\\Libraries\\tcpdf\\tcpdf.php')
 3 SYSTEMPATH\Autoloader\Autoloader.php(253): CodeIgniter\Autoloader\Autoloader->includeFile('D:\\dhay\\xampp\\htdocs\\jblas\\app\\Libraries/tcpdf/tcpdf.php')
 4 APPPATH\Views\workpaper\pdfc1\AC2.php(6): CodeIgniter\Autoloader\Autoloader->loadClassmap('TCPDF')
 5 SYSTEMPATH\View\View.php(228): include('D:\\dhay\\xampp\\htdocs\\jblas\\app\\Views\\workpaper\\pdfc1\\AC2.php')
 6 SYSTEMPATH\View\View.php(231): CodeIgniter\View\View->CodeIgniter\View\{closure}()
 7 SYSTEMPATH\Common.php(1178): CodeIgniter\View\View->render('workpaper/pdfc1/AC2', [], true)
 8 APPPATH\Controllers\WorkpaperController.php(2460): view('workpaper/pdfc1/AC2', [...])
 9 SYSTEMPATH\CodeIgniter.php(941): App\Controllers\WorkpaperController->viewpdfc1('AC2', '435e7fbefc5aa3d9c4aaf51c000de15df614a20fa5d1c87ef69f70b3f51118b4e5c59dc7e7d42c72437e653ac690797ee834966ec61d280906dc0d5b9037b6ab7W$tcyWAwVxYM0nj8YLyNdg=', 'ff9b1347d6306a8eee5e3b4c2aa73fe5f3f7baaebb2bf7b2b6bdd11dc0aa9bf40539b105a3e348dfb76d8d3fa67d21c92148fe7049bc83b42b62a53f25b261c01e4ZGMyVFcFDxqMR5T5rxfc=', '88fe0b34efc80e6f0df906357a96ee7a8d4f223154c1713b1efb8605d4d9163e4722a6f2d72949eac4ba2cec7d8d697c8fd2767d007f2845e0a45e130a91e71bvvLWdWP3IZbEyo$O3RItsy8=')
10 SYSTEMPATH\CodeIgniter.php(502): CodeIgniter\CodeIgniter->runController(Object(App\Controllers\WorkpaperController))
11 SYSTEMPATH\CodeIgniter.php(361): CodeIgniter\CodeIgniter->handleRequest(null, Object(Config\Cache), false)
12 FCPATH\index.php(84): CodeIgniter\CodeIgniter->run()
WARNING - 2024-04-25 10:56:23 --> [DEPRECATED] Required parameter $tagvspaces follows optional parameter $default_css in APPPATH\Libraries\tcpdf\include\tcpdf_static.php on line 1139.
 1 APPPATH\Libraries\tcpdf\tcpdf.php(121): require_once()
 2 SYSTEMPATH\Autoloader\Autoloader.php(309): include_once('D:\\dhay\\xampp\\htdocs\\jblas\\app\\Libraries\\tcpdf\\tcpdf.php')
 3 SYSTEMPATH\Autoloader\Autoloader.php(253): CodeIgniter\Autoloader\Autoloader->includeFile('D:\\dhay\\xampp\\htdocs\\jblas\\app\\Libraries/tcpdf/tcpdf.php')
 4 APPPATH\Views\workpaper\pdfc1\AC2.php(6): CodeIgniter\Autoloader\Autoloader->loadClassmap('TCPDF')
 5 SYSTEMPATH\View\View.php(228): include('D:\\dhay\\xampp\\htdocs\\jblas\\app\\Views\\workpaper\\pdfc1\\AC2.php')
 6 SYSTEMPATH\View\View.php(231): CodeIgniter\View\View->CodeIgniter\View\{closure}()
 7 SYSTEMPATH\Common.php(1178): CodeIgniter\View\View->render('workpaper/pdfc1/AC2', [], true)
 8 APPPATH\Controllers\WorkpaperController.php(2460): view('workpaper/pdfc1/AC2', [...])
 9 SYSTEMPATH\CodeIgniter.php(941): App\Controllers\WorkpaperController->viewpdfc1('AC2', '435e7fbefc5aa3d9c4aaf51c000de15df614a20fa5d1c87ef69f70b3f51118b4e5c59dc7e7d42c72437e653ac690797ee834966ec61d280906dc0d5b9037b6ab7W$tcyWAwVxYM0nj8YLyNdg=', 'ff9b1347d6306a8eee5e3b4c2aa73fe5f3f7baaebb2bf7b2b6bdd11dc0aa9bf40539b105a3e348dfb76d8d3fa67d21c92148fe7049bc83b42b62a53f25b261c01e4ZGMyVFcFDxqMR5T5rxfc=', '88fe0b34efc80e6f0df906357a96ee7a8d4f223154c1713b1efb8605d4d9163e4722a6f2d72949eac4ba2cec7d8d697c8fd2767d007f2845e0a45e130a91e71bvvLWdWP3IZbEyo$O3RItsy8=')
10 SYSTEMPATH\CodeIgniter.php(502): CodeIgniter\CodeIgniter->runController(Object(App\Controllers\WorkpaperController))
11 SYSTEMPATH\CodeIgniter.php(361): CodeIgniter\CodeIgniter->handleRequest(null, Object(Config\Cache), false)
12 FCPATH\index.php(84): CodeIgniter\CodeIgniter->run()
WARNING - 2024-04-25 10:56:23 --> [DEPRECATED] Required parameter $k follows optional parameter $points in APPPATH\Libraries\tcpdf\include\tcpdf_static.php on line 2488.
 1 APPPATH\Libraries\tcpdf\tcpdf.php(121): require_once()
 2 SYSTEMPATH\Autoloader\Autoloader.php(309): include_once('D:\\dhay\\xampp\\htdocs\\jblas\\app\\Libraries\\tcpdf\\tcpdf.php')
 3 SYSTEMPATH\Autoloader\Autoloader.php(253): CodeIgniter\Autoloader\Autoloader->includeFile('D:\\dhay\\xampp\\htdocs\\jblas\\app\\Libraries/tcpdf/tcpdf.php')
 4 APPPATH\Views\workpaper\pdfc1\AC2.php(6): CodeIgniter\Autoloader\Autoloader->loadClassmap('TCPDF')
 5 SYSTEMPATH\View\View.php(228): include('D:\\dhay\\xampp\\htdocs\\jblas\\app\\Views\\workpaper\\pdfc1\\AC2.php')
 6 SYSTEMPATH\View\View.php(231): CodeIgniter\View\View->CodeIgniter\View\{closure}()
 7 SYSTEMPATH\Common.php(1178): CodeIgniter\View\View->render('workpaper/pdfc1/AC2', [], true)
 8 APPPATH\Controllers\WorkpaperController.php(2460): view('workpaper/pdfc1/AC2', [...])
 9 SYSTEMPATH\CodeIgniter.php(941): App\Controllers\WorkpaperController->viewpdfc1('AC2', '435e7fbefc5aa3d9c4aaf51c000de15df614a20fa5d1c87ef69f70b3f51118b4e5c59dc7e7d42c72437e653ac690797ee834966ec61d280906dc0d5b9037b6ab7W$tcyWAwVxYM0nj8YLyNdg=', 'ff9b1347d6306a8eee5e3b4c2aa73fe5f3f7baaebb2bf7b2b6bdd11dc0aa9bf40539b105a3e348dfb76d8d3fa67d21c92148fe7049bc83b42b62a53f25b261c01e4ZGMyVFcFDxqMR5T5rxfc=', '88fe0b34efc80e6f0df906357a96ee7a8d4f223154c1713b1efb8605d4d9163e4722a6f2d72949eac4ba2cec7d8d697c8fd2767d007f2845e0a45e130a91e71bvvLWdWP3IZbEyo$O3RItsy8=')
10 SYSTEMPATH\CodeIgniter.php(502): CodeIgniter\CodeIgniter->runController(Object(App\Controllers\WorkpaperController))
11 SYSTEMPATH\CodeIgniter.php(361): CodeIgniter\CodeIgniter->handleRequest(null, Object(Config\Cache), false)
12 FCPATH\index.php(84): CodeIgniter\CodeIgniter->run()
INFO - 2024-04-25 10:56:37 --> Session: Class initialized using 'CodeIgniter\Session\Handlers\FileHandler' driver.
WARNING - 2024-04-25 10:56:37 --> [DEPRECATED] Required parameter $currentfont follows optional parameter $isunicode in APPPATH\Libraries\tcpdf\include\tcpdf_fonts.php on line 1998.
 1 APPPATH\Libraries\tcpdf\tcpdf.php(115): require_once()
 2 SYSTEMPATH\Autoloader\Autoloader.php(309): include_once('D:\\dhay\\xampp\\htdocs\\jblas\\app\\Libraries\\tcpdf\\tcpdf.php')
 3 SYSTEMPATH\Autoloader\Autoloader.php(253): CodeIgniter\Autoloader\Autoloader->includeFile('D:\\dhay\\xampp\\htdocs\\jblas\\app\\Libraries/tcpdf/tcpdf.php')
 4 APPPATH\Views\workpaper\pdfc1\AC3.php(6): CodeIgniter\Autoloader\Autoloader->loadClassmap('TCPDF')
 5 SYSTEMPATH\View\View.php(228): include('D:\\dhay\\xampp\\htdocs\\jblas\\app\\Views\\workpaper\\pdfc1\\AC3.php')
 6 SYSTEMPATH\View\View.php(231): CodeIgniter\View\View->CodeIgniter\View\{closure}()
 7 SYSTEMPATH\Common.php(1178): CodeIgniter\View\View->render('workpaper/pdfc1/AC3', [], true)
 8 APPPATH\Controllers\WorkpaperController.php(2468): view('workpaper/pdfc1/AC3', [...])
 9 SYSTEMPATH\CodeIgniter.php(941): App\Controllers\WorkpaperController->viewpdfc1('AC3', '6cdd4ea400faafe1c4975a82f1953db97446c4b8cdabf127d8a1c767864872e3b176d6516c5fc9de09e87ba7c7f4b29e0e46919a4c2c3f9c90540a08d49909abEsJq1QjQkfk1ccATZrJmZyE=', 'ff9b1347d6306a8eee5e3b4c2aa73fe5f3f7baaebb2bf7b2b6bdd11dc0aa9bf40539b105a3e348dfb76d8d3fa67d21c92148fe7049bc83b42b62a53f25b261c01e4ZGMyVFcFDxqMR5T5rxfc=', '88fe0b34efc80e6f0df906357a96ee7a8d4f223154c1713b1efb8605d4d9163e4722a6f2d72949eac4ba2cec7d8d697c8fd2767d007f2845e0a45e130a91e71bvvLWdWP3IZbEyo$O3RItsy8=')
10 SYSTEMPATH\CodeIgniter.php(502): CodeIgniter\CodeIgniter->runController(Object(App\Controllers\WorkpaperController))
11 SYSTEMPATH\CodeIgniter.php(361): CodeIgniter\CodeIgniter->handleRequest(null, Object(Config\Cache), false)
12 FCPATH\index.php(84): CodeIgniter\CodeIgniter->run()
WARNING - 2024-04-25 10:56:37 --> [DEPRECATED] Required parameter $currentfont follows optional parameter $isunicode in APPPATH\Libraries\tcpdf\include\tcpdf_fonts.php on line 2024.
 1 APPPATH\Libraries\tcpdf\tcpdf.php(115): require_once()
 2 SYSTEMPATH\Autoloader\Autoloader.php(309): include_once('D:\\dhay\\xampp\\htdocs\\jblas\\app\\Libraries\\tcpdf\\tcpdf.php')
 3 SYSTEMPATH\Autoloader\Autoloader.php(253): CodeIgniter\Autoloader\Autoloader->includeFile('D:\\dhay\\xampp\\htdocs\\jblas\\app\\Libraries/tcpdf/tcpdf.php')
 4 APPPATH\Views\workpaper\pdfc1\AC3.php(6): CodeIgniter\Autoloader\Autoloader->loadClassmap('TCPDF')
 5 SYSTEMPATH\View\View.php(228): include('D:\\dhay\\xampp\\htdocs\\jblas\\app\\Views\\workpaper\\pdfc1\\AC3.php')
 6 SYSTEMPATH\View\View.php(231): CodeIgniter\View\View->CodeIgniter\View\{closure}()
 7 SYSTEMPATH\Common.php(1178): CodeIgniter\View\View->render('workpaper/pdfc1/AC3', [], true)
 8 APPPATH\Controllers\WorkpaperController.php(2468): view('workpaper/pdfc1/AC3', [...])
 9 SYSTEMPATH\CodeIgniter.php(941): App\Controllers\WorkpaperController->viewpdfc1('AC3', '6cdd4ea400faafe1c4975a82f1953db97446c4b8cdabf127d8a1c767864872e3b176d6516c5fc9de09e87ba7c7f4b29e0e46919a4c2c3f9c90540a08d49909abEsJq1QjQkfk1ccATZrJmZyE=', 'ff9b1347d6306a8eee5e3b4c2aa73fe5f3f7baaebb2bf7b2b6bdd11dc0aa9bf40539b105a3e348dfb76d8d3fa67d21c92148fe7049bc83b42b62a53f25b261c01e4ZGMyVFcFDxqMR5T5rxfc=', '88fe0b34efc80e6f0df906357a96ee7a8d4f223154c1713b1efb8605d4d9163e4722a6f2d72949eac4ba2cec7d8d697c8fd2767d007f2845e0a45e130a91e71bvvLWdWP3IZbEyo$O3RItsy8=')
10 SYSTEMPATH\CodeIgniter.php(502): CodeIgniter\CodeIgniter->runController(Object(App\Controllers\WorkpaperController))
11 SYSTEMPATH\CodeIgniter.php(361): CodeIgniter\CodeIgniter->handleRequest(null, Object(Config\Cache), false)
12 FCPATH\index.php(84): CodeIgniter\CodeIgniter->run()
WARNING - 2024-04-25 10:56:37 --> [DEPRECATED] Required parameter $currentfont follows optional parameter $setbom in APPPATH\Libraries\tcpdf\include\tcpdf_fonts.php on line 2040.
 1 APPPATH\Libraries\tcpdf\tcpdf.php(115): require_once()
 2 SYSTEMPATH\Autoloader\Autoloader.php(309): include_once('D:\\dhay\\xampp\\htdocs\\jblas\\app\\Libraries\\tcpdf\\tcpdf.php')
 3 SYSTEMPATH\Autoloader\Autoloader.php(253): CodeIgniter\Autoloader\Autoloader->includeFile('D:\\dhay\\xampp\\htdocs\\jblas\\app\\Libraries/tcpdf/tcpdf.php')
 4 APPPATH\Views\workpaper\pdfc1\AC3.php(6): CodeIgniter\Autoloader\Autoloader->loadClassmap('TCPDF')
 5 SYSTEMPATH\View\View.php(228): include('D:\\dhay\\xampp\\htdocs\\jblas\\app\\Views\\workpaper\\pdfc1\\AC3.php')
 6 SYSTEMPATH\View\View.php(231): CodeIgniter\View\View->CodeIgniter\View\{closure}()
 7 SYSTEMPATH\Common.php(1178): CodeIgniter\View\View->render('workpaper/pdfc1/AC3', [], true)
 8 APPPATH\Controllers\WorkpaperController.php(2468): view('workpaper/pdfc1/AC3', [...])
 9 SYSTEMPATH\CodeIgniter.php(941): App\Controllers\WorkpaperController->viewpdfc1('AC3', '6cdd4ea400faafe1c4975a82f1953db97446c4b8cdabf127d8a1c767864872e3b176d6516c5fc9de09e87ba7c7f4b29e0e46919a4c2c3f9c90540a08d49909abEsJq1QjQkfk1ccATZrJmZyE=', 'ff9b1347d6306a8eee5e3b4c2aa73fe5f3f7baaebb2bf7b2b6bdd11dc0aa9bf40539b105a3e348dfb76d8d3fa67d21c92148fe7049bc83b42b62a53f25b261c01e4ZGMyVFcFDxqMR5T5rxfc=', '88fe0b34efc80e6f0df906357a96ee7a8d4f223154c1713b1efb8605d4d9163e4722a6f2d72949eac4ba2cec7d8d697c8fd2767d007f2845e0a45e130a91e71bvvLWdWP3IZbEyo$O3RItsy8=')
10 SYSTEMPATH\CodeIgniter.php(502): CodeIgniter\CodeIgniter->runController(Object(App\Controllers\WorkpaperController))
11 SYSTEMPATH\CodeIgniter.php(361): CodeIgniter\CodeIgniter->handleRequest(null, Object(Config\Cache), false)
12 FCPATH\index.php(84): CodeIgniter\CodeIgniter->run()
WARNING - 2024-04-25 10:56:37 --> [DEPRECATED] Required parameter $currentfont follows optional parameter $setbom in APPPATH\Libraries\tcpdf\include\tcpdf_fonts.php on line 2060.
 1 APPPATH\Libraries\tcpdf\tcpdf.php(115): require_once()
 2 SYSTEMPATH\Autoloader\Autoloader.php(309): include_once('D:\\dhay\\xampp\\htdocs\\jblas\\app\\Libraries\\tcpdf\\tcpdf.php')
 3 SYSTEMPATH\Autoloader\Autoloader.php(253): CodeIgniter\Autoloader\Autoloader->includeFile('D:\\dhay\\xampp\\htdocs\\jblas\\app\\Libraries/tcpdf/tcpdf.php')
 4 APPPATH\Views\workpaper\pdfc1\AC3.php(6): CodeIgniter\Autoloader\Autoloader->loadClassmap('TCPDF')
 5 SYSTEMPATH\View\View.php(228): include('D:\\dhay\\xampp\\htdocs\\jblas\\app\\Views\\workpaper\\pdfc1\\AC3.php')
 6 SYSTEMPATH\View\View.php(231): CodeIgniter\View\View->CodeIgniter\View\{closure}()
 7 SYSTEMPATH\Common.php(1178): CodeIgniter\View\View->render('workpaper/pdfc1/AC3', [], true)
 8 APPPATH\Controllers\WorkpaperController.php(2468): view('workpaper/pdfc1/AC3', [...])
 9 SYSTEMPATH\CodeIgniter.php(941): App\Controllers\WorkpaperController->viewpdfc1('AC3', '6cdd4ea400faafe1c4975a82f1953db97446c4b8cdabf127d8a1c767864872e3b176d6516c5fc9de09e87ba7c7f4b29e0e46919a4c2c3f9c90540a08d49909abEsJq1QjQkfk1ccATZrJmZyE=', 'ff9b1347d6306a8eee5e3b4c2aa73fe5f3f7baaebb2bf7b2b6bdd11dc0aa9bf40539b105a3e348dfb76d8d3fa67d21c92148fe7049bc83b42b62a53f25b261c01e4ZGMyVFcFDxqMR5T5rxfc=', '88fe0b34efc80e6f0df906357a96ee7a8d4f223154c1713b1efb8605d4d9163e4722a6f2d72949eac4ba2cec7d8d697c8fd2767d007f2845e0a45e130a91e71bvvLWdWP3IZbEyo$O3RItsy8=')
10 SYSTEMPATH\CodeIgniter.php(502): CodeIgniter\CodeIgniter->runController(Object(App\Controllers\WorkpaperController))
11 SYSTEMPATH\CodeIgniter.php(361): CodeIgniter\CodeIgniter->handleRequest(null, Object(Config\Cache), false)
12 FCPATH\index.php(84): CodeIgniter\CodeIgniter->run()
WARNING - 2024-04-25 10:56:37 --> [DEPRECATED] Required parameter $currentfont follows optional parameter $str in APPPATH\Libraries\tcpdf\include\tcpdf_fonts.php on line 2077.
 1 APPPATH\Libraries\tcpdf\tcpdf.php(115): require_once()
 2 SYSTEMPATH\Autoloader\Autoloader.php(309): include_once('D:\\dhay\\xampp\\htdocs\\jblas\\app\\Libraries\\tcpdf\\tcpdf.php')
 3 SYSTEMPATH\Autoloader\Autoloader.php(253): CodeIgniter\Autoloader\Autoloader->includeFile('D:\\dhay\\xampp\\htdocs\\jblas\\app\\Libraries/tcpdf/tcpdf.php')
 4 APPPATH\Views\workpaper\pdfc1\AC3.php(6): CodeIgniter\Autoloader\Autoloader->loadClassmap('TCPDF')
 5 SYSTEMPATH\View\View.php(228): include('D:\\dhay\\xampp\\htdocs\\jblas\\app\\Views\\workpaper\\pdfc1\\AC3.php')
 6 SYSTEMPATH\View\View.php(231): CodeIgniter\View\View->CodeIgniter\View\{closure}()
 7 SYSTEMPATH\Common.php(1178): CodeIgniter\View\View->render('workpaper/pdfc1/AC3', [], true)
 8 APPPATH\Controllers\WorkpaperController.php(2468): view('workpaper/pdfc1/AC3', [...])
 9 SYSTEMPATH\CodeIgniter.php(941): App\Controllers\WorkpaperController->viewpdfc1('AC3', '6cdd4ea400faafe1c4975a82f1953db97446c4b8cdabf127d8a1c767864872e3b176d6516c5fc9de09e87ba7c7f4b29e0e46919a4c2c3f9c90540a08d49909abEsJq1QjQkfk1ccATZrJmZyE=', 'ff9b1347d6306a8eee5e3b4c2aa73fe5f3f7baaebb2bf7b2b6bdd11dc0aa9bf40539b105a3e348dfb76d8d3fa67d21c92148fe7049bc83b42b62a53f25b261c01e4ZGMyVFcFDxqMR5T5rxfc=', '88fe0b34efc80e6f0df906357a96ee7a8d4f223154c1713b1efb8605d4d9163e4722a6f2d72949eac4ba2cec7d8d697c8fd2767d007f2845e0a45e130a91e71bvvLWdWP3IZbEyo$O3RItsy8=')
10 SYSTEMPATH\CodeIgniter.php(502): CodeIgniter\CodeIgniter->runController(Object(App\Controllers\WorkpaperController))
11 SYSTEMPATH\CodeIgniter.php(361): CodeIgniter\CodeIgniter->handleRequest(null, Object(Config\Cache), false)
12 FCPATH\index.php(84): CodeIgniter\CodeIgniter->run()
WARNING - 2024-04-25 10:56:37 --> [DEPRECATED] Required parameter $currentfont follows optional parameter $str in APPPATH\Libraries\tcpdf\include\tcpdf_fonts.php on line 2093.
 1 APPPATH\Libraries\tcpdf\tcpdf.php(115): require_once()
 2 SYSTEMPATH\Autoloader\Autoloader.php(309): include_once('D:\\dhay\\xampp\\htdocs\\jblas\\app\\Libraries\\tcpdf\\tcpdf.php')
 3 SYSTEMPATH\Autoloader\Autoloader.php(253): CodeIgniter\Autoloader\Autoloader->includeFile('D:\\dhay\\xampp\\htdocs\\jblas\\app\\Libraries/tcpdf/tcpdf.php')
 4 APPPATH\Views\workpaper\pdfc1\AC3.php(6): CodeIgniter\Autoloader\Autoloader->loadClassmap('TCPDF')
 5 SYSTEMPATH\View\View.php(228): include('D:\\dhay\\xampp\\htdocs\\jblas\\app\\Views\\workpaper\\pdfc1\\AC3.php')
 6 SYSTEMPATH\View\View.php(231): CodeIgniter\View\View->CodeIgniter\View\{closure}()
 7 SYSTEMPATH\Common.php(1178): CodeIgniter\View\View->render('workpaper/pdfc1/AC3', [], true)
 8 APPPATH\Controllers\WorkpaperController.php(2468): view('workpaper/pdfc1/AC3', [...])
 9 SYSTEMPATH\CodeIgniter.php(941): App\Controllers\WorkpaperController->viewpdfc1('AC3', '6cdd4ea400faafe1c4975a82f1953db97446c4b8cdabf127d8a1c767864872e3b176d6516c5fc9de09e87ba7c7f4b29e0e46919a4c2c3f9c90540a08d49909abEsJq1QjQkfk1ccATZrJmZyE=', 'ff9b1347d6306a8eee5e3b4c2aa73fe5f3f7baaebb2bf7b2b6bdd11dc0aa9bf40539b105a3e348dfb76d8d3fa67d21c92148fe7049bc83b42b62a53f25b261c01e4ZGMyVFcFDxqMR5T5rxfc=', '88fe0b34efc80e6f0df906357a96ee7a8d4f223154c1713b1efb8605d4d9163e4722a6f2d72949eac4ba2cec7d8d697c8fd2767d007f2845e0a45e130a91e71bvvLWdWP3IZbEyo$O3RItsy8=')
10 SYSTEMPATH\CodeIgniter.php(502): CodeIgniter\CodeIgniter->runController(Object(App\Controllers\WorkpaperController))
11 SYSTEMPATH\CodeIgniter.php(361): CodeIgniter\CodeIgniter->handleRequest(null, Object(Config\Cache), false)
12 FCPATH\index.php(84): CodeIgniter\CodeIgniter->run()
WARNING - 2024-04-25 10:56:37 --> [DEPRECATED] Required parameter $tagvspaces follows optional parameter $default_css in APPPATH\Libraries\tcpdf\include\tcpdf_static.php on line 1139.
 1 APPPATH\Libraries\tcpdf\tcpdf.php(121): require_once()
 2 SYSTEMPATH\Autoloader\Autoloader.php(309): include_once('D:\\dhay\\xampp\\htdocs\\jblas\\app\\Libraries\\tcpdf\\tcpdf.php')
 3 SYSTEMPATH\Autoloader\Autoloader.php(253): CodeIgniter\Autoloader\Autoloader->includeFile('D:\\dhay\\xampp\\htdocs\\jblas\\app\\Libraries/tcpdf/tcpdf.php')
 4 APPPATH\Views\workpaper\pdfc1\AC3.php(6): CodeIgniter\Autoloader\Autoloader->loadClassmap('TCPDF')
 5 SYSTEMPATH\View\View.php(228): include('D:\\dhay\\xampp\\htdocs\\jblas\\app\\Views\\workpaper\\pdfc1\\AC3.php')
 6 SYSTEMPATH\View\View.php(231): CodeIgniter\View\View->CodeIgniter\View\{closure}()
 7 SYSTEMPATH\Common.php(1178): CodeIgniter\View\View->render('workpaper/pdfc1/AC3', [], true)
 8 APPPATH\Controllers\WorkpaperController.php(2468): view('workpaper/pdfc1/AC3', [...])
 9 SYSTEMPATH\CodeIgniter.php(941): App\Controllers\WorkpaperController->viewpdfc1('AC3', '6cdd4ea400faafe1c4975a82f1953db97446c4b8cdabf127d8a1c767864872e3b176d6516c5fc9de09e87ba7c7f4b29e0e46919a4c2c3f9c90540a08d49909abEsJq1QjQkfk1ccATZrJmZyE=', 'ff9b1347d6306a8eee5e3b4c2aa73fe5f3f7baaebb2bf7b2b6bdd11dc0aa9bf40539b105a3e348dfb76d8d3fa67d21c92148fe7049bc83b42b62a53f25b261c01e4ZGMyVFcFDxqMR5T5rxfc=', '88fe0b34efc80e6f0df906357a96ee7a8d4f223154c1713b1efb8605d4d9163e4722a6f2d72949eac4ba2cec7d8d697c8fd2767d007f2845e0a45e130a91e71bvvLWdWP3IZbEyo$O3RItsy8=')
10 SYSTEMPATH\CodeIgniter.php(502): CodeIgniter\CodeIgniter->runController(Object(App\Controllers\WorkpaperController))
11 SYSTEMPATH\CodeIgniter.php(361): CodeIgniter\CodeIgniter->handleRequest(null, Object(Config\Cache), false)
12 FCPATH\index.php(84): CodeIgniter\CodeIgniter->run()
WARNING - 2024-04-25 10:56:37 --> [DEPRECATED] Required parameter $k follows optional parameter $points in APPPATH\Libraries\tcpdf\include\tcpdf_static.php on line 2488.
 1 APPPATH\Libraries\tcpdf\tcpdf.php(121): require_once()
 2 SYSTEMPATH\Autoloader\Autoloader.php(309): include_once('D:\\dhay\\xampp\\htdocs\\jblas\\app\\Libraries\\tcpdf\\tcpdf.php')
 3 SYSTEMPATH\Autoloader\Autoloader.php(253): CodeIgniter\Autoloader\Autoloader->includeFile('D:\\dhay\\xampp\\htdocs\\jblas\\app\\Libraries/tcpdf/tcpdf.php')
 4 APPPATH\Views\workpaper\pdfc1\AC3.php(6): CodeIgniter\Autoloader\Autoloader->loadClassmap('TCPDF')
 5 SYSTEMPATH\View\View.php(228): include('D:\\dhay\\xampp\\htdocs\\jblas\\app\\Views\\workpaper\\pdfc1\\AC3.php')
 6 SYSTEMPATH\View\View.php(231): CodeIgniter\View\View->CodeIgniter\View\{closure}()
 7 SYSTEMPATH\Common.php(1178): CodeIgniter\View\View->render('workpaper/pdfc1/AC3', [], true)
 8 APPPATH\Controllers\WorkpaperController.php(2468): view('workpaper/pdfc1/AC3', [...])
 9 SYSTEMPATH\CodeIgniter.php(941): App\Controllers\WorkpaperController->viewpdfc1('AC3', '6cdd4ea400faafe1c4975a82f1953db97446c4b8cdabf127d8a1c767864872e3b176d6516c5fc9de09e87ba7c7f4b29e0e46919a4c2c3f9c90540a08d49909abEsJq1QjQkfk1ccATZrJmZyE=', 'ff9b1347d6306a8eee5e3b4c2aa73fe5f3f7baaebb2bf7b2b6bdd11dc0aa9bf40539b105a3e348dfb76d8d3fa67d21c92148fe7049bc83b42b62a53f25b261c01e4ZGMyVFcFDxqMR5T5rxfc=', '88fe0b34efc80e6f0df906357a96ee7a8d4f223154c1713b1efb8605d4d9163e4722a6f2d72949eac4ba2cec7d8d697c8fd2767d007f2845e0a45e130a91e71bvvLWdWP3IZbEyo$O3RItsy8=')
10 SYSTEMPATH\CodeIgniter.php(502): CodeIgniter\CodeIgniter->runController(Object(App\Controllers\WorkpaperController))
11 SYSTEMPATH\CodeIgniter.php(361): CodeIgniter\CodeIgniter->handleRequest(null, Object(Config\Cache), false)
12 FCPATH\index.php(84): CodeIgniter\CodeIgniter->run()
INFO - 2024-04-25 10:57:03 --> Session: Class initialized using 'CodeIgniter\Session\Handlers\FileHandler' driver.
INFO - 2024-04-25 10:57:03 --> Session: Class initialized using 'CodeIgniter\Session\Handlers\FileHandler' driver.
INFO - 2024-04-25 10:57:08 --> Session: Class initialized using 'CodeIgniter\Session\Handlers\FileHandler' driver.
INFO - 2024-04-25 10:57:08 --> Session: Class initialized using 'CodeIgniter\Session\Handlers\FileHandler' driver.
INFO - 2024-04-25 10:57:12 --> Session: Class initialized using 'CodeIgniter\Session\Handlers\FileHandler' driver.
INFO - 2024-04-25 10:57:45 --> Session: Class initialized using 'CodeIgniter\Session\Handlers\FileHandler' driver.
INFO - 2024-04-25 11:00:39 --> Session: Class initialized using 'CodeIgniter\Session\Handlers\FileHandler' driver.
INFO - 2024-04-25 11:01:39 --> Session: Class initialized using 'CodeIgniter\Session\Handlers\FileHandler' driver.
INFO - 2024-04-25 11:02:14 --> Session: Class initialized using 'CodeIgniter\Session\Handlers\FileHandler' driver.
INFO - 2024-04-25 11:02:44 --> Session: Class initialized using 'CodeIgniter\Session\Handlers\FileHandler' driver.
INFO - 2024-04-25 11:02:48 --> Session: Class initialized using 'CodeIgniter\Session\Handlers\FileHandler' driver.
INFO - 2024-04-25 11:10:26 --> Session: Class initialized using 'CodeIgniter\Session\Handlers\FileHandler' driver.
INFO - 2024-04-25 11:12:31 --> Session: Class initialized using 'CodeIgniter\Session\Handlers\FileHandler' driver.
INFO - 2024-04-25 11:13:36 --> Session: Class initialized using 'CodeIgniter\Session\Handlers\FileHandler' driver.
INFO - 2024-04-25 11:15:12 --> Session: Class initialized using 'CodeIgniter\Session\Handlers\FileHandler' driver.
INFO - 2024-04-25 11:15:38 --> Session: Class initialized using 'CodeIgniter\Session\Handlers\FileHandler' driver.
INFO - 2024-04-25 11:16:53 --> Session: Class initialized using 'CodeIgniter\Session\Handlers\FileHandler' driver.
INFO - 2024-04-25 11:17:33 --> Session: Class initialized using 'CodeIgniter\Session\Handlers\FileHandler' driver.
INFO - 2024-04-25 11:18:03 --> Session: Class initialized using 'CodeIgniter\Session\Handlers\FileHandler' driver.
INFO - 2024-04-25 11:22:06 --> Session: Class initialized using 'CodeIgniter\Session\Handlers\FileHandler' driver.
INFO - 2024-04-25 11:25:38 --> Session: Class initialized using 'CodeIgniter\Session\Handlers\FileHandler' driver.
INFO - 2024-04-25 11:26:10 --> Session: Class initialized using 'CodeIgniter\Session\Handlers\FileHandler' driver.
CRITICAL - 2024-04-25 11:26:10 --> ErrorException: Undefined array key "logo"
in APPPATH\Models\AuditorModel.php on line 60.
 1 APPPATH\Models\AuditorModel.php(60): CodeIgniter\Debug\Exceptions->errorHandler(2, 'Undefined array key "logo"', 'D:\\dhay\\xampp\\htdocs\\jblas\\app\\Models\\AuditorModel.php', 60)
 2 APPPATH\Controllers\AuditorController.php(65): App\Models\AuditorModel->saveauditor([...])
 3 SYSTEMPATH\CodeIgniter.php(941): App\Controllers\AuditorController->addauditor()
 4 SYSTEMPATH\CodeIgniter.php(502): CodeIgniter\CodeIgniter->runController(Object(App\Controllers\AuditorController))
 5 SYSTEMPATH\CodeIgniter.php(361): CodeIgniter\CodeIgniter->handleRequest(null, Object(Config\Cache), false)
 6 FCPATH\index.php(84): CodeIgniter\CodeIgniter->run()
INFO - 2024-04-25 11:26:30 --> Session: Class initialized using 'CodeIgniter\Session\Handlers\FileHandler' driver.
INFO - 2024-04-25 11:26:30 --> Session: Class initialized using 'CodeIgniter\Session\Handlers\FileHandler' driver.
