INFO - 2025-01-09 09:33:39 --> Session: Class initialized using 'CodeIgniter\Session\Handlers\FileHandler' driver.
WARNING - 2025-01-09 09:33:39 --> [DEPRECATED] str_ireplace(): Passing null to parameter #3 ($subject) of type array|string is deprecated in APPPATH/Models/AuthModel.php on line 29.
 1 APPPATH/Models/AuthModel.php(29): str_ireplace([...], [...], null)
 2 APPPATH/Models/AuthModel.php(104): App\Models\AuthModel->decr(null)
 3 APPPATH/Filters/Client_sd.php(22): App\Models\AuthModel->getUserAccess()
 4 SYSTEMPATH/Filters/Filters.php(182): App\Filters\Client_sd->before(Object(CodeIgniter\HTTP\IncomingRequest), null)
 5 SYSTEMPATH/CodeIgniter.php(474): CodeIgniter\Filters\Filters->run('auditsystem/client/chapter2/setvalues/AC10-Tangibles/97e38e47906381cced4b8c8c16457f688094225b2808918223d985f148bc9368006f74d9496fd3dc55379bbdc7bdc17ba7bac6d26de4fc020983ef75fc4e3468VmnzE01sKWc~MnvcA1m7a2qb/e406a52b3006e4ea18468040c4a3de0d91b8826480deeafb3f6910aa1d4764263e813eb75db82eb8e2df5bb6a23e0e40ec2ce9223fb1f412aae12e1277900b57ebkd10HAo5~xNpyvPAYY~ec=/Juan%20Dela%20Cruz%20-%20DJ%20Metal%20Works', 'before')
 6 SYSTEMPATH/CodeIgniter.php(361): CodeIgniter\CodeIgniter->handleRequest(null, Object(Config\Cache), false)
 7 FCPATH/index.php(84): CodeIgniter\CodeIgniter->run()
CRITICAL - 2025-01-09 09:33:39 --> CodeIgniter\Encryption\Exceptions\EncryptionException: Decrypting: authentication failed.
in SYSTEMPATH/Encryption/Handlers/OpenSSLHandler.php on line 139.
 1 SYSTEMPATH/Encryption/Handlers/OpenSSLHandler.php(139): CodeIgniter\Encryption\Exceptions\EncryptionException::forAuthenticationFailed()
 2 APPPATH/Models/AuthModel.php(29): CodeIgniter\Encryption\Handlers\OpenSSLHandler->decrypt()
 3 APPPATH/Models/AuthModel.php(104): App\Models\AuthModel->decr()
 4 APPPATH/Filters/Client_sd.php(22): App\Models\AuthModel->getUserAccess()
 5 SYSTEMPATH/Filters/Filters.php(182): App\Filters\Client_sd->before()
 6 SYSTEMPATH/CodeIgniter.php(474): CodeIgniter\Filters\Filters->run()
 7 SYSTEMPATH/CodeIgniter.php(361): CodeIgniter\CodeIgniter->handleRequest()
 8 FCPATH/index.php(84): CodeIgniter\CodeIgniter->run()
INFO - 2025-01-09 09:33:42 --> Session: Class initialized using 'CodeIgniter\Session\Handlers\FileHandler' driver.
WARNING - 2025-01-09 09:33:42 --> [DEPRECATED] str_ireplace(): Passing null to parameter #3 ($subject) of type array|string is deprecated in APPPATH/Models/AuthModel.php on line 29.
 1 APPPATH/Models/AuthModel.php(29): str_ireplace([...], [...], null)
 2 APPPATH/Models/AuthModel.php(104): App\Models\AuthModel->decr(null)
 3 APPPATH/Filters/Client_sd.php(22): App\Models\AuthModel->getUserAccess()
 4 SYSTEMPATH/Filters/Filters.php(182): App\Filters\Client_sd->before(Object(CodeIgniter\HTTP\IncomingRequest), null)
 5 SYSTEMPATH/CodeIgniter.php(474): CodeIgniter\Filters\Filters->run('auditsystem/client/getfiles/e406a52b3006e4ea18468040c4a3de0d91b8826480deeafb3f6910aa1d4764263e813eb75db82eb8e2df5bb6a23e0e40ec2ce9223fb1f412aae12e1277900b57ebkd10HAo5~xNpyvPAYY~ec=/Juan%20Dela%20Cruz%20-%20DJ%20Metal%20Works', 'before')
 6 SYSTEMPATH/CodeIgniter.php(361): CodeIgniter\CodeIgniter->handleRequest(null, Object(Config\Cache), false)
 7 FCPATH/index.php(84): CodeIgniter\CodeIgniter->run()
CRITICAL - 2025-01-09 09:33:42 --> CodeIgniter\Encryption\Exceptions\EncryptionException: Decrypting: authentication failed.
in SYSTEMPATH/Encryption/Handlers/OpenSSLHandler.php on line 139.
 1 SYSTEMPATH/Encryption/Handlers/OpenSSLHandler.php(139): CodeIgniter\Encryption\Exceptions\EncryptionException::forAuthenticationFailed()
 2 APPPATH/Models/AuthModel.php(29): CodeIgniter\Encryption\Handlers\OpenSSLHandler->decrypt()
 3 APPPATH/Models/AuthModel.php(104): App\Models\AuthModel->decr()
 4 APPPATH/Filters/Client_sd.php(22): App\Models\AuthModel->getUserAccess()
 5 SYSTEMPATH/Filters/Filters.php(182): App\Filters\Client_sd->before()
 6 SYSTEMPATH/CodeIgniter.php(474): CodeIgniter\Filters\Filters->run()
 7 SYSTEMPATH/CodeIgniter.php(361): CodeIgniter\CodeIgniter->handleRequest()
 8 FCPATH/index.php(84): CodeIgniter\CodeIgniter->run()
INFO - 2025-01-09 09:33:42 --> Session: Class initialized using 'CodeIgniter\Session\Handlers\FileHandler' driver.
WARNING - 2025-01-09 09:33:42 --> [DEPRECATED] str_ireplace(): Passing null to parameter #3 ($subject) of type array|string is deprecated in APPPATH/Models/AuthModel.php on line 29.
 1 APPPATH/Models/AuthModel.php(29): str_ireplace([...], [...], null)
 2 APPPATH/Models/AuthModel.php(104): App\Models\AuthModel->decr(null)
 3 APPPATH/Filters/Client_sd.php(22): App\Models\AuthModel->getUserAccess()
 4 SYSTEMPATH/Filters/Filters.php(182): App\Filters\Client_sd->before(Object(CodeIgniter\HTTP\IncomingRequest), null)
 5 SYSTEMPATH/CodeIgniter.php(474): CodeIgniter\Filters\Filters->run('auditsystem/client/chapter2/setvalues/AC7/3064bb7cfb126de59bb276c568e8b1396176065af69d68416376421519009eac643f40b144be931a4190f24299d487a44243c8f3764a0872c7d6dad309ce515cpG3JJx9RFivCFpxYahJNRic=/46e9000243727721bb019d35130b260a72680d862bae455852744ad22593d92919ccc4fb1ef3db16f4ae015a312f507fa7b561555cc9cf9b8546a786ccbaf81cZocx1K5lr9eYMIR93lpWzCU=/Juan%20Dela%20Cruz%20-%20DJ%20Metal%20Works', 'before')
 6 SYSTEMPATH/CodeIgniter.php(361): CodeIgniter\CodeIgniter->handleRequest(null, Object(Config\Cache), false)
 7 FCPATH/index.php(84): CodeIgniter\CodeIgniter->run()
CRITICAL - 2025-01-09 09:33:42 --> CodeIgniter\Encryption\Exceptions\EncryptionException: Decrypting: authentication failed.
in SYSTEMPATH/Encryption/Handlers/OpenSSLHandler.php on line 139.
 1 SYSTEMPATH/Encryption/Handlers/OpenSSLHandler.php(139): CodeIgniter\Encryption\Exceptions\EncryptionException::forAuthenticationFailed()
 2 APPPATH/Models/AuthModel.php(29): CodeIgniter\Encryption\Handlers\OpenSSLHandler->decrypt()
 3 APPPATH/Models/AuthModel.php(104): App\Models\AuthModel->decr()
 4 APPPATH/Filters/Client_sd.php(22): App\Models\AuthModel->getUserAccess()
 5 SYSTEMPATH/Filters/Filters.php(182): App\Filters\Client_sd->before()
 6 SYSTEMPATH/CodeIgniter.php(474): CodeIgniter\Filters\Filters->run()
 7 SYSTEMPATH/CodeIgniter.php(361): CodeIgniter\CodeIgniter->handleRequest()
 8 FCPATH/index.php(84): CodeIgniter\CodeIgniter->run()
INFO - 2025-01-09 09:33:45 --> Session: Class initialized using 'CodeIgniter\Session\Handlers\FileHandler' driver.
WARNING - 2025-01-09 09:33:45 --> [DEPRECATED] str_ireplace(): Passing null to parameter #3 ($subject) of type array|string is deprecated in APPPATH/Models/AuthModel.php on line 29.
 1 APPPATH/Models/AuthModel.php(29): str_ireplace([...], [...], null)
 2 APPPATH/Models/AuthModel.php(104): App\Models\AuthModel->decr(null)
 3 APPPATH/Filters/Client_sd.php(22): App\Models\AuthModel->getUserAccess()
 4 SYSTEMPATH/Filters/Filters.php(182): App\Filters\Client_sd->before(Object(CodeIgniter\HTTP\IncomingRequest), null)
 5 SYSTEMPATH/CodeIgniter.php(474): CodeIgniter\Filters\Filters->run('auditsystem/client/chapter2/setvalues/AC10-Summary/a7dc20fed09ff5d699b71ea02b4d5bdadb4fee0ac9cbf7d75eb0a57b3a72799a2fba6e5f8e7d209ed94bc4a89671712bb2c778b9206f6fba9bf8e0183b8148dfwIqlDq6c46MeedIf~RO59DZD/6636bca699b8ec61ec68eecc1f51aa03939d9704f765ba22d1d0cad68694ae88e58e5b2d745f7c66b52f635f1f47d763c2441b8123031f03636e94babe1c0cc8sw6vJZ4ZQ1H1MxgEiuVltgU=/Juan%20Dela%20Cruz%20-%20DJ%20Metal%20Works', 'before')
 6 SYSTEMPATH/CodeIgniter.php(361): CodeIgniter\CodeIgniter->handleRequest(null, Object(Config\Cache), false)
 7 FCPATH/index.php(84): CodeIgniter\CodeIgniter->run()
CRITICAL - 2025-01-09 09:33:45 --> CodeIgniter\Encryption\Exceptions\EncryptionException: Decrypting: authentication failed.
in SYSTEMPATH/Encryption/Handlers/OpenSSLHandler.php on line 139.
 1 SYSTEMPATH/Encryption/Handlers/OpenSSLHandler.php(139): CodeIgniter\Encryption\Exceptions\EncryptionException::forAuthenticationFailed()
 2 APPPATH/Models/AuthModel.php(29): CodeIgniter\Encryption\Handlers\OpenSSLHandler->decrypt()
 3 APPPATH/Models/AuthModel.php(104): App\Models\AuthModel->decr()
 4 APPPATH/Filters/Client_sd.php(22): App\Models\AuthModel->getUserAccess()
 5 SYSTEMPATH/Filters/Filters.php(182): App\Filters\Client_sd->before()
 6 SYSTEMPATH/CodeIgniter.php(474): CodeIgniter\Filters\Filters->run()
 7 SYSTEMPATH/CodeIgniter.php(361): CodeIgniter\CodeIgniter->handleRequest()
 8 FCPATH/index.php(84): CodeIgniter\CodeIgniter->run()
INFO - 2025-01-09 15:00:03 --> Session: Class initialized using 'CodeIgniter\Session\Handlers\FileHandler' driver.
INFO - 2025-01-09 18:52:35 --> Session: Class initialized using 'CodeIgniter\Session\Handlers\FileHandler' driver.
INFO - 2025-01-09 18:52:40 --> Session: Class initialized using 'CodeIgniter\Session\Handlers\FileHandler' driver.
INFO - 2025-01-09 18:52:40 --> Session: Class initialized using 'CodeIgniter\Session\Handlers\FileHandler' driver.
INFO - 2025-01-09 18:52:45 --> Session: Class initialized using 'CodeIgniter\Session\Handlers\FileHandler' driver.
INFO - 2025-01-09 18:52:45 --> Session: Class initialized using 'CodeIgniter\Session\Handlers\FileHandler' driver.
INFO - 2025-01-09 18:52:46 --> Session: Class initialized using 'CodeIgniter\Session\Handlers\FileHandler' driver.
INFO - 2025-01-09 18:52:48 --> Session: Class initialized using 'CodeIgniter\Session\Handlers\FileHandler' driver.
CRITICAL - 2025-01-09 18:52:48 --> CodeIgniter\Encryption\Exceptions\EncryptionException: Decrypting: authentication failed.
in SYSTEMPATH/Encryption/Handlers/OpenSSLHandler.php on line 139.
 1 SYSTEMPATH/Encryption/Handlers/OpenSSLHandler.php(139): CodeIgniter\Encryption\Exceptions\EncryptionException::forAuthenticationFailed()
 2 APPPATH/Controllers/ClientController.php(54): CodeIgniter\Encryption\Handlers\OpenSSLHandler->decrypt()
 3 APPPATH/Controllers/ClientController.php(83): App\Controllers\ClientController->decr()
 4 SYSTEMPATH/CodeIgniter.php(941): App\Controllers\ClientController->getdefaultfiles()
 5 SYSTEMPATH/CodeIgniter.php(502): CodeIgniter\CodeIgniter->runController()
 6 SYSTEMPATH/CodeIgniter.php(361): CodeIgniter\CodeIgniter->handleRequest()
 7 FCPATH/index.php(84): CodeIgniter\CodeIgniter->run()
INFO - 2025-01-09 18:52:48 --> Session: Class initialized using 'CodeIgniter\Session\Handlers\FileHandler' driver.
INFO - 2025-01-09 18:52:51 --> Session: Class initialized using 'CodeIgniter\Session\Handlers\FileHandler' driver.
INFO - 2025-01-09 21:14:14 --> Session: Class initialized using 'CodeIgniter\Session\Handlers\FileHandler' driver.
INFO - 2025-01-09 21:14:15 --> Session: Class initialized using 'CodeIgniter\Session\Handlers\FileHandler' driver.
