INFO - 2024-07-04 10:15:18 --> Session: Class initialized using 'CodeIgniter\Session\Handlers\FileHandler' driver.
INFO - 2024-07-04 10:15:26 --> Session: Class initialized using 'CodeIgniter\Session\Handlers\FileHandler' driver.
INFO - 2024-07-04 10:15:27 --> Session: Class initialized using 'CodeIgniter\Session\Handlers\FileHandler' driver.
INFO - 2024-07-04 10:32:06 --> Session: Class initialized using 'CodeIgniter\Session\Handlers\FileHandler' driver.
INFO - 2024-07-04 10:32:14 --> Session: Class initialized using 'CodeIgniter\Session\Handlers\FileHandler' driver.
INFO - 2024-07-04 10:32:36 --> Session: Class initialized using 'CodeIgniter\Session\Handlers\FileHandler' driver.
INFO - 2024-07-04 10:33:07 --> Session: Class initialized using 'CodeIgniter\Session\Handlers\FileHandler' driver.
INFO - 2024-07-04 10:33:12 --> Session: Class initialized using 'CodeIgniter\Session\Handlers\FileHandler' driver.
CRITICAL - 2024-07-04 10:33:13 --> ErrorException: Undefined array key "c1tID"
in APPPATH\Views\workpaper\Report.php on line 4149.
 1 APPPATH\Views\workpaper\Report.php(4149): CodeIgniter\Debug\Exceptions->errorHandler(2, 'Undefined array key "c1tID"', 'D:\\Applications\\xampp\\htdocs\\jblas\\app\\Views\\workpaper\\Report.php', 4149)
 2 SYSTEMPATH\View\View.php(228): include('D:\\Applications\\xampp\\htdocs\\jblas\\app\\Views\\workpaper\\Report.php')
 3 SYSTEMPATH\View\View.php(231): CodeIgniter\View\View->CodeIgniter\View\{closure}()
 4 SYSTEMPATH\Common.php(1178): CodeIgniter\View\View->render('workpaper/Report', [], true)
 5 APPPATH\Controllers\ReportController.php(49): view('workpaper/Report', [...])
 6 SYSTEMPATH\CodeIgniter.php(941): App\Controllers\ReportController->generatepdf('aa1b431b05cad27c4dc062211a8278b63884bbcdef91ee608ba8b41ffc48e68013b8d4ceab36c5d2074d103f805280f74daf1bf4cbd797dcc4beba4ae227a19fbx6DkxQPW9j7A39BDZWDyZk=', 'bdd64a9bf9d6f3aee7b4279f3460eb57f8a465197d2771728a83dc22957db18196115e449644aa22d93cabb32765f2959cf5dc6a0fb6c050ae6fa6ba519041c9hUm~djtF6D9YjPrmwJaaiFs=')
 7 SYSTEMPATH\CodeIgniter.php(502): CodeIgniter\CodeIgniter->runController(Object(App\Controllers\ReportController))
 8 SYSTEMPATH\CodeIgniter.php(361): CodeIgniter\CodeIgniter->handleRequest(null, Object(Config\Cache), false)
 9 FCPATH\index.php(84): CodeIgniter\CodeIgniter->run()
INFO - 2024-07-04 10:34:01 --> Session: Class initialized using 'CodeIgniter\Session\Handlers\FileHandler' driver.
CRITICAL - 2024-07-04 10:34:01 --> ErrorException: Undefined array key "c1tID"
in APPPATH\Views\workpaper\Report.php on line 4213.
 1 APPPATH\Views\workpaper\Report.php(4213): CodeIgniter\Debug\Exceptions->errorHandler(2, 'Undefined array key "c1tID"', 'D:\\Applications\\xampp\\htdocs\\jblas\\app\\Views\\workpaper\\Report.php', 4213)
 2 SYSTEMPATH\View\View.php(228): include('D:\\Applications\\xampp\\htdocs\\jblas\\app\\Views\\workpaper\\Report.php')
 3 SYSTEMPATH\View\View.php(231): CodeIgniter\View\View->CodeIgniter\View\{closure}()
 4 SYSTEMPATH\Common.php(1178): CodeIgniter\View\View->render('workpaper/Report', [], true)
 5 APPPATH\Controllers\ReportController.php(49): view('workpaper/Report', [...])
 6 SYSTEMPATH\CodeIgniter.php(941): App\Controllers\ReportController->generatepdf('aa1b431b05cad27c4dc062211a8278b63884bbcdef91ee608ba8b41ffc48e68013b8d4ceab36c5d2074d103f805280f74daf1bf4cbd797dcc4beba4ae227a19fbx6DkxQPW9j7A39BDZWDyZk=', 'bdd64a9bf9d6f3aee7b4279f3460eb57f8a465197d2771728a83dc22957db18196115e449644aa22d93cabb32765f2959cf5dc6a0fb6c050ae6fa6ba519041c9hUm~djtF6D9YjPrmwJaaiFs=')
 7 SYSTEMPATH\CodeIgniter.php(502): CodeIgniter\CodeIgniter->runController(Object(App\Controllers\ReportController))
 8 SYSTEMPATH\CodeIgniter.php(361): CodeIgniter\CodeIgniter->handleRequest(null, Object(Config\Cache), false)
 9 FCPATH\index.php(84): CodeIgniter\CodeIgniter->run()
INFO - 2024-07-04 10:34:18 --> Session: Class initialized using 'CodeIgniter\Session\Handlers\FileHandler' driver.
INFO - 2024-07-04 10:36:55 --> Session: Class initialized using 'CodeIgniter\Session\Handlers\FileHandler' driver.
INFO - 2024-07-04 10:41:37 --> Session: Class initialized using 'CodeIgniter\Session\Handlers\FileHandler' driver.
INFO - 2024-07-04 10:43:16 --> Session: Class initialized using 'CodeIgniter\Session\Handlers\FileHandler' driver.
INFO - 2024-07-04 10:47:38 --> Session: Class initialized using 'CodeIgniter\Session\Handlers\FileHandler' driver.
INFO - 2024-07-04 10:49:58 --> Session: Class initialized using 'CodeIgniter\Session\Handlers\FileHandler' driver.
INFO - 2024-07-04 10:50:27 --> Session: Class initialized using 'CodeIgniter\Session\Handlers\FileHandler' driver.
INFO - 2024-07-04 10:52:24 --> Session: Class initialized using 'CodeIgniter\Session\Handlers\FileHandler' driver.
INFO - 2024-07-04 10:56:43 --> Session: Class initialized using 'CodeIgniter\Session\Handlers\FileHandler' driver.
INFO - 2024-07-04 10:58:00 --> Session: Class initialized using 'CodeIgniter\Session\Handlers\FileHandler' driver.
INFO - 2024-07-04 11:00:40 --> Session: Class initialized using 'CodeIgniter\Session\Handlers\FileHandler' driver.
INFO - 2024-07-04 11:01:42 --> Session: Class initialized using 'CodeIgniter\Session\Handlers\FileHandler' driver.
INFO - 2024-07-04 11:06:31 --> Session: Class initialized using 'CodeIgniter\Session\Handlers\FileHandler' driver.
INFO - 2024-07-04 11:08:17 --> Session: Class initialized using 'CodeIgniter\Session\Handlers\FileHandler' driver.
INFO - 2024-07-04 11:15:44 --> Session: Class initialized using 'CodeIgniter\Session\Handlers\FileHandler' driver.
INFO - 2024-07-04 11:17:28 --> Session: Class initialized using 'CodeIgniter\Session\Handlers\FileHandler' driver.
INFO - 2024-07-04 11:20:36 --> Session: Class initialized using 'CodeIgniter\Session\Handlers\FileHandler' driver.
INFO - 2024-07-04 11:23:16 --> Session: Class initialized using 'CodeIgniter\Session\Handlers\FileHandler' driver.
