INFO - 2024-10-12 10:37:45 --> Session: Class initialized using 'CodeIgniter\Session\Handlers\FileHandler' driver.
INFO - 2024-10-12 10:39:22 --> Session: Class initialized using 'CodeIgniter\Session\Handlers\FileHandler' driver.
INFO - 2024-10-12 10:39:40 --> Session: Class initialized using 'CodeIgniter\Session\Handlers\FileHandler' driver.
INFO - 2024-10-12 10:39:40 --> Session: Class initialized using 'CodeIgniter\Session\Handlers\FileHandler' driver.
INFO - 2024-10-12 10:42:11 --> Session: Class initialized using 'CodeIgniter\Session\Handlers\FileHandler' driver.
INFO - 2024-10-12 10:42:15 --> Session: Class initialized using 'CodeIgniter\Session\Handlers\FileHandler' driver.
INFO - 2024-10-12 10:42:15 --> Session: Class initialized using 'CodeIgniter\Session\Handlers\FileHandler' driver.
INFO - 2024-10-12 10:42:22 --> Session: Class initialized using 'CodeIgniter\Session\Handlers\FileHandler' driver.
INFO - 2024-10-12 10:42:31 --> Session: Class initialized using 'CodeIgniter\Session\Handlers\FileHandler' driver.
INFO - 2024-10-12 10:42:35 --> Session: Class initialized using 'CodeIgniter\Session\Handlers\FileHandler' driver.
INFO - 2024-10-12 10:42:44 --> Session: Class initialized using 'CodeIgniter\Session\Handlers\FileHandler' driver.
INFO - 2024-10-12 10:42:46 --> Session: Class initialized using 'CodeIgniter\Session\Handlers\FileHandler' driver.
INFO - 2024-10-12 10:42:46 --> Session: Class initialized using 'CodeIgniter\Session\Handlers\FileHandler' driver.
INFO - 2024-10-12 10:42:57 --> Session: Class initialized using 'CodeIgniter\Session\Handlers\FileHandler' driver.
INFO - 2024-10-12 10:43:16 --> Session: Class initialized using 'CodeIgniter\Session\Handlers\FileHandler' driver.
INFO - 2024-10-12 10:43:17 --> Session: Class initialized using 'CodeIgniter\Session\Handlers\FileHandler' driver.
INFO - 2024-10-12 10:43:24 --> Session: Class initialized using 'CodeIgniter\Session\Handlers\FileHandler' driver.
INFO - 2024-10-12 10:43:43 --> Session: Class initialized using 'CodeIgniter\Session\Handlers\FileHandler' driver.
CRITICAL - 2024-10-12 10:43:43 --> ErrorException: Undefined array key "eqr"
in APPPATH/Views/workpaper/chapter1/Ac1.php on line 88.
 1 APPPATH/Views/workpaper/chapter1/Ac1.php(88): CodeIgniter\Debug\Exceptions->errorHandler()
 2 SYSTEMPATH/View/View.php(228): include('/home/q05wyrnxw9oo/testapplaud.buildappminds.com/app/Views/workpaper/chapter1/Ac1.php')
 3 SYSTEMPATH/View/View.php(231): CodeIgniter\View\View->CodeIgniter\View\{closure}()
 4 SYSTEMPATH/Common.php(1178): CodeIgniter\View\View->render()
 5 APPPATH/Controllers/ChapterController.php(1234): view()
 6 SYSTEMPATH/CodeIgniter.php(941): App\Controllers\ChapterController->c1setworkpaper()
 7 SYSTEMPATH/CodeIgniter.php(502): CodeIgniter\CodeIgniter->runController()
 8 SYSTEMPATH/CodeIgniter.php(361): CodeIgniter\CodeIgniter->handleRequest()
 9 FCPATH/index.php(84): CodeIgniter\CodeIgniter->run()
INFO - 2024-10-12 10:43:46 --> Session: Class initialized using 'CodeIgniter\Session\Handlers\FileHandler' driver.
INFO - 2024-10-12 10:43:48 --> Session: Class initialized using 'CodeIgniter\Session\Handlers\FileHandler' driver.
INFO - 2024-10-12 10:43:50 --> Session: Class initialized using 'CodeIgniter\Session\Handlers\FileHandler' driver.
INFO - 2024-10-12 10:43:57 --> Session: Class initialized using 'CodeIgniter\Session\Handlers\FileHandler' driver.
INFO - 2024-10-12 10:44:21 --> Session: Class initialized using 'CodeIgniter\Session\Handlers\FileHandler' driver.
WARNING - 2024-10-12 10:44:22 --> [DEPRECATED] strtotime(): Passing null to parameter #1 ($datetime) of type string is deprecated in APPPATH/Views/workpaper/pdfc1/AC1.php on line 77.
 1 APPPATH/Views/workpaper/pdfc1/AC1.php(77): strtotime(null)
 2 SYSTEMPATH/View/View.php(228): include('/home/q05wyrnxw9oo/testapplaud.buildappminds.com/app/Views/workpaper/pdfc1/AC1.php')
 3 SYSTEMPATH/View/View.php(231): CodeIgniter\View\View->CodeIgniter\View\{closure}()
 4 SYSTEMPATH/Common.php(1178): CodeIgniter\View\View->render('workpaper/pdfc1/AC1', [], true)
 5 APPPATH/Controllers/WorkpaperController.php(2441): view('workpaper/pdfc1/AC1', [...])
 6 SYSTEMPATH/CodeIgniter.php(941): App\Controllers\WorkpaperController->viewpdfc1('AC1', 'ce6c19c930417b1a5baccec2ce221eb9eacda919ade625d7b68d7aa716e9fbdc3589fcf7253a63e7283f1200e9841dfe03e2cbee6680e0a0bd65b529ee627ff6cfIeveAfPTXsRTltgLrvNjE=', '611234e7da3e22a1d3a09d0b2e249c01887f950d21f26ccdcf4bbe972ad507d655b8f3b3eec43bfa6f0c9a165d08155dd5602be371723df8ebabdbe978f382f3oV5G1n7gz7LslvXtpyElFXU=', '757eceb27b20bfde7dc78aecd0c9806a2d2b91f7170bf4b7e3d754e6159f28ad81b2b709485c738a2422ed0c5fd3c465d88a9635d2c14ef7907bf90d325c9567c$3vs$2yYYnPs7ko2VvP2f4=')
 7 SYSTEMPATH/CodeIgniter.php(502): CodeIgniter\CodeIgniter->runController(Object(App\Controllers\WorkpaperController))
 8 SYSTEMPATH/CodeIgniter.php(361): CodeIgniter\CodeIgniter->handleRequest(null, Object(Config\Cache), false)
 9 FCPATH/index.php(84): CodeIgniter\CodeIgniter->run()
WARNING - 2024-10-12 10:44:22 --> [DEPRECATED] strtotime(): Passing null to parameter #1 ($datetime) of type string is deprecated in APPPATH/Views/workpaper/pdfc1/AC1.php on line 81.
 1 APPPATH/Views/workpaper/pdfc1/AC1.php(81): strtotime(null)
 2 SYSTEMPATH/View/View.php(228): include('/home/q05wyrnxw9oo/testapplaud.buildappminds.com/app/Views/workpaper/pdfc1/AC1.php')
 3 SYSTEMPATH/View/View.php(231): CodeIgniter\View\View->CodeIgniter\View\{closure}()
 4 SYSTEMPATH/Common.php(1178): CodeIgniter\View\View->render('workpaper/pdfc1/AC1', [], true)
 5 APPPATH/Controllers/WorkpaperController.php(2441): view('workpaper/pdfc1/AC1', [...])
 6 SYSTEMPATH/CodeIgniter.php(941): App\Controllers\WorkpaperController->viewpdfc1('AC1', 'ce6c19c930417b1a5baccec2ce221eb9eacda919ade625d7b68d7aa716e9fbdc3589fcf7253a63e7283f1200e9841dfe03e2cbee6680e0a0bd65b529ee627ff6cfIeveAfPTXsRTltgLrvNjE=', '611234e7da3e22a1d3a09d0b2e249c01887f950d21f26ccdcf4bbe972ad507d655b8f3b3eec43bfa6f0c9a165d08155dd5602be371723df8ebabdbe978f382f3oV5G1n7gz7LslvXtpyElFXU=', '757eceb27b20bfde7dc78aecd0c9806a2d2b91f7170bf4b7e3d754e6159f28ad81b2b709485c738a2422ed0c5fd3c465d88a9635d2c14ef7907bf90d325c9567c$3vs$2yYYnPs7ko2VvP2f4=')
 7 SYSTEMPATH/CodeIgniter.php(502): CodeIgniter\CodeIgniter->runController(Object(App\Controllers\WorkpaperController))
 8 SYSTEMPATH/CodeIgniter.php(361): CodeIgniter\CodeIgniter->handleRequest(null, Object(Config\Cache), false)
 9 FCPATH/index.php(84): CodeIgniter\CodeIgniter->run()
CRITICAL - 2024-10-12 10:44:22 --> ErrorException: Undefined array key "eqr"
in APPPATH/Views/workpaper/pdfc1/AC1.php on line 125.
 1 APPPATH/Views/workpaper/pdfc1/AC1.php(125): CodeIgniter\Debug\Exceptions->errorHandler()
 2 SYSTEMPATH/View/View.php(228): include('/home/q05wyrnxw9oo/testapplaud.buildappminds.com/app/Views/workpaper/pdfc1/AC1.php')
 3 SYSTEMPATH/View/View.php(231): CodeIgniter\View\View->CodeIgniter\View\{closure}()
 4 SYSTEMPATH/Common.php(1178): CodeIgniter\View\View->render()
 5 APPPATH/Controllers/WorkpaperController.php(2441): view()
 6 SYSTEMPATH/CodeIgniter.php(941): App\Controllers\WorkpaperController->viewpdfc1()
 7 SYSTEMPATH/CodeIgniter.php(502): CodeIgniter\CodeIgniter->runController()
 8 SYSTEMPATH/CodeIgniter.php(361): CodeIgniter\CodeIgniter->handleRequest()
 9 FCPATH/index.php(84): CodeIgniter\CodeIgniter->run()
INFO - 2024-10-12 10:44:24 --> Session: Class initialized using 'CodeIgniter\Session\Handlers\FileHandler' driver.
INFO - 2024-10-12 10:44:46 --> Session: Class initialized using 'CodeIgniter\Session\Handlers\FileHandler' driver.
INFO - 2024-10-12 10:45:09 --> Session: Class initialized using 'CodeIgniter\Session\Handlers\FileHandler' driver.
INFO - 2024-10-12 10:45:15 --> Session: Class initialized using 'CodeIgniter\Session\Handlers\FileHandler' driver.
INFO - 2024-10-12 11:13:10 --> Session: Class initialized using 'CodeIgniter\Session\Handlers\FileHandler' driver.
INFO - 2024-10-12 11:13:11 --> Session: Class initialized using 'CodeIgniter\Session\Handlers\FileHandler' driver.
INFO - 2024-10-12 11:13:57 --> Session: Class initialized using 'CodeIgniter\Session\Handlers\FileHandler' driver.
INFO - 2024-10-12 11:13:57 --> Session: Class initialized using 'CodeIgniter\Session\Handlers\FileHandler' driver.
INFO - 2024-10-12 12:54:17 --> Session: Class initialized using 'CodeIgniter\Session\Handlers\FileHandler' driver.
INFO - 2024-10-12 12:54:49 --> Session: Class initialized using 'CodeIgniter\Session\Handlers\FileHandler' driver.
INFO - 2024-10-12 12:55:06 --> Session: Class initialized using 'CodeIgniter\Session\Handlers\FileHandler' driver.
CRITICAL - 2024-10-12 12:55:06 --> ErrorException: Undefined array key "eqr"
in APPPATH/Views/workpaper/chapter1/Ac1.php on line 88.
 1 APPPATH/Views/workpaper/chapter1/Ac1.php(88): CodeIgniter\Debug\Exceptions->errorHandler()
 2 SYSTEMPATH/View/View.php(228): include('/home/q05wyrnxw9oo/testapplaud.buildappminds.com/app/Views/workpaper/chapter1/Ac1.php')
 3 SYSTEMPATH/View/View.php(231): CodeIgniter\View\View->CodeIgniter\View\{closure}()
 4 SYSTEMPATH/Common.php(1178): CodeIgniter\View\View->render()
 5 APPPATH/Controllers/ChapterController.php(1234): view()
 6 SYSTEMPATH/CodeIgniter.php(941): App\Controllers\ChapterController->c1setworkpaper()
 7 SYSTEMPATH/CodeIgniter.php(502): CodeIgniter\CodeIgniter->runController()
 8 SYSTEMPATH/CodeIgniter.php(361): CodeIgniter\CodeIgniter->handleRequest()
 9 FCPATH/index.php(84): CodeIgniter\CodeIgniter->run()
INFO - 2024-10-12 12:55:08 --> Session: Class initialized using 'CodeIgniter\Session\Handlers\FileHandler' driver.
INFO - 2024-10-12 12:55:15 --> Session: Class initialized using 'CodeIgniter\Session\Handlers\FileHandler' driver.
WARNING - 2024-10-12 12:55:15 --> [DEPRECATED] strtotime(): Passing null to parameter #1 ($datetime) of type string is deprecated in APPPATH/Views/workpaper/pdfc1/AC1.php on line 77.
 1 APPPATH/Views/workpaper/pdfc1/AC1.php(77): strtotime(null)
 2 SYSTEMPATH/View/View.php(228): include('/home/q05wyrnxw9oo/testapplaud.buildappminds.com/app/Views/workpaper/pdfc1/AC1.php')
 3 SYSTEMPATH/View/View.php(231): CodeIgniter\View\View->CodeIgniter\View\{closure}()
 4 SYSTEMPATH/Common.php(1178): CodeIgniter\View\View->render('workpaper/pdfc1/AC1', [], true)
 5 APPPATH/Controllers/WorkpaperController.php(2441): view('workpaper/pdfc1/AC1', [...])
 6 SYSTEMPATH/CodeIgniter.php(941): App\Controllers\WorkpaperController->viewpdfc1('AC1', '33138579535705eeb5ce89b24f8a44d5e6de7953d48cf87a7556d83e7864a75c08972c039f8cc18c53e0f2dd2ec352e616c72e7b02f0efff8ee6217e9f27fc1afzJDJpaMiGu~0xhiDhj03sE=', 'd6fdd2fdc5a7e917104aa26d8be5f7974513e473b330b23ebaec7c6f7b2467a6052b14bc07d5234e0c80cb297891606dd6d44357f2cbf9cf95164728b1c1be08woP8e5Cvm7KX699u3uLkhAQ=', 'd6603a0ca0214789e87f20166a007ac42c108842c1a469a2c1a0319ff98961877baa1a6f05350f9dcf442a92b889706174cb7427e01818b9c079cc62ccc14d3eEYvea~AZeWFSSxC05mfo~Hs=')
 7 SYSTEMPATH/CodeIgniter.php(502): CodeIgniter\CodeIgniter->runController(Object(App\Controllers\WorkpaperController))
 8 SYSTEMPATH/CodeIgniter.php(361): CodeIgniter\CodeIgniter->handleRequest(null, Object(Config\Cache), false)
 9 FCPATH/index.php(84): CodeIgniter\CodeIgniter->run()
WARNING - 2024-10-12 12:55:15 --> [DEPRECATED] strtotime(): Passing null to parameter #1 ($datetime) of type string is deprecated in APPPATH/Views/workpaper/pdfc1/AC1.php on line 81.
 1 APPPATH/Views/workpaper/pdfc1/AC1.php(81): strtotime(null)
 2 SYSTEMPATH/View/View.php(228): include('/home/q05wyrnxw9oo/testapplaud.buildappminds.com/app/Views/workpaper/pdfc1/AC1.php')
 3 SYSTEMPATH/View/View.php(231): CodeIgniter\View\View->CodeIgniter\View\{closure}()
 4 SYSTEMPATH/Common.php(1178): CodeIgniter\View\View->render('workpaper/pdfc1/AC1', [], true)
 5 APPPATH/Controllers/WorkpaperController.php(2441): view('workpaper/pdfc1/AC1', [...])
 6 SYSTEMPATH/CodeIgniter.php(941): App\Controllers\WorkpaperController->viewpdfc1('AC1', '33138579535705eeb5ce89b24f8a44d5e6de7953d48cf87a7556d83e7864a75c08972c039f8cc18c53e0f2dd2ec352e616c72e7b02f0efff8ee6217e9f27fc1afzJDJpaMiGu~0xhiDhj03sE=', 'd6fdd2fdc5a7e917104aa26d8be5f7974513e473b330b23ebaec7c6f7b2467a6052b14bc07d5234e0c80cb297891606dd6d44357f2cbf9cf95164728b1c1be08woP8e5Cvm7KX699u3uLkhAQ=', 'd6603a0ca0214789e87f20166a007ac42c108842c1a469a2c1a0319ff98961877baa1a6f05350f9dcf442a92b889706174cb7427e01818b9c079cc62ccc14d3eEYvea~AZeWFSSxC05mfo~Hs=')
 7 SYSTEMPATH/CodeIgniter.php(502): CodeIgniter\CodeIgniter->runController(Object(App\Controllers\WorkpaperController))
 8 SYSTEMPATH/CodeIgniter.php(361): CodeIgniter\CodeIgniter->handleRequest(null, Object(Config\Cache), false)
 9 FCPATH/index.php(84): CodeIgniter\CodeIgniter->run()
CRITICAL - 2024-10-12 12:55:15 --> ErrorException: Undefined array key "eqr"
in APPPATH/Views/workpaper/pdfc1/AC1.php on line 125.
 1 APPPATH/Views/workpaper/pdfc1/AC1.php(125): CodeIgniter\Debug\Exceptions->errorHandler()
 2 SYSTEMPATH/View/View.php(228): include('/home/q05wyrnxw9oo/testapplaud.buildappminds.com/app/Views/workpaper/pdfc1/AC1.php')
 3 SYSTEMPATH/View/View.php(231): CodeIgniter\View\View->CodeIgniter\View\{closure}()
 4 SYSTEMPATH/Common.php(1178): CodeIgniter\View\View->render()
 5 APPPATH/Controllers/WorkpaperController.php(2441): view()
 6 SYSTEMPATH/CodeIgniter.php(941): App\Controllers\WorkpaperController->viewpdfc1()
 7 SYSTEMPATH/CodeIgniter.php(502): CodeIgniter\CodeIgniter->runController()
 8 SYSTEMPATH/CodeIgniter.php(361): CodeIgniter\CodeIgniter->handleRequest()
 9 FCPATH/index.php(84): CodeIgniter\CodeIgniter->run()
INFO - 2024-10-12 12:55:17 --> Session: Class initialized using 'CodeIgniter\Session\Handlers\FileHandler' driver.
INFO - 2024-10-12 12:55:22 --> Session: Class initialized using 'CodeIgniter\Session\Handlers\FileHandler' driver.
INFO - 2024-10-12 12:55:40 --> Session: Class initialized using 'CodeIgniter\Session\Handlers\FileHandler' driver.
INFO - 2024-10-12 13:03:29 --> Session: Class initialized using 'CodeIgniter\Session\Handlers\FileHandler' driver.
INFO - 2024-10-12 13:03:29 --> Session: Class initialized using 'CodeIgniter\Session\Handlers\FileHandler' driver.
INFO - 2024-10-12 14:23:42 --> Session: Class initialized using 'CodeIgniter\Session\Handlers\FileHandler' driver.
INFO - 2024-10-12 14:24:12 --> Session: Class initialized using 'CodeIgniter\Session\Handlers\FileHandler' driver.
INFO - 2024-10-12 14:24:12 --> Session: Class initialized using 'CodeIgniter\Session\Handlers\FileHandler' driver.
INFO - 2024-10-12 14:24:45 --> Session: Class initialized using 'CodeIgniter\Session\Handlers\FileHandler' driver.
INFO - 2024-10-12 14:24:59 --> Session: Class initialized using 'CodeIgniter\Session\Handlers\FileHandler' driver.
INFO - 2024-10-12 14:25:13 --> Session: Class initialized using 'CodeIgniter\Session\Handlers\FileHandler' driver.
WARNING - 2024-10-12 14:25:13 --> [DEPRECATED] strtotime(): Passing null to parameter #1 ($datetime) of type string is deprecated in APPPATH/Views/workpaper/pdfc1/AC1.php on line 77.
 1 APPPATH/Views/workpaper/pdfc1/AC1.php(77): strtotime(null)
 2 SYSTEMPATH/View/View.php(228): include('/home/q05wyrnxw9oo/testapplaud.buildappminds.com/app/Views/workpaper/pdfc1/AC1.php')
 3 SYSTEMPATH/View/View.php(231): CodeIgniter\View\View->CodeIgniter\View\{closure}()
 4 SYSTEMPATH/Common.php(1178): CodeIgniter\View\View->render('workpaper/pdfc1/AC1', [], true)
 5 APPPATH/Controllers/WorkpaperController.php(2441): view('workpaper/pdfc1/AC1', [...])
 6 SYSTEMPATH/CodeIgniter.php(941): App\Controllers\WorkpaperController->viewpdfc1('AC1', '41b904901150c8172250ccd78b6e96e2d8770628c29376def264e0b9d8179c639220effd7d4a6be40dde1fb2be3bdfdabc445526cf7eb949f8d9eae61db4b7fcC2~QfDhQqKbdoxnOdOP8Iyo=', 'afee836a9649300f6d89ddba5117791fa0560240d425a8d2453953133de0c0a9d3e1200b09437d8a7988602948eb167ee4db07a8c2de7679b6224c6d71b50f269Yut0hkJtaIRDHsLc9Hq1Rg=', 'f76c89f0339f889aee062899e27133abe12e0edee6527676bb72f132b66a87b4655e79cd0327ed1130c9141138a09cbd2af049b810d2e33e9282af08f55fce8eIUo6Uf8wv4kw7dcPWvyQJd4=')
 7 SYSTEMPATH/CodeIgniter.php(502): CodeIgniter\CodeIgniter->runController(Object(App\Controllers\WorkpaperController))
 8 SYSTEMPATH/CodeIgniter.php(361): CodeIgniter\CodeIgniter->handleRequest(null, Object(Config\Cache), false)
 9 FCPATH/index.php(84): CodeIgniter\CodeIgniter->run()
WARNING - 2024-10-12 14:25:13 --> [DEPRECATED] strtotime(): Passing null to parameter #1 ($datetime) of type string is deprecated in APPPATH/Views/workpaper/pdfc1/AC1.php on line 81.
 1 APPPATH/Views/workpaper/pdfc1/AC1.php(81): strtotime(null)
 2 SYSTEMPATH/View/View.php(228): include('/home/q05wyrnxw9oo/testapplaud.buildappminds.com/app/Views/workpaper/pdfc1/AC1.php')
 3 SYSTEMPATH/View/View.php(231): CodeIgniter\View\View->CodeIgniter\View\{closure}()
 4 SYSTEMPATH/Common.php(1178): CodeIgniter\View\View->render('workpaper/pdfc1/AC1', [], true)
 5 APPPATH/Controllers/WorkpaperController.php(2441): view('workpaper/pdfc1/AC1', [...])
 6 SYSTEMPATH/CodeIgniter.php(941): App\Controllers\WorkpaperController->viewpdfc1('AC1', '41b904901150c8172250ccd78b6e96e2d8770628c29376def264e0b9d8179c639220effd7d4a6be40dde1fb2be3bdfdabc445526cf7eb949f8d9eae61db4b7fcC2~QfDhQqKbdoxnOdOP8Iyo=', 'afee836a9649300f6d89ddba5117791fa0560240d425a8d2453953133de0c0a9d3e1200b09437d8a7988602948eb167ee4db07a8c2de7679b6224c6d71b50f269Yut0hkJtaIRDHsLc9Hq1Rg=', 'f76c89f0339f889aee062899e27133abe12e0edee6527676bb72f132b66a87b4655e79cd0327ed1130c9141138a09cbd2af049b810d2e33e9282af08f55fce8eIUo6Uf8wv4kw7dcPWvyQJd4=')
 7 SYSTEMPATH/CodeIgniter.php(502): CodeIgniter\CodeIgniter->runController(Object(App\Controllers\WorkpaperController))
 8 SYSTEMPATH/CodeIgniter.php(361): CodeIgniter\CodeIgniter->handleRequest(null, Object(Config\Cache), false)
 9 FCPATH/index.php(84): CodeIgniter\CodeIgniter->run()
CRITICAL - 2024-10-12 14:25:13 --> ErrorException: Undefined array key "eqr"
in APPPATH/Views/workpaper/pdfc1/AC1.php on line 125.
 1 APPPATH/Views/workpaper/pdfc1/AC1.php(125): CodeIgniter\Debug\Exceptions->errorHandler()
 2 SYSTEMPATH/View/View.php(228): include('/home/q05wyrnxw9oo/testapplaud.buildappminds.com/app/Views/workpaper/pdfc1/AC1.php')
 3 SYSTEMPATH/View/View.php(231): CodeIgniter\View\View->CodeIgniter\View\{closure}()
 4 SYSTEMPATH/Common.php(1178): CodeIgniter\View\View->render()
 5 APPPATH/Controllers/WorkpaperController.php(2441): view()
 6 SYSTEMPATH/CodeIgniter.php(941): App\Controllers\WorkpaperController->viewpdfc1()
 7 SYSTEMPATH/CodeIgniter.php(502): CodeIgniter\CodeIgniter->runController()
 8 SYSTEMPATH/CodeIgniter.php(361): CodeIgniter\CodeIgniter->handleRequest()
 9 FCPATH/index.php(84): CodeIgniter\CodeIgniter->run()
INFO - 2024-10-12 14:25:15 --> Session: Class initialized using 'CodeIgniter\Session\Handlers\FileHandler' driver.
INFO - 2024-10-12 14:25:24 --> Session: Class initialized using 'CodeIgniter\Session\Handlers\FileHandler' driver.
WARNING - 2024-10-12 14:25:24 --> [DEPRECATED] strtotime(): Passing null to parameter #1 ($datetime) of type string is deprecated in APPPATH/Views/workpaper/pdfc1/AC3.php on line 77.
 1 APPPATH/Views/workpaper/pdfc1/AC3.php(77): strtotime(null)
 2 SYSTEMPATH/View/View.php(228): include('/home/q05wyrnxw9oo/testapplaud.buildappminds.com/app/Views/workpaper/pdfc1/AC3.php')
 3 SYSTEMPATH/View/View.php(231): CodeIgniter\View\View->CodeIgniter\View\{closure}()
 4 SYSTEMPATH/Common.php(1178): CodeIgniter\View\View->render('workpaper/pdfc1/AC3', [], true)
 5 APPPATH/Controllers/WorkpaperController.php(2453): view('workpaper/pdfc1/AC3', [...])
 6 SYSTEMPATH/CodeIgniter.php(941): App\Controllers\WorkpaperController->viewpdfc1('AC3', 'b08450167fbd98ad00f9c9b297fcccfa1e41a87816133d238136c3326c76ecbd8328229dbc49709d050856dd8d36914fc981d6379b07f6ffdd270779fd1f47c8LfiHzuMfOjMP4bXvkdZnRBk=', 'afee836a9649300f6d89ddba5117791fa0560240d425a8d2453953133de0c0a9d3e1200b09437d8a7988602948eb167ee4db07a8c2de7679b6224c6d71b50f269Yut0hkJtaIRDHsLc9Hq1Rg=', 'f76c89f0339f889aee062899e27133abe12e0edee6527676bb72f132b66a87b4655e79cd0327ed1130c9141138a09cbd2af049b810d2e33e9282af08f55fce8eIUo6Uf8wv4kw7dcPWvyQJd4=')
 7 SYSTEMPATH/CodeIgniter.php(502): CodeIgniter\CodeIgniter->runController(Object(App\Controllers\WorkpaperController))
 8 SYSTEMPATH/CodeIgniter.php(361): CodeIgniter\CodeIgniter->handleRequest(null, Object(Config\Cache), false)
 9 FCPATH/index.php(84): CodeIgniter\CodeIgniter->run()
WARNING - 2024-10-12 14:25:24 --> [DEPRECATED] strtotime(): Passing null to parameter #1 ($datetime) of type string is deprecated in APPPATH/Views/workpaper/pdfc1/AC3.php on line 81.
 1 APPPATH/Views/workpaper/pdfc1/AC3.php(81): strtotime(null)
 2 SYSTEMPATH/View/View.php(228): include('/home/q05wyrnxw9oo/testapplaud.buildappminds.com/app/Views/workpaper/pdfc1/AC3.php')
 3 SYSTEMPATH/View/View.php(231): CodeIgniter\View\View->CodeIgniter\View\{closure}()
 4 SYSTEMPATH/Common.php(1178): CodeIgniter\View\View->render('workpaper/pdfc1/AC3', [], true)
 5 APPPATH/Controllers/WorkpaperController.php(2453): view('workpaper/pdfc1/AC3', [...])
 6 SYSTEMPATH/CodeIgniter.php(941): App\Controllers\WorkpaperController->viewpdfc1('AC3', 'b08450167fbd98ad00f9c9b297fcccfa1e41a87816133d238136c3326c76ecbd8328229dbc49709d050856dd8d36914fc981d6379b07f6ffdd270779fd1f47c8LfiHzuMfOjMP4bXvkdZnRBk=', 'afee836a9649300f6d89ddba5117791fa0560240d425a8d2453953133de0c0a9d3e1200b09437d8a7988602948eb167ee4db07a8c2de7679b6224c6d71b50f269Yut0hkJtaIRDHsLc9Hq1Rg=', 'f76c89f0339f889aee062899e27133abe12e0edee6527676bb72f132b66a87b4655e79cd0327ed1130c9141138a09cbd2af049b810d2e33e9282af08f55fce8eIUo6Uf8wv4kw7dcPWvyQJd4=')
 7 SYSTEMPATH/CodeIgniter.php(502): CodeIgniter\CodeIgniter->runController(Object(App\Controllers\WorkpaperController))
 8 SYSTEMPATH/CodeIgniter.php(361): CodeIgniter\CodeIgniter->handleRequest(null, Object(Config\Cache), false)
 9 FCPATH/index.php(84): CodeIgniter\CodeIgniter->run()
WARNING - 2024-10-12 14:25:24 --> [DEPRECATED] strtotime(): Passing null to parameter #1 ($datetime) of type string is deprecated in APPPATH/Views/workpaper/pdfc1/AC3.php on line 200.
 1 APPPATH/Views/workpaper/pdfc1/AC3.php(200): strtotime(null)
 2 SYSTEMPATH/View/View.php(228): include('/home/q05wyrnxw9oo/testapplaud.buildappminds.com/app/Views/workpaper/pdfc1/AC3.php')
 3 SYSTEMPATH/View/View.php(231): CodeIgniter\View\View->CodeIgniter\View\{closure}()
 4 SYSTEMPATH/Common.php(1178): CodeIgniter\View\View->render('workpaper/pdfc1/AC3', [], true)
 5 APPPATH/Controllers/WorkpaperController.php(2453): view('workpaper/pdfc1/AC3', [...])
 6 SYSTEMPATH/CodeIgniter.php(941): App\Controllers\WorkpaperController->viewpdfc1('AC3', 'b08450167fbd98ad00f9c9b297fcccfa1e41a87816133d238136c3326c76ecbd8328229dbc49709d050856dd8d36914fc981d6379b07f6ffdd270779fd1f47c8LfiHzuMfOjMP4bXvkdZnRBk=', 'afee836a9649300f6d89ddba5117791fa0560240d425a8d2453953133de0c0a9d3e1200b09437d8a7988602948eb167ee4db07a8c2de7679b6224c6d71b50f269Yut0hkJtaIRDHsLc9Hq1Rg=', 'f76c89f0339f889aee062899e27133abe12e0edee6527676bb72f132b66a87b4655e79cd0327ed1130c9141138a09cbd2af049b810d2e33e9282af08f55fce8eIUo6Uf8wv4kw7dcPWvyQJd4=')
 7 SYSTEMPATH/CodeIgniter.php(502): CodeIgniter\CodeIgniter->runController(Object(App\Controllers\WorkpaperController))
 8 SYSTEMPATH/CodeIgniter.php(361): CodeIgniter\CodeIgniter->handleRequest(null, Object(Config\Cache), false)
 9 FCPATH/index.php(84): CodeIgniter\CodeIgniter->run()
WARNING - 2024-10-12 14:25:24 --> [DEPRECATED] strtotime(): Passing null to parameter #1 ($datetime) of type string is deprecated in APPPATH/Views/workpaper/pdfc1/AC3.php on line 209.
 1 APPPATH/Views/workpaper/pdfc1/AC3.php(209): strtotime(null)
 2 SYSTEMPATH/View/View.php(228): include('/home/q05wyrnxw9oo/testapplaud.buildappminds.com/app/Views/workpaper/pdfc1/AC3.php')
 3 SYSTEMPATH/View/View.php(231): CodeIgniter\View\View->CodeIgniter\View\{closure}()
 4 SYSTEMPATH/Common.php(1178): CodeIgniter\View\View->render('workpaper/pdfc1/AC3', [], true)
 5 APPPATH/Controllers/WorkpaperController.php(2453): view('workpaper/pdfc1/AC3', [...])
 6 SYSTEMPATH/CodeIgniter.php(941): App\Controllers\WorkpaperController->viewpdfc1('AC3', 'b08450167fbd98ad00f9c9b297fcccfa1e41a87816133d238136c3326c76ecbd8328229dbc49709d050856dd8d36914fc981d6379b07f6ffdd270779fd1f47c8LfiHzuMfOjMP4bXvkdZnRBk=', 'afee836a9649300f6d89ddba5117791fa0560240d425a8d2453953133de0c0a9d3e1200b09437d8a7988602948eb167ee4db07a8c2de7679b6224c6d71b50f269Yut0hkJtaIRDHsLc9Hq1Rg=', 'f76c89f0339f889aee062899e27133abe12e0edee6527676bb72f132b66a87b4655e79cd0327ed1130c9141138a09cbd2af049b810d2e33e9282af08f55fce8eIUo6Uf8wv4kw7dcPWvyQJd4=')
 7 SYSTEMPATH/CodeIgniter.php(502): CodeIgniter\CodeIgniter->runController(Object(App\Controllers\WorkpaperController))
 8 SYSTEMPATH/CodeIgniter.php(361): CodeIgniter\CodeIgniter->handleRequest(null, Object(Config\Cache), false)
 9 FCPATH/index.php(84): CodeIgniter\CodeIgniter->run()
INFO - 2024-10-12 14:25:30 --> Session: Class initialized using 'CodeIgniter\Session\Handlers\FileHandler' driver.
INFO - 2024-10-12 14:25:44 --> Session: Class initialized using 'CodeIgniter\Session\Handlers\FileHandler' driver.
INFO - 2024-10-12 14:26:11 --> Session: Class initialized using 'CodeIgniter\Session\Handlers\FileHandler' driver.
INFO - 2024-10-12 15:00:04 --> Session: Class initialized using 'CodeIgniter\Session\Handlers\FileHandler' driver.
INFO - 2024-10-12 20:03:35 --> Session: Class initialized using 'CodeIgniter\Session\Handlers\FileHandler' driver.
INFO - 2024-10-12 20:03:35 --> Session: Class initialized using 'CodeIgniter\Session\Handlers\FileHandler' driver.
INFO - 2024-10-12 20:03:39 --> Session: Class initialized using 'CodeIgniter\Session\Handlers\FileHandler' driver.
INFO - 2024-10-12 20:03:42 --> Session: Class initialized using 'CodeIgniter\Session\Handlers\FileHandler' driver.
INFO - 2024-10-12 20:03:59 --> Session: Class initialized using 'CodeIgniter\Session\Handlers\FileHandler' driver.
INFO - 2024-10-12 20:04:00 --> Session: Class initialized using 'CodeIgniter\Session\Handlers\FileHandler' driver.
