INFO - 2024-08-24 10:20:39 --> Session: Class initialized using 'CodeIgniter\Session\Handlers\FileHandler' driver.
INFO - 2024-08-24 10:20:39 --> Session: Class initialized using 'CodeIgniter\Session\Handlers\FileHandler' driver.
INFO - 2024-08-24 10:20:40 --> Session: Class initialized using 'CodeIgniter\Session\Handlers\FileHandler' driver.
INFO - 2024-08-24 10:20:41 --> Session: Class initialized using 'CodeIgniter\Session\Handlers\FileHandler' driver.
INFO - 2024-08-24 10:21:58 --> Session: Class initialized using 'CodeIgniter\Session\Handlers\FileHandler' driver.
INFO - 2024-08-24 10:22:00 --> Session: Class initialized using 'CodeIgniter\Session\Handlers\FileHandler' driver.
INFO - 2024-08-24 10:22:07 --> Session: Class initialized using 'CodeIgniter\Session\Handlers\FileHandler' driver.
INFO - 2024-08-24 10:22:07 --> Session: Class initialized using 'CodeIgniter\Session\Handlers\FileHandler' driver.
INFO - 2024-08-24 10:22:09 --> Session: Class initialized using 'CodeIgniter\Session\Handlers\FileHandler' driver.
INFO - 2024-08-24 10:22:10 --> Session: Class initialized using 'CodeIgniter\Session\Handlers\FileHandler' driver.
WARNING - 2024-08-24 10:22:10 --> [DEPRECATED] strtotime(): Passing null to parameter #1 ($datetime) of type string is deprecated in APPPATH/Views/workpaper/Report.php on line 1384.
 1 APPPATH/Views/workpaper/Report.php(1384): strtotime(null)
 2 SYSTEMPATH/View/View.php(228): include('/home/q05wyrnxw9oo/testapplaud.buildappminds.com/app/Views/workpaper/Report.php')
 3 SYSTEMPATH/View/View.php(231): CodeIgniter\View\View->CodeIgniter\View\{closure}()
 4 SYSTEMPATH/Common.php(1178): CodeIgniter\View\View->render('workpaper/Report', [], true)
 5 APPPATH/Controllers/ReportController.php(103): view('workpaper/Report', [...])
 6 SYSTEMPATH/CodeIgniter.php(941): App\Controllers\ReportController->generatepdf('dca1014a55538ed26aeefa044563f9adb91e4127f082f75884c0e2e8626b2dac8a86c01d78e595db8962afbb9e97f1d047d3602e3001dfcc3a7212c2cf8566f3$78PC~iGEVkmsCyiKU5G9p0=', 'b44e9ebef7da124a72e95c43a3cabd225718f4758f3b3870a8d489e0922f6665ffe58860ec9f9ebd16901f708dea2d02a03ccf812299aa8cd0822e6192eb9c8ce4rKUPOsQ2sQWpNavHpd2c0=', 'Sample Client 1', 'Davies John Boco - Auditing Firm', 'Davies John Boco - Auditing Firm', 'Davies John Boco - Auditing Firm', '2024', '12-31')
 7 SYSTEMPATH/CodeIgniter.php(502): CodeIgniter\CodeIgniter->runController(Object(App\Controllers\ReportController))
 8 SYSTEMPATH/CodeIgniter.php(361): CodeIgniter\CodeIgniter->handleRequest(null, Object(Config\Cache), false)
 9 FCPATH/index.php(84): CodeIgniter\CodeIgniter->run()
WARNING - 2024-08-24 10:22:11 --> [DEPRECATED] strtotime(): Passing null to parameter #1 ($datetime) of type string is deprecated in APPPATH/Views/workpaper/Report.php on line 2040.
 1 APPPATH/Views/workpaper/Report.php(2040): strtotime(null)
 2 SYSTEMPATH/View/View.php(228): include('/home/q05wyrnxw9oo/testapplaud.buildappminds.com/app/Views/workpaper/Report.php')
 3 SYSTEMPATH/View/View.php(231): CodeIgniter\View\View->CodeIgniter\View\{closure}()
 4 SYSTEMPATH/Common.php(1178): CodeIgniter\View\View->render('workpaper/Report', [], true)
 5 APPPATH/Controllers/ReportController.php(103): view('workpaper/Report', [...])
 6 SYSTEMPATH/CodeIgniter.php(941): App\Controllers\ReportController->generatepdf('dca1014a55538ed26aeefa044563f9adb91e4127f082f75884c0e2e8626b2dac8a86c01d78e595db8962afbb9e97f1d047d3602e3001dfcc3a7212c2cf8566f3$78PC~iGEVkmsCyiKU5G9p0=', 'b44e9ebef7da124a72e95c43a3cabd225718f4758f3b3870a8d489e0922f6665ffe58860ec9f9ebd16901f708dea2d02a03ccf812299aa8cd0822e6192eb9c8ce4rKUPOsQ2sQWpNavHpd2c0=', 'Sample Client 1', 'Davies John Boco - Auditing Firm', 'Davies John Boco - Auditing Firm', 'Davies John Boco - Auditing Firm', '2024', '12-31')
 7 SYSTEMPATH/CodeIgniter.php(502): CodeIgniter\CodeIgniter->runController(Object(App\Controllers\ReportController))
 8 SYSTEMPATH/CodeIgniter.php(361): CodeIgniter\CodeIgniter->handleRequest(null, Object(Config\Cache), false)
 9 FCPATH/index.php(84): CodeIgniter\CodeIgniter->run()
WARNING - 2024-08-24 10:22:11 --> [DEPRECATED] strtotime(): Passing null to parameter #1 ($datetime) of type string is deprecated in APPPATH/Views/workpaper/Report.php on line 5521.
 1 APPPATH/Views/workpaper/Report.php(5521): strtotime(null)
 2 SYSTEMPATH/View/View.php(228): include('/home/q05wyrnxw9oo/testapplaud.buildappminds.com/app/Views/workpaper/Report.php')
 3 SYSTEMPATH/View/View.php(231): CodeIgniter\View\View->CodeIgniter\View\{closure}()
 4 SYSTEMPATH/Common.php(1178): CodeIgniter\View\View->render('workpaper/Report', [], true)
 5 APPPATH/Controllers/ReportController.php(103): view('workpaper/Report', [...])
 6 SYSTEMPATH/CodeIgniter.php(941): App\Controllers\ReportController->generatepdf('dca1014a55538ed26aeefa044563f9adb91e4127f082f75884c0e2e8626b2dac8a86c01d78e595db8962afbb9e97f1d047d3602e3001dfcc3a7212c2cf8566f3$78PC~iGEVkmsCyiKU5G9p0=', 'b44e9ebef7da124a72e95c43a3cabd225718f4758f3b3870a8d489e0922f6665ffe58860ec9f9ebd16901f708dea2d02a03ccf812299aa8cd0822e6192eb9c8ce4rKUPOsQ2sQWpNavHpd2c0=', 'Sample Client 1', 'Davies John Boco - Auditing Firm', 'Davies John Boco - Auditing Firm', 'Davies John Boco - Auditing Firm', '2024', '12-31')
 7 SYSTEMPATH/CodeIgniter.php(502): CodeIgniter\CodeIgniter->runController(Object(App\Controllers\ReportController))
 8 SYSTEMPATH/CodeIgniter.php(361): CodeIgniter\CodeIgniter->handleRequest(null, Object(Config\Cache), false)
 9 FCPATH/index.php(84): CodeIgniter\CodeIgniter->run()
WARNING - 2024-08-24 10:22:11 --> [DEPRECATED] strtotime(): Passing null to parameter #1 ($datetime) of type string is deprecated in APPPATH/Views/workpaper/Report.php on line 5598.
 1 APPPATH/Views/workpaper/Report.php(5598): strtotime(null)
 2 SYSTEMPATH/View/View.php(228): include('/home/q05wyrnxw9oo/testapplaud.buildappminds.com/app/Views/workpaper/Report.php')
 3 SYSTEMPATH/View/View.php(231): CodeIgniter\View\View->CodeIgniter\View\{closure}()
 4 SYSTEMPATH/Common.php(1178): CodeIgniter\View\View->render('workpaper/Report', [], true)
 5 APPPATH/Controllers/ReportController.php(103): view('workpaper/Report', [...])
 6 SYSTEMPATH/CodeIgniter.php(941): App\Controllers\ReportController->generatepdf('dca1014a55538ed26aeefa044563f9adb91e4127f082f75884c0e2e8626b2dac8a86c01d78e595db8962afbb9e97f1d047d3602e3001dfcc3a7212c2cf8566f3$78PC~iGEVkmsCyiKU5G9p0=', 'b44e9ebef7da124a72e95c43a3cabd225718f4758f3b3870a8d489e0922f6665ffe58860ec9f9ebd16901f708dea2d02a03ccf812299aa8cd0822e6192eb9c8ce4rKUPOsQ2sQWpNavHpd2c0=', 'Sample Client 1', 'Davies John Boco - Auditing Firm', 'Davies John Boco - Auditing Firm', 'Davies John Boco - Auditing Firm', '2024', '12-31')
 7 SYSTEMPATH/CodeIgniter.php(502): CodeIgniter\CodeIgniter->runController(Object(App\Controllers\ReportController))
 8 SYSTEMPATH/CodeIgniter.php(361): CodeIgniter\CodeIgniter->handleRequest(null, Object(Config\Cache), false)
 9 FCPATH/index.php(84): CodeIgniter\CodeIgniter->run()
WARNING - 2024-08-24 10:22:11 --> [DEPRECATED] strtotime(): Passing null to parameter #1 ($datetime) of type string is deprecated in APPPATH/Views/workpaper/Report.php on line 5682.
 1 APPPATH/Views/workpaper/Report.php(5682): strtotime(null)
 2 SYSTEMPATH/View/View.php(228): include('/home/q05wyrnxw9oo/testapplaud.buildappminds.com/app/Views/workpaper/Report.php')
 3 SYSTEMPATH/View/View.php(231): CodeIgniter\View\View->CodeIgniter\View\{closure}()
 4 SYSTEMPATH/Common.php(1178): CodeIgniter\View\View->render('workpaper/Report', [], true)
 5 APPPATH/Controllers/ReportController.php(103): view('workpaper/Report', [...])
 6 SYSTEMPATH/CodeIgniter.php(941): App\Controllers\ReportController->generatepdf('dca1014a55538ed26aeefa044563f9adb91e4127f082f75884c0e2e8626b2dac8a86c01d78e595db8962afbb9e97f1d047d3602e3001dfcc3a7212c2cf8566f3$78PC~iGEVkmsCyiKU5G9p0=', 'b44e9ebef7da124a72e95c43a3cabd225718f4758f3b3870a8d489e0922f6665ffe58860ec9f9ebd16901f708dea2d02a03ccf812299aa8cd0822e6192eb9c8ce4rKUPOsQ2sQWpNavHpd2c0=', 'Sample Client 1', 'Davies John Boco - Auditing Firm', 'Davies John Boco - Auditing Firm', 'Davies John Boco - Auditing Firm', '2024', '12-31')
 7 SYSTEMPATH/CodeIgniter.php(502): CodeIgniter\CodeIgniter->runController(Object(App\Controllers\ReportController))
 8 SYSTEMPATH/CodeIgniter.php(361): CodeIgniter\CodeIgniter->handleRequest(null, Object(Config\Cache), false)
 9 FCPATH/index.php(84): CodeIgniter\CodeIgniter->run()
WARNING - 2024-08-24 10:22:11 --> [DEPRECATED] strtotime(): Passing null to parameter #1 ($datetime) of type string is deprecated in APPPATH/Views/workpaper/Report.php on line 5764.
 1 APPPATH/Views/workpaper/Report.php(5764): strtotime(null)
 2 SYSTEMPATH/View/View.php(228): include('/home/q05wyrnxw9oo/testapplaud.buildappminds.com/app/Views/workpaper/Report.php')
 3 SYSTEMPATH/View/View.php(231): CodeIgniter\View\View->CodeIgniter\View\{closure}()
 4 SYSTEMPATH/Common.php(1178): CodeIgniter\View\View->render('workpaper/Report', [], true)
 5 APPPATH/Controllers/ReportController.php(103): view('workpaper/Report', [...])
 6 SYSTEMPATH/CodeIgniter.php(941): App\Controllers\ReportController->generatepdf('dca1014a55538ed26aeefa044563f9adb91e4127f082f75884c0e2e8626b2dac8a86c01d78e595db8962afbb9e97f1d047d3602e3001dfcc3a7212c2cf8566f3$78PC~iGEVkmsCyiKU5G9p0=', 'b44e9ebef7da124a72e95c43a3cabd225718f4758f3b3870a8d489e0922f6665ffe58860ec9f9ebd16901f708dea2d02a03ccf812299aa8cd0822e6192eb9c8ce4rKUPOsQ2sQWpNavHpd2c0=', 'Sample Client 1', 'Davies John Boco - Auditing Firm', 'Davies John Boco - Auditing Firm', 'Davies John Boco - Auditing Firm', '2024', '12-31')
 7 SYSTEMPATH/CodeIgniter.php(502): CodeIgniter\CodeIgniter->runController(Object(App\Controllers\ReportController))
 8 SYSTEMPATH/CodeIgniter.php(361): CodeIgniter\CodeIgniter->handleRequest(null, Object(Config\Cache), false)
 9 FCPATH/index.php(84): CodeIgniter\CodeIgniter->run()
WARNING - 2024-08-24 10:22:11 --> [DEPRECATED] strtotime(): Passing null to parameter #1 ($datetime) of type string is deprecated in APPPATH/Views/workpaper/Report.php on line 5841.
 1 APPPATH/Views/workpaper/Report.php(5841): strtotime(null)
 2 SYSTEMPATH/View/View.php(228): include('/home/q05wyrnxw9oo/testapplaud.buildappminds.com/app/Views/workpaper/Report.php')
 3 SYSTEMPATH/View/View.php(231): CodeIgniter\View\View->CodeIgniter\View\{closure}()
 4 SYSTEMPATH/Common.php(1178): CodeIgniter\View\View->render('workpaper/Report', [], true)
 5 APPPATH/Controllers/ReportController.php(103): view('workpaper/Report', [...])
 6 SYSTEMPATH/CodeIgniter.php(941): App\Controllers\ReportController->generatepdf('dca1014a55538ed26aeefa044563f9adb91e4127f082f75884c0e2e8626b2dac8a86c01d78e595db8962afbb9e97f1d047d3602e3001dfcc3a7212c2cf8566f3$78PC~iGEVkmsCyiKU5G9p0=', 'b44e9ebef7da124a72e95c43a3cabd225718f4758f3b3870a8d489e0922f6665ffe58860ec9f9ebd16901f708dea2d02a03ccf812299aa8cd0822e6192eb9c8ce4rKUPOsQ2sQWpNavHpd2c0=', 'Sample Client 1', 'Davies John Boco - Auditing Firm', 'Davies John Boco - Auditing Firm', 'Davies John Boco - Auditing Firm', '2024', '12-31')
 7 SYSTEMPATH/CodeIgniter.php(502): CodeIgniter\CodeIgniter->runController(Object(App\Controllers\ReportController))
 8 SYSTEMPATH/CodeIgniter.php(361): CodeIgniter\CodeIgniter->handleRequest(null, Object(Config\Cache), false)
 9 FCPATH/index.php(84): CodeIgniter\CodeIgniter->run()
WARNING - 2024-08-24 10:22:12 --> [DEPRECATED] strtotime(): Passing null to parameter #1 ($datetime) of type string is deprecated in APPPATH/Views/workpaper/Report.php on line 5935.
 1 APPPATH/Views/workpaper/Report.php(5935): strtotime(null)
 2 SYSTEMPATH/View/View.php(228): include('/home/q05wyrnxw9oo/testapplaud.buildappminds.com/app/Views/workpaper/Report.php')
 3 SYSTEMPATH/View/View.php(231): CodeIgniter\View\View->CodeIgniter\View\{closure}()
 4 SYSTEMPATH/Common.php(1178): CodeIgniter\View\View->render('workpaper/Report', [], true)
 5 APPPATH/Controllers/ReportController.php(103): view('workpaper/Report', [...])
 6 SYSTEMPATH/CodeIgniter.php(941): App\Controllers\ReportController->generatepdf('dca1014a55538ed26aeefa044563f9adb91e4127f082f75884c0e2e8626b2dac8a86c01d78e595db8962afbb9e97f1d047d3602e3001dfcc3a7212c2cf8566f3$78PC~iGEVkmsCyiKU5G9p0=', 'b44e9ebef7da124a72e95c43a3cabd225718f4758f3b3870a8d489e0922f6665ffe58860ec9f9ebd16901f708dea2d02a03ccf812299aa8cd0822e6192eb9c8ce4rKUPOsQ2sQWpNavHpd2c0=', 'Sample Client 1', 'Davies John Boco - Auditing Firm', 'Davies John Boco - Auditing Firm', 'Davies John Boco - Auditing Firm', '2024', '12-31')
 7 SYSTEMPATH/CodeIgniter.php(502): CodeIgniter\CodeIgniter->runController(Object(App\Controllers\ReportController))
 8 SYSTEMPATH/CodeIgniter.php(361): CodeIgniter\CodeIgniter->handleRequest(null, Object(Config\Cache), false)
 9 FCPATH/index.php(84): CodeIgniter\CodeIgniter->run()
WARNING - 2024-08-24 10:22:12 --> [DEPRECATED] strtotime(): Passing null to parameter #1 ($datetime) of type string is deprecated in APPPATH/Views/workpaper/Report.php on line 6003.
 1 APPPATH/Views/workpaper/Report.php(6003): strtotime(null)
 2 SYSTEMPATH/View/View.php(228): include('/home/q05wyrnxw9oo/testapplaud.buildappminds.com/app/Views/workpaper/Report.php')
 3 SYSTEMPATH/View/View.php(231): CodeIgniter\View\View->CodeIgniter\View\{closure}()
 4 SYSTEMPATH/Common.php(1178): CodeIgniter\View\View->render('workpaper/Report', [], true)
 5 APPPATH/Controllers/ReportController.php(103): view('workpaper/Report', [...])
 6 SYSTEMPATH/CodeIgniter.php(941): App\Controllers\ReportController->generatepdf('dca1014a55538ed26aeefa044563f9adb91e4127f082f75884c0e2e8626b2dac8a86c01d78e595db8962afbb9e97f1d047d3602e3001dfcc3a7212c2cf8566f3$78PC~iGEVkmsCyiKU5G9p0=', 'b44e9ebef7da124a72e95c43a3cabd225718f4758f3b3870a8d489e0922f6665ffe58860ec9f9ebd16901f708dea2d02a03ccf812299aa8cd0822e6192eb9c8ce4rKUPOsQ2sQWpNavHpd2c0=', 'Sample Client 1', 'Davies John Boco - Auditing Firm', 'Davies John Boco - Auditing Firm', 'Davies John Boco - Auditing Firm', '2024', '12-31')
 7 SYSTEMPATH/CodeIgniter.php(502): CodeIgniter\CodeIgniter->runController(Object(App\Controllers\ReportController))
 8 SYSTEMPATH/CodeIgniter.php(361): CodeIgniter\CodeIgniter->handleRequest(null, Object(Config\Cache), false)
 9 FCPATH/index.php(84): CodeIgniter\CodeIgniter->run()
WARNING - 2024-08-24 10:22:12 --> [DEPRECATED] strtotime(): Passing null to parameter #1 ($datetime) of type string is deprecated in APPPATH/Views/workpaper/Report.php on line 6074.
 1 APPPATH/Views/workpaper/Report.php(6074): strtotime(null)
 2 SYSTEMPATH/View/View.php(228): include('/home/q05wyrnxw9oo/testapplaud.buildappminds.com/app/Views/workpaper/Report.php')
 3 SYSTEMPATH/View/View.php(231): CodeIgniter\View\View->CodeIgniter\View\{closure}()
 4 SYSTEMPATH/Common.php(1178): CodeIgniter\View\View->render('workpaper/Report', [], true)
 5 APPPATH/Controllers/ReportController.php(103): view('workpaper/Report', [...])
 6 SYSTEMPATH/CodeIgniter.php(941): App\Controllers\ReportController->generatepdf('dca1014a55538ed26aeefa044563f9adb91e4127f082f75884c0e2e8626b2dac8a86c01d78e595db8962afbb9e97f1d047d3602e3001dfcc3a7212c2cf8566f3$78PC~iGEVkmsCyiKU5G9p0=', 'b44e9ebef7da124a72e95c43a3cabd225718f4758f3b3870a8d489e0922f6665ffe58860ec9f9ebd16901f708dea2d02a03ccf812299aa8cd0822e6192eb9c8ce4rKUPOsQ2sQWpNavHpd2c0=', 'Sample Client 1', 'Davies John Boco - Auditing Firm', 'Davies John Boco - Auditing Firm', 'Davies John Boco - Auditing Firm', '2024', '12-31')
 7 SYSTEMPATH/CodeIgniter.php(502): CodeIgniter\CodeIgniter->runController(Object(App\Controllers\ReportController))
 8 SYSTEMPATH/CodeIgniter.php(361): CodeIgniter\CodeIgniter->handleRequest(null, Object(Config\Cache), false)
 9 FCPATH/index.php(84): CodeIgniter\CodeIgniter->run()
WARNING - 2024-08-24 10:22:12 --> [DEPRECATED] strtotime(): Passing null to parameter #1 ($datetime) of type string is deprecated in APPPATH/Views/workpaper/Report.php on line 6154.
 1 APPPATH/Views/workpaper/Report.php(6154): strtotime(null)
 2 SYSTEMPATH/View/View.php(228): include('/home/q05wyrnxw9oo/testapplaud.buildappminds.com/app/Views/workpaper/Report.php')
 3 SYSTEMPATH/View/View.php(231): CodeIgniter\View\View->CodeIgniter\View\{closure}()
 4 SYSTEMPATH/Common.php(1178): CodeIgniter\View\View->render('workpaper/Report', [], true)
 5 APPPATH/Controllers/ReportController.php(103): view('workpaper/Report', [...])
 6 SYSTEMPATH/CodeIgniter.php(941): App\Controllers\ReportController->generatepdf('dca1014a55538ed26aeefa044563f9adb91e4127f082f75884c0e2e8626b2dac8a86c01d78e595db8962afbb9e97f1d047d3602e3001dfcc3a7212c2cf8566f3$78PC~iGEVkmsCyiKU5G9p0=', 'b44e9ebef7da124a72e95c43a3cabd225718f4758f3b3870a8d489e0922f6665ffe58860ec9f9ebd16901f708dea2d02a03ccf812299aa8cd0822e6192eb9c8ce4rKUPOsQ2sQWpNavHpd2c0=', 'Sample Client 1', 'Davies John Boco - Auditing Firm', 'Davies John Boco - Auditing Firm', 'Davies John Boco - Auditing Firm', '2024', '12-31')
 7 SYSTEMPATH/CodeIgniter.php(502): CodeIgniter\CodeIgniter->runController(Object(App\Controllers\ReportController))
 8 SYSTEMPATH/CodeIgniter.php(361): CodeIgniter\CodeIgniter->handleRequest(null, Object(Config\Cache), false)
 9 FCPATH/index.php(84): CodeIgniter\CodeIgniter->run()
WARNING - 2024-08-24 10:22:12 --> [DEPRECATED] strtotime(): Passing null to parameter #1 ($datetime) of type string is deprecated in APPPATH/Views/workpaper/Report.php on line 6231.
 1 APPPATH/Views/workpaper/Report.php(6231): strtotime(null)
 2 SYSTEMPATH/View/View.php(228): include('/home/q05wyrnxw9oo/testapplaud.buildappminds.com/app/Views/workpaper/Report.php')
 3 SYSTEMPATH/View/View.php(231): CodeIgniter\View\View->CodeIgniter\View\{closure}()
 4 SYSTEMPATH/Common.php(1178): CodeIgniter\View\View->render('workpaper/Report', [], true)
 5 APPPATH/Controllers/ReportController.php(103): view('workpaper/Report', [...])
 6 SYSTEMPATH/CodeIgniter.php(941): App\Controllers\ReportController->generatepdf('dca1014a55538ed26aeefa044563f9adb91e4127f082f75884c0e2e8626b2dac8a86c01d78e595db8962afbb9e97f1d047d3602e3001dfcc3a7212c2cf8566f3$78PC~iGEVkmsCyiKU5G9p0=', 'b44e9ebef7da124a72e95c43a3cabd225718f4758f3b3870a8d489e0922f6665ffe58860ec9f9ebd16901f708dea2d02a03ccf812299aa8cd0822e6192eb9c8ce4rKUPOsQ2sQWpNavHpd2c0=', 'Sample Client 1', 'Davies John Boco - Auditing Firm', 'Davies John Boco - Auditing Firm', 'Davies John Boco - Auditing Firm', '2024', '12-31')
 7 SYSTEMPATH/CodeIgniter.php(502): CodeIgniter\CodeIgniter->runController(Object(App\Controllers\ReportController))
 8 SYSTEMPATH/CodeIgniter.php(361): CodeIgniter\CodeIgniter->handleRequest(null, Object(Config\Cache), false)
 9 FCPATH/index.php(84): CodeIgniter\CodeIgniter->run()
WARNING - 2024-08-24 10:22:12 --> [DEPRECATED] strtotime(): Passing null to parameter #1 ($datetime) of type string is deprecated in APPPATH/Views/workpaper/Report.php on line 6309.
 1 APPPATH/Views/workpaper/Report.php(6309): strtotime(null)
 2 SYSTEMPATH/View/View.php(228): include('/home/q05wyrnxw9oo/testapplaud.buildappminds.com/app/Views/workpaper/Report.php')
 3 SYSTEMPATH/View/View.php(231): CodeIgniter\View\View->CodeIgniter\View\{closure}()
 4 SYSTEMPATH/Common.php(1178): CodeIgniter\View\View->render('workpaper/Report', [], true)
 5 APPPATH/Controllers/ReportController.php(103): view('workpaper/Report', [...])
 6 SYSTEMPATH/CodeIgniter.php(941): App\Controllers\ReportController->generatepdf('dca1014a55538ed26aeefa044563f9adb91e4127f082f75884c0e2e8626b2dac8a86c01d78e595db8962afbb9e97f1d047d3602e3001dfcc3a7212c2cf8566f3$78PC~iGEVkmsCyiKU5G9p0=', 'b44e9ebef7da124a72e95c43a3cabd225718f4758f3b3870a8d489e0922f6665ffe58860ec9f9ebd16901f708dea2d02a03ccf812299aa8cd0822e6192eb9c8ce4rKUPOsQ2sQWpNavHpd2c0=', 'Sample Client 1', 'Davies John Boco - Auditing Firm', 'Davies John Boco - Auditing Firm', 'Davies John Boco - Auditing Firm', '2024', '12-31')
 7 SYSTEMPATH/CodeIgniter.php(502): CodeIgniter\CodeIgniter->runController(Object(App\Controllers\ReportController))
 8 SYSTEMPATH/CodeIgniter.php(361): CodeIgniter\CodeIgniter->handleRequest(null, Object(Config\Cache), false)
 9 FCPATH/index.php(84): CodeIgniter\CodeIgniter->run()
WARNING - 2024-08-24 10:22:13 --> [DEPRECATED] strtotime(): Passing null to parameter #1 ($datetime) of type string is deprecated in APPPATH/Views/workpaper/Report.php on line 6387.
 1 APPPATH/Views/workpaper/Report.php(6387): strtotime(null)
 2 SYSTEMPATH/View/View.php(228): include('/home/q05wyrnxw9oo/testapplaud.buildappminds.com/app/Views/workpaper/Report.php')
 3 SYSTEMPATH/View/View.php(231): CodeIgniter\View\View->CodeIgniter\View\{closure}()
 4 SYSTEMPATH/Common.php(1178): CodeIgniter\View\View->render('workpaper/Report', [], true)
 5 APPPATH/Controllers/ReportController.php(103): view('workpaper/Report', [...])
 6 SYSTEMPATH/CodeIgniter.php(941): App\Controllers\ReportController->generatepdf('dca1014a55538ed26aeefa044563f9adb91e4127f082f75884c0e2e8626b2dac8a86c01d78e595db8962afbb9e97f1d047d3602e3001dfcc3a7212c2cf8566f3$78PC~iGEVkmsCyiKU5G9p0=', 'b44e9ebef7da124a72e95c43a3cabd225718f4758f3b3870a8d489e0922f6665ffe58860ec9f9ebd16901f708dea2d02a03ccf812299aa8cd0822e6192eb9c8ce4rKUPOsQ2sQWpNavHpd2c0=', 'Sample Client 1', 'Davies John Boco - Auditing Firm', 'Davies John Boco - Auditing Firm', 'Davies John Boco - Auditing Firm', '2024', '12-31')
 7 SYSTEMPATH/CodeIgniter.php(502): CodeIgniter\CodeIgniter->runController(Object(App\Controllers\ReportController))
 8 SYSTEMPATH/CodeIgniter.php(361): CodeIgniter\CodeIgniter->handleRequest(null, Object(Config\Cache), false)
 9 FCPATH/index.php(84): CodeIgniter\CodeIgniter->run()
WARNING - 2024-08-24 10:22:13 --> [DEPRECATED] strtotime(): Passing null to parameter #1 ($datetime) of type string is deprecated in APPPATH/Views/workpaper/Report.php on line 6791.
 1 APPPATH/Views/workpaper/Report.php(6791): strtotime(null)
 2 SYSTEMPATH/View/View.php(228): include('/home/q05wyrnxw9oo/testapplaud.buildappminds.com/app/Views/workpaper/Report.php')
 3 SYSTEMPATH/View/View.php(231): CodeIgniter\View\View->CodeIgniter\View\{closure}()
 4 SYSTEMPATH/Common.php(1178): CodeIgniter\View\View->render('workpaper/Report', [], true)
 5 APPPATH/Controllers/ReportController.php(103): view('workpaper/Report', [...])
 6 SYSTEMPATH/CodeIgniter.php(941): App\Controllers\ReportController->generatepdf('dca1014a55538ed26aeefa044563f9adb91e4127f082f75884c0e2e8626b2dac8a86c01d78e595db8962afbb9e97f1d047d3602e3001dfcc3a7212c2cf8566f3$78PC~iGEVkmsCyiKU5G9p0=', 'b44e9ebef7da124a72e95c43a3cabd225718f4758f3b3870a8d489e0922f6665ffe58860ec9f9ebd16901f708dea2d02a03ccf812299aa8cd0822e6192eb9c8ce4rKUPOsQ2sQWpNavHpd2c0=', 'Sample Client 1', 'Davies John Boco - Auditing Firm', 'Davies John Boco - Auditing Firm', 'Davies John Boco - Auditing Firm', '2024', '12-31')
 7 SYSTEMPATH/CodeIgniter.php(502): CodeIgniter\CodeIgniter->runController(Object(App\Controllers\ReportController))
 8 SYSTEMPATH/CodeIgniter.php(361): CodeIgniter\CodeIgniter->handleRequest(null, Object(Config\Cache), false)
 9 FCPATH/index.php(84): CodeIgniter\CodeIgniter->run()
WARNING - 2024-08-24 10:22:13 --> [DEPRECATED] strtotime(): Passing null to parameter #1 ($datetime) of type string is deprecated in APPPATH/Views/workpaper/Report.php on line 6946.
 1 APPPATH/Views/workpaper/Report.php(6946): strtotime(null)
 2 SYSTEMPATH/View/View.php(228): include('/home/q05wyrnxw9oo/testapplaud.buildappminds.com/app/Views/workpaper/Report.php')
 3 SYSTEMPATH/View/View.php(231): CodeIgniter\View\View->CodeIgniter\View\{closure}()
 4 SYSTEMPATH/Common.php(1178): CodeIgniter\View\View->render('workpaper/Report', [], true)
 5 APPPATH/Controllers/ReportController.php(103): view('workpaper/Report', [...])
 6 SYSTEMPATH/CodeIgniter.php(941): App\Controllers\ReportController->generatepdf('dca1014a55538ed26aeefa044563f9adb91e4127f082f75884c0e2e8626b2dac8a86c01d78e595db8962afbb9e97f1d047d3602e3001dfcc3a7212c2cf8566f3$78PC~iGEVkmsCyiKU5G9p0=', 'b44e9ebef7da124a72e95c43a3cabd225718f4758f3b3870a8d489e0922f6665ffe58860ec9f9ebd16901f708dea2d02a03ccf812299aa8cd0822e6192eb9c8ce4rKUPOsQ2sQWpNavHpd2c0=', 'Sample Client 1', 'Davies John Boco - Auditing Firm', 'Davies John Boco - Auditing Firm', 'Davies John Boco - Auditing Firm', '2024', '12-31')
 7 SYSTEMPATH/CodeIgniter.php(502): CodeIgniter\CodeIgniter->runController(Object(App\Controllers\ReportController))
 8 SYSTEMPATH/CodeIgniter.php(361): CodeIgniter\CodeIgniter->handleRequest(null, Object(Config\Cache), false)
 9 FCPATH/index.php(84): CodeIgniter\CodeIgniter->run()
WARNING - 2024-08-24 10:22:13 --> [DEPRECATED] strtotime(): Passing null to parameter #1 ($datetime) of type string is deprecated in APPPATH/Views/workpaper/Report.php on line 7103.
 1 APPPATH/Views/workpaper/Report.php(7103): strtotime(null)
 2 SYSTEMPATH/View/View.php(228): include('/home/q05wyrnxw9oo/testapplaud.buildappminds.com/app/Views/workpaper/Report.php')
 3 SYSTEMPATH/View/View.php(231): CodeIgniter\View\View->CodeIgniter\View\{closure}()
 4 SYSTEMPATH/Common.php(1178): CodeIgniter\View\View->render('workpaper/Report', [], true)
 5 APPPATH/Controllers/ReportController.php(103): view('workpaper/Report', [...])
 6 SYSTEMPATH/CodeIgniter.php(941): App\Controllers\ReportController->generatepdf('dca1014a55538ed26aeefa044563f9adb91e4127f082f75884c0e2e8626b2dac8a86c01d78e595db8962afbb9e97f1d047d3602e3001dfcc3a7212c2cf8566f3$78PC~iGEVkmsCyiKU5G9p0=', 'b44e9ebef7da124a72e95c43a3cabd225718f4758f3b3870a8d489e0922f6665ffe58860ec9f9ebd16901f708dea2d02a03ccf812299aa8cd0822e6192eb9c8ce4rKUPOsQ2sQWpNavHpd2c0=', 'Sample Client 1', 'Davies John Boco - Auditing Firm', 'Davies John Boco - Auditing Firm', 'Davies John Boco - Auditing Firm', '2024', '12-31')
 7 SYSTEMPATH/CodeIgniter.php(502): CodeIgniter\CodeIgniter->runController(Object(App\Controllers\ReportController))
 8 SYSTEMPATH/CodeIgniter.php(361): CodeIgniter\CodeIgniter->handleRequest(null, Object(Config\Cache), false)
 9 FCPATH/index.php(84): CodeIgniter\CodeIgniter->run()
WARNING - 2024-08-24 10:22:13 --> [DEPRECATED] strtotime(): Passing null to parameter #1 ($datetime) of type string is deprecated in APPPATH/Views/workpaper/Report.php on line 9049.
 1 APPPATH/Views/workpaper/Report.php(9049): strtotime(null)
 2 SYSTEMPATH/View/View.php(228): include('/home/q05wyrnxw9oo/testapplaud.buildappminds.com/app/Views/workpaper/Report.php')
 3 SYSTEMPATH/View/View.php(231): CodeIgniter\View\View->CodeIgniter\View\{closure}()
 4 SYSTEMPATH/Common.php(1178): CodeIgniter\View\View->render('workpaper/Report', [], true)
 5 APPPATH/Controllers/ReportController.php(103): view('workpaper/Report', [...])
 6 SYSTEMPATH/CodeIgniter.php(941): App\Controllers\ReportController->generatepdf('dca1014a55538ed26aeefa044563f9adb91e4127f082f75884c0e2e8626b2dac8a86c01d78e595db8962afbb9e97f1d047d3602e3001dfcc3a7212c2cf8566f3$78PC~iGEVkmsCyiKU5G9p0=', 'b44e9ebef7da124a72e95c43a3cabd225718f4758f3b3870a8d489e0922f6665ffe58860ec9f9ebd16901f708dea2d02a03ccf812299aa8cd0822e6192eb9c8ce4rKUPOsQ2sQWpNavHpd2c0=', 'Sample Client 1', 'Davies John Boco - Auditing Firm', 'Davies John Boco - Auditing Firm', 'Davies John Boco - Auditing Firm', '2024', '12-31')
 7 SYSTEMPATH/CodeIgniter.php(502): CodeIgniter\CodeIgniter->runController(Object(App\Controllers\ReportController))
 8 SYSTEMPATH/CodeIgniter.php(361): CodeIgniter\CodeIgniter->handleRequest(null, Object(Config\Cache), false)
 9 FCPATH/index.php(84): CodeIgniter\CodeIgniter->run()
