INFO - 2024-03-23 10:02:15 --> Session: Class initialized using 'CodeIgniter\Session\Handlers\FileHandler' driver.
INFO - 2024-03-23 10:02:16 --> Session: Class initialized using 'CodeIgniter\Session\Handlers\FileHandler' driver.
CRITICAL - 2024-03-23 10:02:16 --> CodeIgniter\Encryption\Exceptions\EncryptionException: Decrypting: authentication failed.
in SYSTEMPATH\Encryption\Handlers\OpenSSLHandler.php on line 139.
 1 SYSTEMPATH\Encryption\Handlers\OpenSSLHandler.php(139): CodeIgniter\Encryption\Exceptions\EncryptionException::forAuthenticationFailed()
 2 APPPATH\Controllers\ClientController.php(43): CodeIgniter\Encryption\Handlers\OpenSSLHandler->decrypt('')
 3 SYSTEMPATH\CodeIgniter.php(941): App\Controllers\ClientController->clientdefaults('assets', 'img', 'illustrations', 'profiles', 'profile-3.png')
 4 SYSTEMPATH\CodeIgniter.php(502): CodeIgniter\CodeIgniter->runController(Object(App\Controllers\ClientController))
 5 SYSTEMPATH\CodeIgniter.php(361): CodeIgniter\CodeIgniter->handleRequest(null, Object(Config\Cache), false)
 6 FCPATH\index.php(84): CodeIgniter\CodeIgniter->run()
INFO - 2024-03-23 10:02:16 --> Session: Class initialized using 'CodeIgniter\Session\Handlers\FileHandler' driver.
CRITICAL - 2024-03-23 10:02:16 --> CodeIgniter\Encryption\Exceptions\EncryptionException: Decrypting: authentication failed.
in SYSTEMPATH\Encryption\Handlers\OpenSSLHandler.php on line 139.
 1 SYSTEMPATH\Encryption\Handlers\OpenSSLHandler.php(139): CodeIgniter\Encryption\Exceptions\EncryptionException::forAuthenticationFailed()
 2 APPPATH\Controllers\ClientController.php(43): CodeIgniter\Encryption\Handlers\OpenSSLHandler->decrypt('')
 3 SYSTEMPATH\CodeIgniter.php(941): App\Controllers\ClientController->clientdefaults('assets', 'img', 'illustrations', 'profiles', 'profile-2.png')
 4 SYSTEMPATH\CodeIgniter.php(502): CodeIgniter\CodeIgniter->runController(Object(App\Controllers\ClientController))
 5 SYSTEMPATH\CodeIgniter.php(361): CodeIgniter\CodeIgniter->handleRequest(null, Object(Config\Cache), false)
 6 FCPATH\index.php(84): CodeIgniter\CodeIgniter->run()
INFO - 2024-03-23 10:02:16 --> Session: Class initialized using 'CodeIgniter\Session\Handlers\FileHandler' driver.
CRITICAL - 2024-03-23 10:02:16 --> CodeIgniter\Encryption\Exceptions\EncryptionException: Decrypting: authentication failed.
in SYSTEMPATH\Encryption\Handlers\OpenSSLHandler.php on line 139.
 1 SYSTEMPATH\Encryption\Handlers\OpenSSLHandler.php(139): CodeIgniter\Encryption\Exceptions\EncryptionException::forAuthenticationFailed()
 2 APPPATH\Controllers\ClientController.php(43): CodeIgniter\Encryption\Handlers\OpenSSLHandler->decrypt('')
 3 SYSTEMPATH\CodeIgniter.php(941): App\Controllers\ClientController->clientdefaults('assets', 'img', 'illustrations', 'profiles', 'profile-4.png')
 4 SYSTEMPATH\CodeIgniter.php(502): CodeIgniter\CodeIgniter->runController(Object(App\Controllers\ClientController))
 5 SYSTEMPATH\CodeIgniter.php(361): CodeIgniter\CodeIgniter->handleRequest(null, Object(Config\Cache), false)
 6 FCPATH\index.php(84): CodeIgniter\CodeIgniter->run()
INFO - 2024-03-23 10:02:16 --> Session: Class initialized using 'CodeIgniter\Session\Handlers\FileHandler' driver.
CRITICAL - 2024-03-23 10:02:16 --> CodeIgniter\Encryption\Exceptions\EncryptionException: Decrypting: authentication failed.
in SYSTEMPATH\Encryption\Handlers\OpenSSLHandler.php on line 139.
 1 SYSTEMPATH\Encryption\Handlers\OpenSSLHandler.php(139): CodeIgniter\Encryption\Exceptions\EncryptionException::forAuthenticationFailed()
 2 APPPATH\Controllers\ClientController.php(43): CodeIgniter\Encryption\Handlers\OpenSSLHandler->decrypt('')
 3 SYSTEMPATH\CodeIgniter.php(941): App\Controllers\ClientController->clientdefaults('assets', 'img', 'illustrations', 'profiles', 'profile-5.png')
 4 SYSTEMPATH\CodeIgniter.php(502): CodeIgniter\CodeIgniter->runController(Object(App\Controllers\ClientController))
 5 SYSTEMPATH\CodeIgniter.php(361): CodeIgniter\CodeIgniter->handleRequest(null, Object(Config\Cache), false)
 6 FCPATH\index.php(84): CodeIgniter\CodeIgniter->run()
INFO - 2024-03-23 10:02:16 --> Session: Class initialized using 'CodeIgniter\Session\Handlers\FileHandler' driver.
CRITICAL - 2024-03-23 10:02:16 --> CodeIgniter\Encryption\Exceptions\EncryptionException: Decrypting: authentication failed.
in SYSTEMPATH\Encryption\Handlers\OpenSSLHandler.php on line 139.
 1 SYSTEMPATH\Encryption\Handlers\OpenSSLHandler.php(139): CodeIgniter\Encryption\Exceptions\EncryptionException::forAuthenticationFailed()
 2 APPPATH\Controllers\ClientController.php(43): CodeIgniter\Encryption\Handlers\OpenSSLHandler->decrypt('')
 3 SYSTEMPATH\CodeIgniter.php(941): App\Controllers\ClientController->clientdefaults('assets', 'img', 'illustrations', 'profiles', 'profile-1.png')
 4 SYSTEMPATH\CodeIgniter.php(502): CodeIgniter\CodeIgniter->runController(Object(App\Controllers\ClientController))
 5 SYSTEMPATH\CodeIgniter.php(361): CodeIgniter\CodeIgniter->handleRequest(null, Object(Config\Cache), false)
 6 FCPATH\index.php(84): CodeIgniter\CodeIgniter->run()
INFO - 2024-03-23 10:02:24 --> Session: Class initialized using 'CodeIgniter\Session\Handlers\FileHandler' driver.
INFO - 2024-03-23 10:02:29 --> Session: Class initialized using 'CodeIgniter\Session\Handlers\FileHandler' driver.
INFO - 2024-03-23 10:02:29 --> Session: Class initialized using 'CodeIgniter\Session\Handlers\FileHandler' driver.
CRITICAL - 2024-03-23 10:02:29 --> CodeIgniter\Encryption\Exceptions\EncryptionException: Decrypting: authentication failed.
in SYSTEMPATH\Encryption\Handlers\OpenSSLHandler.php on line 139.
 1 SYSTEMPATH\Encryption\Handlers\OpenSSLHandler.php(139): CodeIgniter\Encryption\Exceptions\EncryptionException::forAuthenticationFailed()
 2 APPPATH\Controllers\ChapterController.php(318): CodeIgniter\Encryption\Handlers\OpenSSLHandler->decrypt('')
 3 SYSTEMPATH\CodeIgniter.php(941): App\Controllers\ChapterController->managechapter2('2.18.2 S2-2', 'Defined Benefit Pension Scheme Audit Programme', 'assets', 'img', 'illustrations', 'profiles', 'profile-2.png')
 4 SYSTEMPATH\CodeIgniter.php(502): CodeIgniter\CodeIgniter->runController(Object(App\Controllers\ChapterController))
 5 SYSTEMPATH\CodeIgniter.php(361): CodeIgniter\CodeIgniter->handleRequest(null, Object(Config\Cache), false)
 6 FCPATH\index.php(84): CodeIgniter\CodeIgniter->run()
INFO - 2024-03-23 10:02:29 --> Session: Class initialized using 'CodeIgniter\Session\Handlers\FileHandler' driver.
CRITICAL - 2024-03-23 10:02:29 --> CodeIgniter\Encryption\Exceptions\EncryptionException: Decrypting: authentication failed.
in SYSTEMPATH\Encryption\Handlers\OpenSSLHandler.php on line 139.
 1 SYSTEMPATH\Encryption\Handlers\OpenSSLHandler.php(139): CodeIgniter\Encryption\Exceptions\EncryptionException::forAuthenticationFailed()
 2 APPPATH\Controllers\ChapterController.php(318): CodeIgniter\Encryption\Handlers\OpenSSLHandler->decrypt('')
 3 SYSTEMPATH\CodeIgniter.php(941): App\Controllers\ChapterController->managechapter2('2.18.2 S2-2', 'Defined Benefit Pension Scheme Audit Programme', 'assets', 'img', 'illustrations', 'profiles', 'profile-3.png')
 4 SYSTEMPATH\CodeIgniter.php(502): CodeIgniter\CodeIgniter->runController(Object(App\Controllers\ChapterController))
 5 SYSTEMPATH\CodeIgniter.php(361): CodeIgniter\CodeIgniter->handleRequest(null, Object(Config\Cache), false)
 6 FCPATH\index.php(84): CodeIgniter\CodeIgniter->run()
INFO - 2024-03-23 10:02:29 --> Session: Class initialized using 'CodeIgniter\Session\Handlers\FileHandler' driver.
CRITICAL - 2024-03-23 10:02:29 --> CodeIgniter\Encryption\Exceptions\EncryptionException: Decrypting: authentication failed.
in SYSTEMPATH\Encryption\Handlers\OpenSSLHandler.php on line 139.
 1 SYSTEMPATH\Encryption\Handlers\OpenSSLHandler.php(139): CodeIgniter\Encryption\Exceptions\EncryptionException::forAuthenticationFailed()
 2 APPPATH\Controllers\ChapterController.php(318): CodeIgniter\Encryption\Handlers\OpenSSLHandler->decrypt('')
 3 SYSTEMPATH\CodeIgniter.php(941): App\Controllers\ChapterController->managechapter2('2.18.2 S2-2', 'Defined Benefit Pension Scheme Audit Programme', 'assets', 'img', 'illustrations', 'profiles', 'profile-1.png')
 4 SYSTEMPATH\CodeIgniter.php(502): CodeIgniter\CodeIgniter->runController(Object(App\Controllers\ChapterController))
 5 SYSTEMPATH\CodeIgniter.php(361): CodeIgniter\CodeIgniter->handleRequest(null, Object(Config\Cache), false)
 6 FCPATH\index.php(84): CodeIgniter\CodeIgniter->run()
INFO - 2024-03-23 10:02:29 --> Session: Class initialized using 'CodeIgniter\Session\Handlers\FileHandler' driver.
CRITICAL - 2024-03-23 10:02:29 --> CodeIgniter\Encryption\Exceptions\EncryptionException: Decrypting: authentication failed.
in SYSTEMPATH\Encryption\Handlers\OpenSSLHandler.php on line 139.
 1 SYSTEMPATH\Encryption\Handlers\OpenSSLHandler.php(139): CodeIgniter\Encryption\Exceptions\EncryptionException::forAuthenticationFailed()
 2 APPPATH\Controllers\ChapterController.php(318): CodeIgniter\Encryption\Handlers\OpenSSLHandler->decrypt('')
 3 SYSTEMPATH\CodeIgniter.php(941): App\Controllers\ChapterController->managechapter2('2.18.2 S2-2', 'Defined Benefit Pension Scheme Audit Programme', 'assets', 'img', 'illustrations', 'profiles', 'profile-5.png')
 4 SYSTEMPATH\CodeIgniter.php(502): CodeIgniter\CodeIgniter->runController(Object(App\Controllers\ChapterController))
 5 SYSTEMPATH\CodeIgniter.php(361): CodeIgniter\CodeIgniter->handleRequest(null, Object(Config\Cache), false)
 6 FCPATH\index.php(84): CodeIgniter\CodeIgniter->run()
INFO - 2024-03-23 10:02:29 --> Session: Class initialized using 'CodeIgniter\Session\Handlers\FileHandler' driver.
CRITICAL - 2024-03-23 10:02:30 --> CodeIgniter\Encryption\Exceptions\EncryptionException: Decrypting: authentication failed.
in SYSTEMPATH\Encryption\Handlers\OpenSSLHandler.php on line 139.
 1 SYSTEMPATH\Encryption\Handlers\OpenSSLHandler.php(139): CodeIgniter\Encryption\Exceptions\EncryptionException::forAuthenticationFailed()
 2 APPPATH\Controllers\ChapterController.php(318): CodeIgniter\Encryption\Handlers\OpenSSLHandler->decrypt('')
 3 SYSTEMPATH\CodeIgniter.php(941): App\Controllers\ChapterController->managechapter2('2.18.2 S2-2', 'Defined Benefit Pension Scheme Audit Programme', 'assets', 'img', 'illustrations', 'profiles', 'profile-4.png')
 4 SYSTEMPATH\CodeIgniter.php(502): CodeIgniter\CodeIgniter->runController(Object(App\Controllers\ChapterController))
 5 SYSTEMPATH\CodeIgniter.php(361): CodeIgniter\CodeIgniter->handleRequest(null, Object(Config\Cache), false)
 6 FCPATH\index.php(84): CodeIgniter\CodeIgniter->run()
INFO - 2024-03-23 10:02:33 --> Session: Class initialized using 'CodeIgniter\Session\Handlers\FileHandler' driver.
INFO - 2024-03-23 10:02:33 --> Session: Class initialized using 'CodeIgniter\Session\Handlers\FileHandler' driver.
CRITICAL - 2024-03-23 10:02:33 --> CodeIgniter\Encryption\Exceptions\EncryptionException: Decrypting: authentication failed.
in SYSTEMPATH\Encryption\Handlers\OpenSSLHandler.php on line 139.
 1 SYSTEMPATH\Encryption\Handlers\OpenSSLHandler.php(139): CodeIgniter\Encryption\Exceptions\EncryptionException::forAuthenticationFailed()
 2 APPPATH\Controllers\ChapterController.php(318): CodeIgniter\Encryption\Handlers\OpenSSLHandler->decrypt('')
 3 SYSTEMPATH\CodeIgniter.php(941): App\Controllers\ChapterController->managechapter2('2.18.2 S2-2', 'Defined Benefit Pension Scheme Audit Programme', 'assets', 'img', 'illustrations', 'profiles', 'profile-2.png')
 4 SYSTEMPATH\CodeIgniter.php(502): CodeIgniter\CodeIgniter->runController(Object(App\Controllers\ChapterController))
 5 SYSTEMPATH\CodeIgniter.php(361): CodeIgniter\CodeIgniter->handleRequest(null, Object(Config\Cache), false)
 6 FCPATH\index.php(84): CodeIgniter\CodeIgniter->run()
INFO - 2024-03-23 10:02:33 --> Session: Class initialized using 'CodeIgniter\Session\Handlers\FileHandler' driver.
CRITICAL - 2024-03-23 10:02:33 --> CodeIgniter\Encryption\Exceptions\EncryptionException: Decrypting: authentication failed.
in SYSTEMPATH\Encryption\Handlers\OpenSSLHandler.php on line 139.
 1 SYSTEMPATH\Encryption\Handlers\OpenSSLHandler.php(139): CodeIgniter\Encryption\Exceptions\EncryptionException::forAuthenticationFailed()
 2 APPPATH\Controllers\ChapterController.php(318): CodeIgniter\Encryption\Handlers\OpenSSLHandler->decrypt('')
 3 SYSTEMPATH\CodeIgniter.php(941): App\Controllers\ChapterController->managechapter2('2.18.2 S2-2', 'Defined Benefit Pension Scheme Audit Programme', 'assets', 'img', 'illustrations', 'profiles', 'profile-3.png')
 4 SYSTEMPATH\CodeIgniter.php(502): CodeIgniter\CodeIgniter->runController(Object(App\Controllers\ChapterController))
 5 SYSTEMPATH\CodeIgniter.php(361): CodeIgniter\CodeIgniter->handleRequest(null, Object(Config\Cache), false)
 6 FCPATH\index.php(84): CodeIgniter\CodeIgniter->run()
INFO - 2024-03-23 10:02:33 --> Session: Class initialized using 'CodeIgniter\Session\Handlers\FileHandler' driver.
CRITICAL - 2024-03-23 10:02:33 --> CodeIgniter\Encryption\Exceptions\EncryptionException: Decrypting: authentication failed.
in SYSTEMPATH\Encryption\Handlers\OpenSSLHandler.php on line 139.
 1 SYSTEMPATH\Encryption\Handlers\OpenSSLHandler.php(139): CodeIgniter\Encryption\Exceptions\EncryptionException::forAuthenticationFailed()
 2 APPPATH\Controllers\ChapterController.php(318): CodeIgniter\Encryption\Handlers\OpenSSLHandler->decrypt('')
 3 SYSTEMPATH\CodeIgniter.php(941): App\Controllers\ChapterController->managechapter2('2.18.2 S2-2', 'Defined Benefit Pension Scheme Audit Programme', 'assets', 'img', 'illustrations', 'profiles', 'profile-4.png')
 4 SYSTEMPATH\CodeIgniter.php(502): CodeIgniter\CodeIgniter->runController(Object(App\Controllers\ChapterController))
 5 SYSTEMPATH\CodeIgniter.php(361): CodeIgniter\CodeIgniter->handleRequest(null, Object(Config\Cache), false)
 6 FCPATH\index.php(84): CodeIgniter\CodeIgniter->run()
INFO - 2024-03-23 10:02:33 --> Session: Class initialized using 'CodeIgniter\Session\Handlers\FileHandler' driver.
CRITICAL - 2024-03-23 10:02:33 --> CodeIgniter\Encryption\Exceptions\EncryptionException: Decrypting: authentication failed.
in SYSTEMPATH\Encryption\Handlers\OpenSSLHandler.php on line 139.
 1 SYSTEMPATH\Encryption\Handlers\OpenSSLHandler.php(139): CodeIgniter\Encryption\Exceptions\EncryptionException::forAuthenticationFailed()
 2 APPPATH\Controllers\ChapterController.php(318): CodeIgniter\Encryption\Handlers\OpenSSLHandler->decrypt('')
 3 SYSTEMPATH\CodeIgniter.php(941): App\Controllers\ChapterController->managechapter2('2.18.2 S2-2', 'Defined Benefit Pension Scheme Audit Programme', 'assets', 'img', 'illustrations', 'profiles', 'profile-1.png')
 4 SYSTEMPATH\CodeIgniter.php(502): CodeIgniter\CodeIgniter->runController(Object(App\Controllers\ChapterController))
 5 SYSTEMPATH\CodeIgniter.php(361): CodeIgniter\CodeIgniter->handleRequest(null, Object(Config\Cache), false)
 6 FCPATH\index.php(84): CodeIgniter\CodeIgniter->run()
INFO - 2024-03-23 10:02:33 --> Session: Class initialized using 'CodeIgniter\Session\Handlers\FileHandler' driver.
CRITICAL - 2024-03-23 10:02:33 --> CodeIgniter\Encryption\Exceptions\EncryptionException: Decrypting: authentication failed.
in SYSTEMPATH\Encryption\Handlers\OpenSSLHandler.php on line 139.
 1 SYSTEMPATH\Encryption\Handlers\OpenSSLHandler.php(139): CodeIgniter\Encryption\Exceptions\EncryptionException::forAuthenticationFailed()
 2 APPPATH\Controllers\ChapterController.php(318): CodeIgniter\Encryption\Handlers\OpenSSLHandler->decrypt('')
 3 SYSTEMPATH\CodeIgniter.php(941): App\Controllers\ChapterController->managechapter2('2.18.2 S2-2', 'Defined Benefit Pension Scheme Audit Programme', 'assets', 'img', 'illustrations', 'profiles', 'profile-5.png')
 4 SYSTEMPATH\CodeIgniter.php(502): CodeIgniter\CodeIgniter->runController(Object(App\Controllers\ChapterController))
 5 SYSTEMPATH\CodeIgniter.php(361): CodeIgniter\CodeIgniter->handleRequest(null, Object(Config\Cache), false)
 6 FCPATH\index.php(84): CodeIgniter\CodeIgniter->run()
INFO - 2024-03-23 10:30:31 --> Session: Class initialized using 'CodeIgniter\Session\Handlers\FileHandler' driver.
INFO - 2024-03-23 10:30:33 --> Session: Class initialized using 'CodeIgniter\Session\Handlers\FileHandler' driver.
INFO - 2024-03-23 10:30:33 --> Session: Class initialized using 'CodeIgniter\Session\Handlers\FileHandler' driver.
CRITICAL - 2024-03-23 10:30:33 --> CodeIgniter\Encryption\Exceptions\EncryptionException: Decrypting: authentication failed.
in SYSTEMPATH\Encryption\Handlers\OpenSSLHandler.php on line 139.
 1 SYSTEMPATH\Encryption\Handlers\OpenSSLHandler.php(139): CodeIgniter\Encryption\Exceptions\EncryptionException::forAuthenticationFailed()
 2 APPPATH\Controllers\ChapterController.php(318): CodeIgniter\Encryption\Handlers\OpenSSLHandler->decrypt('')
 3 SYSTEMPATH\CodeIgniter.php(941): App\Controllers\ChapterController->managechapter2('2.18.2 S2-2', 'Defined Benefit Pension Scheme Audit Programme', 'assets', 'img', 'illustrations', 'profiles', 'profile-2.png')
 4 SYSTEMPATH\CodeIgniter.php(502): CodeIgniter\CodeIgniter->runController(Object(App\Controllers\ChapterController))
 5 SYSTEMPATH\CodeIgniter.php(361): CodeIgniter\CodeIgniter->handleRequest(null, Object(Config\Cache), false)
 6 FCPATH\index.php(84): CodeIgniter\CodeIgniter->run()
INFO - 2024-03-23 10:30:33 --> Session: Class initialized using 'CodeIgniter\Session\Handlers\FileHandler' driver.
CRITICAL - 2024-03-23 10:30:33 --> CodeIgniter\Encryption\Exceptions\EncryptionException: Decrypting: authentication failed.
in SYSTEMPATH\Encryption\Handlers\OpenSSLHandler.php on line 139.
 1 SYSTEMPATH\Encryption\Handlers\OpenSSLHandler.php(139): CodeIgniter\Encryption\Exceptions\EncryptionException::forAuthenticationFailed()
 2 APPPATH\Controllers\ChapterController.php(318): CodeIgniter\Encryption\Handlers\OpenSSLHandler->decrypt('')
 3 SYSTEMPATH\CodeIgniter.php(941): App\Controllers\ChapterController->managechapter2('2.18.2 S2-2', 'Defined Benefit Pension Scheme Audit Programme', 'assets', 'img', 'illustrations', 'profiles', 'profile-3.png')
 4 SYSTEMPATH\CodeIgniter.php(502): CodeIgniter\CodeIgniter->runController(Object(App\Controllers\ChapterController))
 5 SYSTEMPATH\CodeIgniter.php(361): CodeIgniter\CodeIgniter->handleRequest(null, Object(Config\Cache), false)
 6 FCPATH\index.php(84): CodeIgniter\CodeIgniter->run()
INFO - 2024-03-23 10:30:33 --> Session: Class initialized using 'CodeIgniter\Session\Handlers\FileHandler' driver.
CRITICAL - 2024-03-23 10:30:33 --> CodeIgniter\Encryption\Exceptions\EncryptionException: Decrypting: authentication failed.
in SYSTEMPATH\Encryption\Handlers\OpenSSLHandler.php on line 139.
 1 SYSTEMPATH\Encryption\Handlers\OpenSSLHandler.php(139): CodeIgniter\Encryption\Exceptions\EncryptionException::forAuthenticationFailed()
 2 APPPATH\Controllers\ChapterController.php(318): CodeIgniter\Encryption\Handlers\OpenSSLHandler->decrypt('')
 3 SYSTEMPATH\CodeIgniter.php(941): App\Controllers\ChapterController->managechapter2('2.18.2 S2-2', 'Defined Benefit Pension Scheme Audit Programme', 'assets', 'img', 'illustrations', 'profiles', 'profile-4.png')
 4 SYSTEMPATH\CodeIgniter.php(502): CodeIgniter\CodeIgniter->runController(Object(App\Controllers\ChapterController))
 5 SYSTEMPATH\CodeIgniter.php(361): CodeIgniter\CodeIgniter->handleRequest(null, Object(Config\Cache), false)
 6 FCPATH\index.php(84): CodeIgniter\CodeIgniter->run()
INFO - 2024-03-23 10:30:33 --> Session: Class initialized using 'CodeIgniter\Session\Handlers\FileHandler' driver.
CRITICAL - 2024-03-23 10:30:33 --> CodeIgniter\Encryption\Exceptions\EncryptionException: Decrypting: authentication failed.
in SYSTEMPATH\Encryption\Handlers\OpenSSLHandler.php on line 139.
 1 SYSTEMPATH\Encryption\Handlers\OpenSSLHandler.php(139): CodeIgniter\Encryption\Exceptions\EncryptionException::forAuthenticationFailed()
 2 APPPATH\Controllers\ChapterController.php(318): CodeIgniter\Encryption\Handlers\OpenSSLHandler->decrypt('')
 3 SYSTEMPATH\CodeIgniter.php(941): App\Controllers\ChapterController->managechapter2('2.18.2 S2-2', 'Defined Benefit Pension Scheme Audit Programme', 'assets', 'img', 'illustrations', 'profiles', 'profile-5.png')
 4 SYSTEMPATH\CodeIgniter.php(502): CodeIgniter\CodeIgniter->runController(Object(App\Controllers\ChapterController))
 5 SYSTEMPATH\CodeIgniter.php(361): CodeIgniter\CodeIgniter->handleRequest(null, Object(Config\Cache), false)
 6 FCPATH\index.php(84): CodeIgniter\CodeIgniter->run()
INFO - 2024-03-23 10:30:33 --> Session: Class initialized using 'CodeIgniter\Session\Handlers\FileHandler' driver.
CRITICAL - 2024-03-23 10:30:33 --> CodeIgniter\Encryption\Exceptions\EncryptionException: Decrypting: authentication failed.
in SYSTEMPATH\Encryption\Handlers\OpenSSLHandler.php on line 139.
 1 SYSTEMPATH\Encryption\Handlers\OpenSSLHandler.php(139): CodeIgniter\Encryption\Exceptions\EncryptionException::forAuthenticationFailed()
 2 APPPATH\Controllers\ChapterController.php(318): CodeIgniter\Encryption\Handlers\OpenSSLHandler->decrypt('')
 3 SYSTEMPATH\CodeIgniter.php(941): App\Controllers\ChapterController->managechapter2('2.18.2 S2-2', 'Defined Benefit Pension Scheme Audit Programme', 'assets', 'img', 'illustrations', 'profiles', 'profile-1.png')
 4 SYSTEMPATH\CodeIgniter.php(502): CodeIgniter\CodeIgniter->runController(Object(App\Controllers\ChapterController))
 5 SYSTEMPATH\CodeIgniter.php(361): CodeIgniter\CodeIgniter->handleRequest(null, Object(Config\Cache), false)
 6 FCPATH\index.php(84): CodeIgniter\CodeIgniter->run()
INFO - 2024-03-23 10:30:42 --> Session: Class initialized using 'CodeIgniter\Session\Handlers\FileHandler' driver.
INFO - 2024-03-23 10:30:42 --> Session: Class initialized using 'CodeIgniter\Session\Handlers\FileHandler' driver.
CRITICAL - 2024-03-23 10:30:42 --> CodeIgniter\Encryption\Exceptions\EncryptionException: Decrypting: authentication failed.
in SYSTEMPATH\Encryption\Handlers\OpenSSLHandler.php on line 139.
 1 SYSTEMPATH\Encryption\Handlers\OpenSSLHandler.php(139): CodeIgniter\Encryption\Exceptions\EncryptionException::forAuthenticationFailed()
 2 APPPATH\Controllers\ChapterController.php(318): CodeIgniter\Encryption\Handlers\OpenSSLHandler->decrypt('')
 3 SYSTEMPATH\CodeIgniter.php(941): App\Controllers\ChapterController->managechapter2('2.18.2 S2-2', 'Defined Benefit Pension Scheme Audit Programme', 'assets', 'img', 'illustrations', 'profiles', 'profile-3.png')
 4 SYSTEMPATH\CodeIgniter.php(502): CodeIgniter\CodeIgniter->runController(Object(App\Controllers\ChapterController))
 5 SYSTEMPATH\CodeIgniter.php(361): CodeIgniter\CodeIgniter->handleRequest(null, Object(Config\Cache), false)
 6 FCPATH\index.php(84): CodeIgniter\CodeIgniter->run()
INFO - 2024-03-23 10:30:42 --> Session: Class initialized using 'CodeIgniter\Session\Handlers\FileHandler' driver.
CRITICAL - 2024-03-23 10:30:42 --> CodeIgniter\Encryption\Exceptions\EncryptionException: Decrypting: authentication failed.
in SYSTEMPATH\Encryption\Handlers\OpenSSLHandler.php on line 139.
 1 SYSTEMPATH\Encryption\Handlers\OpenSSLHandler.php(139): CodeIgniter\Encryption\Exceptions\EncryptionException::forAuthenticationFailed()
 2 APPPATH\Controllers\ChapterController.php(318): CodeIgniter\Encryption\Handlers\OpenSSLHandler->decrypt('')
 3 SYSTEMPATH\CodeIgniter.php(941): App\Controllers\ChapterController->managechapter2('2.18.2 S2-2', 'Defined Benefit Pension Scheme Audit Programme', 'assets', 'img', 'illustrations', 'profiles', 'profile-2.png')
 4 SYSTEMPATH\CodeIgniter.php(502): CodeIgniter\CodeIgniter->runController(Object(App\Controllers\ChapterController))
 5 SYSTEMPATH\CodeIgniter.php(361): CodeIgniter\CodeIgniter->handleRequest(null, Object(Config\Cache), false)
 6 FCPATH\index.php(84): CodeIgniter\CodeIgniter->run()
INFO - 2024-03-23 10:30:42 --> Session: Class initialized using 'CodeIgniter\Session\Handlers\FileHandler' driver.
CRITICAL - 2024-03-23 10:30:42 --> CodeIgniter\Encryption\Exceptions\EncryptionException: Decrypting: authentication failed.
in SYSTEMPATH\Encryption\Handlers\OpenSSLHandler.php on line 139.
 1 SYSTEMPATH\Encryption\Handlers\OpenSSLHandler.php(139): CodeIgniter\Encryption\Exceptions\EncryptionException::forAuthenticationFailed()
 2 APPPATH\Controllers\ChapterController.php(318): CodeIgniter\Encryption\Handlers\OpenSSLHandler->decrypt('')
 3 SYSTEMPATH\CodeIgniter.php(941): App\Controllers\ChapterController->managechapter2('2.18.2 S2-2', 'Defined Benefit Pension Scheme Audit Programme', 'assets', 'img', 'illustrations', 'profiles', 'profile-5.png')
 4 SYSTEMPATH\CodeIgniter.php(502): CodeIgniter\CodeIgniter->runController(Object(App\Controllers\ChapterController))
 5 SYSTEMPATH\CodeIgniter.php(361): CodeIgniter\CodeIgniter->handleRequest(null, Object(Config\Cache), false)
 6 FCPATH\index.php(84): CodeIgniter\CodeIgniter->run()
INFO - 2024-03-23 10:30:42 --> Session: Class initialized using 'CodeIgniter\Session\Handlers\FileHandler' driver.
CRITICAL - 2024-03-23 10:30:42 --> CodeIgniter\Encryption\Exceptions\EncryptionException: Decrypting: authentication failed.
in SYSTEMPATH\Encryption\Handlers\OpenSSLHandler.php on line 139.
 1 SYSTEMPATH\Encryption\Handlers\OpenSSLHandler.php(139): CodeIgniter\Encryption\Exceptions\EncryptionException::forAuthenticationFailed()
 2 APPPATH\Controllers\ChapterController.php(318): CodeIgniter\Encryption\Handlers\OpenSSLHandler->decrypt('')
 3 SYSTEMPATH\CodeIgniter.php(941): App\Controllers\ChapterController->managechapter2('2.18.2 S2-2', 'Defined Benefit Pension Scheme Audit Programme', 'assets', 'img', 'illustrations', 'profiles', 'profile-1.png')
 4 SYSTEMPATH\CodeIgniter.php(502): CodeIgniter\CodeIgniter->runController(Object(App\Controllers\ChapterController))
 5 SYSTEMPATH\CodeIgniter.php(361): CodeIgniter\CodeIgniter->handleRequest(null, Object(Config\Cache), false)
 6 FCPATH\index.php(84): CodeIgniter\CodeIgniter->run()
INFO - 2024-03-23 10:30:42 --> Session: Class initialized using 'CodeIgniter\Session\Handlers\FileHandler' driver.
CRITICAL - 2024-03-23 10:30:42 --> CodeIgniter\Encryption\Exceptions\EncryptionException: Decrypting: authentication failed.
in SYSTEMPATH\Encryption\Handlers\OpenSSLHandler.php on line 139.
 1 SYSTEMPATH\Encryption\Handlers\OpenSSLHandler.php(139): CodeIgniter\Encryption\Exceptions\EncryptionException::forAuthenticationFailed()
 2 APPPATH\Controllers\ChapterController.php(318): CodeIgniter\Encryption\Handlers\OpenSSLHandler->decrypt('')
 3 SYSTEMPATH\CodeIgniter.php(941): App\Controllers\ChapterController->managechapter2('2.18.2 S2-2', 'Defined Benefit Pension Scheme Audit Programme', 'assets', 'img', 'illustrations', 'profiles', 'profile-4.png')
 4 SYSTEMPATH\CodeIgniter.php(502): CodeIgniter\CodeIgniter->runController(Object(App\Controllers\ChapterController))
 5 SYSTEMPATH\CodeIgniter.php(361): CodeIgniter\CodeIgniter->handleRequest(null, Object(Config\Cache), false)
 6 FCPATH\index.php(84): CodeIgniter\CodeIgniter->run()
