INFO - 2024-07-11 11:47:41 --> Session: Class initialized using 'CodeIgniter\Session\Handlers\FileHandler' driver.
INFO - 2024-07-11 11:47:49 --> Session: Class initialized using 'CodeIgniter\Session\Handlers\FileHandler' driver.
INFO - 2024-07-11 11:47:49 --> Session: Class initialized using 'CodeIgniter\Session\Handlers\FileHandler' driver.
INFO - 2024-07-11 11:49:37 --> Session: Class initialized using 'CodeIgniter\Session\Handlers\FileHandler' driver.
INFO - 2024-07-11 11:49:39 --> Session: Class initialized using 'CodeIgniter\Session\Handlers\FileHandler' driver.
WARNING - 2024-07-11 11:49:40 --> [DEPRECATED] strtotime(): Passing null to parameter #1 ($datetime) of type string is deprecated in APPPATH/Views/workpaper/Report.php on line 1265.
 1 APPPATH/Views/workpaper/Report.php(1265): strtotime(null)
 2 SYSTEMPATH/View/View.php(228): include('/home/q05wyrnxw9oo/testapplaud.buildappminds.com/app/Views/workpaper/Report.php')
 3 SYSTEMPATH/View/View.php(231): CodeIgniter\View\View->CodeIgniter\View\{closure}()
 4 SYSTEMPATH/Common.php(1178): CodeIgniter\View\View->render('workpaper/Report', [], true)
 5 APPPATH/Controllers/ReportController.php(58): view('workpaper/Report', [...])
 6 SYSTEMPATH/CodeIgniter.php(941): App\Controllers\ReportController->generatepdf('e8da72c61b050ee0137ea587ecb831936172ba36f79bdda1d352e30c68ea33f67c6f16f802cd278310b2d8f8daa7f59e732ce2c0ae53e3a1ed9e283a7f65c81cMvp$U7XSRne9jFTV~gprRns=', '20e856b57f0f34b321f5d1d05212a86ff596e7000f553126709dd9e81277b4cc0dc5334a63d168adede71b3e0aa31577f39167fb1da0ba5ecbe19d360c931ac8XTD7wc71SlVgZ8mno5c2Dhs=', 'Juan Dela Cruz', 'Davies John Boco - Auditing Firm', 'Davies John Boco - Auditing Firm', 'Davies John Boco - Auditing Firm', '2024', '12-31')
 7 SYSTEMPATH/CodeIgniter.php(502): CodeIgniter\CodeIgniter->runController(Object(App\Controllers\ReportController))
 8 SYSTEMPATH/CodeIgniter.php(361): CodeIgniter\CodeIgniter->handleRequest(null, Object(Config\Cache), false)
 9 FCPATH/index.php(84): CodeIgniter\CodeIgniter->run()
WARNING - 2024-07-11 11:49:40 --> [DEPRECATED] strtotime(): Passing null to parameter #1 ($datetime) of type string is deprecated in APPPATH/Views/workpaper/Report.php on line 1269.
 1 APPPATH/Views/workpaper/Report.php(1269): strtotime(null)
 2 SYSTEMPATH/View/View.php(228): include('/home/q05wyrnxw9oo/testapplaud.buildappminds.com/app/Views/workpaper/Report.php')
 3 SYSTEMPATH/View/View.php(231): CodeIgniter\View\View->CodeIgniter\View\{closure}()
 4 SYSTEMPATH/Common.php(1178): CodeIgniter\View\View->render('workpaper/Report', [], true)
 5 APPPATH/Controllers/ReportController.php(58): view('workpaper/Report', [...])
 6 SYSTEMPATH/CodeIgniter.php(941): App\Controllers\ReportController->generatepdf('e8da72c61b050ee0137ea587ecb831936172ba36f79bdda1d352e30c68ea33f67c6f16f802cd278310b2d8f8daa7f59e732ce2c0ae53e3a1ed9e283a7f65c81cMvp$U7XSRne9jFTV~gprRns=', '20e856b57f0f34b321f5d1d05212a86ff596e7000f553126709dd9e81277b4cc0dc5334a63d168adede71b3e0aa31577f39167fb1da0ba5ecbe19d360c931ac8XTD7wc71SlVgZ8mno5c2Dhs=', 'Juan Dela Cruz', 'Davies John Boco - Auditing Firm', 'Davies John Boco - Auditing Firm', 'Davies John Boco - Auditing Firm', '2024', '12-31')
 7 SYSTEMPATH/CodeIgniter.php(502): CodeIgniter\CodeIgniter->runController(Object(App\Controllers\ReportController))
 8 SYSTEMPATH/CodeIgniter.php(361): CodeIgniter\CodeIgniter->handleRequest(null, Object(Config\Cache), false)
 9 FCPATH/index.php(84): CodeIgniter\CodeIgniter->run()
WARNING - 2024-07-11 11:49:40 --> [DEPRECATED] strtotime(): Passing null to parameter #1 ($datetime) of type string is deprecated in APPPATH/Views/workpaper/Report.php on line 1437.
 1 APPPATH/Views/workpaper/Report.php(1437): strtotime(null)
 2 SYSTEMPATH/View/View.php(228): include('/home/q05wyrnxw9oo/testapplaud.buildappminds.com/app/Views/workpaper/Report.php')
 3 SYSTEMPATH/View/View.php(231): CodeIgniter\View\View->CodeIgniter\View\{closure}()
 4 SYSTEMPATH/Common.php(1178): CodeIgniter\View\View->render('workpaper/Report', [], true)
 5 APPPATH/Controllers/ReportController.php(58): view('workpaper/Report', [...])
 6 SYSTEMPATH/CodeIgniter.php(941): App\Controllers\ReportController->generatepdf('e8da72c61b050ee0137ea587ecb831936172ba36f79bdda1d352e30c68ea33f67c6f16f802cd278310b2d8f8daa7f59e732ce2c0ae53e3a1ed9e283a7f65c81cMvp$U7XSRne9jFTV~gprRns=', '20e856b57f0f34b321f5d1d05212a86ff596e7000f553126709dd9e81277b4cc0dc5334a63d168adede71b3e0aa31577f39167fb1da0ba5ecbe19d360c931ac8XTD7wc71SlVgZ8mno5c2Dhs=', 'Juan Dela Cruz', 'Davies John Boco - Auditing Firm', 'Davies John Boco - Auditing Firm', 'Davies John Boco - Auditing Firm', '2024', '12-31')
 7 SYSTEMPATH/CodeIgniter.php(502): CodeIgniter\CodeIgniter->runController(Object(App\Controllers\ReportController))
 8 SYSTEMPATH/CodeIgniter.php(361): CodeIgniter\CodeIgniter->handleRequest(null, Object(Config\Cache), false)
 9 FCPATH/index.php(84): CodeIgniter\CodeIgniter->run()
WARNING - 2024-07-11 11:49:40 --> [DEPRECATED] strtotime(): Passing null to parameter #1 ($datetime) of type string is deprecated in APPPATH/Views/workpaper/Report.php on line 1441.
 1 APPPATH/Views/workpaper/Report.php(1441): strtotime(null)
 2 SYSTEMPATH/View/View.php(228): include('/home/q05wyrnxw9oo/testapplaud.buildappminds.com/app/Views/workpaper/Report.php')
 3 SYSTEMPATH/View/View.php(231): CodeIgniter\View\View->CodeIgniter\View\{closure}()
 4 SYSTEMPATH/Common.php(1178): CodeIgniter\View\View->render('workpaper/Report', [], true)
 5 APPPATH/Controllers/ReportController.php(58): view('workpaper/Report', [...])
 6 SYSTEMPATH/CodeIgniter.php(941): App\Controllers\ReportController->generatepdf('e8da72c61b050ee0137ea587ecb831936172ba36f79bdda1d352e30c68ea33f67c6f16f802cd278310b2d8f8daa7f59e732ce2c0ae53e3a1ed9e283a7f65c81cMvp$U7XSRne9jFTV~gprRns=', '20e856b57f0f34b321f5d1d05212a86ff596e7000f553126709dd9e81277b4cc0dc5334a63d168adede71b3e0aa31577f39167fb1da0ba5ecbe19d360c931ac8XTD7wc71SlVgZ8mno5c2Dhs=', 'Juan Dela Cruz', 'Davies John Boco - Auditing Firm', 'Davies John Boco - Auditing Firm', 'Davies John Boco - Auditing Firm', '2024', '12-31')
 7 SYSTEMPATH/CodeIgniter.php(502): CodeIgniter\CodeIgniter->runController(Object(App\Controllers\ReportController))
 8 SYSTEMPATH/CodeIgniter.php(361): CodeIgniter\CodeIgniter->handleRequest(null, Object(Config\Cache), false)
 9 FCPATH/index.php(84): CodeIgniter\CodeIgniter->run()
WARNING - 2024-07-11 11:49:42 --> [DEPRECATED] strtotime(): Passing null to parameter #1 ($datetime) of type string is deprecated in APPPATH/Views/workpaper/Report.php on line 1861.
 1 APPPATH/Views/workpaper/Report.php(1861): strtotime(null)
 2 SYSTEMPATH/View/View.php(228): include('/home/q05wyrnxw9oo/testapplaud.buildappminds.com/app/Views/workpaper/Report.php')
 3 SYSTEMPATH/View/View.php(231): CodeIgniter\View\View->CodeIgniter\View\{closure}()
 4 SYSTEMPATH/Common.php(1178): CodeIgniter\View\View->render('workpaper/Report', [], true)
 5 APPPATH/Controllers/ReportController.php(58): view('workpaper/Report', [...])
 6 SYSTEMPATH/CodeIgniter.php(941): App\Controllers\ReportController->generatepdf('e8da72c61b050ee0137ea587ecb831936172ba36f79bdda1d352e30c68ea33f67c6f16f802cd278310b2d8f8daa7f59e732ce2c0ae53e3a1ed9e283a7f65c81cMvp$U7XSRne9jFTV~gprRns=', '20e856b57f0f34b321f5d1d05212a86ff596e7000f553126709dd9e81277b4cc0dc5334a63d168adede71b3e0aa31577f39167fb1da0ba5ecbe19d360c931ac8XTD7wc71SlVgZ8mno5c2Dhs=', 'Juan Dela Cruz', 'Davies John Boco - Auditing Firm', 'Davies John Boco - Auditing Firm', 'Davies John Boco - Auditing Firm', '2024', '12-31')
 7 SYSTEMPATH/CodeIgniter.php(502): CodeIgniter\CodeIgniter->runController(Object(App\Controllers\ReportController))
 8 SYSTEMPATH/CodeIgniter.php(361): CodeIgniter\CodeIgniter->handleRequest(null, Object(Config\Cache), false)
 9 FCPATH/index.php(84): CodeIgniter\CodeIgniter->run()
WARNING - 2024-07-11 11:49:42 --> [DEPRECATED] strtotime(): Passing null to parameter #1 ($datetime) of type string is deprecated in APPPATH/Views/workpaper/Report.php on line 1865.
 1 APPPATH/Views/workpaper/Report.php(1865): strtotime(null)
 2 SYSTEMPATH/View/View.php(228): include('/home/q05wyrnxw9oo/testapplaud.buildappminds.com/app/Views/workpaper/Report.php')
 3 SYSTEMPATH/View/View.php(231): CodeIgniter\View\View->CodeIgniter\View\{closure}()
 4 SYSTEMPATH/Common.php(1178): CodeIgniter\View\View->render('workpaper/Report', [], true)
 5 APPPATH/Controllers/ReportController.php(58): view('workpaper/Report', [...])
 6 SYSTEMPATH/CodeIgniter.php(941): App\Controllers\ReportController->generatepdf('e8da72c61b050ee0137ea587ecb831936172ba36f79bdda1d352e30c68ea33f67c6f16f802cd278310b2d8f8daa7f59e732ce2c0ae53e3a1ed9e283a7f65c81cMvp$U7XSRne9jFTV~gprRns=', '20e856b57f0f34b321f5d1d05212a86ff596e7000f553126709dd9e81277b4cc0dc5334a63d168adede71b3e0aa31577f39167fb1da0ba5ecbe19d360c931ac8XTD7wc71SlVgZ8mno5c2Dhs=', 'Juan Dela Cruz', 'Davies John Boco - Auditing Firm', 'Davies John Boco - Auditing Firm', 'Davies John Boco - Auditing Firm', '2024', '12-31')
 7 SYSTEMPATH/CodeIgniter.php(502): CodeIgniter\CodeIgniter->runController(Object(App\Controllers\ReportController))
 8 SYSTEMPATH/CodeIgniter.php(361): CodeIgniter\CodeIgniter->handleRequest(null, Object(Config\Cache), false)
 9 FCPATH/index.php(84): CodeIgniter\CodeIgniter->run()
WARNING - 2024-07-11 11:49:42 --> [DEPRECATED] strtotime(): Passing null to parameter #1 ($datetime) of type string is deprecated in APPPATH/Views/workpaper/Report.php on line 4233.
 1 APPPATH/Views/workpaper/Report.php(4233): strtotime(null)
 2 SYSTEMPATH/View/View.php(228): include('/home/q05wyrnxw9oo/testapplaud.buildappminds.com/app/Views/workpaper/Report.php')
 3 SYSTEMPATH/View/View.php(231): CodeIgniter\View\View->CodeIgniter\View\{closure}()
 4 SYSTEMPATH/Common.php(1178): CodeIgniter\View\View->render('workpaper/Report', [], true)
 5 APPPATH/Controllers/ReportController.php(58): view('workpaper/Report', [...])
 6 SYSTEMPATH/CodeIgniter.php(941): App\Controllers\ReportController->generatepdf('e8da72c61b050ee0137ea587ecb831936172ba36f79bdda1d352e30c68ea33f67c6f16f802cd278310b2d8f8daa7f59e732ce2c0ae53e3a1ed9e283a7f65c81cMvp$U7XSRne9jFTV~gprRns=', '20e856b57f0f34b321f5d1d05212a86ff596e7000f553126709dd9e81277b4cc0dc5334a63d168adede71b3e0aa31577f39167fb1da0ba5ecbe19d360c931ac8XTD7wc71SlVgZ8mno5c2Dhs=', 'Juan Dela Cruz', 'Davies John Boco - Auditing Firm', 'Davies John Boco - Auditing Firm', 'Davies John Boco - Auditing Firm', '2024', '12-31')
 7 SYSTEMPATH/CodeIgniter.php(502): CodeIgniter\CodeIgniter->runController(Object(App\Controllers\ReportController))
 8 SYSTEMPATH/CodeIgniter.php(361): CodeIgniter\CodeIgniter->handleRequest(null, Object(Config\Cache), false)
 9 FCPATH/index.php(84): CodeIgniter\CodeIgniter->run()
WARNING - 2024-07-11 11:49:42 --> [DEPRECATED] strtotime(): Passing null to parameter #1 ($datetime) of type string is deprecated in APPPATH/Views/workpaper/Report.php on line 4237.
 1 APPPATH/Views/workpaper/Report.php(4237): strtotime(null)
 2 SYSTEMPATH/View/View.php(228): include('/home/q05wyrnxw9oo/testapplaud.buildappminds.com/app/Views/workpaper/Report.php')
 3 SYSTEMPATH/View/View.php(231): CodeIgniter\View\View->CodeIgniter\View\{closure}()
 4 SYSTEMPATH/Common.php(1178): CodeIgniter\View\View->render('workpaper/Report', [], true)
 5 APPPATH/Controllers/ReportController.php(58): view('workpaper/Report', [...])
 6 SYSTEMPATH/CodeIgniter.php(941): App\Controllers\ReportController->generatepdf('e8da72c61b050ee0137ea587ecb831936172ba36f79bdda1d352e30c68ea33f67c6f16f802cd278310b2d8f8daa7f59e732ce2c0ae53e3a1ed9e283a7f65c81cMvp$U7XSRne9jFTV~gprRns=', '20e856b57f0f34b321f5d1d05212a86ff596e7000f553126709dd9e81277b4cc0dc5334a63d168adede71b3e0aa31577f39167fb1da0ba5ecbe19d360c931ac8XTD7wc71SlVgZ8mno5c2Dhs=', 'Juan Dela Cruz', 'Davies John Boco - Auditing Firm', 'Davies John Boco - Auditing Firm', 'Davies John Boco - Auditing Firm', '2024', '12-31')
 7 SYSTEMPATH/CodeIgniter.php(502): CodeIgniter\CodeIgniter->runController(Object(App\Controllers\ReportController))
 8 SYSTEMPATH/CodeIgniter.php(361): CodeIgniter\CodeIgniter->handleRequest(null, Object(Config\Cache), false)
 9 FCPATH/index.php(84): CodeIgniter\CodeIgniter->run()
WARNING - 2024-07-11 11:49:42 --> [DEPRECATED] strtotime(): Passing null to parameter #1 ($datetime) of type string is deprecated in APPPATH/Views/workpaper/Report.php on line 5479.
 1 APPPATH/Views/workpaper/Report.php(5479): strtotime(null)
 2 SYSTEMPATH/View/View.php(228): include('/home/q05wyrnxw9oo/testapplaud.buildappminds.com/app/Views/workpaper/Report.php')
 3 SYSTEMPATH/View/View.php(231): CodeIgniter\View\View->CodeIgniter\View\{closure}()
 4 SYSTEMPATH/Common.php(1178): CodeIgniter\View\View->render('workpaper/Report', [], true)
 5 APPPATH/Controllers/ReportController.php(58): view('workpaper/Report', [...])
 6 SYSTEMPATH/CodeIgniter.php(941): App\Controllers\ReportController->generatepdf('e8da72c61b050ee0137ea587ecb831936172ba36f79bdda1d352e30c68ea33f67c6f16f802cd278310b2d8f8daa7f59e732ce2c0ae53e3a1ed9e283a7f65c81cMvp$U7XSRne9jFTV~gprRns=', '20e856b57f0f34b321f5d1d05212a86ff596e7000f553126709dd9e81277b4cc0dc5334a63d168adede71b3e0aa31577f39167fb1da0ba5ecbe19d360c931ac8XTD7wc71SlVgZ8mno5c2Dhs=', 'Juan Dela Cruz', 'Davies John Boco - Auditing Firm', 'Davies John Boco - Auditing Firm', 'Davies John Boco - Auditing Firm', '2024', '12-31')
 7 SYSTEMPATH/CodeIgniter.php(502): CodeIgniter\CodeIgniter->runController(Object(App\Controllers\ReportController))
 8 SYSTEMPATH/CodeIgniter.php(361): CodeIgniter\CodeIgniter->handleRequest(null, Object(Config\Cache), false)
 9 FCPATH/index.php(84): CodeIgniter\CodeIgniter->run()
WARNING - 2024-07-11 11:49:42 --> [DEPRECATED] strtotime(): Passing null to parameter #1 ($datetime) of type string is deprecated in APPPATH/Views/workpaper/Report.php on line 5483.
 1 APPPATH/Views/workpaper/Report.php(5483): strtotime(null)
 2 SYSTEMPATH/View/View.php(228): include('/home/q05wyrnxw9oo/testapplaud.buildappminds.com/app/Views/workpaper/Report.php')
 3 SYSTEMPATH/View/View.php(231): CodeIgniter\View\View->CodeIgniter\View\{closure}()
 4 SYSTEMPATH/Common.php(1178): CodeIgniter\View\View->render('workpaper/Report', [], true)
 5 APPPATH/Controllers/ReportController.php(58): view('workpaper/Report', [...])
 6 SYSTEMPATH/CodeIgniter.php(941): App\Controllers\ReportController->generatepdf('e8da72c61b050ee0137ea587ecb831936172ba36f79bdda1d352e30c68ea33f67c6f16f802cd278310b2d8f8daa7f59e732ce2c0ae53e3a1ed9e283a7f65c81cMvp$U7XSRne9jFTV~gprRns=', '20e856b57f0f34b321f5d1d05212a86ff596e7000f553126709dd9e81277b4cc0dc5334a63d168adede71b3e0aa31577f39167fb1da0ba5ecbe19d360c931ac8XTD7wc71SlVgZ8mno5c2Dhs=', 'Juan Dela Cruz', 'Davies John Boco - Auditing Firm', 'Davies John Boco - Auditing Firm', 'Davies John Boco - Auditing Firm', '2024', '12-31')
 7 SYSTEMPATH/CodeIgniter.php(502): CodeIgniter\CodeIgniter->runController(Object(App\Controllers\ReportController))
 8 SYSTEMPATH/CodeIgniter.php(361): CodeIgniter\CodeIgniter->handleRequest(null, Object(Config\Cache), false)
 9 FCPATH/index.php(84): CodeIgniter\CodeIgniter->run()
WARNING - 2024-07-11 11:49:42 --> [DEPRECATED] strtotime(): Passing null to parameter #1 ($datetime) of type string is deprecated in APPPATH/Views/workpaper/Report.php on line 5563.
 1 APPPATH/Views/workpaper/Report.php(5563): strtotime(null)
 2 SYSTEMPATH/View/View.php(228): include('/home/q05wyrnxw9oo/testapplaud.buildappminds.com/app/Views/workpaper/Report.php')
 3 SYSTEMPATH/View/View.php(231): CodeIgniter\View\View->CodeIgniter\View\{closure}()
 4 SYSTEMPATH/Common.php(1178): CodeIgniter\View\View->render('workpaper/Report', [], true)
 5 APPPATH/Controllers/ReportController.php(58): view('workpaper/Report', [...])
 6 SYSTEMPATH/CodeIgniter.php(941): App\Controllers\ReportController->generatepdf('e8da72c61b050ee0137ea587ecb831936172ba36f79bdda1d352e30c68ea33f67c6f16f802cd278310b2d8f8daa7f59e732ce2c0ae53e3a1ed9e283a7f65c81cMvp$U7XSRne9jFTV~gprRns=', '20e856b57f0f34b321f5d1d05212a86ff596e7000f553126709dd9e81277b4cc0dc5334a63d168adede71b3e0aa31577f39167fb1da0ba5ecbe19d360c931ac8XTD7wc71SlVgZ8mno5c2Dhs=', 'Juan Dela Cruz', 'Davies John Boco - Auditing Firm', 'Davies John Boco - Auditing Firm', 'Davies John Boco - Auditing Firm', '2024', '12-31')
 7 SYSTEMPATH/CodeIgniter.php(502): CodeIgniter\CodeIgniter->runController(Object(App\Controllers\ReportController))
 8 SYSTEMPATH/CodeIgniter.php(361): CodeIgniter\CodeIgniter->handleRequest(null, Object(Config\Cache), false)
 9 FCPATH/index.php(84): CodeIgniter\CodeIgniter->run()
WARNING - 2024-07-11 11:49:42 --> [DEPRECATED] strtotime(): Passing null to parameter #1 ($datetime) of type string is deprecated in APPPATH/Views/workpaper/Report.php on line 5567.
 1 APPPATH/Views/workpaper/Report.php(5567): strtotime(null)
 2 SYSTEMPATH/View/View.php(228): include('/home/q05wyrnxw9oo/testapplaud.buildappminds.com/app/Views/workpaper/Report.php')
 3 SYSTEMPATH/View/View.php(231): CodeIgniter\View\View->CodeIgniter\View\{closure}()
 4 SYSTEMPATH/Common.php(1178): CodeIgniter\View\View->render('workpaper/Report', [], true)
 5 APPPATH/Controllers/ReportController.php(58): view('workpaper/Report', [...])
 6 SYSTEMPATH/CodeIgniter.php(941): App\Controllers\ReportController->generatepdf('e8da72c61b050ee0137ea587ecb831936172ba36f79bdda1d352e30c68ea33f67c6f16f802cd278310b2d8f8daa7f59e732ce2c0ae53e3a1ed9e283a7f65c81cMvp$U7XSRne9jFTV~gprRns=', '20e856b57f0f34b321f5d1d05212a86ff596e7000f553126709dd9e81277b4cc0dc5334a63d168adede71b3e0aa31577f39167fb1da0ba5ecbe19d360c931ac8XTD7wc71SlVgZ8mno5c2Dhs=', 'Juan Dela Cruz', 'Davies John Boco - Auditing Firm', 'Davies John Boco - Auditing Firm', 'Davies John Boco - Auditing Firm', '2024', '12-31')
 7 SYSTEMPATH/CodeIgniter.php(502): CodeIgniter\CodeIgniter->runController(Object(App\Controllers\ReportController))
 8 SYSTEMPATH/CodeIgniter.php(361): CodeIgniter\CodeIgniter->handleRequest(null, Object(Config\Cache), false)
 9 FCPATH/index.php(84): CodeIgniter\CodeIgniter->run()
WARNING - 2024-07-11 11:49:43 --> [DEPRECATED] strtotime(): Passing null to parameter #1 ($datetime) of type string is deprecated in APPPATH/Views/workpaper/Report.php on line 5645.
 1 APPPATH/Views/workpaper/Report.php(5645): strtotime(null)
 2 SYSTEMPATH/View/View.php(228): include('/home/q05wyrnxw9oo/testapplaud.buildappminds.com/app/Views/workpaper/Report.php')
 3 SYSTEMPATH/View/View.php(231): CodeIgniter\View\View->CodeIgniter\View\{closure}()
 4 SYSTEMPATH/Common.php(1178): CodeIgniter\View\View->render('workpaper/Report', [], true)
 5 APPPATH/Controllers/ReportController.php(58): view('workpaper/Report', [...])
 6 SYSTEMPATH/CodeIgniter.php(941): App\Controllers\ReportController->generatepdf('e8da72c61b050ee0137ea587ecb831936172ba36f79bdda1d352e30c68ea33f67c6f16f802cd278310b2d8f8daa7f59e732ce2c0ae53e3a1ed9e283a7f65c81cMvp$U7XSRne9jFTV~gprRns=', '20e856b57f0f34b321f5d1d05212a86ff596e7000f553126709dd9e81277b4cc0dc5334a63d168adede71b3e0aa31577f39167fb1da0ba5ecbe19d360c931ac8XTD7wc71SlVgZ8mno5c2Dhs=', 'Juan Dela Cruz', 'Davies John Boco - Auditing Firm', 'Davies John Boco - Auditing Firm', 'Davies John Boco - Auditing Firm', '2024', '12-31')
 7 SYSTEMPATH/CodeIgniter.php(502): CodeIgniter\CodeIgniter->runController(Object(App\Controllers\ReportController))
 8 SYSTEMPATH/CodeIgniter.php(361): CodeIgniter\CodeIgniter->handleRequest(null, Object(Config\Cache), false)
 9 FCPATH/index.php(84): CodeIgniter\CodeIgniter->run()
WARNING - 2024-07-11 11:49:43 --> [DEPRECATED] strtotime(): Passing null to parameter #1 ($datetime) of type string is deprecated in APPPATH/Views/workpaper/Report.php on line 5649.
 1 APPPATH/Views/workpaper/Report.php(5649): strtotime(null)
 2 SYSTEMPATH/View/View.php(228): include('/home/q05wyrnxw9oo/testapplaud.buildappminds.com/app/Views/workpaper/Report.php')
 3 SYSTEMPATH/View/View.php(231): CodeIgniter\View\View->CodeIgniter\View\{closure}()
 4 SYSTEMPATH/Common.php(1178): CodeIgniter\View\View->render('workpaper/Report', [], true)
 5 APPPATH/Controllers/ReportController.php(58): view('workpaper/Report', [...])
 6 SYSTEMPATH/CodeIgniter.php(941): App\Controllers\ReportController->generatepdf('e8da72c61b050ee0137ea587ecb831936172ba36f79bdda1d352e30c68ea33f67c6f16f802cd278310b2d8f8daa7f59e732ce2c0ae53e3a1ed9e283a7f65c81cMvp$U7XSRne9jFTV~gprRns=', '20e856b57f0f34b321f5d1d05212a86ff596e7000f553126709dd9e81277b4cc0dc5334a63d168adede71b3e0aa31577f39167fb1da0ba5ecbe19d360c931ac8XTD7wc71SlVgZ8mno5c2Dhs=', 'Juan Dela Cruz', 'Davies John Boco - Auditing Firm', 'Davies John Boco - Auditing Firm', 'Davies John Boco - Auditing Firm', '2024', '12-31')
 7 SYSTEMPATH/CodeIgniter.php(502): CodeIgniter\CodeIgniter->runController(Object(App\Controllers\ReportController))
 8 SYSTEMPATH/CodeIgniter.php(361): CodeIgniter\CodeIgniter->handleRequest(null, Object(Config\Cache), false)
 9 FCPATH/index.php(84): CodeIgniter\CodeIgniter->run()
WARNING - 2024-07-11 11:49:43 --> [DEPRECATED] strtotime(): Passing null to parameter #1 ($datetime) of type string is deprecated in APPPATH/Views/workpaper/Report.php on line 5722.
 1 APPPATH/Views/workpaper/Report.php(5722): strtotime(null)
 2 SYSTEMPATH/View/View.php(228): include('/home/q05wyrnxw9oo/testapplaud.buildappminds.com/app/Views/workpaper/Report.php')
 3 SYSTEMPATH/View/View.php(231): CodeIgniter\View\View->CodeIgniter\View\{closure}()
 4 SYSTEMPATH/Common.php(1178): CodeIgniter\View\View->render('workpaper/Report', [], true)
 5 APPPATH/Controllers/ReportController.php(58): view('workpaper/Report', [...])
 6 SYSTEMPATH/CodeIgniter.php(941): App\Controllers\ReportController->generatepdf('e8da72c61b050ee0137ea587ecb831936172ba36f79bdda1d352e30c68ea33f67c6f16f802cd278310b2d8f8daa7f59e732ce2c0ae53e3a1ed9e283a7f65c81cMvp$U7XSRne9jFTV~gprRns=', '20e856b57f0f34b321f5d1d05212a86ff596e7000f553126709dd9e81277b4cc0dc5334a63d168adede71b3e0aa31577f39167fb1da0ba5ecbe19d360c931ac8XTD7wc71SlVgZ8mno5c2Dhs=', 'Juan Dela Cruz', 'Davies John Boco - Auditing Firm', 'Davies John Boco - Auditing Firm', 'Davies John Boco - Auditing Firm', '2024', '12-31')
 7 SYSTEMPATH/CodeIgniter.php(502): CodeIgniter\CodeIgniter->runController(Object(App\Controllers\ReportController))
 8 SYSTEMPATH/CodeIgniter.php(361): CodeIgniter\CodeIgniter->handleRequest(null, Object(Config\Cache), false)
 9 FCPATH/index.php(84): CodeIgniter\CodeIgniter->run()
WARNING - 2024-07-11 11:49:43 --> [DEPRECATED] strtotime(): Passing null to parameter #1 ($datetime) of type string is deprecated in APPPATH/Views/workpaper/Report.php on line 5726.
 1 APPPATH/Views/workpaper/Report.php(5726): strtotime(null)
 2 SYSTEMPATH/View/View.php(228): include('/home/q05wyrnxw9oo/testapplaud.buildappminds.com/app/Views/workpaper/Report.php')
 3 SYSTEMPATH/View/View.php(231): CodeIgniter\View\View->CodeIgniter\View\{closure}()
 4 SYSTEMPATH/Common.php(1178): CodeIgniter\View\View->render('workpaper/Report', [], true)
 5 APPPATH/Controllers/ReportController.php(58): view('workpaper/Report', [...])
 6 SYSTEMPATH/CodeIgniter.php(941): App\Controllers\ReportController->generatepdf('e8da72c61b050ee0137ea587ecb831936172ba36f79bdda1d352e30c68ea33f67c6f16f802cd278310b2d8f8daa7f59e732ce2c0ae53e3a1ed9e283a7f65c81cMvp$U7XSRne9jFTV~gprRns=', '20e856b57f0f34b321f5d1d05212a86ff596e7000f553126709dd9e81277b4cc0dc5334a63d168adede71b3e0aa31577f39167fb1da0ba5ecbe19d360c931ac8XTD7wc71SlVgZ8mno5c2Dhs=', 'Juan Dela Cruz', 'Davies John Boco - Auditing Firm', 'Davies John Boco - Auditing Firm', 'Davies John Boco - Auditing Firm', '2024', '12-31')
 7 SYSTEMPATH/CodeIgniter.php(502): CodeIgniter\CodeIgniter->runController(Object(App\Controllers\ReportController))
 8 SYSTEMPATH/CodeIgniter.php(361): CodeIgniter\CodeIgniter->handleRequest(null, Object(Config\Cache), false)
 9 FCPATH/index.php(84): CodeIgniter\CodeIgniter->run()
WARNING - 2024-07-11 11:49:43 --> [DEPRECATED] strtotime(): Passing null to parameter #1 ($datetime) of type string is deprecated in APPPATH/Views/workpaper/Report.php on line 8348.
 1 APPPATH/Views/workpaper/Report.php(8348): strtotime(null)
 2 SYSTEMPATH/View/View.php(228): include('/home/q05wyrnxw9oo/testapplaud.buildappminds.com/app/Views/workpaper/Report.php')
 3 SYSTEMPATH/View/View.php(231): CodeIgniter\View\View->CodeIgniter\View\{closure}()
 4 SYSTEMPATH/Common.php(1178): CodeIgniter\View\View->render('workpaper/Report', [], true)
 5 APPPATH/Controllers/ReportController.php(58): view('workpaper/Report', [...])
 6 SYSTEMPATH/CodeIgniter.php(941): App\Controllers\ReportController->generatepdf('e8da72c61b050ee0137ea587ecb831936172ba36f79bdda1d352e30c68ea33f67c6f16f802cd278310b2d8f8daa7f59e732ce2c0ae53e3a1ed9e283a7f65c81cMvp$U7XSRne9jFTV~gprRns=', '20e856b57f0f34b321f5d1d05212a86ff596e7000f553126709dd9e81277b4cc0dc5334a63d168adede71b3e0aa31577f39167fb1da0ba5ecbe19d360c931ac8XTD7wc71SlVgZ8mno5c2Dhs=', 'Juan Dela Cruz', 'Davies John Boco - Auditing Firm', 'Davies John Boco - Auditing Firm', 'Davies John Boco - Auditing Firm', '2024', '12-31')
 7 SYSTEMPATH/CodeIgniter.php(502): CodeIgniter\CodeIgniter->runController(Object(App\Controllers\ReportController))
 8 SYSTEMPATH/CodeIgniter.php(361): CodeIgniter\CodeIgniter->handleRequest(null, Object(Config\Cache), false)
 9 FCPATH/index.php(84): CodeIgniter\CodeIgniter->run()
WARNING - 2024-07-11 11:49:43 --> [DEPRECATED] strtotime(): Passing null to parameter #1 ($datetime) of type string is deprecated in APPPATH/Views/workpaper/Report.php on line 8352.
 1 APPPATH/Views/workpaper/Report.php(8352): strtotime(null)
 2 SYSTEMPATH/View/View.php(228): include('/home/q05wyrnxw9oo/testapplaud.buildappminds.com/app/Views/workpaper/Report.php')
 3 SYSTEMPATH/View/View.php(231): CodeIgniter\View\View->CodeIgniter\View\{closure}()
 4 SYSTEMPATH/Common.php(1178): CodeIgniter\View\View->render('workpaper/Report', [], true)
 5 APPPATH/Controllers/ReportController.php(58): view('workpaper/Report', [...])
 6 SYSTEMPATH/CodeIgniter.php(941): App\Controllers\ReportController->generatepdf('e8da72c61b050ee0137ea587ecb831936172ba36f79bdda1d352e30c68ea33f67c6f16f802cd278310b2d8f8daa7f59e732ce2c0ae53e3a1ed9e283a7f65c81cMvp$U7XSRne9jFTV~gprRns=', '20e856b57f0f34b321f5d1d05212a86ff596e7000f553126709dd9e81277b4cc0dc5334a63d168adede71b3e0aa31577f39167fb1da0ba5ecbe19d360c931ac8XTD7wc71SlVgZ8mno5c2Dhs=', 'Juan Dela Cruz', 'Davies John Boco - Auditing Firm', 'Davies John Boco - Auditing Firm', 'Davies John Boco - Auditing Firm', '2024', '12-31')
 7 SYSTEMPATH/CodeIgniter.php(502): CodeIgniter\CodeIgniter->runController(Object(App\Controllers\ReportController))
 8 SYSTEMPATH/CodeIgniter.php(361): CodeIgniter\CodeIgniter->handleRequest(null, Object(Config\Cache), false)
 9 FCPATH/index.php(84): CodeIgniter\CodeIgniter->run()
WARNING - 2024-07-11 11:49:43 --> [DEPRECATED] strtotime(): Passing null to parameter #1 ($datetime) of type string is deprecated in APPPATH/Views/workpaper/Report.php on line 8743.
 1 APPPATH/Views/workpaper/Report.php(8743): strtotime(null)
 2 SYSTEMPATH/View/View.php(228): include('/home/q05wyrnxw9oo/testapplaud.buildappminds.com/app/Views/workpaper/Report.php')
 3 SYSTEMPATH/View/View.php(231): CodeIgniter\View\View->CodeIgniter\View\{closure}()
 4 SYSTEMPATH/Common.php(1178): CodeIgniter\View\View->render('workpaper/Report', [], true)
 5 APPPATH/Controllers/ReportController.php(58): view('workpaper/Report', [...])
 6 SYSTEMPATH/CodeIgniter.php(941): App\Controllers\ReportController->generatepdf('e8da72c61b050ee0137ea587ecb831936172ba36f79bdda1d352e30c68ea33f67c6f16f802cd278310b2d8f8daa7f59e732ce2c0ae53e3a1ed9e283a7f65c81cMvp$U7XSRne9jFTV~gprRns=', '20e856b57f0f34b321f5d1d05212a86ff596e7000f553126709dd9e81277b4cc0dc5334a63d168adede71b3e0aa31577f39167fb1da0ba5ecbe19d360c931ac8XTD7wc71SlVgZ8mno5c2Dhs=', 'Juan Dela Cruz', 'Davies John Boco - Auditing Firm', 'Davies John Boco - Auditing Firm', 'Davies John Boco - Auditing Firm', '2024', '12-31')
 7 SYSTEMPATH/CodeIgniter.php(502): CodeIgniter\CodeIgniter->runController(Object(App\Controllers\ReportController))
 8 SYSTEMPATH/CodeIgniter.php(361): CodeIgniter\CodeIgniter->handleRequest(null, Object(Config\Cache), false)
 9 FCPATH/index.php(84): CodeIgniter\CodeIgniter->run()
WARNING - 2024-07-11 11:49:43 --> [DEPRECATED] strtotime(): Passing null to parameter #1 ($datetime) of type string is deprecated in APPPATH/Views/workpaper/Report.php on line 8747.
 1 APPPATH/Views/workpaper/Report.php(8747): strtotime(null)
 2 SYSTEMPATH/View/View.php(228): include('/home/q05wyrnxw9oo/testapplaud.buildappminds.com/app/Views/workpaper/Report.php')
 3 SYSTEMPATH/View/View.php(231): CodeIgniter\View\View->CodeIgniter\View\{closure}()
 4 SYSTEMPATH/Common.php(1178): CodeIgniter\View\View->render('workpaper/Report', [], true)
 5 APPPATH/Controllers/ReportController.php(58): view('workpaper/Report', [...])
 6 SYSTEMPATH/CodeIgniter.php(941): App\Controllers\ReportController->generatepdf('e8da72c61b050ee0137ea587ecb831936172ba36f79bdda1d352e30c68ea33f67c6f16f802cd278310b2d8f8daa7f59e732ce2c0ae53e3a1ed9e283a7f65c81cMvp$U7XSRne9jFTV~gprRns=', '20e856b57f0f34b321f5d1d05212a86ff596e7000f553126709dd9e81277b4cc0dc5334a63d168adede71b3e0aa31577f39167fb1da0ba5ecbe19d360c931ac8XTD7wc71SlVgZ8mno5c2Dhs=', 'Juan Dela Cruz', 'Davies John Boco - Auditing Firm', 'Davies John Boco - Auditing Firm', 'Davies John Boco - Auditing Firm', '2024', '12-31')
 7 SYSTEMPATH/CodeIgniter.php(502): CodeIgniter\CodeIgniter->runController(Object(App\Controllers\ReportController))
 8 SYSTEMPATH/CodeIgniter.php(361): CodeIgniter\CodeIgniter->handleRequest(null, Object(Config\Cache), false)
 9 FCPATH/index.php(84): CodeIgniter\CodeIgniter->run()
INFO - 2024-07-11 11:56:18 --> Session: Class initialized using 'CodeIgniter\Session\Handlers\FileHandler' driver.
WARNING - 2024-07-11 11:56:19 --> [DEPRECATED] strtotime(): Passing null to parameter #1 ($datetime) of type string is deprecated in APPPATH/Views/workpaper/Report.php on line 1265.
 1 APPPATH/Views/workpaper/Report.php(1265): strtotime(null)
 2 SYSTEMPATH/View/View.php(228): include('/home/q05wyrnxw9oo/testapplaud.buildappminds.com/app/Views/workpaper/Report.php')
 3 SYSTEMPATH/View/View.php(231): CodeIgniter\View\View->CodeIgniter\View\{closure}()
 4 SYSTEMPATH/Common.php(1178): CodeIgniter\View\View->render('workpaper/Report', [], true)
 5 APPPATH/Controllers/ReportController.php(58): view('workpaper/Report', [...])
 6 SYSTEMPATH/CodeIgniter.php(941): App\Controllers\ReportController->generatepdf('e8da72c61b050ee0137ea587ecb831936172ba36f79bdda1d352e30c68ea33f67c6f16f802cd278310b2d8f8daa7f59e732ce2c0ae53e3a1ed9e283a7f65c81cMvp$U7XSRne9jFTV~gprRns=', '20e856b57f0f34b321f5d1d05212a86ff596e7000f553126709dd9e81277b4cc0dc5334a63d168adede71b3e0aa31577f39167fb1da0ba5ecbe19d360c931ac8XTD7wc71SlVgZ8mno5c2Dhs=', 'Juan Dela Cruz', 'Davies John Boco - Auditing Firm', 'Davies John Boco - Auditing Firm', 'Davies John Boco - Auditing Firm', '2024', '12-31')
 7 SYSTEMPATH/CodeIgniter.php(502): CodeIgniter\CodeIgniter->runController(Object(App\Controllers\ReportController))
 8 SYSTEMPATH/CodeIgniter.php(361): CodeIgniter\CodeIgniter->handleRequest(null, Object(Config\Cache), false)
 9 FCPATH/index.php(84): CodeIgniter\CodeIgniter->run()
WARNING - 2024-07-11 11:56:19 --> [DEPRECATED] strtotime(): Passing null to parameter #1 ($datetime) of type string is deprecated in APPPATH/Views/workpaper/Report.php on line 1269.
 1 APPPATH/Views/workpaper/Report.php(1269): strtotime(null)
 2 SYSTEMPATH/View/View.php(228): include('/home/q05wyrnxw9oo/testapplaud.buildappminds.com/app/Views/workpaper/Report.php')
 3 SYSTEMPATH/View/View.php(231): CodeIgniter\View\View->CodeIgniter\View\{closure}()
 4 SYSTEMPATH/Common.php(1178): CodeIgniter\View\View->render('workpaper/Report', [], true)
 5 APPPATH/Controllers/ReportController.php(58): view('workpaper/Report', [...])
 6 SYSTEMPATH/CodeIgniter.php(941): App\Controllers\ReportController->generatepdf('e8da72c61b050ee0137ea587ecb831936172ba36f79bdda1d352e30c68ea33f67c6f16f802cd278310b2d8f8daa7f59e732ce2c0ae53e3a1ed9e283a7f65c81cMvp$U7XSRne9jFTV~gprRns=', '20e856b57f0f34b321f5d1d05212a86ff596e7000f553126709dd9e81277b4cc0dc5334a63d168adede71b3e0aa31577f39167fb1da0ba5ecbe19d360c931ac8XTD7wc71SlVgZ8mno5c2Dhs=', 'Juan Dela Cruz', 'Davies John Boco - Auditing Firm', 'Davies John Boco - Auditing Firm', 'Davies John Boco - Auditing Firm', '2024', '12-31')
 7 SYSTEMPATH/CodeIgniter.php(502): CodeIgniter\CodeIgniter->runController(Object(App\Controllers\ReportController))
 8 SYSTEMPATH/CodeIgniter.php(361): CodeIgniter\CodeIgniter->handleRequest(null, Object(Config\Cache), false)
 9 FCPATH/index.php(84): CodeIgniter\CodeIgniter->run()
WARNING - 2024-07-11 11:56:19 --> [DEPRECATED] strtotime(): Passing null to parameter #1 ($datetime) of type string is deprecated in APPPATH/Views/workpaper/Report.php on line 1437.
 1 APPPATH/Views/workpaper/Report.php(1437): strtotime(null)
 2 SYSTEMPATH/View/View.php(228): include('/home/q05wyrnxw9oo/testapplaud.buildappminds.com/app/Views/workpaper/Report.php')
 3 SYSTEMPATH/View/View.php(231): CodeIgniter\View\View->CodeIgniter\View\{closure}()
 4 SYSTEMPATH/Common.php(1178): CodeIgniter\View\View->render('workpaper/Report', [], true)
 5 APPPATH/Controllers/ReportController.php(58): view('workpaper/Report', [...])
 6 SYSTEMPATH/CodeIgniter.php(941): App\Controllers\ReportController->generatepdf('e8da72c61b050ee0137ea587ecb831936172ba36f79bdda1d352e30c68ea33f67c6f16f802cd278310b2d8f8daa7f59e732ce2c0ae53e3a1ed9e283a7f65c81cMvp$U7XSRne9jFTV~gprRns=', '20e856b57f0f34b321f5d1d05212a86ff596e7000f553126709dd9e81277b4cc0dc5334a63d168adede71b3e0aa31577f39167fb1da0ba5ecbe19d360c931ac8XTD7wc71SlVgZ8mno5c2Dhs=', 'Juan Dela Cruz', 'Davies John Boco - Auditing Firm', 'Davies John Boco - Auditing Firm', 'Davies John Boco - Auditing Firm', '2024', '12-31')
 7 SYSTEMPATH/CodeIgniter.php(502): CodeIgniter\CodeIgniter->runController(Object(App\Controllers\ReportController))
 8 SYSTEMPATH/CodeIgniter.php(361): CodeIgniter\CodeIgniter->handleRequest(null, Object(Config\Cache), false)
 9 FCPATH/index.php(84): CodeIgniter\CodeIgniter->run()
WARNING - 2024-07-11 11:56:19 --> [DEPRECATED] strtotime(): Passing null to parameter #1 ($datetime) of type string is deprecated in APPPATH/Views/workpaper/Report.php on line 1441.
 1 APPPATH/Views/workpaper/Report.php(1441): strtotime(null)
 2 SYSTEMPATH/View/View.php(228): include('/home/q05wyrnxw9oo/testapplaud.buildappminds.com/app/Views/workpaper/Report.php')
 3 SYSTEMPATH/View/View.php(231): CodeIgniter\View\View->CodeIgniter\View\{closure}()
 4 SYSTEMPATH/Common.php(1178): CodeIgniter\View\View->render('workpaper/Report', [], true)
 5 APPPATH/Controllers/ReportController.php(58): view('workpaper/Report', [...])
 6 SYSTEMPATH/CodeIgniter.php(941): App\Controllers\ReportController->generatepdf('e8da72c61b050ee0137ea587ecb831936172ba36f79bdda1d352e30c68ea33f67c6f16f802cd278310b2d8f8daa7f59e732ce2c0ae53e3a1ed9e283a7f65c81cMvp$U7XSRne9jFTV~gprRns=', '20e856b57f0f34b321f5d1d05212a86ff596e7000f553126709dd9e81277b4cc0dc5334a63d168adede71b3e0aa31577f39167fb1da0ba5ecbe19d360c931ac8XTD7wc71SlVgZ8mno5c2Dhs=', 'Juan Dela Cruz', 'Davies John Boco - Auditing Firm', 'Davies John Boco - Auditing Firm', 'Davies John Boco - Auditing Firm', '2024', '12-31')
 7 SYSTEMPATH/CodeIgniter.php(502): CodeIgniter\CodeIgniter->runController(Object(App\Controllers\ReportController))
 8 SYSTEMPATH/CodeIgniter.php(361): CodeIgniter\CodeIgniter->handleRequest(null, Object(Config\Cache), false)
 9 FCPATH/index.php(84): CodeIgniter\CodeIgniter->run()
WARNING - 2024-07-11 11:56:20 --> [DEPRECATED] strtotime(): Passing null to parameter #1 ($datetime) of type string is deprecated in APPPATH/Views/workpaper/Report.php on line 1861.
 1 APPPATH/Views/workpaper/Report.php(1861): strtotime(null)
 2 SYSTEMPATH/View/View.php(228): include('/home/q05wyrnxw9oo/testapplaud.buildappminds.com/app/Views/workpaper/Report.php')
 3 SYSTEMPATH/View/View.php(231): CodeIgniter\View\View->CodeIgniter\View\{closure}()
 4 SYSTEMPATH/Common.php(1178): CodeIgniter\View\View->render('workpaper/Report', [], true)
 5 APPPATH/Controllers/ReportController.php(58): view('workpaper/Report', [...])
 6 SYSTEMPATH/CodeIgniter.php(941): App\Controllers\ReportController->generatepdf('e8da72c61b050ee0137ea587ecb831936172ba36f79bdda1d352e30c68ea33f67c6f16f802cd278310b2d8f8daa7f59e732ce2c0ae53e3a1ed9e283a7f65c81cMvp$U7XSRne9jFTV~gprRns=', '20e856b57f0f34b321f5d1d05212a86ff596e7000f553126709dd9e81277b4cc0dc5334a63d168adede71b3e0aa31577f39167fb1da0ba5ecbe19d360c931ac8XTD7wc71SlVgZ8mno5c2Dhs=', 'Juan Dela Cruz', 'Davies John Boco - Auditing Firm', 'Davies John Boco - Auditing Firm', 'Davies John Boco - Auditing Firm', '2024', '12-31')
 7 SYSTEMPATH/CodeIgniter.php(502): CodeIgniter\CodeIgniter->runController(Object(App\Controllers\ReportController))
 8 SYSTEMPATH/CodeIgniter.php(361): CodeIgniter\CodeIgniter->handleRequest(null, Object(Config\Cache), false)
 9 FCPATH/index.php(84): CodeIgniter\CodeIgniter->run()
WARNING - 2024-07-11 11:56:20 --> [DEPRECATED] strtotime(): Passing null to parameter #1 ($datetime) of type string is deprecated in APPPATH/Views/workpaper/Report.php on line 1865.
 1 APPPATH/Views/workpaper/Report.php(1865): strtotime(null)
 2 SYSTEMPATH/View/View.php(228): include('/home/q05wyrnxw9oo/testapplaud.buildappminds.com/app/Views/workpaper/Report.php')
 3 SYSTEMPATH/View/View.php(231): CodeIgniter\View\View->CodeIgniter\View\{closure}()
 4 SYSTEMPATH/Common.php(1178): CodeIgniter\View\View->render('workpaper/Report', [], true)
 5 APPPATH/Controllers/ReportController.php(58): view('workpaper/Report', [...])
 6 SYSTEMPATH/CodeIgniter.php(941): App\Controllers\ReportController->generatepdf('e8da72c61b050ee0137ea587ecb831936172ba36f79bdda1d352e30c68ea33f67c6f16f802cd278310b2d8f8daa7f59e732ce2c0ae53e3a1ed9e283a7f65c81cMvp$U7XSRne9jFTV~gprRns=', '20e856b57f0f34b321f5d1d05212a86ff596e7000f553126709dd9e81277b4cc0dc5334a63d168adede71b3e0aa31577f39167fb1da0ba5ecbe19d360c931ac8XTD7wc71SlVgZ8mno5c2Dhs=', 'Juan Dela Cruz', 'Davies John Boco - Auditing Firm', 'Davies John Boco - Auditing Firm', 'Davies John Boco - Auditing Firm', '2024', '12-31')
 7 SYSTEMPATH/CodeIgniter.php(502): CodeIgniter\CodeIgniter->runController(Object(App\Controllers\ReportController))
 8 SYSTEMPATH/CodeIgniter.php(361): CodeIgniter\CodeIgniter->handleRequest(null, Object(Config\Cache), false)
 9 FCPATH/index.php(84): CodeIgniter\CodeIgniter->run()
WARNING - 2024-07-11 11:56:20 --> [DEPRECATED] strtotime(): Passing null to parameter #1 ($datetime) of type string is deprecated in APPPATH/Views/workpaper/Report.php on line 4233.
 1 APPPATH/Views/workpaper/Report.php(4233): strtotime(null)
 2 SYSTEMPATH/View/View.php(228): include('/home/q05wyrnxw9oo/testapplaud.buildappminds.com/app/Views/workpaper/Report.php')
 3 SYSTEMPATH/View/View.php(231): CodeIgniter\View\View->CodeIgniter\View\{closure}()
 4 SYSTEMPATH/Common.php(1178): CodeIgniter\View\View->render('workpaper/Report', [], true)
 5 APPPATH/Controllers/ReportController.php(58): view('workpaper/Report', [...])
 6 SYSTEMPATH/CodeIgniter.php(941): App\Controllers\ReportController->generatepdf('e8da72c61b050ee0137ea587ecb831936172ba36f79bdda1d352e30c68ea33f67c6f16f802cd278310b2d8f8daa7f59e732ce2c0ae53e3a1ed9e283a7f65c81cMvp$U7XSRne9jFTV~gprRns=', '20e856b57f0f34b321f5d1d05212a86ff596e7000f553126709dd9e81277b4cc0dc5334a63d168adede71b3e0aa31577f39167fb1da0ba5ecbe19d360c931ac8XTD7wc71SlVgZ8mno5c2Dhs=', 'Juan Dela Cruz', 'Davies John Boco - Auditing Firm', 'Davies John Boco - Auditing Firm', 'Davies John Boco - Auditing Firm', '2024', '12-31')
 7 SYSTEMPATH/CodeIgniter.php(502): CodeIgniter\CodeIgniter->runController(Object(App\Controllers\ReportController))
 8 SYSTEMPATH/CodeIgniter.php(361): CodeIgniter\CodeIgniter->handleRequest(null, Object(Config\Cache), false)
 9 FCPATH/index.php(84): CodeIgniter\CodeIgniter->run()
WARNING - 2024-07-11 11:56:20 --> [DEPRECATED] strtotime(): Passing null to parameter #1 ($datetime) of type string is deprecated in APPPATH/Views/workpaper/Report.php on line 4237.
 1 APPPATH/Views/workpaper/Report.php(4237): strtotime(null)
 2 SYSTEMPATH/View/View.php(228): include('/home/q05wyrnxw9oo/testapplaud.buildappminds.com/app/Views/workpaper/Report.php')
 3 SYSTEMPATH/View/View.php(231): CodeIgniter\View\View->CodeIgniter\View\{closure}()
 4 SYSTEMPATH/Common.php(1178): CodeIgniter\View\View->render('workpaper/Report', [], true)
 5 APPPATH/Controllers/ReportController.php(58): view('workpaper/Report', [...])
 6 SYSTEMPATH/CodeIgniter.php(941): App\Controllers\ReportController->generatepdf('e8da72c61b050ee0137ea587ecb831936172ba36f79bdda1d352e30c68ea33f67c6f16f802cd278310b2d8f8daa7f59e732ce2c0ae53e3a1ed9e283a7f65c81cMvp$U7XSRne9jFTV~gprRns=', '20e856b57f0f34b321f5d1d05212a86ff596e7000f553126709dd9e81277b4cc0dc5334a63d168adede71b3e0aa31577f39167fb1da0ba5ecbe19d360c931ac8XTD7wc71SlVgZ8mno5c2Dhs=', 'Juan Dela Cruz', 'Davies John Boco - Auditing Firm', 'Davies John Boco - Auditing Firm', 'Davies John Boco - Auditing Firm', '2024', '12-31')
 7 SYSTEMPATH/CodeIgniter.php(502): CodeIgniter\CodeIgniter->runController(Object(App\Controllers\ReportController))
 8 SYSTEMPATH/CodeIgniter.php(361): CodeIgniter\CodeIgniter->handleRequest(null, Object(Config\Cache), false)
 9 FCPATH/index.php(84): CodeIgniter\CodeIgniter->run()
WARNING - 2024-07-11 11:56:21 --> [DEPRECATED] strtotime(): Passing null to parameter #1 ($datetime) of type string is deprecated in APPPATH/Views/workpaper/Report.php on line 5479.
 1 APPPATH/Views/workpaper/Report.php(5479): strtotime(null)
 2 SYSTEMPATH/View/View.php(228): include('/home/q05wyrnxw9oo/testapplaud.buildappminds.com/app/Views/workpaper/Report.php')
 3 SYSTEMPATH/View/View.php(231): CodeIgniter\View\View->CodeIgniter\View\{closure}()
 4 SYSTEMPATH/Common.php(1178): CodeIgniter\View\View->render('workpaper/Report', [], true)
 5 APPPATH/Controllers/ReportController.php(58): view('workpaper/Report', [...])
 6 SYSTEMPATH/CodeIgniter.php(941): App\Controllers\ReportController->generatepdf('e8da72c61b050ee0137ea587ecb831936172ba36f79bdda1d352e30c68ea33f67c6f16f802cd278310b2d8f8daa7f59e732ce2c0ae53e3a1ed9e283a7f65c81cMvp$U7XSRne9jFTV~gprRns=', '20e856b57f0f34b321f5d1d05212a86ff596e7000f553126709dd9e81277b4cc0dc5334a63d168adede71b3e0aa31577f39167fb1da0ba5ecbe19d360c931ac8XTD7wc71SlVgZ8mno5c2Dhs=', 'Juan Dela Cruz', 'Davies John Boco - Auditing Firm', 'Davies John Boco - Auditing Firm', 'Davies John Boco - Auditing Firm', '2024', '12-31')
 7 SYSTEMPATH/CodeIgniter.php(502): CodeIgniter\CodeIgniter->runController(Object(App\Controllers\ReportController))
 8 SYSTEMPATH/CodeIgniter.php(361): CodeIgniter\CodeIgniter->handleRequest(null, Object(Config\Cache), false)
 9 FCPATH/index.php(84): CodeIgniter\CodeIgniter->run()
WARNING - 2024-07-11 11:56:21 --> [DEPRECATED] strtotime(): Passing null to parameter #1 ($datetime) of type string is deprecated in APPPATH/Views/workpaper/Report.php on line 5483.
 1 APPPATH/Views/workpaper/Report.php(5483): strtotime(null)
 2 SYSTEMPATH/View/View.php(228): include('/home/q05wyrnxw9oo/testapplaud.buildappminds.com/app/Views/workpaper/Report.php')
 3 SYSTEMPATH/View/View.php(231): CodeIgniter\View\View->CodeIgniter\View\{closure}()
 4 SYSTEMPATH/Common.php(1178): CodeIgniter\View\View->render('workpaper/Report', [], true)
 5 APPPATH/Controllers/ReportController.php(58): view('workpaper/Report', [...])
 6 SYSTEMPATH/CodeIgniter.php(941): App\Controllers\ReportController->generatepdf('e8da72c61b050ee0137ea587ecb831936172ba36f79bdda1d352e30c68ea33f67c6f16f802cd278310b2d8f8daa7f59e732ce2c0ae53e3a1ed9e283a7f65c81cMvp$U7XSRne9jFTV~gprRns=', '20e856b57f0f34b321f5d1d05212a86ff596e7000f553126709dd9e81277b4cc0dc5334a63d168adede71b3e0aa31577f39167fb1da0ba5ecbe19d360c931ac8XTD7wc71SlVgZ8mno5c2Dhs=', 'Juan Dela Cruz', 'Davies John Boco - Auditing Firm', 'Davies John Boco - Auditing Firm', 'Davies John Boco - Auditing Firm', '2024', '12-31')
 7 SYSTEMPATH/CodeIgniter.php(502): CodeIgniter\CodeIgniter->runController(Object(App\Controllers\ReportController))
 8 SYSTEMPATH/CodeIgniter.php(361): CodeIgniter\CodeIgniter->handleRequest(null, Object(Config\Cache), false)
 9 FCPATH/index.php(84): CodeIgniter\CodeIgniter->run()
WARNING - 2024-07-11 11:56:21 --> [DEPRECATED] strtotime(): Passing null to parameter #1 ($datetime) of type string is deprecated in APPPATH/Views/workpaper/Report.php on line 5563.
 1 APPPATH/Views/workpaper/Report.php(5563): strtotime(null)
 2 SYSTEMPATH/View/View.php(228): include('/home/q05wyrnxw9oo/testapplaud.buildappminds.com/app/Views/workpaper/Report.php')
 3 SYSTEMPATH/View/View.php(231): CodeIgniter\View\View->CodeIgniter\View\{closure}()
 4 SYSTEMPATH/Common.php(1178): CodeIgniter\View\View->render('workpaper/Report', [], true)
 5 APPPATH/Controllers/ReportController.php(58): view('workpaper/Report', [...])
 6 SYSTEMPATH/CodeIgniter.php(941): App\Controllers\ReportController->generatepdf('e8da72c61b050ee0137ea587ecb831936172ba36f79bdda1d352e30c68ea33f67c6f16f802cd278310b2d8f8daa7f59e732ce2c0ae53e3a1ed9e283a7f65c81cMvp$U7XSRne9jFTV~gprRns=', '20e856b57f0f34b321f5d1d05212a86ff596e7000f553126709dd9e81277b4cc0dc5334a63d168adede71b3e0aa31577f39167fb1da0ba5ecbe19d360c931ac8XTD7wc71SlVgZ8mno5c2Dhs=', 'Juan Dela Cruz', 'Davies John Boco - Auditing Firm', 'Davies John Boco - Auditing Firm', 'Davies John Boco - Auditing Firm', '2024', '12-31')
 7 SYSTEMPATH/CodeIgniter.php(502): CodeIgniter\CodeIgniter->runController(Object(App\Controllers\ReportController))
 8 SYSTEMPATH/CodeIgniter.php(361): CodeIgniter\CodeIgniter->handleRequest(null, Object(Config\Cache), false)
 9 FCPATH/index.php(84): CodeIgniter\CodeIgniter->run()
WARNING - 2024-07-11 11:56:21 --> [DEPRECATED] strtotime(): Passing null to parameter #1 ($datetime) of type string is deprecated in APPPATH/Views/workpaper/Report.php on line 5567.
 1 APPPATH/Views/workpaper/Report.php(5567): strtotime(null)
 2 SYSTEMPATH/View/View.php(228): include('/home/q05wyrnxw9oo/testapplaud.buildappminds.com/app/Views/workpaper/Report.php')
 3 SYSTEMPATH/View/View.php(231): CodeIgniter\View\View->CodeIgniter\View\{closure}()
 4 SYSTEMPATH/Common.php(1178): CodeIgniter\View\View->render('workpaper/Report', [], true)
 5 APPPATH/Controllers/ReportController.php(58): view('workpaper/Report', [...])
 6 SYSTEMPATH/CodeIgniter.php(941): App\Controllers\ReportController->generatepdf('e8da72c61b050ee0137ea587ecb831936172ba36f79bdda1d352e30c68ea33f67c6f16f802cd278310b2d8f8daa7f59e732ce2c0ae53e3a1ed9e283a7f65c81cMvp$U7XSRne9jFTV~gprRns=', '20e856b57f0f34b321f5d1d05212a86ff596e7000f553126709dd9e81277b4cc0dc5334a63d168adede71b3e0aa31577f39167fb1da0ba5ecbe19d360c931ac8XTD7wc71SlVgZ8mno5c2Dhs=', 'Juan Dela Cruz', 'Davies John Boco - Auditing Firm', 'Davies John Boco - Auditing Firm', 'Davies John Boco - Auditing Firm', '2024', '12-31')
 7 SYSTEMPATH/CodeIgniter.php(502): CodeIgniter\CodeIgniter->runController(Object(App\Controllers\ReportController))
 8 SYSTEMPATH/CodeIgniter.php(361): CodeIgniter\CodeIgniter->handleRequest(null, Object(Config\Cache), false)
 9 FCPATH/index.php(84): CodeIgniter\CodeIgniter->run()
WARNING - 2024-07-11 11:56:21 --> [DEPRECATED] strtotime(): Passing null to parameter #1 ($datetime) of type string is deprecated in APPPATH/Views/workpaper/Report.php on line 5645.
 1 APPPATH/Views/workpaper/Report.php(5645): strtotime(null)
 2 SYSTEMPATH/View/View.php(228): include('/home/q05wyrnxw9oo/testapplaud.buildappminds.com/app/Views/workpaper/Report.php')
 3 SYSTEMPATH/View/View.php(231): CodeIgniter\View\View->CodeIgniter\View\{closure}()
 4 SYSTEMPATH/Common.php(1178): CodeIgniter\View\View->render('workpaper/Report', [], true)
 5 APPPATH/Controllers/ReportController.php(58): view('workpaper/Report', [...])
 6 SYSTEMPATH/CodeIgniter.php(941): App\Controllers\ReportController->generatepdf('e8da72c61b050ee0137ea587ecb831936172ba36f79bdda1d352e30c68ea33f67c6f16f802cd278310b2d8f8daa7f59e732ce2c0ae53e3a1ed9e283a7f65c81cMvp$U7XSRne9jFTV~gprRns=', '20e856b57f0f34b321f5d1d05212a86ff596e7000f553126709dd9e81277b4cc0dc5334a63d168adede71b3e0aa31577f39167fb1da0ba5ecbe19d360c931ac8XTD7wc71SlVgZ8mno5c2Dhs=', 'Juan Dela Cruz', 'Davies John Boco - Auditing Firm', 'Davies John Boco - Auditing Firm', 'Davies John Boco - Auditing Firm', '2024', '12-31')
 7 SYSTEMPATH/CodeIgniter.php(502): CodeIgniter\CodeIgniter->runController(Object(App\Controllers\ReportController))
 8 SYSTEMPATH/CodeIgniter.php(361): CodeIgniter\CodeIgniter->handleRequest(null, Object(Config\Cache), false)
 9 FCPATH/index.php(84): CodeIgniter\CodeIgniter->run()
WARNING - 2024-07-11 11:56:21 --> [DEPRECATED] strtotime(): Passing null to parameter #1 ($datetime) of type string is deprecated in APPPATH/Views/workpaper/Report.php on line 5649.
 1 APPPATH/Views/workpaper/Report.php(5649): strtotime(null)
 2 SYSTEMPATH/View/View.php(228): include('/home/q05wyrnxw9oo/testapplaud.buildappminds.com/app/Views/workpaper/Report.php')
 3 SYSTEMPATH/View/View.php(231): CodeIgniter\View\View->CodeIgniter\View\{closure}()
 4 SYSTEMPATH/Common.php(1178): CodeIgniter\View\View->render('workpaper/Report', [], true)
 5 APPPATH/Controllers/ReportController.php(58): view('workpaper/Report', [...])
 6 SYSTEMPATH/CodeIgniter.php(941): App\Controllers\ReportController->generatepdf('e8da72c61b050ee0137ea587ecb831936172ba36f79bdda1d352e30c68ea33f67c6f16f802cd278310b2d8f8daa7f59e732ce2c0ae53e3a1ed9e283a7f65c81cMvp$U7XSRne9jFTV~gprRns=', '20e856b57f0f34b321f5d1d05212a86ff596e7000f553126709dd9e81277b4cc0dc5334a63d168adede71b3e0aa31577f39167fb1da0ba5ecbe19d360c931ac8XTD7wc71SlVgZ8mno5c2Dhs=', 'Juan Dela Cruz', 'Davies John Boco - Auditing Firm', 'Davies John Boco - Auditing Firm', 'Davies John Boco - Auditing Firm', '2024', '12-31')
 7 SYSTEMPATH/CodeIgniter.php(502): CodeIgniter\CodeIgniter->runController(Object(App\Controllers\ReportController))
 8 SYSTEMPATH/CodeIgniter.php(361): CodeIgniter\CodeIgniter->handleRequest(null, Object(Config\Cache), false)
 9 FCPATH/index.php(84): CodeIgniter\CodeIgniter->run()
WARNING - 2024-07-11 11:56:21 --> [DEPRECATED] strtotime(): Passing null to parameter #1 ($datetime) of type string is deprecated in APPPATH/Views/workpaper/Report.php on line 5722.
 1 APPPATH/Views/workpaper/Report.php(5722): strtotime(null)
 2 SYSTEMPATH/View/View.php(228): include('/home/q05wyrnxw9oo/testapplaud.buildappminds.com/app/Views/workpaper/Report.php')
 3 SYSTEMPATH/View/View.php(231): CodeIgniter\View\View->CodeIgniter\View\{closure}()
 4 SYSTEMPATH/Common.php(1178): CodeIgniter\View\View->render('workpaper/Report', [], true)
 5 APPPATH/Controllers/ReportController.php(58): view('workpaper/Report', [...])
 6 SYSTEMPATH/CodeIgniter.php(941): App\Controllers\ReportController->generatepdf('e8da72c61b050ee0137ea587ecb831936172ba36f79bdda1d352e30c68ea33f67c6f16f802cd278310b2d8f8daa7f59e732ce2c0ae53e3a1ed9e283a7f65c81cMvp$U7XSRne9jFTV~gprRns=', '20e856b57f0f34b321f5d1d05212a86ff596e7000f553126709dd9e81277b4cc0dc5334a63d168adede71b3e0aa31577f39167fb1da0ba5ecbe19d360c931ac8XTD7wc71SlVgZ8mno5c2Dhs=', 'Juan Dela Cruz', 'Davies John Boco - Auditing Firm', 'Davies John Boco - Auditing Firm', 'Davies John Boco - Auditing Firm', '2024', '12-31')
 7 SYSTEMPATH/CodeIgniter.php(502): CodeIgniter\CodeIgniter->runController(Object(App\Controllers\ReportController))
 8 SYSTEMPATH/CodeIgniter.php(361): CodeIgniter\CodeIgniter->handleRequest(null, Object(Config\Cache), false)
 9 FCPATH/index.php(84): CodeIgniter\CodeIgniter->run()
WARNING - 2024-07-11 11:56:21 --> [DEPRECATED] strtotime(): Passing null to parameter #1 ($datetime) of type string is deprecated in APPPATH/Views/workpaper/Report.php on line 5726.
 1 APPPATH/Views/workpaper/Report.php(5726): strtotime(null)
 2 SYSTEMPATH/View/View.php(228): include('/home/q05wyrnxw9oo/testapplaud.buildappminds.com/app/Views/workpaper/Report.php')
 3 SYSTEMPATH/View/View.php(231): CodeIgniter\View\View->CodeIgniter\View\{closure}()
 4 SYSTEMPATH/Common.php(1178): CodeIgniter\View\View->render('workpaper/Report', [], true)
 5 APPPATH/Controllers/ReportController.php(58): view('workpaper/Report', [...])
 6 SYSTEMPATH/CodeIgniter.php(941): App\Controllers\ReportController->generatepdf('e8da72c61b050ee0137ea587ecb831936172ba36f79bdda1d352e30c68ea33f67c6f16f802cd278310b2d8f8daa7f59e732ce2c0ae53e3a1ed9e283a7f65c81cMvp$U7XSRne9jFTV~gprRns=', '20e856b57f0f34b321f5d1d05212a86ff596e7000f553126709dd9e81277b4cc0dc5334a63d168adede71b3e0aa31577f39167fb1da0ba5ecbe19d360c931ac8XTD7wc71SlVgZ8mno5c2Dhs=', 'Juan Dela Cruz', 'Davies John Boco - Auditing Firm', 'Davies John Boco - Auditing Firm', 'Davies John Boco - Auditing Firm', '2024', '12-31')
 7 SYSTEMPATH/CodeIgniter.php(502): CodeIgniter\CodeIgniter->runController(Object(App\Controllers\ReportController))
 8 SYSTEMPATH/CodeIgniter.php(361): CodeIgniter\CodeIgniter->handleRequest(null, Object(Config\Cache), false)
 9 FCPATH/index.php(84): CodeIgniter\CodeIgniter->run()
WARNING - 2024-07-11 11:56:21 --> [DEPRECATED] strtotime(): Passing null to parameter #1 ($datetime) of type string is deprecated in APPPATH/Views/workpaper/Report.php on line 8348.
 1 APPPATH/Views/workpaper/Report.php(8348): strtotime(null)
 2 SYSTEMPATH/View/View.php(228): include('/home/q05wyrnxw9oo/testapplaud.buildappminds.com/app/Views/workpaper/Report.php')
 3 SYSTEMPATH/View/View.php(231): CodeIgniter\View\View->CodeIgniter\View\{closure}()
 4 SYSTEMPATH/Common.php(1178): CodeIgniter\View\View->render('workpaper/Report', [], true)
 5 APPPATH/Controllers/ReportController.php(58): view('workpaper/Report', [...])
 6 SYSTEMPATH/CodeIgniter.php(941): App\Controllers\ReportController->generatepdf('e8da72c61b050ee0137ea587ecb831936172ba36f79bdda1d352e30c68ea33f67c6f16f802cd278310b2d8f8daa7f59e732ce2c0ae53e3a1ed9e283a7f65c81cMvp$U7XSRne9jFTV~gprRns=', '20e856b57f0f34b321f5d1d05212a86ff596e7000f553126709dd9e81277b4cc0dc5334a63d168adede71b3e0aa31577f39167fb1da0ba5ecbe19d360c931ac8XTD7wc71SlVgZ8mno5c2Dhs=', 'Juan Dela Cruz', 'Davies John Boco - Auditing Firm', 'Davies John Boco - Auditing Firm', 'Davies John Boco - Auditing Firm', '2024', '12-31')
 7 SYSTEMPATH/CodeIgniter.php(502): CodeIgniter\CodeIgniter->runController(Object(App\Controllers\ReportController))
 8 SYSTEMPATH/CodeIgniter.php(361): CodeIgniter\CodeIgniter->handleRequest(null, Object(Config\Cache), false)
 9 FCPATH/index.php(84): CodeIgniter\CodeIgniter->run()
WARNING - 2024-07-11 11:56:21 --> [DEPRECATED] strtotime(): Passing null to parameter #1 ($datetime) of type string is deprecated in APPPATH/Views/workpaper/Report.php on line 8352.
 1 APPPATH/Views/workpaper/Report.php(8352): strtotime(null)
 2 SYSTEMPATH/View/View.php(228): include('/home/q05wyrnxw9oo/testapplaud.buildappminds.com/app/Views/workpaper/Report.php')
 3 SYSTEMPATH/View/View.php(231): CodeIgniter\View\View->CodeIgniter\View\{closure}()
 4 SYSTEMPATH/Common.php(1178): CodeIgniter\View\View->render('workpaper/Report', [], true)
 5 APPPATH/Controllers/ReportController.php(58): view('workpaper/Report', [...])
 6 SYSTEMPATH/CodeIgniter.php(941): App\Controllers\ReportController->generatepdf('e8da72c61b050ee0137ea587ecb831936172ba36f79bdda1d352e30c68ea33f67c6f16f802cd278310b2d8f8daa7f59e732ce2c0ae53e3a1ed9e283a7f65c81cMvp$U7XSRne9jFTV~gprRns=', '20e856b57f0f34b321f5d1d05212a86ff596e7000f553126709dd9e81277b4cc0dc5334a63d168adede71b3e0aa31577f39167fb1da0ba5ecbe19d360c931ac8XTD7wc71SlVgZ8mno5c2Dhs=', 'Juan Dela Cruz', 'Davies John Boco - Auditing Firm', 'Davies John Boco - Auditing Firm', 'Davies John Boco - Auditing Firm', '2024', '12-31')
 7 SYSTEMPATH/CodeIgniter.php(502): CodeIgniter\CodeIgniter->runController(Object(App\Controllers\ReportController))
 8 SYSTEMPATH/CodeIgniter.php(361): CodeIgniter\CodeIgniter->handleRequest(null, Object(Config\Cache), false)
 9 FCPATH/index.php(84): CodeIgniter\CodeIgniter->run()
WARNING - 2024-07-11 11:56:21 --> [DEPRECATED] strtotime(): Passing null to parameter #1 ($datetime) of type string is deprecated in APPPATH/Views/workpaper/Report.php on line 8743.
 1 APPPATH/Views/workpaper/Report.php(8743): strtotime(null)
 2 SYSTEMPATH/View/View.php(228): include('/home/q05wyrnxw9oo/testapplaud.buildappminds.com/app/Views/workpaper/Report.php')
 3 SYSTEMPATH/View/View.php(231): CodeIgniter\View\View->CodeIgniter\View\{closure}()
 4 SYSTEMPATH/Common.php(1178): CodeIgniter\View\View->render('workpaper/Report', [], true)
 5 APPPATH/Controllers/ReportController.php(58): view('workpaper/Report', [...])
 6 SYSTEMPATH/CodeIgniter.php(941): App\Controllers\ReportController->generatepdf('e8da72c61b050ee0137ea587ecb831936172ba36f79bdda1d352e30c68ea33f67c6f16f802cd278310b2d8f8daa7f59e732ce2c0ae53e3a1ed9e283a7f65c81cMvp$U7XSRne9jFTV~gprRns=', '20e856b57f0f34b321f5d1d05212a86ff596e7000f553126709dd9e81277b4cc0dc5334a63d168adede71b3e0aa31577f39167fb1da0ba5ecbe19d360c931ac8XTD7wc71SlVgZ8mno5c2Dhs=', 'Juan Dela Cruz', 'Davies John Boco - Auditing Firm', 'Davies John Boco - Auditing Firm', 'Davies John Boco - Auditing Firm', '2024', '12-31')
 7 SYSTEMPATH/CodeIgniter.php(502): CodeIgniter\CodeIgniter->runController(Object(App\Controllers\ReportController))
 8 SYSTEMPATH/CodeIgniter.php(361): CodeIgniter\CodeIgniter->handleRequest(null, Object(Config\Cache), false)
 9 FCPATH/index.php(84): CodeIgniter\CodeIgniter->run()
WARNING - 2024-07-11 11:56:21 --> [DEPRECATED] strtotime(): Passing null to parameter #1 ($datetime) of type string is deprecated in APPPATH/Views/workpaper/Report.php on line 8747.
 1 APPPATH/Views/workpaper/Report.php(8747): strtotime(null)
 2 SYSTEMPATH/View/View.php(228): include('/home/q05wyrnxw9oo/testapplaud.buildappminds.com/app/Views/workpaper/Report.php')
 3 SYSTEMPATH/View/View.php(231): CodeIgniter\View\View->CodeIgniter\View\{closure}()
 4 SYSTEMPATH/Common.php(1178): CodeIgniter\View\View->render('workpaper/Report', [], true)
 5 APPPATH/Controllers/ReportController.php(58): view('workpaper/Report', [...])
 6 SYSTEMPATH/CodeIgniter.php(941): App\Controllers\ReportController->generatepdf('e8da72c61b050ee0137ea587ecb831936172ba36f79bdda1d352e30c68ea33f67c6f16f802cd278310b2d8f8daa7f59e732ce2c0ae53e3a1ed9e283a7f65c81cMvp$U7XSRne9jFTV~gprRns=', '20e856b57f0f34b321f5d1d05212a86ff596e7000f553126709dd9e81277b4cc0dc5334a63d168adede71b3e0aa31577f39167fb1da0ba5ecbe19d360c931ac8XTD7wc71SlVgZ8mno5c2Dhs=', 'Juan Dela Cruz', 'Davies John Boco - Auditing Firm', 'Davies John Boco - Auditing Firm', 'Davies John Boco - Auditing Firm', '2024', '12-31')
 7 SYSTEMPATH/CodeIgniter.php(502): CodeIgniter\CodeIgniter->runController(Object(App\Controllers\ReportController))
 8 SYSTEMPATH/CodeIgniter.php(361): CodeIgniter\CodeIgniter->handleRequest(null, Object(Config\Cache), false)
 9 FCPATH/index.php(84): CodeIgniter\CodeIgniter->run()
INFO - 2024-07-11 11:58:03 --> Session: Class initialized using 'CodeIgniter\Session\Handlers\FileHandler' driver.
INFO - 2024-07-11 11:58:06 --> Session: Class initialized using 'CodeIgniter\Session\Handlers\FileHandler' driver.
INFO - 2024-07-11 11:58:11 --> Session: Class initialized using 'CodeIgniter\Session\Handlers\FileHandler' driver.
INFO - 2024-07-11 11:58:13 --> Session: Class initialized using 'CodeIgniter\Session\Handlers\FileHandler' driver.
INFO - 2024-07-11 11:58:15 --> Session: Class initialized using 'CodeIgniter\Session\Handlers\FileHandler' driver.
INFO - 2024-07-11 11:58:16 --> Session: Class initialized using 'CodeIgniter\Session\Handlers\FileHandler' driver.
CRITICAL - 2024-07-11 11:58:16 --> CodeIgniter\Encryption\Exceptions\EncryptionException: Decrypting: authentication failed.
in SYSTEMPATH/Encryption/Handlers/OpenSSLHandler.php on line 139.
 1 SYSTEMPATH/Encryption/Handlers/OpenSSLHandler.php(139): CodeIgniter\Encryption\Exceptions\EncryptionException::forAuthenticationFailed()
 2 APPPATH/Controllers/ClientController.php(56): CodeIgniter\Encryption\Handlers\OpenSSLHandler->decrypt()
 3 SYSTEMPATH/CodeIgniter.php(941): App\Controllers\ClientController->getdefaultfiles()
 4 SYSTEMPATH/CodeIgniter.php(502): CodeIgniter\CodeIgniter->runController()
 5 SYSTEMPATH/CodeIgniter.php(361): CodeIgniter\CodeIgniter->handleRequest()
 6 FCPATH/index.php(84): CodeIgniter\CodeIgniter->run()
INFO - 2024-07-11 11:58:16 --> Session: Class initialized using 'CodeIgniter\Session\Handlers\FileHandler' driver.
INFO - 2024-07-11 11:58:28 --> Session: Class initialized using 'CodeIgniter\Session\Handlers\FileHandler' driver.
INFO - 2024-07-11 11:58:30 --> Session: Class initialized using 'CodeIgniter\Session\Handlers\FileHandler' driver.
INFO - 2024-07-11 11:58:36 --> Session: Class initialized using 'CodeIgniter\Session\Handlers\FileHandler' driver.
CRITICAL - 2024-07-11 11:58:36 --> CodeIgniter\Encryption\Exceptions\EncryptionException: Decrypting: authentication failed.
in SYSTEMPATH/Encryption/Handlers/OpenSSLHandler.php on line 139.
 1 SYSTEMPATH/Encryption/Handlers/OpenSSLHandler.php(139): CodeIgniter\Encryption\Exceptions\EncryptionException::forAuthenticationFailed()
 2 APPPATH/Controllers/ClientController.php(56): CodeIgniter\Encryption\Handlers\OpenSSLHandler->decrypt()
 3 SYSTEMPATH/CodeIgniter.php(941): App\Controllers\ClientController->getdefaultfiles()
 4 SYSTEMPATH/CodeIgniter.php(502): CodeIgniter\CodeIgniter->runController()
 5 SYSTEMPATH/CodeIgniter.php(361): CodeIgniter\CodeIgniter->handleRequest()
 6 FCPATH/index.php(84): CodeIgniter\CodeIgniter->run()
INFO - 2024-07-11 11:58:36 --> Session: Class initialized using 'CodeIgniter\Session\Handlers\FileHandler' driver.
INFO - 2024-07-11 11:58:42 --> Session: Class initialized using 'CodeIgniter\Session\Handlers\FileHandler' driver.
