INFO - 2024-08-30 09:22:02 --> Session: Class initialized using 'CodeIgniter\Session\Handlers\FileHandler' driver.
INFO - 2024-08-30 09:22:02 --> Session: Class initialized using 'CodeIgniter\Session\Handlers\FileHandler' driver.
INFO - 2024-08-30 09:22:05 --> Session: Class initialized using 'CodeIgniter\Session\Handlers\FileHandler' driver.
INFO - 2024-08-30 09:22:06 --> Session: Class initialized using 'CodeIgniter\Session\Handlers\FileHandler' driver.
INFO - 2024-08-30 09:49:14 --> Session: Class initialized using 'CodeIgniter\Session\Handlers\FileHandler' driver.
INFO - 2024-08-30 09:49:35 --> Session: Class initialized using 'CodeIgniter\Session\Handlers\FileHandler' driver.
INFO - 2024-08-30 09:49:35 --> Session: Class initialized using 'CodeIgniter\Session\Handlers\FileHandler' driver.
INFO - 2024-08-30 10:04:50 --> Session: Class initialized using 'CodeIgniter\Session\Handlers\FileHandler' driver.
INFO - 2024-08-30 10:04:53 --> Session: Class initialized using 'CodeIgniter\Session\Handlers\FileHandler' driver.
CRITICAL - 2024-08-30 10:04:53 --> CodeIgniter\Encryption\Exceptions\EncryptionException: Decrypting: authentication failed.
in SYSTEMPATH/Encryption/Handlers/OpenSSLHandler.php on line 139.
 1 SYSTEMPATH/Encryption/Handlers/OpenSSLHandler.php(139): CodeIgniter\Encryption\Exceptions\EncryptionException::forAuthenticationFailed()
 2 APPPATH/Controllers/ClientController.php(56): CodeIgniter\Encryption\Handlers\OpenSSLHandler->decrypt()
 3 SYSTEMPATH/CodeIgniter.php(941): App\Controllers\ClientController->getdefaultfiles()
 4 SYSTEMPATH/CodeIgniter.php(502): CodeIgniter\CodeIgniter->runController()
 5 SYSTEMPATH/CodeIgniter.php(361): CodeIgniter\CodeIgniter->handleRequest()
 6 FCPATH/index.php(84): CodeIgniter\CodeIgniter->run()
INFO - 2024-08-30 10:04:53 --> Session: Class initialized using 'CodeIgniter\Session\Handlers\FileHandler' driver.
INFO - 2024-08-30 10:04:54 --> Session: Class initialized using 'CodeIgniter\Session\Handlers\FileHandler' driver.
INFO - 2024-08-30 10:08:46 --> Session: Class initialized using 'CodeIgniter\Session\Handlers\FileHandler' driver.
INFO - 2024-08-30 10:08:48 --> Session: Class initialized using 'CodeIgniter\Session\Handlers\FileHandler' driver.
CRITICAL - 2024-08-30 10:08:48 --> ErrorException: Undefined variable $c1tID
in APPPATH/Models/ChapterValuesModel.php on line 69.
 1 APPPATH/Models/ChapterValuesModel.php(69): CodeIgniter\Debug\Exceptions->errorHandler()
 2 APPPATH/Controllers/ChapterController.php(552): App\Models\ChapterValuesModel->getvalues_m()
 3 SYSTEMPATH/CodeIgniter.php(941): App\Controllers\ChapterController->c1setvalues()
 4 SYSTEMPATH/CodeIgniter.php(502): CodeIgniter\CodeIgniter->runController()
 5 SYSTEMPATH/CodeIgniter.php(361): CodeIgniter\CodeIgniter->handleRequest()
 6 FCPATH/index.php(84): CodeIgniter\CodeIgniter->run()
INFO - 2024-08-30 10:09:12 --> Session: Class initialized using 'CodeIgniter\Session\Handlers\FileHandler' driver.
ERROR - 2024-08-30 10:09:12 --> mysqli_sql_exception: Unknown column 'clientID' in 'where clause' in /home/q05wyrnxw9oo/testapplaud.buildappminds.com/system/Database/MySQLi/Connection.php:306
Stack trace:
#0 /home/q05wyrnxw9oo/testapplaud.buildappminds.com/system/Database/MySQLi/Connection.php(306): mysqli->query()
#1 /home/q05wyrnxw9oo/testapplaud.buildappminds.com/system/Database/BaseConnection.php(693): CodeIgniter\Database\MySQLi\Connection->execute()
#2 /home/q05wyrnxw9oo/testapplaud.buildappminds.com/system/Database/BaseConnection.php(607): CodeIgniter\Database\BaseConnection->simpleQuery()
#3 /home/q05wyrnxw9oo/testapplaud.buildappminds.com/system/Database/BaseBuilder.php(1616): CodeIgniter\Database\BaseConnection->query()
#4 /home/q05wyrnxw9oo/testapplaud.buildappminds.com/app/Models/ChapterValuesModel.php(72): CodeIgniter\Database\BaseBuilder->get()
#5 /home/q05wyrnxw9oo/testapplaud.buildappminds.com/app/Controllers/ChapterController.php(552): App\Models\ChapterValuesModel->getvalues_m()
#6 /home/q05wyrnxw9oo/testapplaud.buildappminds.com/system/CodeIgniter.php(941): App\Controllers\ChapterController->c1setvalues()
#7 /home/q05wyrnxw9oo/testapplaud.buildappminds.com/system/CodeIgniter.php(502): CodeIgniter\CodeIgniter->runController()
#8 /home/q05wyrnxw9oo/testapplaud.buildappminds.com/system/CodeIgniter.php(361): CodeIgniter\CodeIgniter->handleRequest()
#9 /home/q05wyrnxw9oo/testapplaud.buildappminds.com/public/index.php(84): CodeIgniter\CodeIgniter->run()
#10 {main}
CRITICAL - 2024-08-30 10:09:12 --> CodeIgniter\Database\Exceptions\DatabaseException: Unknown column 'clientID' in 'where clause'
in SYSTEMPATH/Database/BaseConnection.php on line 647.
 1 SYSTEMPATH/Database/BaseBuilder.php(1616): CodeIgniter\Database\BaseConnection->query()
 2 APPPATH/Models/ChapterValuesModel.php(72): CodeIgniter\Database\BaseBuilder->get()
 3 APPPATH/Controllers/ChapterController.php(552): App\Models\ChapterValuesModel->getvalues_m()
 4 SYSTEMPATH/CodeIgniter.php(941): App\Controllers\ChapterController->c1setvalues()
 5 SYSTEMPATH/CodeIgniter.php(502): CodeIgniter\CodeIgniter->runController()
 6 SYSTEMPATH/CodeIgniter.php(361): CodeIgniter\CodeIgniter->handleRequest()
 7 FCPATH/index.php(84): CodeIgniter\CodeIgniter->run()
CRITICAL - 2024-08-30 10:09:12 --> [Caused by] CodeIgniter\Database\Exceptions\DatabaseException: Unknown column 'clientID' in 'where clause'
in SYSTEMPATH/Database/MySQLi/Connection.php on line 311.
 1 SYSTEMPATH/Database/BaseConnection.php(693): CodeIgniter\Database\MySQLi\Connection->execute()
 2 SYSTEMPATH/Database/BaseConnection.php(607): CodeIgniter\Database\BaseConnection->simpleQuery()
 3 SYSTEMPATH/Database/BaseBuilder.php(1616): CodeIgniter\Database\BaseConnection->query()
 4 APPPATH/Models/ChapterValuesModel.php(72): CodeIgniter\Database\BaseBuilder->get()
 5 APPPATH/Controllers/ChapterController.php(552): App\Models\ChapterValuesModel->getvalues_m()
 6 SYSTEMPATH/CodeIgniter.php(941): App\Controllers\ChapterController->c1setvalues()
 7 SYSTEMPATH/CodeIgniter.php(502): CodeIgniter\CodeIgniter->runController()
 8 SYSTEMPATH/CodeIgniter.php(361): CodeIgniter\CodeIgniter->handleRequest()
 9 FCPATH/index.php(84): CodeIgniter\CodeIgniter->run()
CRITICAL - 2024-08-30 10:09:12 --> [Caused by] mysqli_sql_exception: Unknown column 'clientID' in 'where clause'
in SYSTEMPATH/Database/MySQLi/Connection.php on line 306.
 1 SYSTEMPATH/Database/MySQLi/Connection.php(306): mysqli->query()
 2 SYSTEMPATH/Database/BaseConnection.php(693): CodeIgniter\Database\MySQLi\Connection->execute()
 3 SYSTEMPATH/Database/BaseConnection.php(607): CodeIgniter\Database\BaseConnection->simpleQuery()
 4 SYSTEMPATH/Database/BaseBuilder.php(1616): CodeIgniter\Database\BaseConnection->query()
 5 APPPATH/Models/ChapterValuesModel.php(72): CodeIgniter\Database\BaseBuilder->get()
 6 APPPATH/Controllers/ChapterController.php(552): App\Models\ChapterValuesModel->getvalues_m()
 7 SYSTEMPATH/CodeIgniter.php(941): App\Controllers\ChapterController->c1setvalues()
 8 SYSTEMPATH/CodeIgniter.php(502): CodeIgniter\CodeIgniter->runController()
 9 SYSTEMPATH/CodeIgniter.php(361): CodeIgniter\CodeIgniter->handleRequest()
10 FCPATH/index.php(84): CodeIgniter\CodeIgniter->run()
INFO - 2024-08-30 10:10:11 --> Session: Class initialized using 'CodeIgniter\Session\Handlers\FileHandler' driver.
INFO - 2024-08-30 10:10:22 --> Session: Class initialized using 'CodeIgniter\Session\Handlers\FileHandler' driver.
INFO - 2024-08-30 10:10:26 --> Session: Class initialized using 'CodeIgniter\Session\Handlers\FileHandler' driver.
INFO - 2024-08-30 10:12:03 --> Session: Class initialized using 'CodeIgniter\Session\Handlers\FileHandler' driver.
INFO - 2024-08-30 10:12:04 --> Session: Class initialized using 'CodeIgniter\Session\Handlers\FileHandler' driver.
INFO - 2024-08-30 10:12:06 --> Session: Class initialized using 'CodeIgniter\Session\Handlers\FileHandler' driver.
INFO - 2024-08-30 10:12:08 --> Session: Class initialized using 'CodeIgniter\Session\Handlers\FileHandler' driver.
CRITICAL - 2024-08-30 10:12:08 --> CodeIgniter\Encryption\Exceptions\EncryptionException: Decrypting: authentication failed.
in SYSTEMPATH/Encryption/Handlers/OpenSSLHandler.php on line 139.
 1 SYSTEMPATH/Encryption/Handlers/OpenSSLHandler.php(139): CodeIgniter\Encryption\Exceptions\EncryptionException::forAuthenticationFailed()
 2 APPPATH/Controllers/ClientController.php(56): CodeIgniter\Encryption\Handlers\OpenSSLHandler->decrypt()
 3 SYSTEMPATH/CodeIgniter.php(941): App\Controllers\ClientController->getdefaultfiles()
 4 SYSTEMPATH/CodeIgniter.php(502): CodeIgniter\CodeIgniter->runController()
 5 SYSTEMPATH/CodeIgniter.php(361): CodeIgniter\CodeIgniter->handleRequest()
 6 FCPATH/index.php(84): CodeIgniter\CodeIgniter->run()
INFO - 2024-08-30 10:12:08 --> Session: Class initialized using 'CodeIgniter\Session\Handlers\FileHandler' driver.
INFO - 2024-08-30 10:12:10 --> Session: Class initialized using 'CodeIgniter\Session\Handlers\FileHandler' driver.
INFO - 2024-08-30 10:12:11 --> Session: Class initialized using 'CodeIgniter\Session\Handlers\FileHandler' driver.
CRITICAL - 2024-08-30 10:12:11 --> CodeIgniter\Encryption\Exceptions\EncryptionException: Decrypting: authentication failed.
in SYSTEMPATH/Encryption/Handlers/OpenSSLHandler.php on line 139.
 1 SYSTEMPATH/Encryption/Handlers/OpenSSLHandler.php(139): CodeIgniter\Encryption\Exceptions\EncryptionException::forAuthenticationFailed()
 2 APPPATH/Controllers/ClientController.php(56): CodeIgniter\Encryption\Handlers\OpenSSLHandler->decrypt()
 3 SYSTEMPATH/CodeIgniter.php(941): App\Controllers\ClientController->getdefaultfiles()
 4 SYSTEMPATH/CodeIgniter.php(502): CodeIgniter\CodeIgniter->runController()
 5 SYSTEMPATH/CodeIgniter.php(361): CodeIgniter\CodeIgniter->handleRequest()
 6 FCPATH/index.php(84): CodeIgniter\CodeIgniter->run()
INFO - 2024-08-30 10:12:11 --> Session: Class initialized using 'CodeIgniter\Session\Handlers\FileHandler' driver.
INFO - 2024-08-30 10:12:13 --> Session: Class initialized using 'CodeIgniter\Session\Handlers\FileHandler' driver.
INFO - 2024-08-30 10:12:16 --> Session: Class initialized using 'CodeIgniter\Session\Handlers\FileHandler' driver.
INFO - 2024-08-30 10:18:08 --> Session: Class initialized using 'CodeIgniter\Session\Handlers\FileHandler' driver.
INFO - 2024-08-30 10:18:09 --> Session: Class initialized using 'CodeIgniter\Session\Handlers\FileHandler' driver.
INFO - 2024-08-30 10:18:12 --> Session: Class initialized using 'CodeIgniter\Session\Handlers\FileHandler' driver.
INFO - 2024-08-30 10:18:17 --> Session: Class initialized using 'CodeIgniter\Session\Handlers\FileHandler' driver.
INFO - 2024-08-30 10:18:20 --> Session: Class initialized using 'CodeIgniter\Session\Handlers\FileHandler' driver.
INFO - 2024-08-30 10:18:25 --> Session: Class initialized using 'CodeIgniter\Session\Handlers\FileHandler' driver.
INFO - 2024-08-30 10:18:27 --> Session: Class initialized using 'CodeIgniter\Session\Handlers\FileHandler' driver.
INFO - 2024-08-30 11:06:00 --> Session: Class initialized using 'CodeIgniter\Session\Handlers\FileHandler' driver.
INFO - 2024-08-30 11:06:03 --> Session: Class initialized using 'CodeIgniter\Session\Handlers\FileHandler' driver.
INFO - 2024-08-30 11:43:49 --> Session: Class initialized using 'CodeIgniter\Session\Handlers\FileHandler' driver.
INFO - 2024-08-30 11:43:55 --> Session: Class initialized using 'CodeIgniter\Session\Handlers\FileHandler' driver.
INFO - 2024-08-30 11:43:56 --> Session: Class initialized using 'CodeIgniter\Session\Handlers\FileHandler' driver.
INFO - 2024-08-30 11:43:58 --> Session: Class initialized using 'CodeIgniter\Session\Handlers\FileHandler' driver.
CRITICAL - 2024-08-30 11:43:58 --> CodeIgniter\Encryption\Exceptions\EncryptionException: Decrypting: authentication failed.
in SYSTEMPATH/Encryption/Handlers/OpenSSLHandler.php on line 139.
 1 SYSTEMPATH/Encryption/Handlers/OpenSSLHandler.php(139): CodeIgniter\Encryption\Exceptions\EncryptionException::forAuthenticationFailed()
 2 APPPATH/Controllers/ClientController.php(56): CodeIgniter\Encryption\Handlers\OpenSSLHandler->decrypt()
 3 SYSTEMPATH/CodeIgniter.php(941): App\Controllers\ClientController->getdefaultfiles()
 4 SYSTEMPATH/CodeIgniter.php(502): CodeIgniter\CodeIgniter->runController()
 5 SYSTEMPATH/CodeIgniter.php(361): CodeIgniter\CodeIgniter->handleRequest()
 6 FCPATH/index.php(84): CodeIgniter\CodeIgniter->run()
INFO - 2024-08-30 11:43:58 --> Session: Class initialized using 'CodeIgniter\Session\Handlers\FileHandler' driver.
INFO - 2024-08-30 11:44:05 --> Session: Class initialized using 'CodeIgniter\Session\Handlers\FileHandler' driver.
INFO - 2024-08-30 11:44:09 --> Session: Class initialized using 'CodeIgniter\Session\Handlers\FileHandler' driver.
INFO - 2024-08-30 11:44:14 --> Session: Class initialized using 'CodeIgniter\Session\Handlers\FileHandler' driver.
CRITICAL - 2024-08-30 11:44:14 --> ErrorException: Trying to access array offset on value of type null
in APPPATH/Views/pdfc3/AA3A.php on line 218.
 1 APPPATH/Views/pdfc3/AA3A.php(218): CodeIgniter\Debug\Exceptions->errorHandler()
 2 SYSTEMPATH/View/View.php(228): include('/home/q05wyrnxw9oo/testapplaud.buildappminds.com/app/Views/pdfc3/AA3A.php')
 3 SYSTEMPATH/View/View.php(231): CodeIgniter\View\View->CodeIgniter\View\{closure}()
 4 SYSTEMPATH/Common.php(1178): CodeIgniter\View\View->render()
 5 APPPATH/Controllers/ChapterController.php(395): view()
 6 SYSTEMPATH/CodeIgniter.php(941): App\Controllers\ChapterController->viewc3pdf()
 7 SYSTEMPATH/CodeIgniter.php(502): CodeIgniter\CodeIgniter->runController()
 8 SYSTEMPATH/CodeIgniter.php(361): CodeIgniter\CodeIgniter->handleRequest()
 9 FCPATH/index.php(84): CodeIgniter\CodeIgniter->run()
INFO - 2024-08-30 11:44:52 --> Session: Class initialized using 'CodeIgniter\Session\Handlers\FileHandler' driver.
INFO - 2024-08-30 11:44:56 --> Session: Class initialized using 'CodeIgniter\Session\Handlers\FileHandler' driver.
CRITICAL - 2024-08-30 11:44:56 --> CodeIgniter\Encryption\Exceptions\EncryptionException: Decrypting: authentication failed.
in SYSTEMPATH/Encryption/Handlers/OpenSSLHandler.php on line 139.
 1 SYSTEMPATH/Encryption/Handlers/OpenSSLHandler.php(139): CodeIgniter\Encryption\Exceptions\EncryptionException::forAuthenticationFailed()
 2 APPPATH/Controllers/ClientController.php(56): CodeIgniter\Encryption\Handlers\OpenSSLHandler->decrypt()
 3 SYSTEMPATH/CodeIgniter.php(941): App\Controllers\ClientController->getdefaultfiles()
 4 SYSTEMPATH/CodeIgniter.php(502): CodeIgniter\CodeIgniter->runController()
 5 SYSTEMPATH/CodeIgniter.php(361): CodeIgniter\CodeIgniter->handleRequest()
 6 FCPATH/index.php(84): CodeIgniter\CodeIgniter->run()
INFO - 2024-08-30 11:44:56 --> Session: Class initialized using 'CodeIgniter\Session\Handlers\FileHandler' driver.
INFO - 2024-08-30 11:44:59 --> Session: Class initialized using 'CodeIgniter\Session\Handlers\FileHandler' driver.
CRITICAL - 2024-08-30 11:44:59 --> ErrorException: Trying to access array offset on value of type null
in APPPATH/Views/client/chapter3/33Aa3a.php on line 151.
 1 APPPATH/Views/client/chapter3/33Aa3a.php(151): CodeIgniter\Debug\Exceptions->errorHandler()
 2 SYSTEMPATH/View/View.php(228): include('/home/q05wyrnxw9oo/testapplaud.buildappminds.com/app/Views/client/chapter3/33Aa3a.php')
 3 SYSTEMPATH/View/View.php(231): CodeIgniter\View\View->CodeIgniter\View\{closure}()
 4 SYSTEMPATH/Common.php(1178): CodeIgniter\View\View->render()
 5 APPPATH/Controllers/ChapterController.php(980): view()
 6 SYSTEMPATH/CodeIgniter.php(941): App\Controllers\ChapterController->c3setvalues()
 7 SYSTEMPATH/CodeIgniter.php(502): CodeIgniter\CodeIgniter->runController()
 8 SYSTEMPATH/CodeIgniter.php(361): CodeIgniter\CodeIgniter->handleRequest()
 9 FCPATH/index.php(84): CodeIgniter\CodeIgniter->run()
INFO - 2024-08-30 11:46:08 --> Session: Class initialized using 'CodeIgniter\Session\Handlers\FileHandler' driver.
CRITICAL - 2024-08-30 11:46:08 --> ErrorException: Undefined variable $air
in APPPATH/Views/client/chapter3/33Aa3a.php on line 141.
 1 APPPATH/Views/client/chapter3/33Aa3a.php(141): CodeIgniter\Debug\Exceptions->errorHandler()
 2 SYSTEMPATH/View/View.php(228): include('/home/q05wyrnxw9oo/testapplaud.buildappminds.com/app/Views/client/chapter3/33Aa3a.php')
 3 SYSTEMPATH/View/View.php(231): CodeIgniter\View\View->CodeIgniter\View\{closure}()
 4 SYSTEMPATH/Common.php(1178): CodeIgniter\View\View->render()
 5 APPPATH/Controllers/ChapterController.php(980): view()
 6 SYSTEMPATH/CodeIgniter.php(941): App\Controllers\ChapterController->c3setvalues()
 7 SYSTEMPATH/CodeIgniter.php(502): CodeIgniter\CodeIgniter->runController()
 8 SYSTEMPATH/CodeIgniter.php(361): CodeIgniter\CodeIgniter->handleRequest()
 9 FCPATH/index.php(84): CodeIgniter\CodeIgniter->run()
INFO - 2024-08-30 11:47:12 --> Session: Class initialized using 'CodeIgniter\Session\Handlers\FileHandler' driver.
INFO - 2024-08-30 11:50:54 --> Session: Class initialized using 'CodeIgniter\Session\Handlers\FileHandler' driver.
WARNING - 2024-08-30 11:50:54 --> [DEPRECATED] mb_substr(): Passing null to parameter #1 ($string) of type string is deprecated in SYSTEMPATH/Encryption/Handlers/BaseHandler.php on line 48.
 1 SYSTEMPATH/Encryption/Handlers/BaseHandler.php(48): mb_substr(null, 0, 128, '8bit')
 2 SYSTEMPATH/Encryption/Handlers/OpenSSLHandler.php(134): CodeIgniter\Encryption\Handlers\BaseHandler::substr(null, 0, 128)
 3 APPPATH/Models/ChapterValuesModel.php(941): CodeIgniter\Encryption\Handlers\OpenSSLHandler->decrypt(null)
 4 APPPATH/Controllers/ChapterValuesController.php(1404): App\Models\ChapterValuesModel->saveaa3air([...])
 5 SYSTEMPATH/CodeIgniter.php(941): App\Controllers\ChapterValuesController->saveaa3air('3.3 Aa3a', 'e39e009481cb4dba675bc06eda6cf3666578fffa21a8678a1530968742bca589addd8aff5926b28e31c7612bbeae6dec01a59c8f8b480e00eb209366a18febf7q7PBJ4r80wJgnnl2vnyKfBD1', '08584a6124a7ee9fda208ab0badf5ebe3f2a149a067263305b77e7c0d2724f6fc7556fa03a9ddc7c20c363b34f09974c053f52d97a0a25dbadb7635ef78bacc1WcL5PiPR7Cpd$y3kbcBJVSw=', 'DJ metal works - Bbbbb')
 6 SYSTEMPATH/CodeIgniter.php(502): CodeIgniter\CodeIgniter->runController(Object(App\Controllers\ChapterValuesController))
 7 SYSTEMPATH/CodeIgniter.php(361): CodeIgniter\CodeIgniter->handleRequest(null, Object(Config\Cache), false)
 8 FCPATH/index.php(84): CodeIgniter\CodeIgniter->run()
WARNING - 2024-08-30 11:50:54 --> [DEPRECATED] mb_substr(): Passing null to parameter #1 ($string) of type string is deprecated in SYSTEMPATH/Encryption/Handlers/BaseHandler.php on line 48.
 1 SYSTEMPATH/Encryption/Handlers/BaseHandler.php(48): mb_substr(null, 128, null, '8bit')
 2 SYSTEMPATH/Encryption/Handlers/OpenSSLHandler.php(135): CodeIgniter\Encryption\Handlers\BaseHandler::substr(null, 128)
 3 APPPATH/Models/ChapterValuesModel.php(941): CodeIgniter\Encryption\Handlers\OpenSSLHandler->decrypt(null)
 4 APPPATH/Controllers/ChapterValuesController.php(1404): App\Models\ChapterValuesModel->saveaa3air([...])
 5 SYSTEMPATH/CodeIgniter.php(941): App\Controllers\ChapterValuesController->saveaa3air('3.3 Aa3a', 'e39e009481cb4dba675bc06eda6cf3666578fffa21a8678a1530968742bca589addd8aff5926b28e31c7612bbeae6dec01a59c8f8b480e00eb209366a18febf7q7PBJ4r80wJgnnl2vnyKfBD1', '08584a6124a7ee9fda208ab0badf5ebe3f2a149a067263305b77e7c0d2724f6fc7556fa03a9ddc7c20c363b34f09974c053f52d97a0a25dbadb7635ef78bacc1WcL5PiPR7Cpd$y3kbcBJVSw=', 'DJ metal works - Bbbbb')
 6 SYSTEMPATH/CodeIgniter.php(502): CodeIgniter\CodeIgniter->runController(Object(App\Controllers\ChapterValuesController))
 7 SYSTEMPATH/CodeIgniter.php(361): CodeIgniter\CodeIgniter->handleRequest(null, Object(Config\Cache), false)
 8 FCPATH/index.php(84): CodeIgniter\CodeIgniter->run()
CRITICAL - 2024-08-30 11:50:54 --> CodeIgniter\Encryption\Exceptions\EncryptionException: Decrypting: authentication failed.
in SYSTEMPATH/Encryption/Handlers/OpenSSLHandler.php on line 139.
 1 SYSTEMPATH/Encryption/Handlers/OpenSSLHandler.php(139): CodeIgniter\Encryption\Exceptions\EncryptionException::forAuthenticationFailed()
 2 APPPATH/Models/ChapterValuesModel.php(941): CodeIgniter\Encryption\Handlers\OpenSSLHandler->decrypt()
 3 APPPATH/Controllers/ChapterValuesController.php(1404): App\Models\ChapterValuesModel->saveaa3air()
 4 SYSTEMPATH/CodeIgniter.php(941): App\Controllers\ChapterValuesController->saveaa3air()
 5 SYSTEMPATH/CodeIgniter.php(502): CodeIgniter\CodeIgniter->runController()
 6 SYSTEMPATH/CodeIgniter.php(361): CodeIgniter\CodeIgniter->handleRequest()
 7 FCPATH/index.php(84): CodeIgniter\CodeIgniter->run()
INFO - 2024-08-30 11:51:02 --> Session: Class initialized using 'CodeIgniter\Session\Handlers\FileHandler' driver.
INFO - 2024-08-30 11:51:46 --> Session: Class initialized using 'CodeIgniter\Session\Handlers\FileHandler' driver.
WARNING - 2024-08-30 11:51:46 --> [DEPRECATED] mb_substr(): Passing null to parameter #1 ($string) of type string is deprecated in SYSTEMPATH/Encryption/Handlers/BaseHandler.php on line 48.
 1 SYSTEMPATH/Encryption/Handlers/BaseHandler.php(48): mb_substr(null, 0, 128, '8bit')
 2 SYSTEMPATH/Encryption/Handlers/OpenSSLHandler.php(134): CodeIgniter\Encryption\Handlers\BaseHandler::substr(null, 0, 128)
 3 APPPATH/Models/ChapterValuesModel.php(941): CodeIgniter\Encryption\Handlers\OpenSSLHandler->decrypt(null)
 4 APPPATH/Controllers/ChapterValuesController.php(1404): App\Models\ChapterValuesModel->saveaa3air([...])
 5 SYSTEMPATH/CodeIgniter.php(941): App\Controllers\ChapterValuesController->saveaa3air('3.3 Aa3a', 'e39e009481cb4dba675bc06eda6cf3666578fffa21a8678a1530968742bca589addd8aff5926b28e31c7612bbeae6dec01a59c8f8b480e00eb209366a18febf7q7PBJ4r80wJgnnl2vnyKfBD1', '08584a6124a7ee9fda208ab0badf5ebe3f2a149a067263305b77e7c0d2724f6fc7556fa03a9ddc7c20c363b34f09974c053f52d97a0a25dbadb7635ef78bacc1WcL5PiPR7Cpd$y3kbcBJVSw=', 'DJ metal works - Bbbbb')
 6 SYSTEMPATH/CodeIgniter.php(502): CodeIgniter\CodeIgniter->runController(Object(App\Controllers\ChapterValuesController))
 7 SYSTEMPATH/CodeIgniter.php(361): CodeIgniter\CodeIgniter->handleRequest(null, Object(Config\Cache), false)
 8 FCPATH/index.php(84): CodeIgniter\CodeIgniter->run()
WARNING - 2024-08-30 11:51:46 --> [DEPRECATED] mb_substr(): Passing null to parameter #1 ($string) of type string is deprecated in SYSTEMPATH/Encryption/Handlers/BaseHandler.php on line 48.
 1 SYSTEMPATH/Encryption/Handlers/BaseHandler.php(48): mb_substr(null, 128, null, '8bit')
 2 SYSTEMPATH/Encryption/Handlers/OpenSSLHandler.php(135): CodeIgniter\Encryption\Handlers\BaseHandler::substr(null, 128)
 3 APPPATH/Models/ChapterValuesModel.php(941): CodeIgniter\Encryption\Handlers\OpenSSLHandler->decrypt(null)
 4 APPPATH/Controllers/ChapterValuesController.php(1404): App\Models\ChapterValuesModel->saveaa3air([...])
 5 SYSTEMPATH/CodeIgniter.php(941): App\Controllers\ChapterValuesController->saveaa3air('3.3 Aa3a', 'e39e009481cb4dba675bc06eda6cf3666578fffa21a8678a1530968742bca589addd8aff5926b28e31c7612bbeae6dec01a59c8f8b480e00eb209366a18febf7q7PBJ4r80wJgnnl2vnyKfBD1', '08584a6124a7ee9fda208ab0badf5ebe3f2a149a067263305b77e7c0d2724f6fc7556fa03a9ddc7c20c363b34f09974c053f52d97a0a25dbadb7635ef78bacc1WcL5PiPR7Cpd$y3kbcBJVSw=', 'DJ metal works - Bbbbb')
 6 SYSTEMPATH/CodeIgniter.php(502): CodeIgniter\CodeIgniter->runController(Object(App\Controllers\ChapterValuesController))
 7 SYSTEMPATH/CodeIgniter.php(361): CodeIgniter\CodeIgniter->handleRequest(null, Object(Config\Cache), false)
 8 FCPATH/index.php(84): CodeIgniter\CodeIgniter->run()
CRITICAL - 2024-08-30 11:51:46 --> CodeIgniter\Encryption\Exceptions\EncryptionException: Decrypting: authentication failed.
in SYSTEMPATH/Encryption/Handlers/OpenSSLHandler.php on line 139.
 1 SYSTEMPATH/Encryption/Handlers/OpenSSLHandler.php(139): CodeIgniter\Encryption\Exceptions\EncryptionException::forAuthenticationFailed()
 2 APPPATH/Models/ChapterValuesModel.php(941): CodeIgniter\Encryption\Handlers\OpenSSLHandler->decrypt()
 3 APPPATH/Controllers/ChapterValuesController.php(1404): App\Models\ChapterValuesModel->saveaa3air()
 4 SYSTEMPATH/CodeIgniter.php(941): App\Controllers\ChapterValuesController->saveaa3air()
 5 SYSTEMPATH/CodeIgniter.php(502): CodeIgniter\CodeIgniter->runController()
 6 SYSTEMPATH/CodeIgniter.php(361): CodeIgniter\CodeIgniter->handleRequest()
 7 FCPATH/index.php(84): CodeIgniter\CodeIgniter->run()
INFO - 2024-08-30 11:53:35 --> Session: Class initialized using 'CodeIgniter\Session\Handlers\FileHandler' driver.
WARNING - 2024-08-30 11:53:35 --> [DEPRECATED] mb_substr(): Passing null to parameter #1 ($string) of type string is deprecated in SYSTEMPATH/Encryption/Handlers/BaseHandler.php on line 48.
 1 SYSTEMPATH/Encryption/Handlers/BaseHandler.php(48): mb_substr(null, 0, 128, '8bit')
 2 SYSTEMPATH/Encryption/Handlers/OpenSSLHandler.php(134): CodeIgniter\Encryption\Handlers\BaseHandler::substr(null, 0, 128)
 3 APPPATH/Models/ChapterValuesModel.php(941): CodeIgniter\Encryption\Handlers\OpenSSLHandler->decrypt(null)
 4 APPPATH/Controllers/ChapterValuesController.php(1404): App\Models\ChapterValuesModel->saveaa3air([...])
 5 SYSTEMPATH/CodeIgniter.php(941): App\Controllers\ChapterValuesController->saveaa3air('3.3 Aa3a', 'e39e009481cb4dba675bc06eda6cf3666578fffa21a8678a1530968742bca589addd8aff5926b28e31c7612bbeae6dec01a59c8f8b480e00eb209366a18febf7q7PBJ4r80wJgnnl2vnyKfBD1', '08584a6124a7ee9fda208ab0badf5ebe3f2a149a067263305b77e7c0d2724f6fc7556fa03a9ddc7c20c363b34f09974c053f52d97a0a25dbadb7635ef78bacc1WcL5PiPR7Cpd$y3kbcBJVSw=', 'DJ metal works - Bbbbb')
 6 SYSTEMPATH/CodeIgniter.php(502): CodeIgniter\CodeIgniter->runController(Object(App\Controllers\ChapterValuesController))
 7 SYSTEMPATH/CodeIgniter.php(361): CodeIgniter\CodeIgniter->handleRequest(null, Object(Config\Cache), false)
 8 FCPATH/index.php(84): CodeIgniter\CodeIgniter->run()
WARNING - 2024-08-30 11:53:35 --> [DEPRECATED] mb_substr(): Passing null to parameter #1 ($string) of type string is deprecated in SYSTEMPATH/Encryption/Handlers/BaseHandler.php on line 48.
 1 SYSTEMPATH/Encryption/Handlers/BaseHandler.php(48): mb_substr(null, 128, null, '8bit')
 2 SYSTEMPATH/Encryption/Handlers/OpenSSLHandler.php(135): CodeIgniter\Encryption\Handlers\BaseHandler::substr(null, 128)
 3 APPPATH/Models/ChapterValuesModel.php(941): CodeIgniter\Encryption\Handlers\OpenSSLHandler->decrypt(null)
 4 APPPATH/Controllers/ChapterValuesController.php(1404): App\Models\ChapterValuesModel->saveaa3air([...])
 5 SYSTEMPATH/CodeIgniter.php(941): App\Controllers\ChapterValuesController->saveaa3air('3.3 Aa3a', 'e39e009481cb4dba675bc06eda6cf3666578fffa21a8678a1530968742bca589addd8aff5926b28e31c7612bbeae6dec01a59c8f8b480e00eb209366a18febf7q7PBJ4r80wJgnnl2vnyKfBD1', '08584a6124a7ee9fda208ab0badf5ebe3f2a149a067263305b77e7c0d2724f6fc7556fa03a9ddc7c20c363b34f09974c053f52d97a0a25dbadb7635ef78bacc1WcL5PiPR7Cpd$y3kbcBJVSw=', 'DJ metal works - Bbbbb')
 6 SYSTEMPATH/CodeIgniter.php(502): CodeIgniter\CodeIgniter->runController(Object(App\Controllers\ChapterValuesController))
 7 SYSTEMPATH/CodeIgniter.php(361): CodeIgniter\CodeIgniter->handleRequest(null, Object(Config\Cache), false)
 8 FCPATH/index.php(84): CodeIgniter\CodeIgniter->run()
CRITICAL - 2024-08-30 11:53:35 --> CodeIgniter\Encryption\Exceptions\EncryptionException: Decrypting: authentication failed.
in SYSTEMPATH/Encryption/Handlers/OpenSSLHandler.php on line 139.
 1 SYSTEMPATH/Encryption/Handlers/OpenSSLHandler.php(139): CodeIgniter\Encryption\Exceptions\EncryptionException::forAuthenticationFailed()
 2 APPPATH/Models/ChapterValuesModel.php(941): CodeIgniter\Encryption\Handlers\OpenSSLHandler->decrypt()
 3 APPPATH/Controllers/ChapterValuesController.php(1404): App\Models\ChapterValuesModel->saveaa3air()
 4 SYSTEMPATH/CodeIgniter.php(941): App\Controllers\ChapterValuesController->saveaa3air()
 5 SYSTEMPATH/CodeIgniter.php(502): CodeIgniter\CodeIgniter->runController()
 6 SYSTEMPATH/CodeIgniter.php(361): CodeIgniter\CodeIgniter->handleRequest()
 7 FCPATH/index.php(84): CodeIgniter\CodeIgniter->run()
INFO - 2024-08-30 11:53:37 --> Session: Class initialized using 'CodeIgniter\Session\Handlers\FileHandler' driver.
INFO - 2024-08-30 11:53:39 --> Session: Class initialized using 'CodeIgniter\Session\Handlers\FileHandler' driver.
INFO - 2024-08-30 11:53:39 --> Session: Class initialized using 'CodeIgniter\Session\Handlers\FileHandler' driver.
INFO - 2024-08-30 11:54:02 --> Session: Class initialized using 'CodeIgniter\Session\Handlers\FileHandler' driver.
INFO - 2024-08-30 11:54:02 --> Session: Class initialized using 'CodeIgniter\Session\Handlers\FileHandler' driver.
INFO - 2024-08-30 11:55:55 --> Session: Class initialized using 'CodeIgniter\Session\Handlers\FileHandler' driver.
INFO - 2024-08-30 11:55:58 --> Session: Class initialized using 'CodeIgniter\Session\Handlers\FileHandler' driver.
INFO - 2024-08-30 11:56:04 --> Session: Class initialized using 'CodeIgniter\Session\Handlers\FileHandler' driver.
CRITICAL - 2024-08-30 11:56:04 --> CodeIgniter\Encryption\Exceptions\EncryptionException: Decrypting: authentication failed.
in SYSTEMPATH/Encryption/Handlers/OpenSSLHandler.php on line 139.
 1 SYSTEMPATH/Encryption/Handlers/OpenSSLHandler.php(139): CodeIgniter\Encryption\Exceptions\EncryptionException::forAuthenticationFailed()
 2 APPPATH/Controllers/ClientController.php(56): CodeIgniter\Encryption\Handlers\OpenSSLHandler->decrypt()
 3 SYSTEMPATH/CodeIgniter.php(941): App\Controllers\ClientController->getdefaultfiles()
 4 SYSTEMPATH/CodeIgniter.php(502): CodeIgniter\CodeIgniter->runController()
 5 SYSTEMPATH/CodeIgniter.php(361): CodeIgniter\CodeIgniter->handleRequest()
 6 FCPATH/index.php(84): CodeIgniter\CodeIgniter->run()
INFO - 2024-08-30 11:56:04 --> Session: Class initialized using 'CodeIgniter\Session\Handlers\FileHandler' driver.
INFO - 2024-08-30 11:56:08 --> Session: Class initialized using 'CodeIgniter\Session\Handlers\FileHandler' driver.
CRITICAL - 2024-08-30 11:56:08 --> ErrorException: Undefined variable $dcID
in APPPATH/Controllers/ChapterController.php on line 394.
 1 APPPATH/Controllers/ChapterController.php(394): CodeIgniter\Debug\Exceptions->errorHandler()
 2 SYSTEMPATH/CodeIgniter.php(941): App\Controllers\ChapterController->viewc3pdf()
 3 SYSTEMPATH/CodeIgniter.php(502): CodeIgniter\CodeIgniter->runController()
 4 SYSTEMPATH/CodeIgniter.php(361): CodeIgniter\CodeIgniter->handleRequest()
 5 FCPATH/index.php(84): CodeIgniter\CodeIgniter->run()
INFO - 2024-08-30 11:56:23 --> Session: Class initialized using 'CodeIgniter\Session\Handlers\FileHandler' driver.
CRITICAL - 2024-08-30 11:56:23 --> ErrorException: Undefined variable $dcID
in APPPATH/Controllers/ChapterController.php on line 394.
 1 APPPATH/Controllers/ChapterController.php(394): CodeIgniter\Debug\Exceptions->errorHandler()
 2 SYSTEMPATH/CodeIgniter.php(941): App\Controllers\ChapterController->viewc3pdf()
 3 SYSTEMPATH/CodeIgniter.php(502): CodeIgniter\CodeIgniter->runController()
 4 SYSTEMPATH/CodeIgniter.php(361): CodeIgniter\CodeIgniter->handleRequest()
 5 FCPATH/index.php(84): CodeIgniter\CodeIgniter->run()
INFO - 2024-08-30 11:56:25 --> Session: Class initialized using 'CodeIgniter\Session\Handlers\FileHandler' driver.
CRITICAL - 2024-08-30 11:56:25 --> ErrorException: Undefined variable $dcID
in APPPATH/Controllers/ChapterController.php on line 394.
 1 APPPATH/Controllers/ChapterController.php(394): CodeIgniter\Debug\Exceptions->errorHandler()
 2 SYSTEMPATH/CodeIgniter.php(941): App\Controllers\ChapterController->viewc3pdf()
 3 SYSTEMPATH/CodeIgniter.php(502): CodeIgniter\CodeIgniter->runController()
 4 SYSTEMPATH/CodeIgniter.php(361): CodeIgniter\CodeIgniter->handleRequest()
 5 FCPATH/index.php(84): CodeIgniter\CodeIgniter->run()
INFO - 2024-08-30 11:56:25 --> Session: Class initialized using 'CodeIgniter\Session\Handlers\FileHandler' driver.
CRITICAL - 2024-08-30 11:56:25 --> ErrorException: Undefined variable $dcID
in APPPATH/Controllers/ChapterController.php on line 394.
 1 APPPATH/Controllers/ChapterController.php(394): CodeIgniter\Debug\Exceptions->errorHandler()
 2 SYSTEMPATH/CodeIgniter.php(941): App\Controllers\ChapterController->viewc3pdf()
 3 SYSTEMPATH/CodeIgniter.php(502): CodeIgniter\CodeIgniter->runController()
 4 SYSTEMPATH/CodeIgniter.php(361): CodeIgniter\CodeIgniter->handleRequest()
 5 FCPATH/index.php(84): CodeIgniter\CodeIgniter->run()
INFO - 2024-08-30 11:56:26 --> Session: Class initialized using 'CodeIgniter\Session\Handlers\FileHandler' driver.
CRITICAL - 2024-08-30 11:56:26 --> ErrorException: Undefined variable $dcID
in APPPATH/Controllers/ChapterController.php on line 394.
 1 APPPATH/Controllers/ChapterController.php(394): CodeIgniter\Debug\Exceptions->errorHandler()
 2 SYSTEMPATH/CodeIgniter.php(941): App\Controllers\ChapterController->viewc3pdf()
 3 SYSTEMPATH/CodeIgniter.php(502): CodeIgniter\CodeIgniter->runController()
 4 SYSTEMPATH/CodeIgniter.php(361): CodeIgniter\CodeIgniter->handleRequest()
 5 FCPATH/index.php(84): CodeIgniter\CodeIgniter->run()
INFO - 2024-08-30 11:56:38 --> Session: Class initialized using 'CodeIgniter\Session\Handlers\FileHandler' driver.
CRITICAL - 2024-08-30 11:56:38 --> ErrorException: Undefined variable $ir
in APPPATH/Views/pdfc3/AA3A.php on line 218.
 1 APPPATH/Views/pdfc3/AA3A.php(218): CodeIgniter\Debug\Exceptions->errorHandler()
 2 SYSTEMPATH/View/View.php(228): include('/home/q05wyrnxw9oo/testapplaud.buildappminds.com/app/Views/pdfc3/AA3A.php')
 3 SYSTEMPATH/View/View.php(231): CodeIgniter\View\View->CodeIgniter\View\{closure}()
 4 SYSTEMPATH/Common.php(1178): CodeIgniter\View\View->render()
 5 APPPATH/Controllers/ChapterController.php(396): view()
 6 SYSTEMPATH/CodeIgniter.php(941): App\Controllers\ChapterController->viewc3pdf()
 7 SYSTEMPATH/CodeIgniter.php(502): CodeIgniter\CodeIgniter->runController()
 8 SYSTEMPATH/CodeIgniter.php(361): CodeIgniter\CodeIgniter->handleRequest()
 9 FCPATH/index.php(84): CodeIgniter\CodeIgniter->run()
INFO - 2024-08-30 11:58:14 --> Session: Class initialized using 'CodeIgniter\Session\Handlers\FileHandler' driver.
INFO - 2024-08-30 12:00:17 --> Session: Class initialized using 'CodeIgniter\Session\Handlers\FileHandler' driver.
INFO - 2024-08-30 12:02:21 --> Session: Class initialized using 'CodeIgniter\Session\Handlers\FileHandler' driver.
INFO - 2024-08-30 12:02:49 --> Session: Class initialized using 'CodeIgniter\Session\Handlers\FileHandler' driver.
INFO - 2024-08-30 12:04:03 --> Session: Class initialized using 'CodeIgniter\Session\Handlers\FileHandler' driver.
INFO - 2024-08-30 12:04:04 --> Session: Class initialized using 'CodeIgniter\Session\Handlers\FileHandler' driver.
CRITICAL - 2024-08-30 12:04:04 --> CodeIgniter\Encryption\Exceptions\EncryptionException: Decrypting: authentication failed.
in SYSTEMPATH/Encryption/Handlers/OpenSSLHandler.php on line 139.
 1 SYSTEMPATH/Encryption/Handlers/OpenSSLHandler.php(139): CodeIgniter\Encryption\Exceptions\EncryptionException::forAuthenticationFailed()
 2 APPPATH/Controllers/ClientController.php(56): CodeIgniter\Encryption\Handlers\OpenSSLHandler->decrypt()
 3 SYSTEMPATH/CodeIgniter.php(941): App\Controllers\ClientController->getdefaultfiles()
 4 SYSTEMPATH/CodeIgniter.php(502): CodeIgniter\CodeIgniter->runController()
 5 SYSTEMPATH/CodeIgniter.php(361): CodeIgniter\CodeIgniter->handleRequest()
 6 FCPATH/index.php(84): CodeIgniter\CodeIgniter->run()
INFO - 2024-08-30 12:04:04 --> Session: Class initialized using 'CodeIgniter\Session\Handlers\FileHandler' driver.
INFO - 2024-08-30 12:04:08 --> Session: Class initialized using 'CodeIgniter\Session\Handlers\FileHandler' driver.
INFO - 2024-08-30 12:11:17 --> Session: Class initialized using 'CodeIgniter\Session\Handlers\FileHandler' driver.
INFO - 2024-08-30 12:11:19 --> Session: Class initialized using 'CodeIgniter\Session\Handlers\FileHandler' driver.
CRITICAL - 2024-08-30 12:11:19 --> CodeIgniter\Encryption\Exceptions\EncryptionException: Decrypting: authentication failed.
in SYSTEMPATH/Encryption/Handlers/OpenSSLHandler.php on line 139.
 1 SYSTEMPATH/Encryption/Handlers/OpenSSLHandler.php(139): CodeIgniter\Encryption\Exceptions\EncryptionException::forAuthenticationFailed()
 2 APPPATH/Controllers/ClientController.php(56): CodeIgniter\Encryption\Handlers\OpenSSLHandler->decrypt()
 3 SYSTEMPATH/CodeIgniter.php(941): App\Controllers\ClientController->getdefaultfiles()
 4 SYSTEMPATH/CodeIgniter.php(502): CodeIgniter\CodeIgniter->runController()
 5 SYSTEMPATH/CodeIgniter.php(361): CodeIgniter\CodeIgniter->handleRequest()
 6 FCPATH/index.php(84): CodeIgniter\CodeIgniter->run()
INFO - 2024-08-30 12:11:19 --> Session: Class initialized using 'CodeIgniter\Session\Handlers\FileHandler' driver.
INFO - 2024-08-30 12:11:21 --> Session: Class initialized using 'CodeIgniter\Session\Handlers\FileHandler' driver.
INFO - 2024-08-30 12:11:22 --> Session: Class initialized using 'CodeIgniter\Session\Handlers\FileHandler' driver.
INFO - 2024-08-30 12:11:26 --> Session: Class initialized using 'CodeIgniter\Session\Handlers\FileHandler' driver.
INFO - 2024-08-30 12:14:17 --> Session: Class initialized using 'CodeIgniter\Session\Handlers\FileHandler' driver.
CRITICAL - 2024-08-30 12:14:17 --> ErrorException: Undefined variable $acID
in APPPATH/Views/workpaper/chapter3/33Aa3a.php on line 123.
 1 APPPATH/Views/workpaper/chapter3/33Aa3a.php(123): CodeIgniter\Debug\Exceptions->errorHandler()
 2 SYSTEMPATH/View/View.php(228): include('/home/q05wyrnxw9oo/testapplaud.buildappminds.com/app/Views/workpaper/chapter3/33Aa3a.php')
 3 SYSTEMPATH/View/View.php(231): CodeIgniter\View\View->CodeIgniter\View\{closure}()
 4 SYSTEMPATH/Common.php(1178): CodeIgniter\View\View->render()
 5 APPPATH/Controllers/ChapterController.php(1662): view()
 6 SYSTEMPATH/CodeIgniter.php(941): App\Controllers\ChapterController->c3setworkpaper()
 7 SYSTEMPATH/CodeIgniter.php(502): CodeIgniter\CodeIgniter->runController()
 8 SYSTEMPATH/CodeIgniter.php(361): CodeIgniter\CodeIgniter->handleRequest()
 9 FCPATH/index.php(84): CodeIgniter\CodeIgniter->run()
INFO - 2024-08-30 12:14:25 --> Session: Class initialized using 'CodeIgniter\Session\Handlers\FileHandler' driver.
INFO - 2024-08-30 12:15:53 --> Session: Class initialized using 'CodeIgniter\Session\Handlers\FileHandler' driver.
WARNING - 2024-08-30 12:15:53 --> [DEPRECATED] mb_substr(): Passing null to parameter #1 ($string) of type string is deprecated in SYSTEMPATH/Encryption/Handlers/BaseHandler.php on line 48.
 1 SYSTEMPATH/Encryption/Handlers/BaseHandler.php(48): mb_substr(null, 0, 128, '8bit')
 2 SYSTEMPATH/Encryption/Handlers/OpenSSLHandler.php(134): CodeIgniter\Encryption\Handlers\BaseHandler::substr(null, 0, 128)
 3 APPPATH/Models/WorkpaperModel.php(2321): CodeIgniter\Encryption\Handlers\OpenSSLHandler->decrypt(null)
 4 APPPATH/Controllers/WorkpaperController.php(2146): App\Models\WorkpaperModel->saveaa3air([...])
 5 SYSTEMPATH/CodeIgniter.php(941): App\Controllers\WorkpaperController->saveaa3air('3.3 Aa3a', '6d859e8cf90d47dd06c309095f7ff1040f02067993ea76b4228324eb3324c5b0597a9ecc7eeab93d75f03c6c5b0327ee09dd9570974c3afefe1df5ce904d42242YWnl9ulnmMT5XeLkgw6~LLC', '9e5342725b825a0477e6c2f051f6505089b36edb09ed6be466942963bd90d928190fac2710089573722b5246eb9a0658a7a5cdeb0074c005fc10569de5c0358bOh2e1EFKwONiiWMkZe60a6I=', '675f11d24ced0f172a1124532af03459821c122fed4de5b8de8c6437283fa50ada8953ccf092155b14b50d7e8d114760011b6dd3a21af61232e32221e06b4b75EbE$faW0RmBJWFAQuPXllWs=', 'DJ metal works - Bbbbb')
 6 SYSTEMPATH/CodeIgniter.php(502): CodeIgniter\CodeIgniter->runController(Object(App\Controllers\WorkpaperController))
 7 SYSTEMPATH/CodeIgniter.php(361): CodeIgniter\CodeIgniter->handleRequest(null, Object(Config\Cache), false)
 8 FCPATH/index.php(84): CodeIgniter\CodeIgniter->run()
WARNING - 2024-08-30 12:15:53 --> [DEPRECATED] mb_substr(): Passing null to parameter #1 ($string) of type string is deprecated in SYSTEMPATH/Encryption/Handlers/BaseHandler.php on line 48.
 1 SYSTEMPATH/Encryption/Handlers/BaseHandler.php(48): mb_substr(null, 128, null, '8bit')
 2 SYSTEMPATH/Encryption/Handlers/OpenSSLHandler.php(135): CodeIgniter\Encryption\Handlers\BaseHandler::substr(null, 128)
 3 APPPATH/Models/WorkpaperModel.php(2321): CodeIgniter\Encryption\Handlers\OpenSSLHandler->decrypt(null)
 4 APPPATH/Controllers/WorkpaperController.php(2146): App\Models\WorkpaperModel->saveaa3air([...])
 5 SYSTEMPATH/CodeIgniter.php(941): App\Controllers\WorkpaperController->saveaa3air('3.3 Aa3a', '6d859e8cf90d47dd06c309095f7ff1040f02067993ea76b4228324eb3324c5b0597a9ecc7eeab93d75f03c6c5b0327ee09dd9570974c3afefe1df5ce904d42242YWnl9ulnmMT5XeLkgw6~LLC', '9e5342725b825a0477e6c2f051f6505089b36edb09ed6be466942963bd90d928190fac2710089573722b5246eb9a0658a7a5cdeb0074c005fc10569de5c0358bOh2e1EFKwONiiWMkZe60a6I=', '675f11d24ced0f172a1124532af03459821c122fed4de5b8de8c6437283fa50ada8953ccf092155b14b50d7e8d114760011b6dd3a21af61232e32221e06b4b75EbE$faW0RmBJWFAQuPXllWs=', 'DJ metal works - Bbbbb')
 6 SYSTEMPATH/CodeIgniter.php(502): CodeIgniter\CodeIgniter->runController(Object(App\Controllers\WorkpaperController))
 7 SYSTEMPATH/CodeIgniter.php(361): CodeIgniter\CodeIgniter->handleRequest(null, Object(Config\Cache), false)
 8 FCPATH/index.php(84): CodeIgniter\CodeIgniter->run()
CRITICAL - 2024-08-30 12:15:53 --> CodeIgniter\Encryption\Exceptions\EncryptionException: Decrypting: authentication failed.
in SYSTEMPATH/Encryption/Handlers/OpenSSLHandler.php on line 139.
 1 SYSTEMPATH/Encryption/Handlers/OpenSSLHandler.php(139): CodeIgniter\Encryption\Exceptions\EncryptionException::forAuthenticationFailed()
 2 APPPATH/Models/WorkpaperModel.php(2321): CodeIgniter\Encryption\Handlers\OpenSSLHandler->decrypt()
 3 APPPATH/Controllers/WorkpaperController.php(2146): App\Models\WorkpaperModel->saveaa3air()
 4 SYSTEMPATH/CodeIgniter.php(941): App\Controllers\WorkpaperController->saveaa3air()
 5 SYSTEMPATH/CodeIgniter.php(502): CodeIgniter\CodeIgniter->runController()
 6 SYSTEMPATH/CodeIgniter.php(361): CodeIgniter\CodeIgniter->handleRequest()
 7 FCPATH/index.php(84): CodeIgniter\CodeIgniter->run()
INFO - 2024-08-30 12:16:50 --> Session: Class initialized using 'CodeIgniter\Session\Handlers\FileHandler' driver.
WARNING - 2024-08-30 12:16:50 --> [DEPRECATED] mb_substr(): Passing null to parameter #1 ($string) of type string is deprecated in SYSTEMPATH/Encryption/Handlers/BaseHandler.php on line 48.
 1 SYSTEMPATH/Encryption/Handlers/BaseHandler.php(48): mb_substr(null, 0, 128, '8bit')
 2 SYSTEMPATH/Encryption/Handlers/OpenSSLHandler.php(134): CodeIgniter\Encryption\Handlers\BaseHandler::substr(null, 0, 128)
 3 APPPATH/Models/WorkpaperModel.php(2321): CodeIgniter\Encryption\Handlers\OpenSSLHandler->decrypt(null)
 4 APPPATH/Controllers/WorkpaperController.php(2146): App\Models\WorkpaperModel->saveaa3air([...])
 5 SYSTEMPATH/CodeIgniter.php(941): App\Controllers\WorkpaperController->saveaa3air('3.3 Aa3a', '6d859e8cf90d47dd06c309095f7ff1040f02067993ea76b4228324eb3324c5b0597a9ecc7eeab93d75f03c6c5b0327ee09dd9570974c3afefe1df5ce904d42242YWnl9ulnmMT5XeLkgw6~LLC', '9e5342725b825a0477e6c2f051f6505089b36edb09ed6be466942963bd90d928190fac2710089573722b5246eb9a0658a7a5cdeb0074c005fc10569de5c0358bOh2e1EFKwONiiWMkZe60a6I=', '675f11d24ced0f172a1124532af03459821c122fed4de5b8de8c6437283fa50ada8953ccf092155b14b50d7e8d114760011b6dd3a21af61232e32221e06b4b75EbE$faW0RmBJWFAQuPXllWs=', 'DJ metal works - Bbbbb')
 6 SYSTEMPATH/CodeIgniter.php(502): CodeIgniter\CodeIgniter->runController(Object(App\Controllers\WorkpaperController))
 7 SYSTEMPATH/CodeIgniter.php(361): CodeIgniter\CodeIgniter->handleRequest(null, Object(Config\Cache), false)
 8 FCPATH/index.php(84): CodeIgniter\CodeIgniter->run()
WARNING - 2024-08-30 12:16:50 --> [DEPRECATED] mb_substr(): Passing null to parameter #1 ($string) of type string is deprecated in SYSTEMPATH/Encryption/Handlers/BaseHandler.php on line 48.
 1 SYSTEMPATH/Encryption/Handlers/BaseHandler.php(48): mb_substr(null, 128, null, '8bit')
 2 SYSTEMPATH/Encryption/Handlers/OpenSSLHandler.php(135): CodeIgniter\Encryption\Handlers\BaseHandler::substr(null, 128)
 3 APPPATH/Models/WorkpaperModel.php(2321): CodeIgniter\Encryption\Handlers\OpenSSLHandler->decrypt(null)
 4 APPPATH/Controllers/WorkpaperController.php(2146): App\Models\WorkpaperModel->saveaa3air([...])
 5 SYSTEMPATH/CodeIgniter.php(941): App\Controllers\WorkpaperController->saveaa3air('3.3 Aa3a', '6d859e8cf90d47dd06c309095f7ff1040f02067993ea76b4228324eb3324c5b0597a9ecc7eeab93d75f03c6c5b0327ee09dd9570974c3afefe1df5ce904d42242YWnl9ulnmMT5XeLkgw6~LLC', '9e5342725b825a0477e6c2f051f6505089b36edb09ed6be466942963bd90d928190fac2710089573722b5246eb9a0658a7a5cdeb0074c005fc10569de5c0358bOh2e1EFKwONiiWMkZe60a6I=', '675f11d24ced0f172a1124532af03459821c122fed4de5b8de8c6437283fa50ada8953ccf092155b14b50d7e8d114760011b6dd3a21af61232e32221e06b4b75EbE$faW0RmBJWFAQuPXllWs=', 'DJ metal works - Bbbbb')
 6 SYSTEMPATH/CodeIgniter.php(502): CodeIgniter\CodeIgniter->runController(Object(App\Controllers\WorkpaperController))
 7 SYSTEMPATH/CodeIgniter.php(361): CodeIgniter\CodeIgniter->handleRequest(null, Object(Config\Cache), false)
 8 FCPATH/index.php(84): CodeIgniter\CodeIgniter->run()
CRITICAL - 2024-08-30 12:16:50 --> CodeIgniter\Encryption\Exceptions\EncryptionException: Decrypting: authentication failed.
in SYSTEMPATH/Encryption/Handlers/OpenSSLHandler.php on line 139.
 1 SYSTEMPATH/Encryption/Handlers/OpenSSLHandler.php(139): CodeIgniter\Encryption\Exceptions\EncryptionException::forAuthenticationFailed()
 2 APPPATH/Models/WorkpaperModel.php(2321): CodeIgniter\Encryption\Handlers\OpenSSLHandler->decrypt()
 3 APPPATH/Controllers/WorkpaperController.php(2146): App\Models\WorkpaperModel->saveaa3air()
 4 SYSTEMPATH/CodeIgniter.php(941): App\Controllers\WorkpaperController->saveaa3air()
 5 SYSTEMPATH/CodeIgniter.php(502): CodeIgniter\CodeIgniter->runController()
 6 SYSTEMPATH/CodeIgniter.php(361): CodeIgniter\CodeIgniter->handleRequest()
 7 FCPATH/index.php(84): CodeIgniter\CodeIgniter->run()
INFO - 2024-08-30 12:16:51 --> Session: Class initialized using 'CodeIgniter\Session\Handlers\FileHandler' driver.
INFO - 2024-08-30 12:17:12 --> Session: Class initialized using 'CodeIgniter\Session\Handlers\FileHandler' driver.
CRITICAL - 2024-08-30 12:17:12 --> CodeIgniter\Encryption\Exceptions\EncryptionException: Decrypting: authentication failed.
in SYSTEMPATH/Encryption/Handlers/OpenSSLHandler.php on line 139.
 1 SYSTEMPATH/Encryption/Handlers/OpenSSLHandler.php(139): CodeIgniter\Encryption\Exceptions\EncryptionException::forAuthenticationFailed()
 2 APPPATH/Models/WorkpaperModel.php(2321): CodeIgniter\Encryption\Handlers\OpenSSLHandler->decrypt()
 3 APPPATH/Controllers/WorkpaperController.php(2146): App\Models\WorkpaperModel->saveaa3air()
 4 SYSTEMPATH/CodeIgniter.php(941): App\Controllers\WorkpaperController->saveaa3air()
 5 SYSTEMPATH/CodeIgniter.php(502): CodeIgniter\CodeIgniter->runController()
 6 SYSTEMPATH/CodeIgniter.php(361): CodeIgniter\CodeIgniter->handleRequest()
 7 FCPATH/index.php(84): CodeIgniter\CodeIgniter->run()
INFO - 2024-08-30 12:18:56 --> Session: Class initialized using 'CodeIgniter\Session\Handlers\FileHandler' driver.
INFO - 2024-08-30 12:19:07 --> Session: Class initialized using 'CodeIgniter\Session\Handlers\FileHandler' driver.
CRITICAL - 2024-08-30 12:19:07 --> CodeIgniter\Encryption\Exceptions\EncryptionException: Decrypting: authentication failed.
in SYSTEMPATH/Encryption/Handlers/OpenSSLHandler.php on line 139.
 1 SYSTEMPATH/Encryption/Handlers/OpenSSLHandler.php(139): CodeIgniter\Encryption\Exceptions\EncryptionException::forAuthenticationFailed()
 2 APPPATH/Models/WorkpaperModel.php(2321): CodeIgniter\Encryption\Handlers\OpenSSLHandler->decrypt()
 3 APPPATH/Controllers/WorkpaperController.php(2146): App\Models\WorkpaperModel->saveaa3air()
 4 SYSTEMPATH/CodeIgniter.php(941): App\Controllers\WorkpaperController->saveaa3air()
 5 SYSTEMPATH/CodeIgniter.php(502): CodeIgniter\CodeIgniter->runController()
 6 SYSTEMPATH/CodeIgniter.php(361): CodeIgniter\CodeIgniter->handleRequest()
 7 FCPATH/index.php(84): CodeIgniter\CodeIgniter->run()
INFO - 2024-08-30 12:19:20 --> Session: Class initialized using 'CodeIgniter\Session\Handlers\FileHandler' driver.
INFO - 2024-08-30 12:20:09 --> Session: Class initialized using 'CodeIgniter\Session\Handlers\FileHandler' driver.
CRITICAL - 2024-08-30 12:20:09 --> CodeIgniter\Encryption\Exceptions\EncryptionException: Decrypting: authentication failed.
in SYSTEMPATH/Encryption/Handlers/OpenSSLHandler.php on line 139.
 1 SYSTEMPATH/Encryption/Handlers/OpenSSLHandler.php(139): CodeIgniter\Encryption\Exceptions\EncryptionException::forAuthenticationFailed()
 2 APPPATH/Models/WorkpaperModel.php(2321): CodeIgniter\Encryption\Handlers\OpenSSLHandler->decrypt()
 3 APPPATH/Controllers/WorkpaperController.php(2146): App\Models\WorkpaperModel->saveaa3air()
 4 SYSTEMPATH/CodeIgniter.php(941): App\Controllers\WorkpaperController->saveaa3air()
 5 SYSTEMPATH/CodeIgniter.php(502): CodeIgniter\CodeIgniter->runController()
 6 SYSTEMPATH/CodeIgniter.php(361): CodeIgniter\CodeIgniter->handleRequest()
 7 FCPATH/index.php(84): CodeIgniter\CodeIgniter->run()
INFO - 2024-08-30 12:22:02 --> Session: Class initialized using 'CodeIgniter\Session\Handlers\FileHandler' driver.
CRITICAL - 2024-08-30 12:22:02 --> CodeIgniter\Encryption\Exceptions\EncryptionException: Decrypting: authentication failed.
in SYSTEMPATH/Encryption/Handlers/OpenSSLHandler.php on line 139.
 1 SYSTEMPATH/Encryption/Handlers/OpenSSLHandler.php(139): CodeIgniter\Encryption\Exceptions\EncryptionException::forAuthenticationFailed()
 2 APPPATH/Models/WorkpaperModel.php(2321): CodeIgniter\Encryption\Handlers\OpenSSLHandler->decrypt()
 3 APPPATH/Controllers/WorkpaperController.php(2146): App\Models\WorkpaperModel->saveaa3air()
 4 SYSTEMPATH/CodeIgniter.php(941): App\Controllers\WorkpaperController->saveaa3air()
 5 SYSTEMPATH/CodeIgniter.php(502): CodeIgniter\CodeIgniter->runController()
 6 SYSTEMPATH/CodeIgniter.php(361): CodeIgniter\CodeIgniter->handleRequest()
 7 FCPATH/index.php(84): CodeIgniter\CodeIgniter->run()
INFO - 2024-08-30 12:22:04 --> Session: Class initialized using 'CodeIgniter\Session\Handlers\FileHandler' driver.
INFO - 2024-08-30 12:22:06 --> Session: Class initialized using 'CodeIgniter\Session\Handlers\FileHandler' driver.
CRITICAL - 2024-08-30 12:22:06 --> CodeIgniter\Encryption\Exceptions\EncryptionException: Decrypting: authentication failed.
in SYSTEMPATH/Encryption/Handlers/OpenSSLHandler.php on line 139.
 1 SYSTEMPATH/Encryption/Handlers/OpenSSLHandler.php(139): CodeIgniter\Encryption\Exceptions\EncryptionException::forAuthenticationFailed()
 2 APPPATH/Models/WorkpaperModel.php(2321): CodeIgniter\Encryption\Handlers\OpenSSLHandler->decrypt()
 3 APPPATH/Controllers/WorkpaperController.php(2146): App\Models\WorkpaperModel->saveaa3air()
 4 SYSTEMPATH/CodeIgniter.php(941): App\Controllers\WorkpaperController->saveaa3air()
 5 SYSTEMPATH/CodeIgniter.php(502): CodeIgniter\CodeIgniter->runController()
 6 SYSTEMPATH/CodeIgniter.php(361): CodeIgniter\CodeIgniter->handleRequest()
 7 FCPATH/index.php(84): CodeIgniter\CodeIgniter->run()
INFO - 2024-08-30 12:22:17 --> Session: Class initialized using 'CodeIgniter\Session\Handlers\FileHandler' driver.
INFO - 2024-08-30 12:22:18 --> Session: Class initialized using 'CodeIgniter\Session\Handlers\FileHandler' driver.
INFO - 2024-08-30 12:22:35 --> Session: Class initialized using 'CodeIgniter\Session\Handlers\FileHandler' driver.
CRITICAL - 2024-08-30 12:22:35 --> CodeIgniter\Encryption\Exceptions\EncryptionException: Decrypting: authentication failed.
in SYSTEMPATH/Encryption/Handlers/OpenSSLHandler.php on line 139.
 1 SYSTEMPATH/Encryption/Handlers/OpenSSLHandler.php(139): CodeIgniter\Encryption\Exceptions\EncryptionException::forAuthenticationFailed()
 2 APPPATH/Models/WorkpaperModel.php(2321): CodeIgniter\Encryption\Handlers\OpenSSLHandler->decrypt()
 3 APPPATH/Controllers/WorkpaperController.php(2146): App\Models\WorkpaperModel->saveaa3air()
 4 SYSTEMPATH/CodeIgniter.php(941): App\Controllers\WorkpaperController->saveaa3air()
 5 SYSTEMPATH/CodeIgniter.php(502): CodeIgniter\CodeIgniter->runController()
 6 SYSTEMPATH/CodeIgniter.php(361): CodeIgniter\CodeIgniter->handleRequest()
 7 FCPATH/index.php(84): CodeIgniter\CodeIgniter->run()
INFO - 2024-08-30 12:23:18 --> Session: Class initialized using 'CodeIgniter\Session\Handlers\FileHandler' driver.
INFO - 2024-08-30 12:23:18 --> Session: Class initialized using 'CodeIgniter\Session\Handlers\FileHandler' driver.
INFO - 2024-08-30 12:25:03 --> Session: Class initialized using 'CodeIgniter\Session\Handlers\FileHandler' driver.
CRITICAL - 2024-08-30 12:25:03 --> ErrorException: Trying to access array offset on value of type null
in APPPATH/Controllers/ChapterController.php on line 1661.
 1 APPPATH/Controllers/ChapterController.php(1661): CodeIgniter\Debug\Exceptions->errorHandler()
 2 SYSTEMPATH/CodeIgniter.php(941): App\Controllers\ChapterController->c3setworkpaper()
 3 SYSTEMPATH/CodeIgniter.php(502): CodeIgniter\CodeIgniter->runController()
 4 SYSTEMPATH/CodeIgniter.php(361): CodeIgniter\CodeIgniter->handleRequest()
 5 FCPATH/index.php(84): CodeIgniter\CodeIgniter->run()
INFO - 2024-08-30 12:26:08 --> Session: Class initialized using 'CodeIgniter\Session\Handlers\FileHandler' driver.
INFO - 2024-08-30 12:26:29 --> Session: Class initialized using 'CodeIgniter\Session\Handlers\FileHandler' driver.
INFO - 2024-08-30 12:27:31 --> Session: Class initialized using 'CodeIgniter\Session\Handlers\FileHandler' driver.
INFO - 2024-08-30 12:27:35 --> Session: Class initialized using 'CodeIgniter\Session\Handlers\FileHandler' driver.
CRITICAL - 2024-08-30 12:27:35 --> ErrorException: Undefined variable $ir
in APPPATH/Views/workpaper/pdfc3/AA3A.php on line 219.
 1 APPPATH/Views/workpaper/pdfc3/AA3A.php(219): CodeIgniter\Debug\Exceptions->errorHandler()
 2 SYSTEMPATH/View/View.php(228): include('/home/q05wyrnxw9oo/testapplaud.buildappminds.com/app/Views/workpaper/pdfc3/AA3A.php')
 3 SYSTEMPATH/View/View.php(231): CodeIgniter\View\View->CodeIgniter\View\{closure}()
 4 SYSTEMPATH/Common.php(1178): CodeIgniter\View\View->render()
 5 APPPATH/Controllers/WorkpaperController.php(3554): view()
 6 SYSTEMPATH/CodeIgniter.php(941): App\Controllers\WorkpaperController->viewpdfc3()
 7 SYSTEMPATH/CodeIgniter.php(502): CodeIgniter\CodeIgniter->runController()
 8 SYSTEMPATH/CodeIgniter.php(361): CodeIgniter\CodeIgniter->handleRequest()
 9 FCPATH/index.php(84): CodeIgniter\CodeIgniter->run()
INFO - 2024-08-30 12:28:32 --> Session: Class initialized using 'CodeIgniter\Session\Handlers\FileHandler' driver.
INFO - 2024-08-30 12:30:08 --> Session: Class initialized using 'CodeIgniter\Session\Handlers\FileHandler' driver.
INFO - 2024-08-30 12:30:15 --> Session: Class initialized using 'CodeIgniter\Session\Handlers\FileHandler' driver.
INFO - 2024-08-30 12:30:18 --> Session: Class initialized using 'CodeIgniter\Session\Handlers\FileHandler' driver.
INFO - 2024-08-30 12:36:43 --> Session: Class initialized using 'CodeIgniter\Session\Handlers\FileHandler' driver.
INFO - 2024-08-30 15:00:04 --> Session: Class initialized using 'CodeIgniter\Session\Handlers\FileHandler' driver.
INFO - 2024-08-30 15:20:05 --> Session: Class initialized using 'CodeIgniter\Session\Handlers\FileHandler' driver.
INFO - 2024-08-30 17:09:45 --> Session: Class initialized using 'CodeIgniter\Session\Handlers\FileHandler' driver.
INFO - 2024-08-30 17:09:45 --> Session: Class initialized using 'CodeIgniter\Session\Handlers\FileHandler' driver.
INFO - 2024-08-30 17:09:47 --> Session: Class initialized using 'CodeIgniter\Session\Handlers\FileHandler' driver.
INFO - 2024-08-30 17:09:56 --> Session: Class initialized using 'CodeIgniter\Session\Handlers\FileHandler' driver.
INFO - 2024-08-30 17:09:56 --> Session: Class initialized using 'CodeIgniter\Session\Handlers\FileHandler' driver.
INFO - 2024-08-30 18:38:09 --> Session: Class initialized using 'CodeIgniter\Session\Handlers\FileHandler' driver.
INFO - 2024-08-30 18:58:42 --> Session: Class initialized using 'CodeIgniter\Session\Handlers\FileHandler' driver.
INFO - 2024-08-30 18:58:45 --> Session: Class initialized using 'CodeIgniter\Session\Handlers\FileHandler' driver.
CRITICAL - 2024-08-30 18:58:45 --> CodeIgniter\Encryption\Exceptions\EncryptionException: Decrypting: authentication failed.
in SYSTEMPATH/Encryption/Handlers/OpenSSLHandler.php on line 139.
 1 SYSTEMPATH/Encryption/Handlers/OpenSSLHandler.php(139): CodeIgniter\Encryption\Exceptions\EncryptionException::forAuthenticationFailed()
 2 APPPATH/Controllers/ClientController.php(56): CodeIgniter\Encryption\Handlers\OpenSSLHandler->decrypt()
 3 SYSTEMPATH/CodeIgniter.php(941): App\Controllers\ClientController->getdefaultfiles()
 4 SYSTEMPATH/CodeIgniter.php(502): CodeIgniter\CodeIgniter->runController()
 5 SYSTEMPATH/CodeIgniter.php(361): CodeIgniter\CodeIgniter->handleRequest()
 6 FCPATH/index.php(84): CodeIgniter\CodeIgniter->run()
INFO - 2024-08-30 18:58:45 --> Session: Class initialized using 'CodeIgniter\Session\Handlers\FileHandler' driver.
INFO - 2024-08-30 18:58:53 --> Session: Class initialized using 'CodeIgniter\Session\Handlers\FileHandler' driver.
INFO - 2024-08-30 18:59:41 --> Session: Class initialized using 'CodeIgniter\Session\Handlers\FileHandler' driver.
WARNING - 2024-08-30 18:59:41 --> [DEPRECATED] mb_substr(): Passing null to parameter #1 ($string) of type string is deprecated in SYSTEMPATH/Encryption/Handlers/BaseHandler.php on line 48.
 1 SYSTEMPATH/Encryption/Handlers/BaseHandler.php(48): mb_substr(null, 0, 128, '8bit')
 2 SYSTEMPATH/Encryption/Handlers/OpenSSLHandler.php(134): CodeIgniter\Encryption\Handlers\BaseHandler::substr(null, 0, 128)
 3 APPPATH/Models/ChapterValuesModel.php(992): CodeIgniter\Encryption\Handlers\OpenSSLHandler->decrypt(null)
 4 APPPATH/Controllers/ChapterValuesController.php(1477): App\Models\ChapterValuesModel->saveaa3bp4([...])
 5 SYSTEMPATH/CodeIgniter.php(941): App\Controllers\ChapterValuesController->saveaa3bp4('3.4 Aa3b', '9e7e883b5108edc50aeb402a476f7a047efee840da2499c2d7e7b266f6f464aee3969527dcbbfc4933f4f087886106b4962ba9726b5daf6b87a4a782fc3b7238jLy6H4hosV1QF6jbEZV8$XLA', '3cddbf92161dc2b7c58bbbaba7127f7dbe5f1facb77d99091a15129e36bb8d2f05c0909fae99b94d3a1bb76ee446a3047f3601357e29db941389622d28128295p48rnIWEm23cZKjnRIB95lg=', 'DJ metal works - Bbbbb')
 6 SYSTEMPATH/CodeIgniter.php(502): CodeIgniter\CodeIgniter->runController(Object(App\Controllers\ChapterValuesController))
 7 SYSTEMPATH/CodeIgniter.php(361): CodeIgniter\CodeIgniter->handleRequest(null, Object(Config\Cache), false)
 8 FCPATH/index.php(84): CodeIgniter\CodeIgniter->run()
WARNING - 2024-08-30 18:59:41 --> [DEPRECATED] mb_substr(): Passing null to parameter #1 ($string) of type string is deprecated in SYSTEMPATH/Encryption/Handlers/BaseHandler.php on line 48.
 1 SYSTEMPATH/Encryption/Handlers/BaseHandler.php(48): mb_substr(null, 128, null, '8bit')
 2 SYSTEMPATH/Encryption/Handlers/OpenSSLHandler.php(135): CodeIgniter\Encryption\Handlers\BaseHandler::substr(null, 128)
 3 APPPATH/Models/ChapterValuesModel.php(992): CodeIgniter\Encryption\Handlers\OpenSSLHandler->decrypt(null)
 4 APPPATH/Controllers/ChapterValuesController.php(1477): App\Models\ChapterValuesModel->saveaa3bp4([...])
 5 SYSTEMPATH/CodeIgniter.php(941): App\Controllers\ChapterValuesController->saveaa3bp4('3.4 Aa3b', '9e7e883b5108edc50aeb402a476f7a047efee840da2499c2d7e7b266f6f464aee3969527dcbbfc4933f4f087886106b4962ba9726b5daf6b87a4a782fc3b7238jLy6H4hosV1QF6jbEZV8$XLA', '3cddbf92161dc2b7c58bbbaba7127f7dbe5f1facb77d99091a15129e36bb8d2f05c0909fae99b94d3a1bb76ee446a3047f3601357e29db941389622d28128295p48rnIWEm23cZKjnRIB95lg=', 'DJ metal works - Bbbbb')
 6 SYSTEMPATH/CodeIgniter.php(502): CodeIgniter\CodeIgniter->runController(Object(App\Controllers\ChapterValuesController))
 7 SYSTEMPATH/CodeIgniter.php(361): CodeIgniter\CodeIgniter->handleRequest(null, Object(Config\Cache), false)
 8 FCPATH/index.php(84): CodeIgniter\CodeIgniter->run()
CRITICAL - 2024-08-30 18:59:41 --> CodeIgniter\Encryption\Exceptions\EncryptionException: Decrypting: authentication failed.
in SYSTEMPATH/Encryption/Handlers/OpenSSLHandler.php on line 139.
 1 SYSTEMPATH/Encryption/Handlers/OpenSSLHandler.php(139): CodeIgniter\Encryption\Exceptions\EncryptionException::forAuthenticationFailed()
 2 APPPATH/Models/ChapterValuesModel.php(992): CodeIgniter\Encryption\Handlers\OpenSSLHandler->decrypt()
 3 APPPATH/Controllers/ChapterValuesController.php(1477): App\Models\ChapterValuesModel->saveaa3bp4()
 4 SYSTEMPATH/CodeIgniter.php(941): App\Controllers\ChapterValuesController->saveaa3bp4()
 5 SYSTEMPATH/CodeIgniter.php(502): CodeIgniter\CodeIgniter->runController()
 6 SYSTEMPATH/CodeIgniter.php(361): CodeIgniter\CodeIgniter->handleRequest()
 7 FCPATH/index.php(84): CodeIgniter\CodeIgniter->run()
INFO - 2024-08-30 18:59:43 --> Session: Class initialized using 'CodeIgniter\Session\Handlers\FileHandler' driver.
INFO - 2024-08-30 18:59:47 --> Session: Class initialized using 'CodeIgniter\Session\Handlers\FileHandler' driver.
INFO - 2024-08-30 18:59:57 --> Session: Class initialized using 'CodeIgniter\Session\Handlers\FileHandler' driver.
WARNING - 2024-08-30 18:59:57 --> [DEPRECATED] mb_substr(): Passing null to parameter #1 ($string) of type string is deprecated in SYSTEMPATH/Encryption/Handlers/BaseHandler.php on line 48.
 1 SYSTEMPATH/Encryption/Handlers/BaseHandler.php(48): mb_substr(null, 0, 128, '8bit')
 2 SYSTEMPATH/Encryption/Handlers/OpenSSLHandler.php(134): CodeIgniter\Encryption\Handlers\BaseHandler::substr(null, 0, 128)
 3 APPPATH/Models/ChapterValuesModel.php(992): CodeIgniter\Encryption\Handlers\OpenSSLHandler->decrypt(null)
 4 APPPATH/Controllers/ChapterValuesController.php(1477): App\Models\ChapterValuesModel->saveaa3bp4([...])
 5 SYSTEMPATH/CodeIgniter.php(941): App\Controllers\ChapterValuesController->saveaa3bp4('3.4 Aa3b', '9e7e883b5108edc50aeb402a476f7a047efee840da2499c2d7e7b266f6f464aee3969527dcbbfc4933f4f087886106b4962ba9726b5daf6b87a4a782fc3b7238jLy6H4hosV1QF6jbEZV8$XLA', '3cddbf92161dc2b7c58bbbaba7127f7dbe5f1facb77d99091a15129e36bb8d2f05c0909fae99b94d3a1bb76ee446a3047f3601357e29db941389622d28128295p48rnIWEm23cZKjnRIB95lg=', 'DJ metal works - Bbbbb')
 6 SYSTEMPATH/CodeIgniter.php(502): CodeIgniter\CodeIgniter->runController(Object(App\Controllers\ChapterValuesController))
 7 SYSTEMPATH/CodeIgniter.php(361): CodeIgniter\CodeIgniter->handleRequest(null, Object(Config\Cache), false)
 8 FCPATH/index.php(84): CodeIgniter\CodeIgniter->run()
WARNING - 2024-08-30 18:59:57 --> [DEPRECATED] mb_substr(): Passing null to parameter #1 ($string) of type string is deprecated in SYSTEMPATH/Encryption/Handlers/BaseHandler.php on line 48.
 1 SYSTEMPATH/Encryption/Handlers/BaseHandler.php(48): mb_substr(null, 128, null, '8bit')
 2 SYSTEMPATH/Encryption/Handlers/OpenSSLHandler.php(135): CodeIgniter\Encryption\Handlers\BaseHandler::substr(null, 128)
 3 APPPATH/Models/ChapterValuesModel.php(992): CodeIgniter\Encryption\Handlers\OpenSSLHandler->decrypt(null)
 4 APPPATH/Controllers/ChapterValuesController.php(1477): App\Models\ChapterValuesModel->saveaa3bp4([...])
 5 SYSTEMPATH/CodeIgniter.php(941): App\Controllers\ChapterValuesController->saveaa3bp4('3.4 Aa3b', '9e7e883b5108edc50aeb402a476f7a047efee840da2499c2d7e7b266f6f464aee3969527dcbbfc4933f4f087886106b4962ba9726b5daf6b87a4a782fc3b7238jLy6H4hosV1QF6jbEZV8$XLA', '3cddbf92161dc2b7c58bbbaba7127f7dbe5f1facb77d99091a15129e36bb8d2f05c0909fae99b94d3a1bb76ee446a3047f3601357e29db941389622d28128295p48rnIWEm23cZKjnRIB95lg=', 'DJ metal works - Bbbbb')
 6 SYSTEMPATH/CodeIgniter.php(502): CodeIgniter\CodeIgniter->runController(Object(App\Controllers\ChapterValuesController))
 7 SYSTEMPATH/CodeIgniter.php(361): CodeIgniter\CodeIgniter->handleRequest(null, Object(Config\Cache), false)
 8 FCPATH/index.php(84): CodeIgniter\CodeIgniter->run()
CRITICAL - 2024-08-30 18:59:57 --> CodeIgniter\Encryption\Exceptions\EncryptionException: Decrypting: authentication failed.
in SYSTEMPATH/Encryption/Handlers/OpenSSLHandler.php on line 139.
 1 SYSTEMPATH/Encryption/Handlers/OpenSSLHandler.php(139): CodeIgniter\Encryption\Exceptions\EncryptionException::forAuthenticationFailed()
 2 APPPATH/Models/ChapterValuesModel.php(992): CodeIgniter\Encryption\Handlers\OpenSSLHandler->decrypt()
 3 APPPATH/Controllers/ChapterValuesController.php(1477): App\Models\ChapterValuesModel->saveaa3bp4()
 4 SYSTEMPATH/CodeIgniter.php(941): App\Controllers\ChapterValuesController->saveaa3bp4()
 5 SYSTEMPATH/CodeIgniter.php(502): CodeIgniter\CodeIgniter->runController()
 6 SYSTEMPATH/CodeIgniter.php(361): CodeIgniter\CodeIgniter->handleRequest()
 7 FCPATH/index.php(84): CodeIgniter\CodeIgniter->run()
INFO - 2024-08-30 19:00:21 --> Session: Class initialized using 'CodeIgniter\Session\Handlers\FileHandler' driver.
WARNING - 2024-08-30 19:00:21 --> [DEPRECATED] mb_substr(): Passing null to parameter #1 ($string) of type string is deprecated in SYSTEMPATH/Encryption/Handlers/BaseHandler.php on line 48.
 1 SYSTEMPATH/Encryption/Handlers/BaseHandler.php(48): mb_substr(null, 0, 128, '8bit')
 2 SYSTEMPATH/Encryption/Handlers/OpenSSLHandler.php(134): CodeIgniter\Encryption\Handlers\BaseHandler::substr(null, 0, 128)
 3 APPPATH/Models/ChapterValuesModel.php(992): CodeIgniter\Encryption\Handlers\OpenSSLHandler->decrypt(null)
 4 APPPATH/Controllers/ChapterValuesController.php(1477): App\Models\ChapterValuesModel->saveaa3bp4([...])
 5 SYSTEMPATH/CodeIgniter.php(941): App\Controllers\ChapterValuesController->saveaa3bp4('3.4 Aa3b', '9e7e883b5108edc50aeb402a476f7a047efee840da2499c2d7e7b266f6f464aee3969527dcbbfc4933f4f087886106b4962ba9726b5daf6b87a4a782fc3b7238jLy6H4hosV1QF6jbEZV8$XLA', '3cddbf92161dc2b7c58bbbaba7127f7dbe5f1facb77d99091a15129e36bb8d2f05c0909fae99b94d3a1bb76ee446a3047f3601357e29db941389622d28128295p48rnIWEm23cZKjnRIB95lg=', 'DJ metal works - Bbbbb')
 6 SYSTEMPATH/CodeIgniter.php(502): CodeIgniter\CodeIgniter->runController(Object(App\Controllers\ChapterValuesController))
 7 SYSTEMPATH/CodeIgniter.php(361): CodeIgniter\CodeIgniter->handleRequest(null, Object(Config\Cache), false)
 8 FCPATH/index.php(84): CodeIgniter\CodeIgniter->run()
WARNING - 2024-08-30 19:00:21 --> [DEPRECATED] mb_substr(): Passing null to parameter #1 ($string) of type string is deprecated in SYSTEMPATH/Encryption/Handlers/BaseHandler.php on line 48.
 1 SYSTEMPATH/Encryption/Handlers/BaseHandler.php(48): mb_substr(null, 128, null, '8bit')
 2 SYSTEMPATH/Encryption/Handlers/OpenSSLHandler.php(135): CodeIgniter\Encryption\Handlers\BaseHandler::substr(null, 128)
 3 APPPATH/Models/ChapterValuesModel.php(992): CodeIgniter\Encryption\Handlers\OpenSSLHandler->decrypt(null)
 4 APPPATH/Controllers/ChapterValuesController.php(1477): App\Models\ChapterValuesModel->saveaa3bp4([...])
 5 SYSTEMPATH/CodeIgniter.php(941): App\Controllers\ChapterValuesController->saveaa3bp4('3.4 Aa3b', '9e7e883b5108edc50aeb402a476f7a047efee840da2499c2d7e7b266f6f464aee3969527dcbbfc4933f4f087886106b4962ba9726b5daf6b87a4a782fc3b7238jLy6H4hosV1QF6jbEZV8$XLA', '3cddbf92161dc2b7c58bbbaba7127f7dbe5f1facb77d99091a15129e36bb8d2f05c0909fae99b94d3a1bb76ee446a3047f3601357e29db941389622d28128295p48rnIWEm23cZKjnRIB95lg=', 'DJ metal works - Bbbbb')
 6 SYSTEMPATH/CodeIgniter.php(502): CodeIgniter\CodeIgniter->runController(Object(App\Controllers\ChapterValuesController))
 7 SYSTEMPATH/CodeIgniter.php(361): CodeIgniter\CodeIgniter->handleRequest(null, Object(Config\Cache), false)
 8 FCPATH/index.php(84): CodeIgniter\CodeIgniter->run()
CRITICAL - 2024-08-30 19:00:21 --> CodeIgniter\Encryption\Exceptions\EncryptionException: Decrypting: authentication failed.
in SYSTEMPATH/Encryption/Handlers/OpenSSLHandler.php on line 139.
 1 SYSTEMPATH/Encryption/Handlers/OpenSSLHandler.php(139): CodeIgniter\Encryption\Exceptions\EncryptionException::forAuthenticationFailed()
 2 APPPATH/Models/ChapterValuesModel.php(992): CodeIgniter\Encryption\Handlers\OpenSSLHandler->decrypt()
 3 APPPATH/Controllers/ChapterValuesController.php(1477): App\Models\ChapterValuesModel->saveaa3bp4()
 4 SYSTEMPATH/CodeIgniter.php(941): App\Controllers\ChapterValuesController->saveaa3bp4()
 5 SYSTEMPATH/CodeIgniter.php(502): CodeIgniter\CodeIgniter->runController()
 6 SYSTEMPATH/CodeIgniter.php(361): CodeIgniter\CodeIgniter->handleRequest()
 7 FCPATH/index.php(84): CodeIgniter\CodeIgniter->run()
INFO - 2024-08-30 19:00:23 --> Session: Class initialized using 'CodeIgniter\Session\Handlers\FileHandler' driver.
INFO - 2024-08-30 19:00:25 --> Session: Class initialized using 'CodeIgniter\Session\Handlers\FileHandler' driver.
INFO - 2024-08-30 19:00:37 --> Session: Class initialized using 'CodeIgniter\Session\Handlers\FileHandler' driver.
INFO - 2024-08-30 19:00:37 --> Session: Class initialized using 'CodeIgniter\Session\Handlers\FileHandler' driver.
INFO - 2024-08-30 19:05:49 --> Session: Class initialized using 'CodeIgniter\Session\Handlers\FileHandler' driver.
INFO - 2024-08-30 19:15:19 --> Session: Class initialized using 'CodeIgniter\Session\Handlers\FileHandler' driver.
INFO - 2024-08-30 19:15:37 --> Session: Class initialized using 'CodeIgniter\Session\Handlers\FileHandler' driver.
INFO - 2024-08-30 19:15:37 --> Session: Class initialized using 'CodeIgniter\Session\Handlers\FileHandler' driver.
INFO - 2024-08-30 19:24:28 --> Session: Class initialized using 'CodeIgniter\Session\Handlers\FileHandler' driver.
INFO - 2024-08-30 19:24:31 --> Session: Class initialized using 'CodeIgniter\Session\Handlers\FileHandler' driver.
CRITICAL - 2024-08-30 19:24:31 --> CodeIgniter\Encryption\Exceptions\EncryptionException: Decrypting: authentication failed.
in SYSTEMPATH/Encryption/Handlers/OpenSSLHandler.php on line 139.
 1 SYSTEMPATH/Encryption/Handlers/OpenSSLHandler.php(139): CodeIgniter\Encryption\Exceptions\EncryptionException::forAuthenticationFailed()
 2 APPPATH/Controllers/ClientController.php(56): CodeIgniter\Encryption\Handlers\OpenSSLHandler->decrypt()
 3 SYSTEMPATH/CodeIgniter.php(941): App\Controllers\ClientController->getdefaultfiles()
 4 SYSTEMPATH/CodeIgniter.php(502): CodeIgniter\CodeIgniter->runController()
 5 SYSTEMPATH/CodeIgniter.php(361): CodeIgniter\CodeIgniter->handleRequest()
 6 FCPATH/index.php(84): CodeIgniter\CodeIgniter->run()
INFO - 2024-08-30 19:24:31 --> Session: Class initialized using 'CodeIgniter\Session\Handlers\FileHandler' driver.
INFO - 2024-08-30 19:24:36 --> Session: Class initialized using 'CodeIgniter\Session\Handlers\FileHandler' driver.
INFO - 2024-08-30 19:28:42 --> Session: Class initialized using 'CodeIgniter\Session\Handlers\FileHandler' driver.
INFO - 2024-08-30 19:28:45 --> Session: Class initialized using 'CodeIgniter\Session\Handlers\FileHandler' driver.
INFO - 2024-08-30 19:28:53 --> Session: Class initialized using 'CodeIgniter\Session\Handlers\FileHandler' driver.
CRITICAL - 2024-08-30 19:28:53 --> ErrorException: Undefined array key "bwr1"
in APPPATH/Views/workpaper/chapter3/34Aa3b.php on line 152.
 1 APPPATH/Views/workpaper/chapter3/34Aa3b.php(152): CodeIgniter\Debug\Exceptions->errorHandler()
 2 SYSTEMPATH/View/View.php(228): include('/home/q05wyrnxw9oo/testapplaud.buildappminds.com/app/Views/workpaper/chapter3/34Aa3b.php')
 3 SYSTEMPATH/View/View.php(231): CodeIgniter\View\View->CodeIgniter\View\{closure}()
 4 SYSTEMPATH/Common.php(1178): CodeIgniter\View\View->render()
 5 APPPATH/Controllers/ChapterController.php(1676): view()
 6 SYSTEMPATH/CodeIgniter.php(941): App\Controllers\ChapterController->c3setworkpaper()
 7 SYSTEMPATH/CodeIgniter.php(502): CodeIgniter\CodeIgniter->runController()
 8 SYSTEMPATH/CodeIgniter.php(361): CodeIgniter\CodeIgniter->handleRequest()
 9 FCPATH/index.php(84): CodeIgniter\CodeIgniter->run()
INFO - 2024-08-30 19:29:01 --> Session: Class initialized using 'CodeIgniter\Session\Handlers\FileHandler' driver.
INFO - 2024-08-30 19:29:25 --> Session: Class initialized using 'CodeIgniter\Session\Handlers\FileHandler' driver.
INFO - 2024-08-30 19:29:40 --> Session: Class initialized using 'CodeIgniter\Session\Handlers\FileHandler' driver.
INFO - 2024-08-30 19:29:40 --> Session: Class initialized using 'CodeIgniter\Session\Handlers\FileHandler' driver.
INFO - 2024-08-30 19:29:58 --> Session: Class initialized using 'CodeIgniter\Session\Handlers\FileHandler' driver.
INFO - 2024-08-30 19:30:07 --> Session: Class initialized using 'CodeIgniter\Session\Handlers\FileHandler' driver.
INFO - 2024-08-30 19:30:07 --> Session: Class initialized using 'CodeIgniter\Session\Handlers\FileHandler' driver.
INFO - 2024-08-30 19:30:17 --> Session: Class initialized using 'CodeIgniter\Session\Handlers\FileHandler' driver.
INFO - 2024-08-30 19:30:17 --> Session: Class initialized using 'CodeIgniter\Session\Handlers\FileHandler' driver.
INFO - 2024-08-30 19:31:23 --> Session: Class initialized using 'CodeIgniter\Session\Handlers\FileHandler' driver.
INFO - 2024-08-30 19:31:28 --> Session: Class initialized using 'CodeIgniter\Session\Handlers\FileHandler' driver.
WARNING - 2024-08-30 19:31:29 --> [DEPRECATED] strtotime(): Passing null to parameter #1 ($datetime) of type string is deprecated in APPPATH/Views/workpaper/pdfc3/AA3B.php on line 77.
 1 APPPATH/Views/workpaper/pdfc3/AA3B.php(77): strtotime(null)
 2 SYSTEMPATH/View/View.php(228): include('/home/q05wyrnxw9oo/testapplaud.buildappminds.com/app/Views/workpaper/pdfc3/AA3B.php')
 3 SYSTEMPATH/View/View.php(231): CodeIgniter\View\View->CodeIgniter\View\{closure}()
 4 SYSTEMPATH/Common.php(1178): CodeIgniter\View\View->render('workpaper/pdfc3/AA3B', [], true)
 5 APPPATH/Controllers/WorkpaperController.php(3572): view('workpaper/pdfc3/AA3B', [...])
 6 SYSTEMPATH/CodeIgniter.php(941): App\Controllers\WorkpaperController->viewpdfc3('3.4 Aa3b', 'fa2d6b3aa4b3a6f9b4327d59be49851b7082925b20705c10418e15b5b28ccd2b4b88abc74d91a55892003ccd8a06af215abc60641647add3b462556b76cac046vvylmEg0ogroPRBD4cBiz0~O', '6ad68df66899f76082385be1b8a92c3bdfba5ff8e4e671b932e0183e2725c3906e7f587f5b0eb73edf2e245afb6b2ceec2cbce9fdbe3a527dbdf8e3578896282slsUVfbSYtBmyqNz0Q0fp~U=', 'bc9b4cfa47e65138ab98d0e5a02f648c30fda467b450a4f7455fb8371d1c627cec6a5f419722ba6a66043cf96957c5a300ce34f6a9deb1eea4f362e9bc7471d7deOjtJuw27dtFTwNBXgvosI=')
 7 SYSTEMPATH/CodeIgniter.php(502): CodeIgniter\CodeIgniter->runController(Object(App\Controllers\WorkpaperController))
 8 SYSTEMPATH/CodeIgniter.php(361): CodeIgniter\CodeIgniter->handleRequest(null, Object(Config\Cache), false)
 9 FCPATH/index.php(84): CodeIgniter\CodeIgniter->run()
WARNING - 2024-08-30 19:31:29 --> [DEPRECATED] strtotime(): Passing null to parameter #1 ($datetime) of type string is deprecated in APPPATH/Views/workpaper/pdfc3/AA3B.php on line 81.
 1 APPPATH/Views/workpaper/pdfc3/AA3B.php(81): strtotime(null)
 2 SYSTEMPATH/View/View.php(228): include('/home/q05wyrnxw9oo/testapplaud.buildappminds.com/app/Views/workpaper/pdfc3/AA3B.php')
 3 SYSTEMPATH/View/View.php(231): CodeIgniter\View\View->CodeIgniter\View\{closure}()
 4 SYSTEMPATH/Common.php(1178): CodeIgniter\View\View->render('workpaper/pdfc3/AA3B', [], true)
 5 APPPATH/Controllers/WorkpaperController.php(3572): view('workpaper/pdfc3/AA3B', [...])
 6 SYSTEMPATH/CodeIgniter.php(941): App\Controllers\WorkpaperController->viewpdfc3('3.4 Aa3b', 'fa2d6b3aa4b3a6f9b4327d59be49851b7082925b20705c10418e15b5b28ccd2b4b88abc74d91a55892003ccd8a06af215abc60641647add3b462556b76cac046vvylmEg0ogroPRBD4cBiz0~O', '6ad68df66899f76082385be1b8a92c3bdfba5ff8e4e671b932e0183e2725c3906e7f587f5b0eb73edf2e245afb6b2ceec2cbce9fdbe3a527dbdf8e3578896282slsUVfbSYtBmyqNz0Q0fp~U=', 'bc9b4cfa47e65138ab98d0e5a02f648c30fda467b450a4f7455fb8371d1c627cec6a5f419722ba6a66043cf96957c5a300ce34f6a9deb1eea4f362e9bc7471d7deOjtJuw27dtFTwNBXgvosI=')
 7 SYSTEMPATH/CodeIgniter.php(502): CodeIgniter\CodeIgniter->runController(Object(App\Controllers\WorkpaperController))
 8 SYSTEMPATH/CodeIgniter.php(361): CodeIgniter\CodeIgniter->handleRequest(null, Object(Config\Cache), false)
 9 FCPATH/index.php(84): CodeIgniter\CodeIgniter->run()
INFO - 2024-08-30 19:31:57 --> Session: Class initialized using 'CodeIgniter\Session\Handlers\FileHandler' driver.
INFO - 2024-08-30 19:31:58 --> Session: Class initialized using 'CodeIgniter\Session\Handlers\FileHandler' driver.
INFO - 2024-08-30 19:32:00 --> Session: Class initialized using 'CodeIgniter\Session\Handlers\FileHandler' driver.
CRITICAL - 2024-08-30 19:32:00 --> CodeIgniter\Encryption\Exceptions\EncryptionException: Decrypting: authentication failed.
in SYSTEMPATH/Encryption/Handlers/OpenSSLHandler.php on line 139.
 1 SYSTEMPATH/Encryption/Handlers/OpenSSLHandler.php(139): CodeIgniter\Encryption\Exceptions\EncryptionException::forAuthenticationFailed()
 2 APPPATH/Controllers/ClientController.php(56): CodeIgniter\Encryption\Handlers\OpenSSLHandler->decrypt()
 3 SYSTEMPATH/CodeIgniter.php(941): App\Controllers\ClientController->getdefaultfiles()
 4 SYSTEMPATH/CodeIgniter.php(502): CodeIgniter\CodeIgniter->runController()
 5 SYSTEMPATH/CodeIgniter.php(361): CodeIgniter\CodeIgniter->handleRequest()
 6 FCPATH/index.php(84): CodeIgniter\CodeIgniter->run()
INFO - 2024-08-30 19:32:00 --> Session: Class initialized using 'CodeIgniter\Session\Handlers\FileHandler' driver.
INFO - 2024-08-30 19:32:03 --> Session: Class initialized using 'CodeIgniter\Session\Handlers\FileHandler' driver.
INFO - 2024-08-30 19:33:02 --> Session: Class initialized using 'CodeIgniter\Session\Handlers\FileHandler' driver.
INFO - 2024-08-30 19:33:04 --> Session: Class initialized using 'CodeIgniter\Session\Handlers\FileHandler' driver.
INFO - 2024-08-30 19:33:09 --> Session: Class initialized using 'CodeIgniter\Session\Handlers\FileHandler' driver.
WARNING - 2024-08-30 19:33:09 --> [DEPRECATED] strtotime(): Passing null to parameter #1 ($datetime) of type string is deprecated in APPPATH/Views/workpaper/pdfc3/AA3B.php on line 77.
 1 APPPATH/Views/workpaper/pdfc3/AA3B.php(77): strtotime(null)
 2 SYSTEMPATH/View/View.php(228): include('/home/q05wyrnxw9oo/testapplaud.buildappminds.com/app/Views/workpaper/pdfc3/AA3B.php')
 3 SYSTEMPATH/View/View.php(231): CodeIgniter\View\View->CodeIgniter\View\{closure}()
 4 SYSTEMPATH/Common.php(1178): CodeIgniter\View\View->render('workpaper/pdfc3/AA3B', [], true)
 5 APPPATH/Controllers/WorkpaperController.php(3572): view('workpaper/pdfc3/AA3B', [...])
 6 SYSTEMPATH/CodeIgniter.php(941): App\Controllers\WorkpaperController->viewpdfc3('3.4 Aa3b', '35405c814183ab9beb3e01ddf1782d08b5df6f16b9c8c700354bc43b2c7414096dde3bfb2e9df3ea6d11ed0dbc2219bb6883f1e0cea14395c07758d558375aeb55UEQBjCCmN2PLApwVRQsa3h', '6bddcff6a6399b854393ceaa59f494670bab0fa0bd2f0d3cf2798cf6e4f3d50787ca6659ac567298b24e44b8f1ed1213c552096469969634bea67299d19128ffvUlrFm7eYezKk8wgDRfmev0=', '5a0ca472ce90ec67f578a9bd80134a44d405519c296c2c65c18a7d76201ac0179abda188d52da615529814214ce1567119941efa872c29455c3dbfac1e1c678bMxZdCw2xngVZz1A3yjn9kFQ=')
 7 SYSTEMPATH/CodeIgniter.php(502): CodeIgniter\CodeIgniter->runController(Object(App\Controllers\WorkpaperController))
 8 SYSTEMPATH/CodeIgniter.php(361): CodeIgniter\CodeIgniter->handleRequest(null, Object(Config\Cache), false)
 9 FCPATH/index.php(84): CodeIgniter\CodeIgniter->run()
WARNING - 2024-08-30 19:33:09 --> [DEPRECATED] strtotime(): Passing null to parameter #1 ($datetime) of type string is deprecated in APPPATH/Views/workpaper/pdfc3/AA3B.php on line 81.
 1 APPPATH/Views/workpaper/pdfc3/AA3B.php(81): strtotime(null)
 2 SYSTEMPATH/View/View.php(228): include('/home/q05wyrnxw9oo/testapplaud.buildappminds.com/app/Views/workpaper/pdfc3/AA3B.php')
 3 SYSTEMPATH/View/View.php(231): CodeIgniter\View\View->CodeIgniter\View\{closure}()
 4 SYSTEMPATH/Common.php(1178): CodeIgniter\View\View->render('workpaper/pdfc3/AA3B', [], true)
 5 APPPATH/Controllers/WorkpaperController.php(3572): view('workpaper/pdfc3/AA3B', [...])
 6 SYSTEMPATH/CodeIgniter.php(941): App\Controllers\WorkpaperController->viewpdfc3('3.4 Aa3b', '35405c814183ab9beb3e01ddf1782d08b5df6f16b9c8c700354bc43b2c7414096dde3bfb2e9df3ea6d11ed0dbc2219bb6883f1e0cea14395c07758d558375aeb55UEQBjCCmN2PLApwVRQsa3h', '6bddcff6a6399b854393ceaa59f494670bab0fa0bd2f0d3cf2798cf6e4f3d50787ca6659ac567298b24e44b8f1ed1213c552096469969634bea67299d19128ffvUlrFm7eYezKk8wgDRfmev0=', '5a0ca472ce90ec67f578a9bd80134a44d405519c296c2c65c18a7d76201ac0179abda188d52da615529814214ce1567119941efa872c29455c3dbfac1e1c678bMxZdCw2xngVZz1A3yjn9kFQ=')
 7 SYSTEMPATH/CodeIgniter.php(502): CodeIgniter\CodeIgniter->runController(Object(App\Controllers\WorkpaperController))
 8 SYSTEMPATH/CodeIgniter.php(361): CodeIgniter\CodeIgniter->handleRequest(null, Object(Config\Cache), false)
 9 FCPATH/index.php(84): CodeIgniter\CodeIgniter->run()
