CRITICAL - 2025-01-05 08:45:52 --> CodeIgniter\Encryption\Exceptions\EncryptionException: Decrypting: authentication failed.
in SYSTEMPATH/Encryption/Handlers/OpenSSLHandler.php on line 139.
 1 SYSTEMPATH/Encryption/Handlers/OpenSSLHandler.php(139): CodeIgniter\Encryption\Exceptions\EncryptionException::forAuthenticationFailed()
 2 APPPATH/Models/AuthModel.php(29): CodeIgniter\Encryption\Handlers\OpenSSLHandler->decrypt()
 3 APPPATH/Models/AuthModel.php(104): App\Models\AuthModel->decr()
 4 APPPATH/Filters/Client_sd.php(22): App\Models\AuthModel->getUserAccess()
 5 SYSTEMPATH/Filters/Filters.php(182): App\Filters\Client_sd->before()
 6 SYSTEMPATH/CodeIgniter.php(474): CodeIgniter\Filters\Filters->run()
 7 SYSTEMPATH/CodeIgniter.php(361): CodeIgniter\CodeIgniter->handleRequest()
 8 FCPATH/index.php(84): CodeIgniter\CodeIgniter->run()
CRITICAL - 2025-01-05 08:45:53 --> CodeIgniter\Encryption\Exceptions\EncryptionException: Decrypting: authentication failed.
in SYSTEMPATH/Encryption/Handlers/OpenSSLHandler.php on line 139.
 1 SYSTEMPATH/Encryption/Handlers/OpenSSLHandler.php(139): CodeIgniter\Encryption\Exceptions\EncryptionException::forAuthenticationFailed()
 2 APPPATH/Models/AuthModel.php(29): CodeIgniter\Encryption\Handlers\OpenSSLHandler->decrypt()
 3 APPPATH/Models/AuthModel.php(104): App\Models\AuthModel->decr()
 4 APPPATH/Filters/Client_sd.php(22): App\Models\AuthModel->getUserAccess()
 5 SYSTEMPATH/Filters/Filters.php(182): App\Filters\Client_sd->before()
 6 SYSTEMPATH/CodeIgniter.php(474): CodeIgniter\Filters\Filters->run()
 7 SYSTEMPATH/CodeIgniter.php(361): CodeIgniter\CodeIgniter->handleRequest()
 8 FCPATH/index.php(84): CodeIgniter\CodeIgniter->run()
CRITICAL - 2025-01-05 12:07:14 --> Error: Call to a member function encrypt() on null
in APPPATH/Controllers/UserController.php on line 29.
 1 APPPATH/Controllers/UserController.php(39): App\Controllers\UserController->encr()
 2 SYSTEMPATH/CodeIgniter.php(941): App\Controllers\UserController->register()
 3 SYSTEMPATH/CodeIgniter.php(502): CodeIgniter\CodeIgniter->runController()
 4 SYSTEMPATH/CodeIgniter.php(361): CodeIgniter\CodeIgniter->handleRequest()
 5 FCPATH/index.php(84): CodeIgniter\CodeIgniter->run()
CRITICAL - 2025-01-05 23:09:09 --> CodeIgniter\Encryption\Exceptions\EncryptionException: Decrypting: authentication failed.
in SYSTEMPATH/Encryption/Handlers/OpenSSLHandler.php on line 139.
 1 SYSTEMPATH/Encryption/Handlers/OpenSSLHandler.php(139): CodeIgniter\Encryption\Exceptions\EncryptionException::forAuthenticationFailed()
 2 APPPATH/Models/AuthModel.php(29): CodeIgniter\Encryption\Handlers\OpenSSLHandler->decrypt()
 3 APPPATH/Models/AuthModel.php(104): App\Models\AuthModel->decr()
 4 APPPATH/Filters/Client_sd.php(22): App\Models\AuthModel->getUserAccess()
 5 SYSTEMPATH/Filters/Filters.php(182): App\Filters\Client_sd->before()
 6 SYSTEMPATH/CodeIgniter.php(474): CodeIgniter\Filters\Filters->run()
 7 SYSTEMPATH/CodeIgniter.php(361): CodeIgniter\CodeIgniter->handleRequest()
 8 FCPATH/index.php(84): CodeIgniter\CodeIgniter->run()
CRITICAL - 2025-01-05 23:09:09 --> CodeIgniter\Encryption\Exceptions\EncryptionException: Decrypting: authentication failed.
in SYSTEMPATH/Encryption/Handlers/OpenSSLHandler.php on line 139.
 1 SYSTEMPATH/Encryption/Handlers/OpenSSLHandler.php(139): CodeIgniter\Encryption\Exceptions\EncryptionException::forAuthenticationFailed()
 2 APPPATH/Models/AuthModel.php(29): CodeIgniter\Encryption\Handlers\OpenSSLHandler->decrypt()
 3 APPPATH/Models/AuthModel.php(104): App\Models\AuthModel->decr()
 4 APPPATH/Filters/Client_sd.php(22): App\Models\AuthModel->getUserAccess()
 5 SYSTEMPATH/Filters/Filters.php(182): App\Filters\Client_sd->before()
 6 SYSTEMPATH/CodeIgniter.php(474): CodeIgniter\Filters\Filters->run()
 7 SYSTEMPATH/CodeIgniter.php(361): CodeIgniter\CodeIgniter->handleRequest()
 8 FCPATH/index.php(84): CodeIgniter\CodeIgniter->run()
