ERROR - 2024-12-18 08:36:22 --> Email: Unable to send email using SMTP. Your server might not be configured to send mail using this method.
ERROR - 2024-12-18 08:36:22 --> 220-sg2plmcpnl480577.prod.sin2.secureserver.net ESMTP Exim 4.96.2 #2 Tue, 17 Dec 2024 17:36:14 -0700 
220-We do not authorize the use of this system to transport unsolicited, 
220 and/or bulk e-mail.

hello: 250-sg2plmcpnl480577.prod.sin2.secureserver.net Hello testapplaud.buildappminds.com [184.168.116.161]
250-SIZE 52428800
250-8BITMIME
250-PIPELINING
250-PIPECONNECT
250-AUTH PLAIN LOGIN
250 HELP

from: 250 OK

to: 250 Accepted

data: 354 Enter message, ending with "." on a line by itself


quit: 250 OK id=1tNi2w-006G67-2D

The following SMTP error was encountered: 250 OK id=1tNi2w-006G67-2D

The following SMTP error was encountered: 
ERROR - 2024-12-18 11:14:21 --> Email: sendWithSmtp throwed ErrorException: fsockopen(): Unable to connect to ssl://smtpout.secureserver.net:465 (Connection timed out) in /home/q05wyrnxw9oo/testapplaud.buildappminds.com/system/Email/Email.php:1895
Stack trace:
#0 [internal function]: CodeIgniter\Debug\Exceptions->errorHandler()
#1 /home/q05wyrnxw9oo/testapplaud.buildappminds.com/system/Email/Email.php(1895): fsockopen()
#2 /home/q05wyrnxw9oo/testapplaud.buildappminds.com/system/Email/Email.php(1808): CodeIgniter\Email\Email->SMTPConnect()
#3 /home/q05wyrnxw9oo/testapplaud.buildappminds.com/system/Email/Email.php(1693): CodeIgniter\Email\Email->sendWithSmtp()
#4 /home/q05wyrnxw9oo/testapplaud.buildappminds.com/system/Email/Email.php(1587): CodeIgniter\Email\Email->spoolEmail()
#5 /home/q05wyrnxw9oo/testapplaud.buildappminds.com/app/Models/AuditorModel.php(114): CodeIgniter\Email\Email->send()
#6 /home/q05wyrnxw9oo/testapplaud.buildappminds.com/app/Controllers/AuditorController.php(115): App\Models\AuditorModel->saveauditor()
#7 /home/q05wyrnxw9oo/testapplaud.buildappminds.com/system/CodeIgniter.php(941): App\Controllers\AuditorController->addauditor()
#8 /home/q05wyrnxw9oo/testapplaud.buildappminds.com/system/CodeIgniter.php(502): CodeIgniter\CodeIgniter->runController()
#9 /home/q05wyrnxw9oo/testapplaud.buildappminds.com/system/CodeIgniter.php(361): CodeIgniter\CodeIgniter->handleRequest()
#10 /home/q05wyrnxw9oo/testapplaud.buildappminds.com/public/index.php(84): CodeIgniter\CodeIgniter->run()
#11 {main}
ERROR - 2024-12-18 11:14:21 --> Email: Unable to send email using SMTP. Your server might not be configured to send mail using this method.
ERROR - 2024-12-18 11:14:21 --> 
CRITICAL - 2024-12-18 11:18:37 --> ErrorException: Undefined variable $req
in APPPATH/Controllers/AuditorController.php on line 83.
 1 APPPATH/Controllers/AuditorController.php(83): CodeIgniter\Debug\Exceptions->errorHandler()
 2 SYSTEMPATH/CodeIgniter.php(941): App\Controllers\AuditorController->viewauditor()
 3 SYSTEMPATH/CodeIgniter.php(502): CodeIgniter\CodeIgniter->runController()
 4 SYSTEMPATH/CodeIgniter.php(361): CodeIgniter\CodeIgniter->handleRequest()
 5 FCPATH/index.php(84): CodeIgniter\CodeIgniter->run()
ERROR - 2024-12-18 11:19:23 --> Email: sendWithSmtp throwed ErrorException: fsockopen(): Unable to connect to ssl://smtpout.secureserver.net:465 (Connection timed out) in /home/q05wyrnxw9oo/testapplaud.buildappminds.com/system/Email/Email.php:1895
Stack trace:
#0 [internal function]: CodeIgniter\Debug\Exceptions->errorHandler()
#1 /home/q05wyrnxw9oo/testapplaud.buildappminds.com/system/Email/Email.php(1895): fsockopen()
#2 /home/q05wyrnxw9oo/testapplaud.buildappminds.com/system/Email/Email.php(1808): CodeIgniter\Email\Email->SMTPConnect()
#3 /home/q05wyrnxw9oo/testapplaud.buildappminds.com/system/Email/Email.php(1693): CodeIgniter\Email\Email->sendWithSmtp()
#4 /home/q05wyrnxw9oo/testapplaud.buildappminds.com/system/Email/Email.php(1587): CodeIgniter\Email\Email->spoolEmail()
#5 /home/q05wyrnxw9oo/testapplaud.buildappminds.com/app/Controllers/AuditorController.php(85): CodeIgniter\Email\Email->send()
#6 /home/q05wyrnxw9oo/testapplaud.buildappminds.com/system/CodeIgniter.php(941): App\Controllers\AuditorController->viewauditor()
#7 /home/q05wyrnxw9oo/testapplaud.buildappminds.com/system/CodeIgniter.php(502): CodeIgniter\CodeIgniter->runController()
#8 /home/q05wyrnxw9oo/testapplaud.buildappminds.com/system/CodeIgniter.php(361): CodeIgniter\CodeIgniter->handleRequest()
#9 /home/q05wyrnxw9oo/testapplaud.buildappminds.com/public/index.php(84): CodeIgniter\CodeIgniter->run()
#10 {main}
ERROR - 2024-12-18 11:19:23 --> Email: Unable to send email using SMTP. Your server might not be configured to send mail using this method.
ERROR - 2024-12-18 11:19:23 --> 
ERROR - 2024-12-18 11:20:43 --> Email: sendWithSmtp throwed ErrorException: fsockopen(): Unable to connect to ssl://smtp.secureserver.net:465 (Connection timed out) in /home/q05wyrnxw9oo/testapplaud.buildappminds.com/system/Email/Email.php:1895
Stack trace:
#0 [internal function]: CodeIgniter\Debug\Exceptions->errorHandler()
#1 /home/q05wyrnxw9oo/testapplaud.buildappminds.com/system/Email/Email.php(1895): fsockopen()
#2 /home/q05wyrnxw9oo/testapplaud.buildappminds.com/system/Email/Email.php(1808): CodeIgniter\Email\Email->SMTPConnect()
#3 /home/q05wyrnxw9oo/testapplaud.buildappminds.com/system/Email/Email.php(1693): CodeIgniter\Email\Email->sendWithSmtp()
#4 /home/q05wyrnxw9oo/testapplaud.buildappminds.com/system/Email/Email.php(1587): CodeIgniter\Email\Email->spoolEmail()
#5 /home/q05wyrnxw9oo/testapplaud.buildappminds.com/app/Controllers/AuditorController.php(85): CodeIgniter\Email\Email->send()
#6 /home/q05wyrnxw9oo/testapplaud.buildappminds.com/system/CodeIgniter.php(941): App\Controllers\AuditorController->viewauditor()
#7 /home/q05wyrnxw9oo/testapplaud.buildappminds.com/system/CodeIgniter.php(502): CodeIgniter\CodeIgniter->runController()
#8 /home/q05wyrnxw9oo/testapplaud.buildappminds.com/system/CodeIgniter.php(361): CodeIgniter\CodeIgniter->handleRequest()
#9 /home/q05wyrnxw9oo/testapplaud.buildappminds.com/public/index.php(84): CodeIgniter\CodeIgniter->run()
#10 {main}
ERROR - 2024-12-18 11:20:43 --> Email: Unable to send email using SMTP. Your server might not be configured to send mail using this method.
ERROR - 2024-12-18 11:20:43 --> 
ERROR - 2024-12-18 11:39:01 --> Email: sendWithSmtp throwed ErrorException: fsockopen(): Unable to connect to ssl://smtpout.secureserver.net:465 (Connection timed out) in /home/q05wyrnxw9oo/testapplaud.buildappminds.com/system/Email/Email.php:1895
Stack trace:
#0 [internal function]: CodeIgniter\Debug\Exceptions->errorHandler()
#1 /home/q05wyrnxw9oo/testapplaud.buildappminds.com/system/Email/Email.php(1895): fsockopen()
#2 /home/q05wyrnxw9oo/testapplaud.buildappminds.com/system/Email/Email.php(1808): CodeIgniter\Email\Email->SMTPConnect()
#3 /home/q05wyrnxw9oo/testapplaud.buildappminds.com/system/Email/Email.php(1693): CodeIgniter\Email\Email->sendWithSmtp()
#4 /home/q05wyrnxw9oo/testapplaud.buildappminds.com/system/Email/Email.php(1587): CodeIgniter\Email\Email->spoolEmail()
#5 /home/q05wyrnxw9oo/testapplaud.buildappminds.com/app/Controllers/AuditorController.php(85): CodeIgniter\Email\Email->send()
#6 /home/q05wyrnxw9oo/testapplaud.buildappminds.com/system/CodeIgniter.php(941): App\Controllers\AuditorController->viewauditor()
#7 /home/q05wyrnxw9oo/testapplaud.buildappminds.com/system/CodeIgniter.php(502): CodeIgniter\CodeIgniter->runController()
#8 /home/q05wyrnxw9oo/testapplaud.buildappminds.com/system/CodeIgniter.php(361): CodeIgniter\CodeIgniter->handleRequest()
#9 /home/q05wyrnxw9oo/testapplaud.buildappminds.com/public/index.php(84): CodeIgniter\CodeIgniter->run()
#10 {main}
ERROR - 2024-12-18 11:39:01 --> Email: Unable to send email using SMTP. Your server might not be configured to send mail using this method.
ERROR - 2024-12-18 11:39:01 --> 
ERROR - 2024-12-18 11:41:54 --> Email: sendWithSmtp throwed ErrorException: fsockopen(): Unable to connect to smtpout.secureserver.net:587 (Connection timed out) in /home/q05wyrnxw9oo/testapplaud.buildappminds.com/system/Email/Email.php:1895
Stack trace:
#0 [internal function]: CodeIgniter\Debug\Exceptions->errorHandler()
#1 /home/q05wyrnxw9oo/testapplaud.buildappminds.com/system/Email/Email.php(1895): fsockopen()
#2 /home/q05wyrnxw9oo/testapplaud.buildappminds.com/system/Email/Email.php(1808): CodeIgniter\Email\Email->SMTPConnect()
#3 /home/q05wyrnxw9oo/testapplaud.buildappminds.com/system/Email/Email.php(1693): CodeIgniter\Email\Email->sendWithSmtp()
#4 /home/q05wyrnxw9oo/testapplaud.buildappminds.com/system/Email/Email.php(1587): CodeIgniter\Email\Email->spoolEmail()
#5 /home/q05wyrnxw9oo/testapplaud.buildappminds.com/app/Controllers/AuditorController.php(85): CodeIgniter\Email\Email->send()
#6 /home/q05wyrnxw9oo/testapplaud.buildappminds.com/system/CodeIgniter.php(941): App\Controllers\AuditorController->viewauditor()
#7 /home/q05wyrnxw9oo/testapplaud.buildappminds.com/system/CodeIgniter.php(502): CodeIgniter\CodeIgniter->runController()
#8 /home/q05wyrnxw9oo/testapplaud.buildappminds.com/system/CodeIgniter.php(361): CodeIgniter\CodeIgniter->handleRequest()
#9 /home/q05wyrnxw9oo/testapplaud.buildappminds.com/public/index.php(84): CodeIgniter\CodeIgniter->run()
#10 {main}
ERROR - 2024-12-18 11:41:54 --> Email: Unable to send email using SMTP. Your server might not be configured to send mail using this method.
ERROR - 2024-12-18 11:41:54 --> 
ERROR - 2024-12-18 11:52:44 --> Email: sendWithSmtp throwed ErrorException: fsockopen(): Unable to connect to smtpout.secureserver.net:587 (Connection timed out) in /home/q05wyrnxw9oo/testapplaud.buildappminds.com/system/Email/Email.php:1895
Stack trace:
#0 [internal function]: CodeIgniter\Debug\Exceptions->errorHandler()
#1 /home/q05wyrnxw9oo/testapplaud.buildappminds.com/system/Email/Email.php(1895): fsockopen()
#2 /home/q05wyrnxw9oo/testapplaud.buildappminds.com/system/Email/Email.php(1808): CodeIgniter\Email\Email->SMTPConnect()
#3 /home/q05wyrnxw9oo/testapplaud.buildappminds.com/system/Email/Email.php(1693): CodeIgniter\Email\Email->sendWithSmtp()
#4 /home/q05wyrnxw9oo/testapplaud.buildappminds.com/system/Email/Email.php(1587): CodeIgniter\Email\Email->spoolEmail()
#5 /home/q05wyrnxw9oo/testapplaud.buildappminds.com/app/Controllers/AuditorController.php(85): CodeIgniter\Email\Email->send()
#6 /home/q05wyrnxw9oo/testapplaud.buildappminds.com/system/CodeIgniter.php(941): App\Controllers\AuditorController->viewauditor()
#7 /home/q05wyrnxw9oo/testapplaud.buildappminds.com/system/CodeIgniter.php(502): CodeIgniter\CodeIgniter->runController()
#8 /home/q05wyrnxw9oo/testapplaud.buildappminds.com/system/CodeIgniter.php(361): CodeIgniter\CodeIgniter->handleRequest()
#9 /home/q05wyrnxw9oo/testapplaud.buildappminds.com/public/index.php(84): CodeIgniter\CodeIgniter->run()
#10 {main}
ERROR - 2024-12-18 11:52:44 --> Email: Unable to send email using SMTP. Your server might not be configured to send mail using this method.
ERROR - 2024-12-18 11:52:44 --> 
ERROR - 2024-12-18 12:08:00 --> Email: sendWithSmtp throwed ErrorException: fsockopen(): Unable to connect to smtpout.secureserver.net:587 (Connection timed out) in /home/q05wyrnxw9oo/testapplaud.buildappminds.com/system/Email/Email.php:1895
Stack trace:
#0 [internal function]: CodeIgniter\Debug\Exceptions->errorHandler()
#1 /home/q05wyrnxw9oo/testapplaud.buildappminds.com/system/Email/Email.php(1895): fsockopen()
#2 /home/q05wyrnxw9oo/testapplaud.buildappminds.com/system/Email/Email.php(1808): CodeIgniter\Email\Email->SMTPConnect()
#3 /home/q05wyrnxw9oo/testapplaud.buildappminds.com/system/Email/Email.php(1693): CodeIgniter\Email\Email->sendWithSmtp()
#4 /home/q05wyrnxw9oo/testapplaud.buildappminds.com/system/Email/Email.php(1587): CodeIgniter\Email\Email->spoolEmail()
#5 /home/q05wyrnxw9oo/testapplaud.buildappminds.com/app/Controllers/AuditorController.php(85): CodeIgniter\Email\Email->send()
#6 /home/q05wyrnxw9oo/testapplaud.buildappminds.com/system/CodeIgniter.php(941): App\Controllers\AuditorController->viewauditor()
#7 /home/q05wyrnxw9oo/testapplaud.buildappminds.com/system/CodeIgniter.php(502): CodeIgniter\CodeIgniter->runController()
#8 /home/q05wyrnxw9oo/testapplaud.buildappminds.com/system/CodeIgniter.php(361): CodeIgniter\CodeIgniter->handleRequest()
#9 /home/q05wyrnxw9oo/testapplaud.buildappminds.com/public/index.php(84): CodeIgniter\CodeIgniter->run()
#10 {main}
ERROR - 2024-12-18 12:08:00 --> Email: Unable to send email using SMTP. Your server might not be configured to send mail using this method.
ERROR - 2024-12-18 12:08:00 --> 
ERROR - 2024-12-18 12:08:24 --> Email: sendWithSmtp throwed ErrorException: fsockopen(): Unable to connect to smtpout.secureserver.net:587 (Connection timed out) in /home/q05wyrnxw9oo/testapplaud.buildappminds.com/system/Email/Email.php:1895
Stack trace:
#0 [internal function]: CodeIgniter\Debug\Exceptions->errorHandler()
#1 /home/q05wyrnxw9oo/testapplaud.buildappminds.com/system/Email/Email.php(1895): fsockopen()
#2 /home/q05wyrnxw9oo/testapplaud.buildappminds.com/system/Email/Email.php(1808): CodeIgniter\Email\Email->SMTPConnect()
#3 /home/q05wyrnxw9oo/testapplaud.buildappminds.com/system/Email/Email.php(1693): CodeIgniter\Email\Email->sendWithSmtp()
#4 /home/q05wyrnxw9oo/testapplaud.buildappminds.com/system/Email/Email.php(1587): CodeIgniter\Email\Email->spoolEmail()
#5 /home/q05wyrnxw9oo/testapplaud.buildappminds.com/app/Controllers/AuditorController.php(85): CodeIgniter\Email\Email->send()
#6 /home/q05wyrnxw9oo/testapplaud.buildappminds.com/system/CodeIgniter.php(941): App\Controllers\AuditorController->viewauditor()
#7 /home/q05wyrnxw9oo/testapplaud.buildappminds.com/system/CodeIgniter.php(502): CodeIgniter\CodeIgniter->runController()
#8 /home/q05wyrnxw9oo/testapplaud.buildappminds.com/system/CodeIgniter.php(361): CodeIgniter\CodeIgniter->handleRequest()
#9 /home/q05wyrnxw9oo/testapplaud.buildappminds.com/public/index.php(84): CodeIgniter\CodeIgniter->run()
#10 {main}
ERROR - 2024-12-18 12:08:24 --> Email: Unable to send email using SMTP. Your server might not be configured to send mail using this method.
ERROR - 2024-12-18 12:08:24 --> 
ERROR - 2024-12-18 12:08:53 --> Email: Unable to send email using SMTP. Your server might not be configured to send mail using this method.
ERROR - 2024-12-18 12:08:53 --> 220-sg2plmcpnl480577.prod.sin2.secureserver.net ESMTP Exim 4.96.2 #2 Tue, 17 Dec 2024 21:08:43 -0700 
220-We do not authorize the use of this system to transport unsolicited, 
220 and/or bulk e-mail.

hello: 250-sg2plmcpnl480577.prod.sin2.secureserver.net Hello testapplaud.buildappminds.com [184.168.116.161]
250-SIZE 52428800
250-8BITMIME
250-PIPELINING
250-PIPECONNECT
250-AUTH PLAIN LOGIN
250-STARTTLS
250 HELP

starttls: 220 TLS go ahead

hello: 250-sg2plmcpnl480577.prod.sin2.secureserver.net Hello testapplaud.buildappminds.com [184.168.116.161]
250-SIZE 52428800
250-8BITMIME
250-PIPELINING
250-PIPECONNECT
250-AUTH PLAIN LOGIN
250 HELP

from: 250 OK

to: 250 Accepted

data: 354 Enter message, ending with "." on a line by itself


quit: 250 OK id=1tNlMa-008GOD-0I

The following SMTP error was encountered: 250 OK id=1tNlMa-008GOD-0I

The following SMTP error was encountered: 
ERROR - 2024-12-18 12:10:35 --> Email: Unable to send email using SMTP. Your server might not be configured to send mail using this method.
ERROR - 2024-12-18 12:10:35 --> 220-sg2plmcpnl480577.prod.sin2.secureserver.net ESMTP Exim 4.96.2 #2 Tue, 17 Dec 2024 21:10:25 -0700 
220-We do not authorize the use of this system to transport unsolicited, 
220 and/or bulk e-mail.

hello: 250-sg2plmcpnl480577.prod.sin2.secureserver.net Hello testapplaud.buildappminds.com [184.168.116.161]
250-SIZE 52428800
250-8BITMIME
250-PIPELINING
250-PIPECONNECT
250-AUTH PLAIN LOGIN
250-STARTTLS
250 HELP

starttls: 220 TLS go ahead

hello: 250-sg2plmcpnl480577.prod.sin2.secureserver.net Hello testapplaud.buildappminds.com [184.168.116.161]
250-SIZE 52428800
250-8BITMIME
250-PIPELINING
250-PIPECONNECT
250-AUTH PLAIN LOGIN
250 HELP

from: 250 OK

to: 250 Accepted

data: 354 Enter message, ending with "." on a line by itself


quit: 
The following SMTP error was encountered: 
The following SMTP error was encountered: 
ERROR - 2024-12-18 12:29:31 --> Email: Unable to send email using SMTP. Your server might not be configured to send mail using this method.
ERROR - 2024-12-18 12:29:31 --> 220-sg2plmcpnl480577.prod.sin2.secureserver.net ESMTP Exim 4.96.2 #2 Tue, 17 Dec 2024 21:29:23 -0700 
220-We do not authorize the use of this system to transport unsolicited, 
220 and/or bulk e-mail.

hello: 250-sg2plmcpnl480577.prod.sin2.secureserver.net Hello testapplaud.buildappminds.com [184.168.116.161]
250-SIZE 52428800
250-8BITMIME
250-PIPELINING
250-PIPECONNECT
250-AUTH PLAIN LOGIN
250-STARTTLS
250 HELP

starttls: 220 TLS go ahead

hello: 250-sg2plmcpnl480577.prod.sin2.secureserver.net Hello testapplaud.buildappminds.com [184.168.116.161]
250-SIZE 52428800
250-8BITMIME
250-PIPELINING
250-PIPECONNECT
250-AUTH PLAIN LOGIN
250 HELP

from: 250 OK

to: 250 Accepted

data: 354 Enter message, ending with "." on a line by itself


quit: 250 OK id=1tNlgZ-008RoF-2N

The following SMTP error was encountered: 250 OK id=1tNlgZ-008RoF-2N

The following SMTP error was encountered: 
