INFO - 2024-08-14 11:52:33 --> Session: Class initialized using 'CodeIgniter\Session\Handlers\FileHandler' driver.
WARNING - 2024-08-14 11:52:33 --> [DEPRECATED] mb_substr(): Passing null to parameter #1 ($string) of type string is deprecated in SYSTEMPATH/Encryption/Handlers/BaseHandler.php on line 48.
 1 SYSTEMPATH/Encryption/Handlers/BaseHandler.php(48): mb_substr(null, 0, 128, '8bit')
 2 SYSTEMPATH/Encryption/Handlers/OpenSSLHandler.php(134): CodeIgniter\Encryption\Handlers\BaseHandler::substr(null, 0, 128)
 3 APPPATH/Models/AuthModel.php(104): CodeIgniter\Encryption\Handlers\OpenSSLHandler->decrypt(null)
 4 APPPATH/Filters/Client_sd.php(22): App\Models\AuthModel->getUserAccess()
 5 SYSTEMPATH/Filters/Filters.php(182): App\Filters\Client_sd->before(Object(CodeIgniter\HTTP\IncomingRequest), null)
 6 SYSTEMPATH/CodeIgniter.php(474): CodeIgniter\Filters\Filters->run('auditsystem/client/files/64bf1a2d8066fb85ecfdf8938136b51701732937c0ab428196800951961c3bc56945d9267e3058f860f656001aba404b0aea9b59e4f1c27d2d4c566e11e53062HHZIIK8EBycOqJDR5qR1HdA=/DJ%20metal%20works%20-%20Bbbbb', 'before')
 7 SYSTEMPATH/CodeIgniter.php(361): CodeIgniter\CodeIgniter->handleRequest(null, Object(Config\Cache), false)
 8 FCPATH/index.php(84): CodeIgniter\CodeIgniter->run()
WARNING - 2024-08-14 11:52:33 --> [DEPRECATED] mb_substr(): Passing null to parameter #1 ($string) of type string is deprecated in SYSTEMPATH/Encryption/Handlers/BaseHandler.php on line 48.
 1 SYSTEMPATH/Encryption/Handlers/BaseHandler.php(48): mb_substr(null, 128, null, '8bit')
 2 SYSTEMPATH/Encryption/Handlers/OpenSSLHandler.php(135): CodeIgniter\Encryption\Handlers\BaseHandler::substr(null, 128)
 3 APPPATH/Models/AuthModel.php(104): CodeIgniter\Encryption\Handlers\OpenSSLHandler->decrypt(null)
 4 APPPATH/Filters/Client_sd.php(22): App\Models\AuthModel->getUserAccess()
 5 SYSTEMPATH/Filters/Filters.php(182): App\Filters\Client_sd->before(Object(CodeIgniter\HTTP\IncomingRequest), null)
 6 SYSTEMPATH/CodeIgniter.php(474): CodeIgniter\Filters\Filters->run('auditsystem/client/files/64bf1a2d8066fb85ecfdf8938136b51701732937c0ab428196800951961c3bc56945d9267e3058f860f656001aba404b0aea9b59e4f1c27d2d4c566e11e53062HHZIIK8EBycOqJDR5qR1HdA=/DJ%20metal%20works%20-%20Bbbbb', 'before')
 7 SYSTEMPATH/CodeIgniter.php(361): CodeIgniter\CodeIgniter->handleRequest(null, Object(Config\Cache), false)
 8 FCPATH/index.php(84): CodeIgniter\CodeIgniter->run()
CRITICAL - 2024-08-14 11:52:33 --> CodeIgniter\Encryption\Exceptions\EncryptionException: Decrypting: authentication failed.
in SYSTEMPATH/Encryption/Handlers/OpenSSLHandler.php on line 139.
 1 SYSTEMPATH/Encryption/Handlers/OpenSSLHandler.php(139): CodeIgniter\Encryption\Exceptions\EncryptionException::forAuthenticationFailed()
 2 APPPATH/Models/AuthModel.php(104): CodeIgniter\Encryption\Handlers\OpenSSLHandler->decrypt()
 3 APPPATH/Filters/Client_sd.php(22): App\Models\AuthModel->getUserAccess()
 4 SYSTEMPATH/Filters/Filters.php(182): App\Filters\Client_sd->before()
 5 SYSTEMPATH/CodeIgniter.php(474): CodeIgniter\Filters\Filters->run()
 6 SYSTEMPATH/CodeIgniter.php(361): CodeIgniter\CodeIgniter->handleRequest()
 7 FCPATH/index.php(84): CodeIgniter\CodeIgniter->run()
INFO - 2024-08-14 11:52:35 --> Session: Class initialized using 'CodeIgniter\Session\Handlers\FileHandler' driver.
INFO - 2024-08-14 11:52:35 --> Session: Class initialized using 'CodeIgniter\Session\Handlers\FileHandler' driver.
INFO - 2024-08-14 12:06:41 --> Session: Class initialized using 'CodeIgniter\Session\Handlers\FileHandler' driver.
INFO - 2024-08-14 12:07:07 --> Session: Class initialized using 'CodeIgniter\Session\Handlers\FileHandler' driver.
INFO - 2024-08-14 12:07:10 --> Session: Class initialized using 'CodeIgniter\Session\Handlers\FileHandler' driver.
INFO - 2024-08-14 12:07:26 --> Session: Class initialized using 'CodeIgniter\Session\Handlers\FileHandler' driver.
INFO - 2024-08-14 12:07:30 --> Session: Class initialized using 'CodeIgniter\Session\Handlers\FileHandler' driver.
INFO - 2024-08-14 12:07:33 --> Session: Class initialized using 'CodeIgniter\Session\Handlers\FileHandler' driver.
INFO - 2024-08-14 12:07:35 --> Session: Class initialized using 'CodeIgniter\Session\Handlers\FileHandler' driver.
CRITICAL - 2024-08-14 12:07:35 --> CodeIgniter\Encryption\Exceptions\EncryptionException: Decrypting: authentication failed.
in SYSTEMPATH/Encryption/Handlers/OpenSSLHandler.php on line 139.
 1 SYSTEMPATH/Encryption/Handlers/OpenSSLHandler.php(139): CodeIgniter\Encryption\Exceptions\EncryptionException::forAuthenticationFailed()
 2 APPPATH/Controllers/ClientController.php(56): CodeIgniter\Encryption\Handlers\OpenSSLHandler->decrypt()
 3 SYSTEMPATH/CodeIgniter.php(941): App\Controllers\ClientController->getdefaultfiles()
 4 SYSTEMPATH/CodeIgniter.php(502): CodeIgniter\CodeIgniter->runController()
 5 SYSTEMPATH/CodeIgniter.php(361): CodeIgniter\CodeIgniter->handleRequest()
 6 FCPATH/index.php(84): CodeIgniter\CodeIgniter->run()
INFO - 2024-08-14 12:07:35 --> Session: Class initialized using 'CodeIgniter\Session\Handlers\FileHandler' driver.
INFO - 2024-08-14 12:09:20 --> Session: Class initialized using 'CodeIgniter\Session\Handlers\FileHandler' driver.
INFO - 2024-08-14 12:09:55 --> Session: Class initialized using 'CodeIgniter\Session\Handlers\FileHandler' driver.
ERROR - 2024-08-14 12:09:55 --> mysqli_sql_exception: Unknown column 'c1tID' in 'where clause' in /home/q05wyrnxw9oo/testapplaud.buildappminds.com/system/Database/MySQLi/Connection.php:306
Stack trace:
#0 /home/q05wyrnxw9oo/testapplaud.buildappminds.com/system/Database/MySQLi/Connection.php(306): mysqli->query()
#1 /home/q05wyrnxw9oo/testapplaud.buildappminds.com/system/Database/BaseConnection.php(693): CodeIgniter\Database\MySQLi\Connection->execute()
#2 /home/q05wyrnxw9oo/testapplaud.buildappminds.com/system/Database/BaseConnection.php(607): CodeIgniter\Database\BaseConnection->simpleQuery()
#3 /home/q05wyrnxw9oo/testapplaud.buildappminds.com/system/Database/BaseBuilder.php(1616): CodeIgniter\Database\BaseConnection->query()
#4 /home/q05wyrnxw9oo/testapplaud.buildappminds.com/app/Models/Chapter2Model.php(59): CodeIgniter\Database\BaseBuilder->get()
#5 /home/q05wyrnxw9oo/testapplaud.buildappminds.com/app/Controllers/ChapterController.php(229): App\Models\Chapter2Model->getvalues_m()
#6 /home/q05wyrnxw9oo/testapplaud.buildappminds.com/system/CodeIgniter.php(941): App\Controllers\ChapterController->viewc2pdf()
#7 /home/q05wyrnxw9oo/testapplaud.buildappminds.com/system/CodeIgniter.php(502): CodeIgniter\CodeIgniter->runController()
#8 /home/q05wyrnxw9oo/testapplaud.buildappminds.com/system/CodeIgniter.php(361): CodeIgniter\CodeIgniter->handleRequest()
#9 /home/q05wyrnxw9oo/testapplaud.buildappminds.com/public/index.php(84): CodeIgniter\CodeIgniter->run()
#10 {main}
CRITICAL - 2024-08-14 12:09:55 --> CodeIgniter\Database\Exceptions\DatabaseException: Unknown column 'c1tID' in 'where clause'
in SYSTEMPATH/Database/BaseConnection.php on line 647.
 1 SYSTEMPATH/Database/BaseBuilder.php(1616): CodeIgniter\Database\BaseConnection->query()
 2 APPPATH/Models/Chapter2Model.php(59): CodeIgniter\Database\BaseBuilder->get()
 3 APPPATH/Controllers/ChapterController.php(229): App\Models\Chapter2Model->getvalues_m()
 4 SYSTEMPATH/CodeIgniter.php(941): App\Controllers\ChapterController->viewc2pdf()
 5 SYSTEMPATH/CodeIgniter.php(502): CodeIgniter\CodeIgniter->runController()
 6 SYSTEMPATH/CodeIgniter.php(361): CodeIgniter\CodeIgniter->handleRequest()
 7 FCPATH/index.php(84): CodeIgniter\CodeIgniter->run()
CRITICAL - 2024-08-14 12:09:55 --> [Caused by] CodeIgniter\Database\Exceptions\DatabaseException: Unknown column 'c1tID' in 'where clause'
in SYSTEMPATH/Database/MySQLi/Connection.php on line 311.
 1 SYSTEMPATH/Database/BaseConnection.php(693): CodeIgniter\Database\MySQLi\Connection->execute()
 2 SYSTEMPATH/Database/BaseConnection.php(607): CodeIgniter\Database\BaseConnection->simpleQuery()
 3 SYSTEMPATH/Database/BaseBuilder.php(1616): CodeIgniter\Database\BaseConnection->query()
 4 APPPATH/Models/Chapter2Model.php(59): CodeIgniter\Database\BaseBuilder->get()
 5 APPPATH/Controllers/ChapterController.php(229): App\Models\Chapter2Model->getvalues_m()
 6 SYSTEMPATH/CodeIgniter.php(941): App\Controllers\ChapterController->viewc2pdf()
 7 SYSTEMPATH/CodeIgniter.php(502): CodeIgniter\CodeIgniter->runController()
 8 SYSTEMPATH/CodeIgniter.php(361): CodeIgniter\CodeIgniter->handleRequest()
 9 FCPATH/index.php(84): CodeIgniter\CodeIgniter->run()
CRITICAL - 2024-08-14 12:09:55 --> [Caused by] mysqli_sql_exception: Unknown column 'c1tID' in 'where clause'
in SYSTEMPATH/Database/MySQLi/Connection.php on line 306.
 1 SYSTEMPATH/Database/MySQLi/Connection.php(306): mysqli->query()
 2 SYSTEMPATH/Database/BaseConnection.php(693): CodeIgniter\Database\MySQLi\Connection->execute()
 3 SYSTEMPATH/Database/BaseConnection.php(607): CodeIgniter\Database\BaseConnection->simpleQuery()
 4 SYSTEMPATH/Database/BaseBuilder.php(1616): CodeIgniter\Database\BaseConnection->query()
 5 APPPATH/Models/Chapter2Model.php(59): CodeIgniter\Database\BaseBuilder->get()
 6 APPPATH/Controllers/ChapterController.php(229): App\Models\Chapter2Model->getvalues_m()
 7 SYSTEMPATH/CodeIgniter.php(941): App\Controllers\ChapterController->viewc2pdf()
 8 SYSTEMPATH/CodeIgniter.php(502): CodeIgniter\CodeIgniter->runController()
 9 SYSTEMPATH/CodeIgniter.php(361): CodeIgniter\CodeIgniter->handleRequest()
10 FCPATH/index.php(84): CodeIgniter\CodeIgniter->run()
INFO - 2024-08-14 12:10:05 --> Session: Class initialized using 'CodeIgniter\Session\Handlers\FileHandler' driver.
INFO - 2024-08-14 12:11:20 --> Session: Class initialized using 'CodeIgniter\Session\Handlers\FileHandler' driver.
INFO - 2024-08-14 12:12:17 --> Session: Class initialized using 'CodeIgniter\Session\Handlers\FileHandler' driver.
INFO - 2024-08-14 12:12:57 --> Session: Class initialized using 'CodeIgniter\Session\Handlers\FileHandler' driver.
INFO - 2024-08-14 12:13:01 --> Session: Class initialized using 'CodeIgniter\Session\Handlers\FileHandler' driver.
INFO - 2024-08-14 12:13:04 --> Session: Class initialized using 'CodeIgniter\Session\Handlers\FileHandler' driver.
INFO - 2024-08-14 12:15:35 --> Session: Class initialized using 'CodeIgniter\Session\Handlers\FileHandler' driver.
INFO - 2024-08-14 12:15:41 --> Session: Class initialized using 'CodeIgniter\Session\Handlers\FileHandler' driver.
INFO - 2024-08-14 12:16:44 --> Session: Class initialized using 'CodeIgniter\Session\Handlers\FileHandler' driver.
INFO - 2024-08-14 12:16:46 --> Session: Class initialized using 'CodeIgniter\Session\Handlers\FileHandler' driver.
INFO - 2024-08-14 12:16:49 --> Session: Class initialized using 'CodeIgniter\Session\Handlers\FileHandler' driver.
INFO - 2024-08-14 12:16:52 --> Session: Class initialized using 'CodeIgniter\Session\Handlers\FileHandler' driver.
INFO - 2024-08-14 12:17:45 --> Session: Class initialized using 'CodeIgniter\Session\Handlers\FileHandler' driver.
INFO - 2024-08-14 12:17:56 --> Session: Class initialized using 'CodeIgniter\Session\Handlers\FileHandler' driver.
INFO - 2024-08-14 12:18:56 --> Session: Class initialized using 'CodeIgniter\Session\Handlers\FileHandler' driver.
INFO - 2024-08-14 12:19:02 --> Session: Class initialized using 'CodeIgniter\Session\Handlers\FileHandler' driver.
INFO - 2024-08-14 12:19:09 --> Session: Class initialized using 'CodeIgniter\Session\Handlers\FileHandler' driver.
INFO - 2024-08-14 12:19:16 --> Session: Class initialized using 'CodeIgniter\Session\Handlers\FileHandler' driver.
INFO - 2024-08-14 12:20:11 --> Session: Class initialized using 'CodeIgniter\Session\Handlers\FileHandler' driver.
INFO - 2024-08-14 12:20:17 --> Session: Class initialized using 'CodeIgniter\Session\Handlers\FileHandler' driver.
INFO - 2024-08-14 12:20:44 --> Session: Class initialized using 'CodeIgniter\Session\Handlers\FileHandler' driver.
INFO - 2024-08-14 12:21:36 --> Session: Class initialized using 'CodeIgniter\Session\Handlers\FileHandler' driver.
INFO - 2024-08-14 12:25:28 --> Session: Class initialized using 'CodeIgniter\Session\Handlers\FileHandler' driver.
INFO - 2024-08-14 12:27:02 --> Session: Class initialized using 'CodeIgniter\Session\Handlers\FileHandler' driver.
INFO - 2024-08-14 12:27:06 --> Session: Class initialized using 'CodeIgniter\Session\Handlers\FileHandler' driver.
INFO - 2024-08-14 12:27:09 --> Session: Class initialized using 'CodeIgniter\Session\Handlers\FileHandler' driver.
INFO - 2024-08-14 12:27:13 --> Session: Class initialized using 'CodeIgniter\Session\Handlers\FileHandler' driver.
INFO - 2024-08-14 12:27:20 --> Session: Class initialized using 'CodeIgniter\Session\Handlers\FileHandler' driver.
INFO - 2024-08-14 12:27:23 --> Session: Class initialized using 'CodeIgniter\Session\Handlers\FileHandler' driver.
INFO - 2024-08-14 12:29:56 --> Session: Class initialized using 'CodeIgniter\Session\Handlers\FileHandler' driver.
INFO - 2024-08-14 12:30:30 --> Session: Class initialized using 'CodeIgniter\Session\Handlers\FileHandler' driver.
INFO - 2024-08-14 12:41:28 --> Session: Class initialized using 'CodeIgniter\Session\Handlers\FileHandler' driver.
INFO - 2024-08-14 12:41:31 --> Session: Class initialized using 'CodeIgniter\Session\Handlers\FileHandler' driver.
INFO - 2024-08-14 12:41:33 --> Session: Class initialized using 'CodeIgniter\Session\Handlers\FileHandler' driver.
INFO - 2024-08-14 12:41:35 --> Session: Class initialized using 'CodeIgniter\Session\Handlers\FileHandler' driver.
INFO - 2024-08-14 12:41:38 --> Session: Class initialized using 'CodeIgniter\Session\Handlers\FileHandler' driver.
INFO - 2024-08-14 12:42:50 --> Session: Class initialized using 'CodeIgniter\Session\Handlers\FileHandler' driver.
INFO - 2024-08-14 12:42:53 --> Session: Class initialized using 'CodeIgniter\Session\Handlers\FileHandler' driver.
INFO - 2024-08-14 13:01:21 --> Session: Class initialized using 'CodeIgniter\Session\Handlers\FileHandler' driver.
INFO - 2024-08-14 13:01:21 --> Session: Class initialized using 'CodeIgniter\Session\Handlers\FileHandler' driver.
INFO - 2024-08-14 13:01:21 --> Session: Class initialized using 'CodeIgniter\Session\Handlers\FileHandler' driver.
INFO - 2024-08-14 13:01:22 --> Session: Class initialized using 'CodeIgniter\Session\Handlers\FileHandler' driver.
INFO - 2024-08-14 13:01:22 --> Session: Class initialized using 'CodeIgniter\Session\Handlers\FileHandler' driver.
INFO - 2024-08-14 13:01:23 --> Session: Class initialized using 'CodeIgniter\Session\Handlers\FileHandler' driver.
INFO - 2024-08-14 13:01:24 --> Session: Class initialized using 'CodeIgniter\Session\Handlers\FileHandler' driver.
INFO - 2024-08-14 13:01:24 --> Session: Class initialized using 'CodeIgniter\Session\Handlers\FileHandler' driver.
INFO - 2024-08-14 13:01:27 --> Session: Class initialized using 'CodeIgniter\Session\Handlers\FileHandler' driver.
INFO - 2024-08-14 13:01:29 --> Session: Class initialized using 'CodeIgniter\Session\Handlers\FileHandler' driver.
CRITICAL - 2024-08-14 13:01:29 --> CodeIgniter\Encryption\Exceptions\EncryptionException: Decrypting: authentication failed.
in SYSTEMPATH/Encryption/Handlers/OpenSSLHandler.php on line 139.
 1 SYSTEMPATH/Encryption/Handlers/OpenSSLHandler.php(139): CodeIgniter\Encryption\Exceptions\EncryptionException::forAuthenticationFailed()
 2 APPPATH/Controllers/ClientController.php(56): CodeIgniter\Encryption\Handlers\OpenSSLHandler->decrypt()
 3 SYSTEMPATH/CodeIgniter.php(941): App\Controllers\ClientController->getdefaultfiles()
 4 SYSTEMPATH/CodeIgniter.php(502): CodeIgniter\CodeIgniter->runController()
 5 SYSTEMPATH/CodeIgniter.php(361): CodeIgniter\CodeIgniter->handleRequest()
 6 FCPATH/index.php(84): CodeIgniter\CodeIgniter->run()
INFO - 2024-08-14 13:01:29 --> Session: Class initialized using 'CodeIgniter\Session\Handlers\FileHandler' driver.
INFO - 2024-08-14 13:01:31 --> Session: Class initialized using 'CodeIgniter\Session\Handlers\FileHandler' driver.
ERROR - 2024-08-14 13:01:31 --> mysqli_sql_exception: Unknown column 'clientID' in 'where clause' in /home/q05wyrnxw9oo/testapplaud.buildappminds.com/system/Database/MySQLi/Connection.php:306
Stack trace:
#0 /home/q05wyrnxw9oo/testapplaud.buildappminds.com/system/Database/MySQLi/Connection.php(306): mysqli->query()
#1 /home/q05wyrnxw9oo/testapplaud.buildappminds.com/system/Database/BaseConnection.php(693): CodeIgniter\Database\MySQLi\Connection->execute()
#2 /home/q05wyrnxw9oo/testapplaud.buildappminds.com/system/Database/BaseConnection.php(607): CodeIgniter\Database\BaseConnection->simpleQuery()
#3 /home/q05wyrnxw9oo/testapplaud.buildappminds.com/system/Database/BaseBuilder.php(1616): CodeIgniter\Database\BaseConnection->query()
#4 /home/q05wyrnxw9oo/testapplaud.buildappminds.com/app/Models/ChapterValuesModel.php(71): CodeIgniter\Database\BaseBuilder->get()
#5 /home/q05wyrnxw9oo/testapplaud.buildappminds.com/app/Controllers/ChapterController.php(550): App\Models\ChapterValuesModel->getvalues_m()
#6 /home/q05wyrnxw9oo/testapplaud.buildappminds.com/system/CodeIgniter.php(941): App\Controllers\ChapterController->c1setvalues()
#7 /home/q05wyrnxw9oo/testapplaud.buildappminds.com/system/CodeIgniter.php(502): CodeIgniter\CodeIgniter->runController()
#8 /home/q05wyrnxw9oo/testapplaud.buildappminds.com/system/CodeIgniter.php(361): CodeIgniter\CodeIgniter->handleRequest()
#9 /home/q05wyrnxw9oo/testapplaud.buildappminds.com/public/index.php(84): CodeIgniter\CodeIgniter->run()
#10 {main}
CRITICAL - 2024-08-14 13:01:31 --> CodeIgniter\Database\Exceptions\DatabaseException: Unknown column 'clientID' in 'where clause'
in SYSTEMPATH/Database/BaseConnection.php on line 647.
 1 SYSTEMPATH/Database/BaseBuilder.php(1616): CodeIgniter\Database\BaseConnection->query()
 2 APPPATH/Models/ChapterValuesModel.php(71): CodeIgniter\Database\BaseBuilder->get()
 3 APPPATH/Controllers/ChapterController.php(550): App\Models\ChapterValuesModel->getvalues_m()
 4 SYSTEMPATH/CodeIgniter.php(941): App\Controllers\ChapterController->c1setvalues()
 5 SYSTEMPATH/CodeIgniter.php(502): CodeIgniter\CodeIgniter->runController()
 6 SYSTEMPATH/CodeIgniter.php(361): CodeIgniter\CodeIgniter->handleRequest()
 7 FCPATH/index.php(84): CodeIgniter\CodeIgniter->run()
CRITICAL - 2024-08-14 13:01:31 --> [Caused by] CodeIgniter\Database\Exceptions\DatabaseException: Unknown column 'clientID' in 'where clause'
in SYSTEMPATH/Database/MySQLi/Connection.php on line 311.
 1 SYSTEMPATH/Database/BaseConnection.php(693): CodeIgniter\Database\MySQLi\Connection->execute()
 2 SYSTEMPATH/Database/BaseConnection.php(607): CodeIgniter\Database\BaseConnection->simpleQuery()
 3 SYSTEMPATH/Database/BaseBuilder.php(1616): CodeIgniter\Database\BaseConnection->query()
 4 APPPATH/Models/ChapterValuesModel.php(71): CodeIgniter\Database\BaseBuilder->get()
 5 APPPATH/Controllers/ChapterController.php(550): App\Models\ChapterValuesModel->getvalues_m()
 6 SYSTEMPATH/CodeIgniter.php(941): App\Controllers\ChapterController->c1setvalues()
 7 SYSTEMPATH/CodeIgniter.php(502): CodeIgniter\CodeIgniter->runController()
 8 SYSTEMPATH/CodeIgniter.php(361): CodeIgniter\CodeIgniter->handleRequest()
 9 FCPATH/index.php(84): CodeIgniter\CodeIgniter->run()
CRITICAL - 2024-08-14 13:01:31 --> [Caused by] mysqli_sql_exception: Unknown column 'clientID' in 'where clause'
in SYSTEMPATH/Database/MySQLi/Connection.php on line 306.
 1 SYSTEMPATH/Database/MySQLi/Connection.php(306): mysqli->query()
 2 SYSTEMPATH/Database/BaseConnection.php(693): CodeIgniter\Database\MySQLi\Connection->execute()
 3 SYSTEMPATH/Database/BaseConnection.php(607): CodeIgniter\Database\BaseConnection->simpleQuery()
 4 SYSTEMPATH/Database/BaseBuilder.php(1616): CodeIgniter\Database\BaseConnection->query()
 5 APPPATH/Models/ChapterValuesModel.php(71): CodeIgniter\Database\BaseBuilder->get()
 6 APPPATH/Controllers/ChapterController.php(550): App\Models\ChapterValuesModel->getvalues_m()
 7 SYSTEMPATH/CodeIgniter.php(941): App\Controllers\ChapterController->c1setvalues()
 8 SYSTEMPATH/CodeIgniter.php(502): CodeIgniter\CodeIgniter->runController()
 9 SYSTEMPATH/CodeIgniter.php(361): CodeIgniter\CodeIgniter->handleRequest()
10 FCPATH/index.php(84): CodeIgniter\CodeIgniter->run()
INFO - 2024-08-14 13:02:18 --> Session: Class initialized using 'CodeIgniter\Session\Handlers\FileHandler' driver.
ERROR - 2024-08-14 13:02:18 --> mysqli_sql_exception: Unknown column 'clientID' in 'where clause' in /home/q05wyrnxw9oo/testapplaud.buildappminds.com/system/Database/MySQLi/Connection.php:306
Stack trace:
#0 /home/q05wyrnxw9oo/testapplaud.buildappminds.com/system/Database/MySQLi/Connection.php(306): mysqli->query()
#1 /home/q05wyrnxw9oo/testapplaud.buildappminds.com/system/Database/BaseConnection.php(693): CodeIgniter\Database\MySQLi\Connection->execute()
#2 /home/q05wyrnxw9oo/testapplaud.buildappminds.com/system/Database/BaseConnection.php(607): CodeIgniter\Database\BaseConnection->simpleQuery()
#3 /home/q05wyrnxw9oo/testapplaud.buildappminds.com/system/Database/BaseBuilder.php(1616): CodeIgniter\Database\BaseConnection->query()
#4 /home/q05wyrnxw9oo/testapplaud.buildappminds.com/app/Models/ChapterValuesModel.php(71): CodeIgniter\Database\BaseBuilder->get()
#5 /home/q05wyrnxw9oo/testapplaud.buildappminds.com/app/Controllers/ChapterController.php(550): App\Models\ChapterValuesModel->getvalues_m()
#6 /home/q05wyrnxw9oo/testapplaud.buildappminds.com/system/CodeIgniter.php(941): App\Controllers\ChapterController->c1setvalues()
#7 /home/q05wyrnxw9oo/testapplaud.buildappminds.com/system/CodeIgniter.php(502): CodeIgniter\CodeIgniter->runController()
#8 /home/q05wyrnxw9oo/testapplaud.buildappminds.com/system/CodeIgniter.php(361): CodeIgniter\CodeIgniter->handleRequest()
#9 /home/q05wyrnxw9oo/testapplaud.buildappminds.com/public/index.php(84): CodeIgniter\CodeIgniter->run()
#10 {main}
CRITICAL - 2024-08-14 13:02:18 --> CodeIgniter\Database\Exceptions\DatabaseException: Unknown column 'clientID' in 'where clause'
in SYSTEMPATH/Database/BaseConnection.php on line 647.
 1 SYSTEMPATH/Database/BaseBuilder.php(1616): CodeIgniter\Database\BaseConnection->query()
 2 APPPATH/Models/ChapterValuesModel.php(71): CodeIgniter\Database\BaseBuilder->get()
 3 APPPATH/Controllers/ChapterController.php(550): App\Models\ChapterValuesModel->getvalues_m()
 4 SYSTEMPATH/CodeIgniter.php(941): App\Controllers\ChapterController->c1setvalues()
 5 SYSTEMPATH/CodeIgniter.php(502): CodeIgniter\CodeIgniter->runController()
 6 SYSTEMPATH/CodeIgniter.php(361): CodeIgniter\CodeIgniter->handleRequest()
 7 FCPATH/index.php(84): CodeIgniter\CodeIgniter->run()
CRITICAL - 2024-08-14 13:02:18 --> [Caused by] CodeIgniter\Database\Exceptions\DatabaseException: Unknown column 'clientID' in 'where clause'
in SYSTEMPATH/Database/MySQLi/Connection.php on line 311.
 1 SYSTEMPATH/Database/BaseConnection.php(693): CodeIgniter\Database\MySQLi\Connection->execute()
 2 SYSTEMPATH/Database/BaseConnection.php(607): CodeIgniter\Database\BaseConnection->simpleQuery()
 3 SYSTEMPATH/Database/BaseBuilder.php(1616): CodeIgniter\Database\BaseConnection->query()
 4 APPPATH/Models/ChapterValuesModel.php(71): CodeIgniter\Database\BaseBuilder->get()
 5 APPPATH/Controllers/ChapterController.php(550): App\Models\ChapterValuesModel->getvalues_m()
 6 SYSTEMPATH/CodeIgniter.php(941): App\Controllers\ChapterController->c1setvalues()
 7 SYSTEMPATH/CodeIgniter.php(502): CodeIgniter\CodeIgniter->runController()
 8 SYSTEMPATH/CodeIgniter.php(361): CodeIgniter\CodeIgniter->handleRequest()
 9 FCPATH/index.php(84): CodeIgniter\CodeIgniter->run()
CRITICAL - 2024-08-14 13:02:18 --> [Caused by] mysqli_sql_exception: Unknown column 'clientID' in 'where clause'
in SYSTEMPATH/Database/MySQLi/Connection.php on line 306.
 1 SYSTEMPATH/Database/MySQLi/Connection.php(306): mysqli->query()
 2 SYSTEMPATH/Database/BaseConnection.php(693): CodeIgniter\Database\MySQLi\Connection->execute()
 3 SYSTEMPATH/Database/BaseConnection.php(607): CodeIgniter\Database\BaseConnection->simpleQuery()
 4 SYSTEMPATH/Database/BaseBuilder.php(1616): CodeIgniter\Database\BaseConnection->query()
 5 APPPATH/Models/ChapterValuesModel.php(71): CodeIgniter\Database\BaseBuilder->get()
 6 APPPATH/Controllers/ChapterController.php(550): App\Models\ChapterValuesModel->getvalues_m()
 7 SYSTEMPATH/CodeIgniter.php(941): App\Controllers\ChapterController->c1setvalues()
 8 SYSTEMPATH/CodeIgniter.php(502): CodeIgniter\CodeIgniter->runController()
 9 SYSTEMPATH/CodeIgniter.php(361): CodeIgniter\CodeIgniter->handleRequest()
10 FCPATH/index.php(84): CodeIgniter\CodeIgniter->run()
INFO - 2024-08-14 13:02:21 --> Session: Class initialized using 'CodeIgniter\Session\Handlers\FileHandler' driver.
ERROR - 2024-08-14 13:02:21 --> mysqli_sql_exception: Unknown column 'clientID' in 'where clause' in /home/q05wyrnxw9oo/testapplaud.buildappminds.com/system/Database/MySQLi/Connection.php:306
Stack trace:
#0 /home/q05wyrnxw9oo/testapplaud.buildappminds.com/system/Database/MySQLi/Connection.php(306): mysqli->query()
#1 /home/q05wyrnxw9oo/testapplaud.buildappminds.com/system/Database/BaseConnection.php(693): CodeIgniter\Database\MySQLi\Connection->execute()
#2 /home/q05wyrnxw9oo/testapplaud.buildappminds.com/system/Database/BaseConnection.php(607): CodeIgniter\Database\BaseConnection->simpleQuery()
#3 /home/q05wyrnxw9oo/testapplaud.buildappminds.com/system/Database/BaseBuilder.php(1616): CodeIgniter\Database\BaseConnection->query()
#4 /home/q05wyrnxw9oo/testapplaud.buildappminds.com/app/Models/ChapterValuesModel.php(71): CodeIgniter\Database\BaseBuilder->get()
#5 /home/q05wyrnxw9oo/testapplaud.buildappminds.com/app/Controllers/ChapterController.php(550): App\Models\ChapterValuesModel->getvalues_m()
#6 /home/q05wyrnxw9oo/testapplaud.buildappminds.com/system/CodeIgniter.php(941): App\Controllers\ChapterController->c1setvalues()
#7 /home/q05wyrnxw9oo/testapplaud.buildappminds.com/system/CodeIgniter.php(502): CodeIgniter\CodeIgniter->runController()
#8 /home/q05wyrnxw9oo/testapplaud.buildappminds.com/system/CodeIgniter.php(361): CodeIgniter\CodeIgniter->handleRequest()
#9 /home/q05wyrnxw9oo/testapplaud.buildappminds.com/public/index.php(84): CodeIgniter\CodeIgniter->run()
#10 {main}
CRITICAL - 2024-08-14 13:02:21 --> CodeIgniter\Database\Exceptions\DatabaseException: Unknown column 'clientID' in 'where clause'
in SYSTEMPATH/Database/BaseConnection.php on line 647.
 1 SYSTEMPATH/Database/BaseBuilder.php(1616): CodeIgniter\Database\BaseConnection->query()
 2 APPPATH/Models/ChapterValuesModel.php(71): CodeIgniter\Database\BaseBuilder->get()
 3 APPPATH/Controllers/ChapterController.php(550): App\Models\ChapterValuesModel->getvalues_m()
 4 SYSTEMPATH/CodeIgniter.php(941): App\Controllers\ChapterController->c1setvalues()
 5 SYSTEMPATH/CodeIgniter.php(502): CodeIgniter\CodeIgniter->runController()
 6 SYSTEMPATH/CodeIgniter.php(361): CodeIgniter\CodeIgniter->handleRequest()
 7 FCPATH/index.php(84): CodeIgniter\CodeIgniter->run()
CRITICAL - 2024-08-14 13:02:21 --> [Caused by] CodeIgniter\Database\Exceptions\DatabaseException: Unknown column 'clientID' in 'where clause'
in SYSTEMPATH/Database/MySQLi/Connection.php on line 311.
 1 SYSTEMPATH/Database/BaseConnection.php(693): CodeIgniter\Database\MySQLi\Connection->execute()
 2 SYSTEMPATH/Database/BaseConnection.php(607): CodeIgniter\Database\BaseConnection->simpleQuery()
 3 SYSTEMPATH/Database/BaseBuilder.php(1616): CodeIgniter\Database\BaseConnection->query()
 4 APPPATH/Models/ChapterValuesModel.php(71): CodeIgniter\Database\BaseBuilder->get()
 5 APPPATH/Controllers/ChapterController.php(550): App\Models\ChapterValuesModel->getvalues_m()
 6 SYSTEMPATH/CodeIgniter.php(941): App\Controllers\ChapterController->c1setvalues()
 7 SYSTEMPATH/CodeIgniter.php(502): CodeIgniter\CodeIgniter->runController()
 8 SYSTEMPATH/CodeIgniter.php(361): CodeIgniter\CodeIgniter->handleRequest()
 9 FCPATH/index.php(84): CodeIgniter\CodeIgniter->run()
CRITICAL - 2024-08-14 13:02:21 --> [Caused by] mysqli_sql_exception: Unknown column 'clientID' in 'where clause'
in SYSTEMPATH/Database/MySQLi/Connection.php on line 306.
 1 SYSTEMPATH/Database/MySQLi/Connection.php(306): mysqli->query()
 2 SYSTEMPATH/Database/BaseConnection.php(693): CodeIgniter\Database\MySQLi\Connection->execute()
 3 SYSTEMPATH/Database/BaseConnection.php(607): CodeIgniter\Database\BaseConnection->simpleQuery()
 4 SYSTEMPATH/Database/BaseBuilder.php(1616): CodeIgniter\Database\BaseConnection->query()
 5 APPPATH/Models/ChapterValuesModel.php(71): CodeIgniter\Database\BaseBuilder->get()
 6 APPPATH/Controllers/ChapterController.php(550): App\Models\ChapterValuesModel->getvalues_m()
 7 SYSTEMPATH/CodeIgniter.php(941): App\Controllers\ChapterController->c1setvalues()
 8 SYSTEMPATH/CodeIgniter.php(502): CodeIgniter\CodeIgniter->runController()
 9 SYSTEMPATH/CodeIgniter.php(361): CodeIgniter\CodeIgniter->handleRequest()
10 FCPATH/index.php(84): CodeIgniter\CodeIgniter->run()
INFO - 2024-08-14 13:03:03 --> Session: Class initialized using 'CodeIgniter\Session\Handlers\FileHandler' driver.
INFO - 2024-08-14 13:03:06 --> Session: Class initialized using 'CodeIgniter\Session\Handlers\FileHandler' driver.
INFO - 2024-08-14 13:03:09 --> Session: Class initialized using 'CodeIgniter\Session\Handlers\FileHandler' driver.
INFO - 2024-08-14 13:03:27 --> Session: Class initialized using 'CodeIgniter\Session\Handlers\FileHandler' driver.
INFO - 2024-08-14 13:03:31 --> Session: Class initialized using 'CodeIgniter\Session\Handlers\FileHandler' driver.
ERROR - 2024-08-14 13:03:31 --> mysqli_sql_exception: Unknown column 'clientID' in 'where clause' in /home/q05wyrnxw9oo/testapplaud.buildappminds.com/system/Database/MySQLi/Connection.php:306
Stack trace:
#0 /home/q05wyrnxw9oo/testapplaud.buildappminds.com/system/Database/MySQLi/Connection.php(306): mysqli->query()
#1 /home/q05wyrnxw9oo/testapplaud.buildappminds.com/system/Database/BaseConnection.php(693): CodeIgniter\Database\MySQLi\Connection->execute()
#2 /home/q05wyrnxw9oo/testapplaud.buildappminds.com/system/Database/BaseConnection.php(607): CodeIgniter\Database\BaseConnection->simpleQuery()
#3 /home/q05wyrnxw9oo/testapplaud.buildappminds.com/system/Database/BaseBuilder.php(1616): CodeIgniter\Database\BaseConnection->query()
#4 /home/q05wyrnxw9oo/testapplaud.buildappminds.com/app/Models/ChapterValuesModel.php(119): CodeIgniter\Database\BaseBuilder->get()
#5 /home/q05wyrnxw9oo/testapplaud.buildappminds.com/app/Controllers/ChapterController.php(653): App\Models\ChapterValuesModel->getac10data()
#6 /home/q05wyrnxw9oo/testapplaud.buildappminds.com/system/CodeIgniter.php(941): App\Controllers\ChapterController->c1setvalues()
#7 /home/q05wyrnxw9oo/testapplaud.buildappminds.com/system/CodeIgniter.php(502): CodeIgniter\CodeIgniter->runController()
#8 /home/q05wyrnxw9oo/testapplaud.buildappminds.com/system/CodeIgniter.php(361): CodeIgniter\CodeIgniter->handleRequest()
#9 /home/q05wyrnxw9oo/testapplaud.buildappminds.com/public/index.php(84): CodeIgniter\CodeIgniter->run()
#10 {main}
CRITICAL - 2024-08-14 13:03:31 --> CodeIgniter\Database\Exceptions\DatabaseException: Unknown column 'clientID' in 'where clause'
in SYSTEMPATH/Database/BaseConnection.php on line 647.
 1 SYSTEMPATH/Database/BaseBuilder.php(1616): CodeIgniter\Database\BaseConnection->query()
 2 APPPATH/Models/ChapterValuesModel.php(119): CodeIgniter\Database\BaseBuilder->get()
 3 APPPATH/Controllers/ChapterController.php(653): App\Models\ChapterValuesModel->getac10data()
 4 SYSTEMPATH/CodeIgniter.php(941): App\Controllers\ChapterController->c1setvalues()
 5 SYSTEMPATH/CodeIgniter.php(502): CodeIgniter\CodeIgniter->runController()
 6 SYSTEMPATH/CodeIgniter.php(361): CodeIgniter\CodeIgniter->handleRequest()
 7 FCPATH/index.php(84): CodeIgniter\CodeIgniter->run()
CRITICAL - 2024-08-14 13:03:31 --> [Caused by] CodeIgniter\Database\Exceptions\DatabaseException: Unknown column 'clientID' in 'where clause'
in SYSTEMPATH/Database/MySQLi/Connection.php on line 311.
 1 SYSTEMPATH/Database/BaseConnection.php(693): CodeIgniter\Database\MySQLi\Connection->execute()
 2 SYSTEMPATH/Database/BaseConnection.php(607): CodeIgniter\Database\BaseConnection->simpleQuery()
 3 SYSTEMPATH/Database/BaseBuilder.php(1616): CodeIgniter\Database\BaseConnection->query()
 4 APPPATH/Models/ChapterValuesModel.php(119): CodeIgniter\Database\BaseBuilder->get()
 5 APPPATH/Controllers/ChapterController.php(653): App\Models\ChapterValuesModel->getac10data()
 6 SYSTEMPATH/CodeIgniter.php(941): App\Controllers\ChapterController->c1setvalues()
 7 SYSTEMPATH/CodeIgniter.php(502): CodeIgniter\CodeIgniter->runController()
 8 SYSTEMPATH/CodeIgniter.php(361): CodeIgniter\CodeIgniter->handleRequest()
 9 FCPATH/index.php(84): CodeIgniter\CodeIgniter->run()
CRITICAL - 2024-08-14 13:03:31 --> [Caused by] mysqli_sql_exception: Unknown column 'clientID' in 'where clause'
in SYSTEMPATH/Database/MySQLi/Connection.php on line 306.
 1 SYSTEMPATH/Database/MySQLi/Connection.php(306): mysqli->query()
 2 SYSTEMPATH/Database/BaseConnection.php(693): CodeIgniter\Database\MySQLi\Connection->execute()
 3 SYSTEMPATH/Database/BaseConnection.php(607): CodeIgniter\Database\BaseConnection->simpleQuery()
 4 SYSTEMPATH/Database/BaseBuilder.php(1616): CodeIgniter\Database\BaseConnection->query()
 5 APPPATH/Models/ChapterValuesModel.php(119): CodeIgniter\Database\BaseBuilder->get()
 6 APPPATH/Controllers/ChapterController.php(653): App\Models\ChapterValuesModel->getac10data()
 7 SYSTEMPATH/CodeIgniter.php(941): App\Controllers\ChapterController->c1setvalues()
 8 SYSTEMPATH/CodeIgniter.php(502): CodeIgniter\CodeIgniter->runController()
 9 SYSTEMPATH/CodeIgniter.php(361): CodeIgniter\CodeIgniter->handleRequest()
10 FCPATH/index.php(84): CodeIgniter\CodeIgniter->run()
INFO - 2024-08-14 13:04:19 --> Session: Class initialized using 'CodeIgniter\Session\Handlers\FileHandler' driver.
ERROR - 2024-08-14 13:04:19 --> mysqli_sql_exception: Unknown column 'clientID' in 'where clause' in /home/q05wyrnxw9oo/testapplaud.buildappminds.com/system/Database/MySQLi/Connection.php:306
Stack trace:
#0 /home/q05wyrnxw9oo/testapplaud.buildappminds.com/system/Database/MySQLi/Connection.php(306): mysqli->query()
#1 /home/q05wyrnxw9oo/testapplaud.buildappminds.com/system/Database/BaseConnection.php(693): CodeIgniter\Database\MySQLi\Connection->execute()
#2 /home/q05wyrnxw9oo/testapplaud.buildappminds.com/system/Database/BaseConnection.php(607): CodeIgniter\Database\BaseConnection->simpleQuery()
#3 /home/q05wyrnxw9oo/testapplaud.buildappminds.com/system/Database/BaseBuilder.php(1616): CodeIgniter\Database\BaseConnection->query()
#4 /home/q05wyrnxw9oo/testapplaud.buildappminds.com/app/Models/ChapterValuesModel.php(119): CodeIgniter\Database\BaseBuilder->get()
#5 /home/q05wyrnxw9oo/testapplaud.buildappminds.com/app/Controllers/ChapterController.php(653): App\Models\ChapterValuesModel->getac10data()
#6 /home/q05wyrnxw9oo/testapplaud.buildappminds.com/system/CodeIgniter.php(941): App\Controllers\ChapterController->c1setvalues()
#7 /home/q05wyrnxw9oo/testapplaud.buildappminds.com/system/CodeIgniter.php(502): CodeIgniter\CodeIgniter->runController()
#8 /home/q05wyrnxw9oo/testapplaud.buildappminds.com/system/CodeIgniter.php(361): CodeIgniter\CodeIgniter->handleRequest()
#9 /home/q05wyrnxw9oo/testapplaud.buildappminds.com/public/index.php(84): CodeIgniter\CodeIgniter->run()
#10 {main}
CRITICAL - 2024-08-14 13:04:19 --> CodeIgniter\Database\Exceptions\DatabaseException: Unknown column 'clientID' in 'where clause'
in SYSTEMPATH/Database/BaseConnection.php on line 647.
 1 SYSTEMPATH/Database/BaseBuilder.php(1616): CodeIgniter\Database\BaseConnection->query()
 2 APPPATH/Models/ChapterValuesModel.php(119): CodeIgniter\Database\BaseBuilder->get()
 3 APPPATH/Controllers/ChapterController.php(653): App\Models\ChapterValuesModel->getac10data()
 4 SYSTEMPATH/CodeIgniter.php(941): App\Controllers\ChapterController->c1setvalues()
 5 SYSTEMPATH/CodeIgniter.php(502): CodeIgniter\CodeIgniter->runController()
 6 SYSTEMPATH/CodeIgniter.php(361): CodeIgniter\CodeIgniter->handleRequest()
 7 FCPATH/index.php(84): CodeIgniter\CodeIgniter->run()
CRITICAL - 2024-08-14 13:04:19 --> [Caused by] CodeIgniter\Database\Exceptions\DatabaseException: Unknown column 'clientID' in 'where clause'
in SYSTEMPATH/Database/MySQLi/Connection.php on line 311.
 1 SYSTEMPATH/Database/BaseConnection.php(693): CodeIgniter\Database\MySQLi\Connection->execute()
 2 SYSTEMPATH/Database/BaseConnection.php(607): CodeIgniter\Database\BaseConnection->simpleQuery()
 3 SYSTEMPATH/Database/BaseBuilder.php(1616): CodeIgniter\Database\BaseConnection->query()
 4 APPPATH/Models/ChapterValuesModel.php(119): CodeIgniter\Database\BaseBuilder->get()
 5 APPPATH/Controllers/ChapterController.php(653): App\Models\ChapterValuesModel->getac10data()
 6 SYSTEMPATH/CodeIgniter.php(941): App\Controllers\ChapterController->c1setvalues()
 7 SYSTEMPATH/CodeIgniter.php(502): CodeIgniter\CodeIgniter->runController()
 8 SYSTEMPATH/CodeIgniter.php(361): CodeIgniter\CodeIgniter->handleRequest()
 9 FCPATH/index.php(84): CodeIgniter\CodeIgniter->run()
CRITICAL - 2024-08-14 13:04:19 --> [Caused by] mysqli_sql_exception: Unknown column 'clientID' in 'where clause'
in SYSTEMPATH/Database/MySQLi/Connection.php on line 306.
 1 SYSTEMPATH/Database/MySQLi/Connection.php(306): mysqli->query()
 2 SYSTEMPATH/Database/BaseConnection.php(693): CodeIgniter\Database\MySQLi\Connection->execute()
 3 SYSTEMPATH/Database/BaseConnection.php(607): CodeIgniter\Database\BaseConnection->simpleQuery()
 4 SYSTEMPATH/Database/BaseBuilder.php(1616): CodeIgniter\Database\BaseConnection->query()
 5 APPPATH/Models/ChapterValuesModel.php(119): CodeIgniter\Database\BaseBuilder->get()
 6 APPPATH/Controllers/ChapterController.php(653): App\Models\ChapterValuesModel->getac10data()
 7 SYSTEMPATH/CodeIgniter.php(941): App\Controllers\ChapterController->c1setvalues()
 8 SYSTEMPATH/CodeIgniter.php(502): CodeIgniter\CodeIgniter->runController()
 9 SYSTEMPATH/CodeIgniter.php(361): CodeIgniter\CodeIgniter->handleRequest()
10 FCPATH/index.php(84): CodeIgniter\CodeIgniter->run()
INFO - 2024-08-14 13:04:34 --> Session: Class initialized using 'CodeIgniter\Session\Handlers\FileHandler' driver.
INFO - 2024-08-14 13:04:41 --> Session: Class initialized using 'CodeIgniter\Session\Handlers\FileHandler' driver.
INFO - 2024-08-14 13:04:45 --> Session: Class initialized using 'CodeIgniter\Session\Handlers\FileHandler' driver.
INFO - 2024-08-14 13:04:53 --> Session: Class initialized using 'CodeIgniter\Session\Handlers\FileHandler' driver.
INFO - 2024-08-14 13:05:04 --> Session: Class initialized using 'CodeIgniter\Session\Handlers\FileHandler' driver.
INFO - 2024-08-14 13:05:09 --> Session: Class initialized using 'CodeIgniter\Session\Handlers\FileHandler' driver.
CRITICAL - 2024-08-14 13:05:09 --> CodeIgniter\Database\Exceptions\DatabaseException: You must set the database table to be used with your query.
in SYSTEMPATH/Database/BaseConnection.php on line 884.
 1 SYSTEMPATH/Model.php(662): CodeIgniter\Database\BaseConnection->table()
 2 SYSTEMPATH/Model.php(864): CodeIgniter\Model->builder()
 3 APPPATH/Controllers/ChapterController.php(689): CodeIgniter\Model->__call()
 4 SYSTEMPATH/CodeIgniter.php(941): App\Controllers\ChapterController->c1setvalues()
 5 SYSTEMPATH/CodeIgniter.php(502): CodeIgniter\CodeIgniter->runController()
 6 SYSTEMPATH/CodeIgniter.php(361): CodeIgniter\CodeIgniter->handleRequest()
 7 FCPATH/index.php(84): CodeIgniter\CodeIgniter->run()
INFO - 2024-08-14 13:05:12 --> Session: Class initialized using 'CodeIgniter\Session\Handlers\FileHandler' driver.
INFO - 2024-08-14 13:05:18 --> Session: Class initialized using 'CodeIgniter\Session\Handlers\FileHandler' driver.
INFO - 2024-08-14 13:06:33 --> Session: Class initialized using 'CodeIgniter\Session\Handlers\FileHandler' driver.
INFO - 2024-08-14 13:06:35 --> Session: Class initialized using 'CodeIgniter\Session\Handlers\FileHandler' driver.
INFO - 2024-08-14 13:06:36 --> Session: Class initialized using 'CodeIgniter\Session\Handlers\FileHandler' driver.
INFO - 2024-08-14 13:06:36 --> Session: Class initialized using 'CodeIgniter\Session\Handlers\FileHandler' driver.
INFO - 2024-08-14 13:06:37 --> Session: Class initialized using 'CodeIgniter\Session\Handlers\FileHandler' driver.
INFO - 2024-08-14 13:06:38 --> Session: Class initialized using 'CodeIgniter\Session\Handlers\FileHandler' driver.
INFO - 2024-08-14 13:06:39 --> Session: Class initialized using 'CodeIgniter\Session\Handlers\FileHandler' driver.
INFO - 2024-08-14 13:06:39 --> Session: Class initialized using 'CodeIgniter\Session\Handlers\FileHandler' driver.
INFO - 2024-08-14 13:06:40 --> Session: Class initialized using 'CodeIgniter\Session\Handlers\FileHandler' driver.
INFO - 2024-08-14 13:06:41 --> Session: Class initialized using 'CodeIgniter\Session\Handlers\FileHandler' driver.
INFO - 2024-08-14 13:06:42 --> Session: Class initialized using 'CodeIgniter\Session\Handlers\FileHandler' driver.
CRITICAL - 2024-08-14 13:06:42 --> CodeIgniter\Database\Exceptions\DatabaseException: You must set the database table to be used with your query.
in SYSTEMPATH/Database/BaseConnection.php on line 884.
 1 SYSTEMPATH/Model.php(662): CodeIgniter\Database\BaseConnection->table()
 2 SYSTEMPATH/Model.php(864): CodeIgniter\Model->builder()
 3 APPPATH/Controllers/ChapterController.php(689): CodeIgniter\Model->__call()
 4 SYSTEMPATH/CodeIgniter.php(941): App\Controllers\ChapterController->c1setvalues()
 5 SYSTEMPATH/CodeIgniter.php(502): CodeIgniter\CodeIgniter->runController()
 6 SYSTEMPATH/CodeIgniter.php(361): CodeIgniter\CodeIgniter->handleRequest()
 7 FCPATH/index.php(84): CodeIgniter\CodeIgniter->run()
INFO - 2024-08-14 13:11:35 --> Session: Class initialized using 'CodeIgniter\Session\Handlers\FileHandler' driver.
CRITICAL - 2024-08-14 13:11:35 --> ErrorException: Trying to access array offset on value of type null
in APPPATH/Views/client/chapter1/Ac10-Summary.php on line 1507.
 1 APPPATH/Views/client/chapter1/Ac10-Summary.php(1507): CodeIgniter\Debug\Exceptions->errorHandler()
 2 SYSTEMPATH/View/View.php(228): include('/home/q05wyrnxw9oo/testapplaud.buildappminds.com/app/Views/client/chapter1/Ac10-Summary.php')
 3 SYSTEMPATH/View/View.php(231): CodeIgniter\View\View->CodeIgniter\View\{closure}()
 4 SYSTEMPATH/Common.php(1178): CodeIgniter\View\View->render()
 5 APPPATH/Controllers/ChapterController.php(696): view()
 6 SYSTEMPATH/CodeIgniter.php(941): App\Controllers\ChapterController->c1setvalues()
 7 SYSTEMPATH/CodeIgniter.php(502): CodeIgniter\CodeIgniter->runController()
 8 SYSTEMPATH/CodeIgniter.php(361): CodeIgniter\CodeIgniter->handleRequest()
 9 FCPATH/index.php(84): CodeIgniter\CodeIgniter->run()
INFO - 2024-08-14 13:18:22 --> Session: Class initialized using 'CodeIgniter\Session\Handlers\FileHandler' driver.
INFO - 2024-08-14 13:18:25 --> Session: Class initialized using 'CodeIgniter\Session\Handlers\FileHandler' driver.
INFO - 2024-08-14 13:18:27 --> Session: Class initialized using 'CodeIgniter\Session\Handlers\FileHandler' driver.
CRITICAL - 2024-08-14 13:18:27 --> CodeIgniter\Encryption\Exceptions\EncryptionException: Decrypting: authentication failed.
in SYSTEMPATH/Encryption/Handlers/OpenSSLHandler.php on line 139.
 1 SYSTEMPATH/Encryption/Handlers/OpenSSLHandler.php(139): CodeIgniter\Encryption\Exceptions\EncryptionException::forAuthenticationFailed()
 2 APPPATH/Controllers/ClientController.php(56): CodeIgniter\Encryption\Handlers\OpenSSLHandler->decrypt()
 3 SYSTEMPATH/CodeIgniter.php(941): App\Controllers\ClientController->getdefaultfiles()
 4 SYSTEMPATH/CodeIgniter.php(502): CodeIgniter\CodeIgniter->runController()
 5 SYSTEMPATH/CodeIgniter.php(361): CodeIgniter\CodeIgniter->handleRequest()
 6 FCPATH/index.php(84): CodeIgniter\CodeIgniter->run()
INFO - 2024-08-14 13:18:27 --> Session: Class initialized using 'CodeIgniter\Session\Handlers\FileHandler' driver.
INFO - 2024-08-14 13:18:30 --> Session: Class initialized using 'CodeIgniter\Session\Handlers\FileHandler' driver.
INFO - 2024-08-14 13:29:25 --> Session: Class initialized using 'CodeIgniter\Session\Handlers\FileHandler' driver.
INFO - 2024-08-14 13:29:31 --> Session: Class initialized using 'CodeIgniter\Session\Handlers\FileHandler' driver.
INFO - 2024-08-14 13:29:36 --> Session: Class initialized using 'CodeIgniter\Session\Handlers\FileHandler' driver.
INFO - 2024-08-14 13:29:39 --> Session: Class initialized using 'CodeIgniter\Session\Handlers\FileHandler' driver.
INFO - 2024-08-14 13:29:42 --> Session: Class initialized using 'CodeIgniter\Session\Handlers\FileHandler' driver.
INFO - 2024-08-14 13:29:45 --> Session: Class initialized using 'CodeIgniter\Session\Handlers\FileHandler' driver.
INFO - 2024-08-14 13:35:41 --> Session: Class initialized using 'CodeIgniter\Session\Handlers\FileHandler' driver.
INFO - 2024-08-14 13:35:44 --> Session: Class initialized using 'CodeIgniter\Session\Handlers\FileHandler' driver.
CRITICAL - 2024-08-14 13:35:44 --> CodeIgniter\Database\Exceptions\DatabaseException: You must set the database table to be used with your query.
in SYSTEMPATH/Database/BaseConnection.php on line 884.
 1 SYSTEMPATH/Model.php(662): CodeIgniter\Database\BaseConnection->table()
 2 SYSTEMPATH/Model.php(864): CodeIgniter\Model->builder()
 3 APPPATH/Controllers/ChapterController.php(1009): CodeIgniter\Model->__call()
 4 SYSTEMPATH/CodeIgniter.php(941): App\Controllers\ChapterController->c3setvalues()
 5 SYSTEMPATH/CodeIgniter.php(502): CodeIgniter\CodeIgniter->runController()
 6 SYSTEMPATH/CodeIgniter.php(361): CodeIgniter\CodeIgniter->handleRequest()
 7 FCPATH/index.php(84): CodeIgniter\CodeIgniter->run()
INFO - 2024-08-14 13:35:51 --> Session: Class initialized using 'CodeIgniter\Session\Handlers\FileHandler' driver.
CRITICAL - 2024-08-14 13:35:51 --> CodeIgniter\Database\Exceptions\DatabaseException: You must set the database table to be used with your query.
in SYSTEMPATH/Database/BaseConnection.php on line 884.
 1 SYSTEMPATH/Model.php(662): CodeIgniter\Database\BaseConnection->table()
 2 SYSTEMPATH/Model.php(864): CodeIgniter\Model->builder()
 3 APPPATH/Controllers/ChapterController.php(1024): CodeIgniter\Model->__call()
 4 SYSTEMPATH/CodeIgniter.php(941): App\Controllers\ChapterController->c3setvalues()
 5 SYSTEMPATH/CodeIgniter.php(502): CodeIgniter\CodeIgniter->runController()
 6 SYSTEMPATH/CodeIgniter.php(361): CodeIgniter\CodeIgniter->handleRequest()
 7 FCPATH/index.php(84): CodeIgniter\CodeIgniter->run()
INFO - 2024-08-14 13:37:07 --> Session: Class initialized using 'CodeIgniter\Session\Handlers\FileHandler' driver.
INFO - 2024-08-14 13:37:15 --> Session: Class initialized using 'CodeIgniter\Session\Handlers\FileHandler' driver.
INFO - 2024-08-14 13:37:16 --> Session: Class initialized using 'CodeIgniter\Session\Handlers\FileHandler' driver.
INFO - 2024-08-14 13:37:37 --> Session: Class initialized using 'CodeIgniter\Session\Handlers\FileHandler' driver.
CRITICAL - 2024-08-14 13:37:37 --> CodeIgniter\Encryption\Exceptions\EncryptionException: Decrypting: authentication failed.
in SYSTEMPATH/Encryption/Handlers/OpenSSLHandler.php on line 139.
 1 SYSTEMPATH/Encryption/Handlers/OpenSSLHandler.php(139): CodeIgniter\Encryption\Exceptions\EncryptionException::forAuthenticationFailed()
 2 APPPATH/Controllers/ClientController.php(56): CodeIgniter\Encryption\Handlers\OpenSSLHandler->decrypt()
 3 SYSTEMPATH/CodeIgniter.php(941): App\Controllers\ClientController->getdefaultfiles()
 4 SYSTEMPATH/CodeIgniter.php(502): CodeIgniter\CodeIgniter->runController()
 5 SYSTEMPATH/CodeIgniter.php(361): CodeIgniter\CodeIgniter->handleRequest()
 6 FCPATH/index.php(84): CodeIgniter\CodeIgniter->run()
INFO - 2024-08-14 13:37:37 --> Session: Class initialized using 'CodeIgniter\Session\Handlers\FileHandler' driver.
INFO - 2024-08-14 13:37:40 --> Session: Class initialized using 'CodeIgniter\Session\Handlers\FileHandler' driver.
INFO - 2024-08-14 13:37:42 --> Session: Class initialized using 'CodeIgniter\Session\Handlers\FileHandler' driver.
INFO - 2024-08-14 13:37:46 --> Session: Class initialized using 'CodeIgniter\Session\Handlers\FileHandler' driver.
INFO - 2024-08-14 13:37:47 --> Session: Class initialized using 'CodeIgniter\Session\Handlers\FileHandler' driver.
INFO - 2024-08-14 13:38:42 --> Session: Class initialized using 'CodeIgniter\Session\Handlers\FileHandler' driver.
INFO - 2024-08-14 13:48:38 --> Session: Class initialized using 'CodeIgniter\Session\Handlers\FileHandler' driver.
INFO - 2024-08-14 13:49:39 --> Session: Class initialized using 'CodeIgniter\Session\Handlers\FileHandler' driver.
INFO - 2024-08-14 13:49:42 --> Session: Class initialized using 'CodeIgniter\Session\Handlers\FileHandler' driver.
INFO - 2024-08-14 13:49:51 --> Session: Class initialized using 'CodeIgniter\Session\Handlers\FileHandler' driver.
INFO - 2024-08-14 13:50:38 --> Session: Class initialized using 'CodeIgniter\Session\Handlers\FileHandler' driver.
INFO - 2024-08-14 13:54:09 --> Session: Class initialized using 'CodeIgniter\Session\Handlers\FileHandler' driver.
INFO - 2024-08-14 13:54:15 --> Session: Class initialized using 'CodeIgniter\Session\Handlers\FileHandler' driver.
INFO - 2024-08-14 13:54:15 --> Session: Class initialized using 'CodeIgniter\Session\Handlers\FileHandler' driver.
INFO - 2024-08-14 13:54:38 --> Session: Class initialized using 'CodeIgniter\Session\Handlers\FileHandler' driver.
INFO - 2024-08-14 13:55:17 --> Session: Class initialized using 'CodeIgniter\Session\Handlers\FileHandler' driver.
INFO - 2024-08-14 13:55:44 --> Session: Class initialized using 'CodeIgniter\Session\Handlers\FileHandler' driver.
INFO - 2024-08-14 13:55:52 --> Session: Class initialized using 'CodeIgniter\Session\Handlers\FileHandler' driver.
INFO - 2024-08-14 13:56:43 --> Session: Class initialized using 'CodeIgniter\Session\Handlers\FileHandler' driver.
INFO - 2024-08-14 13:57:54 --> Session: Class initialized using 'CodeIgniter\Session\Handlers\FileHandler' driver.
INFO - 2024-08-14 13:57:58 --> Session: Class initialized using 'CodeIgniter\Session\Handlers\FileHandler' driver.
