INFO - 2024-11-21 00:29:53 --> Session: Class initialized using 'CodeIgniter\Session\Handlers\FileHandler' driver.
INFO - 2024-11-21 00:29:55 --> Session: Class initialized using 'CodeIgniter\Session\Handlers\FileHandler' driver.
INFO - 2024-11-21 10:12:29 --> Session: Class initialized using 'CodeIgniter\Session\Handlers\FileHandler' driver.
WARNING - 2024-11-21 10:12:29 --> [DEPRECATED] mb_substr(): Passing null to parameter #1 ($string) of type string is deprecated in SYSTEMPATH/Encryption/Handlers/BaseHandler.php on line 48.
 1 SYSTEMPATH/Encryption/Handlers/BaseHandler.php(48): mb_substr(null, 0, 128, '8bit')
 2 SYSTEMPATH/Encryption/Handlers/OpenSSLHandler.php(134): CodeIgniter\Encryption\Handlers\BaseHandler::substr(null, 0, 128)
 3 APPPATH/Models/AuthModel.php(118): CodeIgniter\Encryption\Handlers\OpenSSLHandler->decrypt(null)
 4 APPPATH/Filters/Client_sd.php(22): App\Models\AuthModel->getUserAccess()
 5 SYSTEMPATH/Filters/Filters.php(182): App\Filters\Client_sd->before(Object(CodeIgniter\HTTP\IncomingRequest), null)
 6 SYSTEMPATH/CodeIgniter.php(474): CodeIgniter\Filters\Filters->run('auditsystem/client/files/cc05f81a90a17d4c0d36a91caaad4efd1c2ccca3b434c1e9e3ba8121b040fc3a0507bc932b4a470b885c6d78116883ca1b849f6e3efc8f5da4bc26426bcc147diCH4Q0XeDEnL3fH1ceRnfiw=/DJ%20metal%20works%20-%20Bbbbb', 'before')
 7 SYSTEMPATH/CodeIgniter.php(361): CodeIgniter\CodeIgniter->handleRequest(null, Object(Config\Cache), false)
 8 FCPATH/index.php(84): CodeIgniter\CodeIgniter->run()
WARNING - 2024-11-21 10:12:29 --> [DEPRECATED] mb_substr(): Passing null to parameter #1 ($string) of type string is deprecated in SYSTEMPATH/Encryption/Handlers/BaseHandler.php on line 48.
 1 SYSTEMPATH/Encryption/Handlers/BaseHandler.php(48): mb_substr(null, 128, null, '8bit')
 2 SYSTEMPATH/Encryption/Handlers/OpenSSLHandler.php(135): CodeIgniter\Encryption\Handlers\BaseHandler::substr(null, 128)
 3 APPPATH/Models/AuthModel.php(118): CodeIgniter\Encryption\Handlers\OpenSSLHandler->decrypt(null)
 4 APPPATH/Filters/Client_sd.php(22): App\Models\AuthModel->getUserAccess()
 5 SYSTEMPATH/Filters/Filters.php(182): App\Filters\Client_sd->before(Object(CodeIgniter\HTTP\IncomingRequest), null)
 6 SYSTEMPATH/CodeIgniter.php(474): CodeIgniter\Filters\Filters->run('auditsystem/client/files/cc05f81a90a17d4c0d36a91caaad4efd1c2ccca3b434c1e9e3ba8121b040fc3a0507bc932b4a470b885c6d78116883ca1b849f6e3efc8f5da4bc26426bcc147diCH4Q0XeDEnL3fH1ceRnfiw=/DJ%20metal%20works%20-%20Bbbbb', 'before')
 7 SYSTEMPATH/CodeIgniter.php(361): CodeIgniter\CodeIgniter->handleRequest(null, Object(Config\Cache), false)
 8 FCPATH/index.php(84): CodeIgniter\CodeIgniter->run()
CRITICAL - 2024-11-21 10:12:29 --> CodeIgniter\Encryption\Exceptions\EncryptionException: Decrypting: authentication failed.
in SYSTEMPATH/Encryption/Handlers/OpenSSLHandler.php on line 139.
 1 SYSTEMPATH/Encryption/Handlers/OpenSSLHandler.php(139): CodeIgniter\Encryption\Exceptions\EncryptionException::forAuthenticationFailed()
 2 APPPATH/Models/AuthModel.php(118): CodeIgniter\Encryption\Handlers\OpenSSLHandler->decrypt()
 3 APPPATH/Filters/Client_sd.php(22): App\Models\AuthModel->getUserAccess()
 4 SYSTEMPATH/Filters/Filters.php(182): App\Filters\Client_sd->before()
 5 SYSTEMPATH/CodeIgniter.php(474): CodeIgniter\Filters\Filters->run()
 6 SYSTEMPATH/CodeIgniter.php(361): CodeIgniter\CodeIgniter->handleRequest()
 7 FCPATH/index.php(84): CodeIgniter\CodeIgniter->run()
INFO - 2024-11-21 10:25:35 --> Session: Class initialized using 'CodeIgniter\Session\Handlers\FileHandler' driver.
WARNING - 2024-11-21 10:25:35 --> [DEPRECATED] mb_substr(): Passing null to parameter #1 ($string) of type string is deprecated in SYSTEMPATH/Encryption/Handlers/BaseHandler.php on line 48.
 1 SYSTEMPATH/Encryption/Handlers/BaseHandler.php(48): mb_substr(null, 0, 128, '8bit')
 2 SYSTEMPATH/Encryption/Handlers/OpenSSLHandler.php(134): CodeIgniter\Encryption\Handlers\BaseHandler::substr(null, 0, 128)
 3 APPPATH/Models/AuthModel.php(118): CodeIgniter\Encryption\Handlers\OpenSSLHandler->decrypt(null)
 4 APPPATH/Filters/Client_sd.php(22): App\Models\AuthModel->getUserAccess()
 5 SYSTEMPATH/Filters/Filters.php(182): App\Filters\Client_sd->before(Object(CodeIgniter\HTTP\IncomingRequest), null)
 6 SYSTEMPATH/CodeIgniter.php(474): CodeIgniter\Filters\Filters->run('auditsystem/client/files/cc05f81a90a17d4c0d36a91caaad4efd1c2ccca3b434c1e9e3ba8121b040fc3a0507bc932b4a470b885c6d78116883ca1b849f6e3efc8f5da4bc26426bcc147diCH4Q0XeDEnL3fH1ceRnfiw=/DJ%20metal%20works%20-%20Bbbbb', 'before')
 7 SYSTEMPATH/CodeIgniter.php(361): CodeIgniter\CodeIgniter->handleRequest(null, Object(Config\Cache), false)
 8 FCPATH/index.php(84): CodeIgniter\CodeIgniter->run()
WARNING - 2024-11-21 10:25:35 --> [DEPRECATED] mb_substr(): Passing null to parameter #1 ($string) of type string is deprecated in SYSTEMPATH/Encryption/Handlers/BaseHandler.php on line 48.
 1 SYSTEMPATH/Encryption/Handlers/BaseHandler.php(48): mb_substr(null, 128, null, '8bit')
 2 SYSTEMPATH/Encryption/Handlers/OpenSSLHandler.php(135): CodeIgniter\Encryption\Handlers\BaseHandler::substr(null, 128)
 3 APPPATH/Models/AuthModel.php(118): CodeIgniter\Encryption\Handlers\OpenSSLHandler->decrypt(null)
 4 APPPATH/Filters/Client_sd.php(22): App\Models\AuthModel->getUserAccess()
 5 SYSTEMPATH/Filters/Filters.php(182): App\Filters\Client_sd->before(Object(CodeIgniter\HTTP\IncomingRequest), null)
 6 SYSTEMPATH/CodeIgniter.php(474): CodeIgniter\Filters\Filters->run('auditsystem/client/files/cc05f81a90a17d4c0d36a91caaad4efd1c2ccca3b434c1e9e3ba8121b040fc3a0507bc932b4a470b885c6d78116883ca1b849f6e3efc8f5da4bc26426bcc147diCH4Q0XeDEnL3fH1ceRnfiw=/DJ%20metal%20works%20-%20Bbbbb', 'before')
 7 SYSTEMPATH/CodeIgniter.php(361): CodeIgniter\CodeIgniter->handleRequest(null, Object(Config\Cache), false)
 8 FCPATH/index.php(84): CodeIgniter\CodeIgniter->run()
CRITICAL - 2024-11-21 10:25:35 --> CodeIgniter\Encryption\Exceptions\EncryptionException: Decrypting: authentication failed.
in SYSTEMPATH/Encryption/Handlers/OpenSSLHandler.php on line 139.
 1 SYSTEMPATH/Encryption/Handlers/OpenSSLHandler.php(139): CodeIgniter\Encryption\Exceptions\EncryptionException::forAuthenticationFailed()
 2 APPPATH/Models/AuthModel.php(118): CodeIgniter\Encryption\Handlers\OpenSSLHandler->decrypt()
 3 APPPATH/Filters/Client_sd.php(22): App\Models\AuthModel->getUserAccess()
 4 SYSTEMPATH/Filters/Filters.php(182): App\Filters\Client_sd->before()
 5 SYSTEMPATH/CodeIgniter.php(474): CodeIgniter\Filters\Filters->run()
 6 SYSTEMPATH/CodeIgniter.php(361): CodeIgniter\CodeIgniter->handleRequest()
 7 FCPATH/index.php(84): CodeIgniter\CodeIgniter->run()
INFO - 2024-11-21 10:25:35 --> Session: Class initialized using 'CodeIgniter\Session\Handlers\FileHandler' driver.
WARNING - 2024-11-21 10:25:35 --> [DEPRECATED] mb_substr(): Passing null to parameter #1 ($string) of type string is deprecated in SYSTEMPATH/Encryption/Handlers/BaseHandler.php on line 48.
 1 SYSTEMPATH/Encryption/Handlers/BaseHandler.php(48): mb_substr(null, 0, 128, '8bit')
 2 SYSTEMPATH/Encryption/Handlers/OpenSSLHandler.php(134): CodeIgniter\Encryption\Handlers\BaseHandler::substr(null, 0, 128)
 3 APPPATH/Models/AuthModel.php(118): CodeIgniter\Encryption\Handlers\OpenSSLHandler->decrypt(null)
 4 APPPATH/Filters/Client_sd.php(22): App\Models\AuthModel->getUserAccess()
 5 SYSTEMPATH/Filters/Filters.php(182): App\Filters\Client_sd->before(Object(CodeIgniter\HTTP\IncomingRequest), null)
 6 SYSTEMPATH/CodeIgniter.php(474): CodeIgniter\Filters\Filters->run('auditsystem/client/set', 'before')
 7 SYSTEMPATH/CodeIgniter.php(361): CodeIgniter\CodeIgniter->handleRequest(null, Object(Config\Cache), false)
 8 FCPATH/index.php(84): CodeIgniter\CodeIgniter->run()
WARNING - 2024-11-21 10:25:35 --> [DEPRECATED] mb_substr(): Passing null to parameter #1 ($string) of type string is deprecated in SYSTEMPATH/Encryption/Handlers/BaseHandler.php on line 48.
 1 SYSTEMPATH/Encryption/Handlers/BaseHandler.php(48): mb_substr(null, 128, null, '8bit')
 2 SYSTEMPATH/Encryption/Handlers/OpenSSLHandler.php(135): CodeIgniter\Encryption\Handlers\BaseHandler::substr(null, 128)
 3 APPPATH/Models/AuthModel.php(118): CodeIgniter\Encryption\Handlers\OpenSSLHandler->decrypt(null)
 4 APPPATH/Filters/Client_sd.php(22): App\Models\AuthModel->getUserAccess()
 5 SYSTEMPATH/Filters/Filters.php(182): App\Filters\Client_sd->before(Object(CodeIgniter\HTTP\IncomingRequest), null)
 6 SYSTEMPATH/CodeIgniter.php(474): CodeIgniter\Filters\Filters->run('auditsystem/client/set', 'before')
 7 SYSTEMPATH/CodeIgniter.php(361): CodeIgniter\CodeIgniter->handleRequest(null, Object(Config\Cache), false)
 8 FCPATH/index.php(84): CodeIgniter\CodeIgniter->run()
CRITICAL - 2024-11-21 10:25:35 --> CodeIgniter\Encryption\Exceptions\EncryptionException: Decrypting: authentication failed.
in SYSTEMPATH/Encryption/Handlers/OpenSSLHandler.php on line 139.
 1 SYSTEMPATH/Encryption/Handlers/OpenSSLHandler.php(139): CodeIgniter\Encryption\Exceptions\EncryptionException::forAuthenticationFailed()
 2 APPPATH/Models/AuthModel.php(118): CodeIgniter\Encryption\Handlers\OpenSSLHandler->decrypt()
 3 APPPATH/Filters/Client_sd.php(22): App\Models\AuthModel->getUserAccess()
 4 SYSTEMPATH/Filters/Filters.php(182): App\Filters\Client_sd->before()
 5 SYSTEMPATH/CodeIgniter.php(474): CodeIgniter\Filters\Filters->run()
 6 SYSTEMPATH/CodeIgniter.php(361): CodeIgniter\CodeIgniter->handleRequest()
 7 FCPATH/index.php(84): CodeIgniter\CodeIgniter->run()
INFO - 2024-11-21 10:25:36 --> Session: Class initialized using 'CodeIgniter\Session\Handlers\FileHandler' driver.
INFO - 2024-11-21 10:25:36 --> Session: Class initialized using 'CodeIgniter\Session\Handlers\FileHandler' driver.
INFO - 2024-11-21 10:25:38 --> Session: Class initialized using 'CodeIgniter\Session\Handlers\FileHandler' driver.
INFO - 2024-11-21 15:00:03 --> Session: Class initialized using 'CodeIgniter\Session\Handlers\FileHandler' driver.
