INFO - 2024-05-23 10:29:28 --> Session: Class initialized using 'CodeIgniter\Session\Handlers\FileHandler' driver.
INFO - 2024-05-23 10:29:29 --> Session: Class initialized using 'CodeIgniter\Session\Handlers\FileHandler' driver.
INFO - 2024-05-23 10:29:35 --> Session: Class initialized using 'CodeIgniter\Session\Handlers\FileHandler' driver.
INFO - 2024-05-23 10:30:10 --> Session: Class initialized using 'CodeIgniter\Session\Handlers\FileHandler' driver.
INFO - 2024-05-23 10:30:11 --> Session: Class initialized using 'CodeIgniter\Session\Handlers\FileHandler' driver.
INFO - 2024-05-23 10:30:20 --> Session: Class initialized using 'CodeIgniter\Session\Handlers\FileHandler' driver.
INFO - 2024-05-23 10:30:20 --> Session: Class initialized using 'CodeIgniter\Session\Handlers\FileHandler' driver.
INFO - 2024-05-23 10:30:43 --> Session: Class initialized using 'CodeIgniter\Session\Handlers\FileHandler' driver.
INFO - 2024-05-23 10:30:43 --> Session: Class initialized using 'CodeIgniter\Session\Handlers\FileHandler' driver.
INFO - 2024-05-23 10:30:51 --> Session: Class initialized using 'CodeIgniter\Session\Handlers\FileHandler' driver.
INFO - 2024-05-23 10:30:51 --> Session: Class initialized using 'CodeIgniter\Session\Handlers\FileHandler' driver.
INFO - 2024-05-23 10:32:09 --> Session: Class initialized using 'CodeIgniter\Session\Handlers\FileHandler' driver.
INFO - 2024-05-23 10:32:11 --> Session: Class initialized using 'CodeIgniter\Session\Handlers\FileHandler' driver.
INFO - 2024-05-23 10:32:18 --> Session: Class initialized using 'CodeIgniter\Session\Handlers\FileHandler' driver.
INFO - 2024-05-23 10:34:27 --> Session: Class initialized using 'CodeIgniter\Session\Handlers\FileHandler' driver.
INFO - 2024-05-23 10:34:31 --> Session: Class initialized using 'CodeIgniter\Session\Handlers\FileHandler' driver.
INFO - 2024-05-23 10:34:33 --> Session: Class initialized using 'CodeIgniter\Session\Handlers\FileHandler' driver.
INFO - 2024-05-23 10:34:46 --> Session: Class initialized using 'CodeIgniter\Session\Handlers\FileHandler' driver.
INFO - 2024-05-23 10:46:37 --> Session: Class initialized using 'CodeIgniter\Session\Handlers\FileHandler' driver.
INFO - 2024-05-23 10:46:44 --> Session: Class initialized using 'CodeIgniter\Session\Handlers\FileHandler' driver.
INFO - 2024-05-23 10:49:32 --> Session: Class initialized using 'CodeIgniter\Session\Handlers\FileHandler' driver.
INFO - 2024-05-23 10:49:43 --> Session: Class initialized using 'CodeIgniter\Session\Handlers\FileHandler' driver.
INFO - 2024-05-23 10:49:48 --> Session: Class initialized using 'CodeIgniter\Session\Handlers\FileHandler' driver.
INFO - 2024-05-23 10:49:52 --> Session: Class initialized using 'CodeIgniter\Session\Handlers\FileHandler' driver.
INFO - 2024-05-23 10:50:03 --> Session: Class initialized using 'CodeIgniter\Session\Handlers\FileHandler' driver.
INFO - 2024-05-23 10:50:08 --> Session: Class initialized using 'CodeIgniter\Session\Handlers\FileHandler' driver.
INFO - 2024-05-23 10:50:18 --> Session: Class initialized using 'CodeIgniter\Session\Handlers\FileHandler' driver.
INFO - 2024-05-23 10:50:21 --> Session: Class initialized using 'CodeIgniter\Session\Handlers\FileHandler' driver.
INFO - 2024-05-23 10:50:31 --> Session: Class initialized using 'CodeIgniter\Session\Handlers\FileHandler' driver.
INFO - 2024-05-23 10:50:37 --> Session: Class initialized using 'CodeIgniter\Session\Handlers\FileHandler' driver.
INFO - 2024-05-23 10:50:39 --> Session: Class initialized using 'CodeIgniter\Session\Handlers\FileHandler' driver.
INFO - 2024-05-23 10:51:07 --> Session: Class initialized using 'CodeIgniter\Session\Handlers\FileHandler' driver.
INFO - 2024-05-23 10:51:27 --> Session: Class initialized using 'CodeIgniter\Session\Handlers\FileHandler' driver.
INFO - 2024-05-23 10:51:50 --> Session: Class initialized using 'CodeIgniter\Session\Handlers\FileHandler' driver.
INFO - 2024-05-23 10:51:57 --> Session: Class initialized using 'CodeIgniter\Session\Handlers\FileHandler' driver.
INFO - 2024-05-23 10:52:09 --> Session: Class initialized using 'CodeIgniter\Session\Handlers\FileHandler' driver.
INFO - 2024-05-23 10:52:24 --> Session: Class initialized using 'CodeIgniter\Session\Handlers\FileHandler' driver.
INFO - 2024-05-23 10:52:43 --> Session: Class initialized using 'CodeIgniter\Session\Handlers\FileHandler' driver.
INFO - 2024-05-23 10:53:34 --> Session: Class initialized using 'CodeIgniter\Session\Handlers\FileHandler' driver.
INFO - 2024-05-23 10:53:43 --> Session: Class initialized using 'CodeIgniter\Session\Handlers\FileHandler' driver.
INFO - 2024-05-23 10:53:57 --> Session: Class initialized using 'CodeIgniter\Session\Handlers\FileHandler' driver.
INFO - 2024-05-23 10:54:09 --> Session: Class initialized using 'CodeIgniter\Session\Handlers\FileHandler' driver.
INFO - 2024-05-23 10:54:24 --> Session: Class initialized using 'CodeIgniter\Session\Handlers\FileHandler' driver.
INFO - 2024-05-23 10:55:09 --> Session: Class initialized using 'CodeIgniter\Session\Handlers\FileHandler' driver.
INFO - 2024-05-23 10:55:19 --> Session: Class initialized using 'CodeIgniter\Session\Handlers\FileHandler' driver.
INFO - 2024-05-23 10:55:47 --> Session: Class initialized using 'CodeIgniter\Session\Handlers\FileHandler' driver.
INFO - 2024-05-23 10:56:05 --> Session: Class initialized using 'CodeIgniter\Session\Handlers\FileHandler' driver.
INFO - 2024-05-23 10:57:13 --> Session: Class initialized using 'CodeIgniter\Session\Handlers\FileHandler' driver.
INFO - 2024-05-23 10:57:37 --> Session: Class initialized using 'CodeIgniter\Session\Handlers\FileHandler' driver.
INFO - 2024-05-23 10:57:51 --> Session: Class initialized using 'CodeIgniter\Session\Handlers\FileHandler' driver.
INFO - 2024-05-23 10:58:11 --> Session: Class initialized using 'CodeIgniter\Session\Handlers\FileHandler' driver.
INFO - 2024-05-23 10:59:02 --> Session: Class initialized using 'CodeIgniter\Session\Handlers\FileHandler' driver.
INFO - 2024-05-23 11:00:49 --> Session: Class initialized using 'CodeIgniter\Session\Handlers\FileHandler' driver.
INFO - 2024-05-23 11:01:25 --> Session: Class initialized using 'CodeIgniter\Session\Handlers\FileHandler' driver.
INFO - 2024-05-23 11:01:41 --> Session: Class initialized using 'CodeIgniter\Session\Handlers\FileHandler' driver.
INFO - 2024-05-23 11:02:24 --> Session: Class initialized using 'CodeIgniter\Session\Handlers\FileHandler' driver.
INFO - 2024-05-23 11:03:05 --> Session: Class initialized using 'CodeIgniter\Session\Handlers\FileHandler' driver.
INFO - 2024-05-23 11:03:24 --> Session: Class initialized using 'CodeIgniter\Session\Handlers\FileHandler' driver.
INFO - 2024-05-23 11:03:44 --> Session: Class initialized using 'CodeIgniter\Session\Handlers\FileHandler' driver.
INFO - 2024-05-23 11:04:25 --> Session: Class initialized using 'CodeIgniter\Session\Handlers\FileHandler' driver.
INFO - 2024-05-23 11:04:34 --> Session: Class initialized using 'CodeIgniter\Session\Handlers\FileHandler' driver.
INFO - 2024-05-23 11:04:44 --> Session: Class initialized using 'CodeIgniter\Session\Handlers\FileHandler' driver.
INFO - 2024-05-23 11:04:51 --> Session: Class initialized using 'CodeIgniter\Session\Handlers\FileHandler' driver.
INFO - 2024-05-23 11:23:16 --> Session: Class initialized using 'CodeIgniter\Session\Handlers\FileHandler' driver.
INFO - 2024-05-23 11:23:43 --> Session: Class initialized using 'CodeIgniter\Session\Handlers\FileHandler' driver.
INFO - 2024-05-23 11:23:43 --> Session: Class initialized using 'CodeIgniter\Session\Handlers\FileHandler' driver.
INFO - 2024-05-23 11:24:50 --> Session: Class initialized using 'CodeIgniter\Session\Handlers\FileHandler' driver.
INFO - 2024-05-23 11:25:55 --> Session: Class initialized using 'CodeIgniter\Session\Handlers\FileHandler' driver.
INFO - 2024-05-23 11:27:47 --> Session: Class initialized using 'CodeIgniter\Session\Handlers\FileHandler' driver.
INFO - 2024-05-23 11:28:57 --> Session: Class initialized using 'CodeIgniter\Session\Handlers\FileHandler' driver.
INFO - 2024-05-23 11:34:44 --> Session: Class initialized using 'CodeIgniter\Session\Handlers\FileHandler' driver.
INFO - 2024-05-23 11:35:21 --> Session: Class initialized using 'CodeIgniter\Session\Handlers\FileHandler' driver.
INFO - 2024-05-23 11:36:14 --> Session: Class initialized using 'CodeIgniter\Session\Handlers\FileHandler' driver.
INFO - 2024-05-23 11:52:22 --> Session: Class initialized using 'CodeIgniter\Session\Handlers\FileHandler' driver.
INFO - 2024-05-23 11:52:35 --> Session: Class initialized using 'CodeIgniter\Session\Handlers\FileHandler' driver.
INFO - 2024-05-23 11:52:46 --> Session: Class initialized using 'CodeIgniter\Session\Handlers\FileHandler' driver.
INFO - 2024-05-23 11:55:02 --> Session: Class initialized using 'CodeIgniter\Session\Handlers\FileHandler' driver.
CRITICAL - 2024-05-23 11:55:02 --> ErrorException: Undefined array key "code"
in APPPATH\Views\workpaper\ViewFilesValues.php on line 137.
 1 APPPATH\Views\workpaper\ViewFilesValues.php(137): CodeIgniter\Debug\Exceptions->errorHandler(2, 'Undefined array key "code"', 'D:\\Applications\\xampp\\htdocs\\jblas\\app\\Views\\workpaper\\ViewFilesValues.php', 137)
 2 SYSTEMPATH\View\View.php(228): include('D:\\Applications\\xampp\\htdocs\\jblas\\app\\Views\\workpaper\\ViewFilesValues.php')
 3 SYSTEMPATH\View\View.php(231): CodeIgniter\View\View->CodeIgniter\View\{closure}()
 4 SYSTEMPATH\Common.php(1178): CodeIgniter\View\View->render('workpaper/ViewFilesValues', [], true)
 5 APPPATH\Controllers\WorkpaperController.php(82): view('workpaper/ViewFilesValues', [...])
 6 SYSTEMPATH\CodeIgniter.php(941): App\Controllers\WorkpaperController->getfiles('06cb6401366e7157a3a7e0ce5825a7e2f1dbeaf14d64a7a443f2a8172cf89ffeadc695de456659db2579d177edfdee707c6366e0f5a50918feba4cb7e0159565JvDHWSF31nhY35KdqaDqdKw=', 'e59d7186084e2b24f90a7934a157aac194ae7fab0b1ff64e88390fed6858356b7d1d6e23926ffda3c875d157fe79999f838eb5edf5acf895250bc49c2d6afcfbC~hKhx5wj$KGM1MfPbGSiAg=', 'Sample client 1s')
 7 SYSTEMPATH\CodeIgniter.php(502): CodeIgniter\CodeIgniter->runController(Object(App\Controllers\WorkpaperController))
 8 SYSTEMPATH\CodeIgniter.php(361): CodeIgniter\CodeIgniter->handleRequest(null, Object(Config\Cache), false)
 9 FCPATH\index.php(84): CodeIgniter\CodeIgniter->run()
INFO - 2024-05-23 11:56:05 --> Session: Class initialized using 'CodeIgniter\Session\Handlers\FileHandler' driver.
CRITICAL - 2024-05-23 11:56:05 --> ErrorException: Undefined array key "c1titleID"
in APPPATH\Views\workpaper\ViewFilesValues.php on line 137.
 1 APPPATH\Views\workpaper\ViewFilesValues.php(137): CodeIgniter\Debug\Exceptions->errorHandler(2, 'Undefined array key "c1titleID"', 'D:\\Applications\\xampp\\htdocs\\jblas\\app\\Views\\workpaper\\ViewFilesValues.php', 137)
 2 SYSTEMPATH\View\View.php(228): include('D:\\Applications\\xampp\\htdocs\\jblas\\app\\Views\\workpaper\\ViewFilesValues.php')
 3 SYSTEMPATH\View\View.php(231): CodeIgniter\View\View->CodeIgniter\View\{closure}()
 4 SYSTEMPATH\Common.php(1178): CodeIgniter\View\View->render('workpaper/ViewFilesValues', [], true)
 5 APPPATH\Controllers\WorkpaperController.php(82): view('workpaper/ViewFilesValues', [...])
 6 SYSTEMPATH\CodeIgniter.php(941): App\Controllers\WorkpaperController->getfiles('06cb6401366e7157a3a7e0ce5825a7e2f1dbeaf14d64a7a443f2a8172cf89ffeadc695de456659db2579d177edfdee707c6366e0f5a50918feba4cb7e0159565JvDHWSF31nhY35KdqaDqdKw=', 'e59d7186084e2b24f90a7934a157aac194ae7fab0b1ff64e88390fed6858356b7d1d6e23926ffda3c875d157fe79999f838eb5edf5acf895250bc49c2d6afcfbC~hKhx5wj$KGM1MfPbGSiAg=', 'Sample client 1s')
 7 SYSTEMPATH\CodeIgniter.php(502): CodeIgniter\CodeIgniter->runController(Object(App\Controllers\WorkpaperController))
 8 SYSTEMPATH\CodeIgniter.php(361): CodeIgniter\CodeIgniter->handleRequest(null, Object(Config\Cache), false)
 9 FCPATH\index.php(84): CodeIgniter\CodeIgniter->run()
INFO - 2024-05-23 11:56:56 --> Session: Class initialized using 'CodeIgniter\Session\Handlers\FileHandler' driver.
CRITICAL - 2024-05-23 11:56:56 --> ErrorException: Undefined array key "c1titleID"
in APPPATH\Views\workpaper\ViewFilesValues.php on line 137.
 1 APPPATH\Views\workpaper\ViewFilesValues.php(137): CodeIgniter\Debug\Exceptions->errorHandler(2, 'Undefined array key "c1titleID"', 'D:\\Applications\\xampp\\htdocs\\jblas\\app\\Views\\workpaper\\ViewFilesValues.php', 137)
 2 SYSTEMPATH\View\View.php(228): include('D:\\Applications\\xampp\\htdocs\\jblas\\app\\Views\\workpaper\\ViewFilesValues.php')
 3 SYSTEMPATH\View\View.php(231): CodeIgniter\View\View->CodeIgniter\View\{closure}()
 4 SYSTEMPATH\Common.php(1178): CodeIgniter\View\View->render('workpaper/ViewFilesValues', [], true)
 5 APPPATH\Controllers\WorkpaperController.php(82): view('workpaper/ViewFilesValues', [...])
 6 SYSTEMPATH\CodeIgniter.php(941): App\Controllers\WorkpaperController->getfiles('06cb6401366e7157a3a7e0ce5825a7e2f1dbeaf14d64a7a443f2a8172cf89ffeadc695de456659db2579d177edfdee707c6366e0f5a50918feba4cb7e0159565JvDHWSF31nhY35KdqaDqdKw=', 'e59d7186084e2b24f90a7934a157aac194ae7fab0b1ff64e88390fed6858356b7d1d6e23926ffda3c875d157fe79999f838eb5edf5acf895250bc49c2d6afcfbC~hKhx5wj$KGM1MfPbGSiAg=', 'Sample client 1s')
 7 SYSTEMPATH\CodeIgniter.php(502): CodeIgniter\CodeIgniter->runController(Object(App\Controllers\WorkpaperController))
 8 SYSTEMPATH\CodeIgniter.php(361): CodeIgniter\CodeIgniter->handleRequest(null, Object(Config\Cache), false)
 9 FCPATH\index.php(84): CodeIgniter\CodeIgniter->run()
INFO - 2024-05-23 11:58:45 --> Session: Class initialized using 'CodeIgniter\Session\Handlers\FileHandler' driver.
INFO - 2024-05-23 12:00:03 --> Session: Class initialized using 'CodeIgniter\Session\Handlers\FileHandler' driver.
INFO - 2024-05-23 12:02:24 --> Session: Class initialized using 'CodeIgniter\Session\Handlers\FileHandler' driver.
INFO - 2024-05-23 12:02:58 --> Session: Class initialized using 'CodeIgniter\Session\Handlers\FileHandler' driver.
INFO - 2024-05-23 12:03:33 --> Session: Class initialized using 'CodeIgniter\Session\Handlers\FileHandler' driver.
INFO - 2024-05-23 12:03:36 --> Session: Class initialized using 'CodeIgniter\Session\Handlers\FileHandler' driver.
INFO - 2024-05-23 12:03:36 --> Session: Class initialized using 'CodeIgniter\Session\Handlers\FileHandler' driver.
INFO - 2024-05-23 12:07:03 --> Session: Class initialized using 'CodeIgniter\Session\Handlers\FileHandler' driver.
INFO - 2024-05-23 12:12:17 --> Session: Class initialized using 'CodeIgniter\Session\Handlers\FileHandler' driver.
INFO - 2024-05-23 12:27:56 --> Session: Class initialized using 'CodeIgniter\Session\Handlers\FileHandler' driver.
INFO - 2024-05-23 12:28:15 --> Session: Class initialized using 'CodeIgniter\Session\Handlers\FileHandler' driver.
CRITICAL - 2024-05-23 12:28:15 --> CodeIgniter\Encryption\Exceptions\EncryptionException: Decrypting: authentication failed.
in SYSTEMPATH\Encryption\Handlers\OpenSSLHandler.php on line 139.
 1 SYSTEMPATH\Encryption\Handlers\OpenSSLHandler.php(139): CodeIgniter\Encryption\Exceptions\EncryptionException::forAuthenticationFailed()
 2 APPPATH\Controllers\WorkpaperController.php(224): CodeIgniter\Encryption\Handlers\OpenSSLHandler->decrypt('')
 3 SYSTEMPATH\CodeIgniter.php(941): App\Controllers\WorkpaperController->sendtoreview('index', 'B', '545f0801895856f44106a07e8e6185970d417e0886316c08cef962c9e7f5d9573f5c65ebeda9e4e0163c2201db99f5763da1f15abed3329c14b6af58569f60a2NeZM0Pm7ossulwQqjoiBEwI=', '06cb6401366e7157a3a7e0ce5825a7e2f1dbeaf14d64a7a443f2a8172cf89ffeadc695de456659db2579d177edfdee707c6366e0f5a50918feba4cb7e0159565JvDHWSF31nhY35KdqaDqdKw=', 'e59d7186084e2b24f90a7934a157aac194ae7fab0b1ff64e88390fed6858356b7d1d6e23926ffda3c875d157fe79999f838eb5edf5acf895250bc49c2d6afcfbC~hKhx5wj$KGM1MfPbGSiAg=', 'Sample client 1s')
 4 SYSTEMPATH\CodeIgniter.php(502): CodeIgniter\CodeIgniter->runController(Object(App\Controllers\WorkpaperController))
 5 SYSTEMPATH\CodeIgniter.php(361): CodeIgniter\CodeIgniter->handleRequest(null, Object(Config\Cache), false)
 6 FCPATH\index.php(84): CodeIgniter\CodeIgniter->run()
INFO - 2024-05-23 12:28:20 --> Session: Class initialized using 'CodeIgniter\Session\Handlers\FileHandler' driver.
INFO - 2024-05-23 12:32:23 --> Session: Class initialized using 'CodeIgniter\Session\Handlers\FileHandler' driver.
INFO - 2024-05-23 12:32:27 --> Session: Class initialized using 'CodeIgniter\Session\Handlers\FileHandler' driver.
ERROR - 2024-05-23 12:32:27 --> mysqli_sql_exception: Unknown column 'clientID' in 'where clause' in D:\Applications\xampp\htdocs\jblas\system\Database\MySQLi\Connection.php:306
Stack trace:
#0 D:\Applications\xampp\htdocs\jblas\system\Database\MySQLi\Connection.php(306): mysqli->query('UPDATE `tbl_cli...', 0)
#1 D:\Applications\xampp\htdocs\jblas\system\Database\BaseConnection.php(693): CodeIgniter\Database\MySQLi\Connection->execute('UPDATE `tbl_cli...')
#2 D:\Applications\xampp\htdocs\jblas\system\Database\BaseConnection.php(607): CodeIgniter\Database\BaseConnection->simpleQuery('UPDATE `tbl_cli...')
#3 D:\Applications\xampp\htdocs\jblas\system\Database\BaseBuilder.php(2474): CodeIgniter\Database\BaseConnection->query('UPDATE `tbl_cli...', Array, false)
#4 D:\Applications\xampp\htdocs\jblas\app\Models\WorkpaperModel.php(475): CodeIgniter\Database\BaseBuilder->update(Array)
#5 D:\Applications\xampp\htdocs\jblas\app\Controllers\WorkpaperController.php(230): App\Models\WorkpaperModel->sendtoreview(Array)
#6 D:\Applications\xampp\htdocs\jblas\system\CodeIgniter.php(941): App\Controllers\WorkpaperController->sendtoreview('index', 'f81356a794b6c2b...', '06cb6401366e715...', 'e59d7186084e2b2...', 'Sample client 1...')
#7 D:\Applications\xampp\htdocs\jblas\system\CodeIgniter.php(502): CodeIgniter\CodeIgniter->runController(Object(App\Controllers\WorkpaperController))
#8 D:\Applications\xampp\htdocs\jblas\system\CodeIgniter.php(361): CodeIgniter\CodeIgniter->handleRequest(NULL, Object(Config\Cache), false)
#9 D:\Applications\xampp\htdocs\jblas\public\index.php(84): CodeIgniter\CodeIgniter->run()
#10 {main}
CRITICAL - 2024-05-23 12:32:27 --> CodeIgniter\Database\Exceptions\DatabaseException: Unknown column 'clientID' in 'where clause'
in SYSTEMPATH\Database\BaseConnection.php on line 647.
 1 SYSTEMPATH\Database\BaseBuilder.php(2474): CodeIgniter\Database\BaseConnection->query('UPDATE `tbl_client_file_index` SET `remarks` = :remarks:, `status` = :status:, `prepared_on` = :prepared_on:
WHERE `clientID` = :clientID:
AND `workpaper` = :workpaper:
AND `index` = :index:', [...], false)
 2 APPPATH\Models\WorkpaperModel.php(475): CodeIgniter\Database\BaseBuilder->update([...])
 3 APPPATH\Controllers\WorkpaperController.php(230): App\Models\WorkpaperModel->sendtoreview([...])
 4 SYSTEMPATH\CodeIgniter.php(941): App\Controllers\WorkpaperController->sendtoreview('index', 'f81356a794b6c2b233659161274bb460430bc9f4838d7aa1a3e4e3a76ac9538c5333acc3dededa3783275cca9fa84d688d75ff544502ed8c49a3046edcfdba3aypfYNSVO83q1z7Gqg3SQwro=', '06cb6401366e7157a3a7e0ce5825a7e2f1dbeaf14d64a7a443f2a8172cf89ffeadc695de456659db2579d177edfdee707c6366e0f5a50918feba4cb7e0159565JvDHWSF31nhY35KdqaDqdKw=', 'e59d7186084e2b24f90a7934a157aac194ae7fab0b1ff64e88390fed6858356b7d1d6e23926ffda3c875d157fe79999f838eb5edf5acf895250bc49c2d6afcfbC~hKhx5wj$KGM1MfPbGSiAg=', 'Sample client 1s')
 5 SYSTEMPATH\CodeIgniter.php(502): CodeIgniter\CodeIgniter->runController(Object(App\Controllers\WorkpaperController))
 6 SYSTEMPATH\CodeIgniter.php(361): CodeIgniter\CodeIgniter->handleRequest(null, Object(Config\Cache), false)
 7 FCPATH\index.php(84): CodeIgniter\CodeIgniter->run()
CRITICAL - 2024-05-23 12:32:27 --> [Caused by] CodeIgniter\Database\Exceptions\DatabaseException: Unknown column 'clientID' in 'where clause'
in SYSTEMPATH\Database\MySQLi\Connection.php on line 311.
 1 SYSTEMPATH\Database\BaseConnection.php(693): CodeIgniter\Database\MySQLi\Connection->execute('UPDATE `tbl_client_file_index` SET `remarks` = \'\', `status` = \'Reviewing\', `prepared_on` = \'2024-05-23 12:32:27\'
WHERE `clientID` = \'3\'
AND `workpaper` = \'3\'
AND `index` = \'6\'')
 2 SYSTEMPATH\Database\BaseConnection.php(607): CodeIgniter\Database\BaseConnection->simpleQuery('UPDATE `tbl_client_file_index` SET `remarks` = \'\', `status` = \'Reviewing\', `prepared_on` = \'2024-05-23 12:32:27\'
WHERE `clientID` = \'3\'
AND `workpaper` = \'3\'
AND `index` = \'6\'')
 3 SYSTEMPATH\Database\BaseBuilder.php(2474): CodeIgniter\Database\BaseConnection->query('UPDATE `tbl_client_file_index` SET `remarks` = :remarks:, `status` = :status:, `prepared_on` = :prepared_on:
WHERE `clientID` = :clientID:
AND `workpaper` = :workpaper:
AND `index` = :index:', [...], false)
 4 APPPATH\Models\WorkpaperModel.php(475): CodeIgniter\Database\BaseBuilder->update([...])
 5 APPPATH\Controllers\WorkpaperController.php(230): App\Models\WorkpaperModel->sendtoreview([...])
 6 SYSTEMPATH\CodeIgniter.php(941): App\Controllers\WorkpaperController->sendtoreview('index', 'f81356a794b6c2b233659161274bb460430bc9f4838d7aa1a3e4e3a76ac9538c5333acc3dededa3783275cca9fa84d688d75ff544502ed8c49a3046edcfdba3aypfYNSVO83q1z7Gqg3SQwro=', '06cb6401366e7157a3a7e0ce5825a7e2f1dbeaf14d64a7a443f2a8172cf89ffeadc695de456659db2579d177edfdee707c6366e0f5a50918feba4cb7e0159565JvDHWSF31nhY35KdqaDqdKw=', 'e59d7186084e2b24f90a7934a157aac194ae7fab0b1ff64e88390fed6858356b7d1d6e23926ffda3c875d157fe79999f838eb5edf5acf895250bc49c2d6afcfbC~hKhx5wj$KGM1MfPbGSiAg=', 'Sample client 1s')
 7 SYSTEMPATH\CodeIgniter.php(502): CodeIgniter\CodeIgniter->runController(Object(App\Controllers\WorkpaperController))
 8 SYSTEMPATH\CodeIgniter.php(361): CodeIgniter\CodeIgniter->handleRequest(null, Object(Config\Cache), false)
 9 FCPATH\index.php(84): CodeIgniter\CodeIgniter->run()
CRITICAL - 2024-05-23 12:32:27 --> [Caused by] mysqli_sql_exception: Unknown column 'clientID' in 'where clause'
in SYSTEMPATH\Database\MySQLi\Connection.php on line 306.
 1 SYSTEMPATH\Database\MySQLi\Connection.php(306): mysqli->query('UPDATE `tbl_client_file_index` SET `remarks` = \'\', `status` = \'Reviewing\', `prepared_on` = \'2024-05-23 12:32:27\'
WHERE `clientID` = \'3\'
AND `workpaper` = \'3\'
AND `index` = \'6\'', 0)
 2 SYSTEMPATH\Database\BaseConnection.php(693): CodeIgniter\Database\MySQLi\Connection->execute('UPDATE `tbl_client_file_index` SET `remarks` = \'\', `status` = \'Reviewing\', `prepared_on` = \'2024-05-23 12:32:27\'
WHERE `clientID` = \'3\'
AND `workpaper` = \'3\'
AND `index` = \'6\'')
 3 SYSTEMPATH\Database\BaseConnection.php(607): CodeIgniter\Database\BaseConnection->simpleQuery('UPDATE `tbl_client_file_index` SET `remarks` = \'\', `status` = \'Reviewing\', `prepared_on` = \'2024-05-23 12:32:27\'
WHERE `clientID` = \'3\'
AND `workpaper` = \'3\'
AND `index` = \'6\'')
 4 SYSTEMPATH\Database\BaseBuilder.php(2474): CodeIgniter\Database\BaseConnection->query('UPDATE `tbl_client_file_index` SET `remarks` = :remarks:, `status` = :status:, `prepared_on` = :prepared_on:
WHERE `clientID` = :clientID:
AND `workpaper` = :workpaper:
AND `index` = :index:', [...], false)
 5 APPPATH\Models\WorkpaperModel.php(475): CodeIgniter\Database\BaseBuilder->update([...])
 6 APPPATH\Controllers\WorkpaperController.php(230): App\Models\WorkpaperModel->sendtoreview([...])
 7 SYSTEMPATH\CodeIgniter.php(941): App\Controllers\WorkpaperController->sendtoreview('index', 'f81356a794b6c2b233659161274bb460430bc9f4838d7aa1a3e4e3a76ac9538c5333acc3dededa3783275cca9fa84d688d75ff544502ed8c49a3046edcfdba3aypfYNSVO83q1z7Gqg3SQwro=', '06cb6401366e7157a3a7e0ce5825a7e2f1dbeaf14d64a7a443f2a8172cf89ffeadc695de456659db2579d177edfdee707c6366e0f5a50918feba4cb7e0159565JvDHWSF31nhY35KdqaDqdKw=', 'e59d7186084e2b24f90a7934a157aac194ae7fab0b1ff64e88390fed6858356b7d1d6e23926ffda3c875d157fe79999f838eb5edf5acf895250bc49c2d6afcfbC~hKhx5wj$KGM1MfPbGSiAg=', 'Sample client 1s')
 8 SYSTEMPATH\CodeIgniter.php(502): CodeIgniter\CodeIgniter->runController(Object(App\Controllers\WorkpaperController))
 9 SYSTEMPATH\CodeIgniter.php(361): CodeIgniter\CodeIgniter->handleRequest(null, Object(Config\Cache), false)
10 FCPATH\index.php(84): CodeIgniter\CodeIgniter->run()
INFO - 2024-05-23 12:32:30 --> Session: Class initialized using 'CodeIgniter\Session\Handlers\FileHandler' driver.
INFO - 2024-05-23 12:33:09 --> Session: Class initialized using 'CodeIgniter\Session\Handlers\FileHandler' driver.
ERROR - 2024-05-23 12:33:09 --> mysqli_sql_exception: Unknown column 'cfi.client' in 'where clause' in D:\Applications\xampp\htdocs\jblas\system\Database\MySQLi\Connection.php:306
Stack trace:
#0 D:\Applications\xampp\htdocs\jblas\system\Database\MySQLi\Connection.php(306): mysqli->query('select *\r\n     ...', 0)
#1 D:\Applications\xampp\htdocs\jblas\system\Database\BaseConnection.php(693): CodeIgniter\Database\MySQLi\Connection->execute('select *\r\n     ...')
#2 D:\Applications\xampp\htdocs\jblas\system\Database\BaseConnection.php(607): CodeIgniter\Database\BaseConnection->simpleQuery('select *\r\n     ...')
#3 D:\Applications\xampp\htdocs\jblas\app\Models\WorkpaperModel.php(73): CodeIgniter\Database\BaseConnection->query('select *\r\n     ...')
#4 D:\Applications\xampp\htdocs\jblas\app\Controllers\WorkpaperController.php(80): App\Models\WorkpaperModel->getfileindex('3', '3')
#5 D:\Applications\xampp\htdocs\jblas\system\CodeIgniter.php(941): App\Controllers\WorkpaperController->getfiles('06cb6401366e715...', 'e59d7186084e2b2...', 'Sample client 1...')
#6 D:\Applications\xampp\htdocs\jblas\system\CodeIgniter.php(502): CodeIgniter\CodeIgniter->runController(Object(App\Controllers\WorkpaperController))
#7 D:\Applications\xampp\htdocs\jblas\system\CodeIgniter.php(361): CodeIgniter\CodeIgniter->handleRequest(NULL, Object(Config\Cache), false)
#8 D:\Applications\xampp\htdocs\jblas\public\index.php(84): CodeIgniter\CodeIgniter->run()
#9 {main}
CRITICAL - 2024-05-23 12:33:09 --> CodeIgniter\Database\Exceptions\DatabaseException: Unknown column 'cfi.client' in 'where clause'
in SYSTEMPATH\Database\BaseConnection.php on line 647.
 1 APPPATH\Models\WorkpaperModel.php(73): CodeIgniter\Database\BaseConnection->query('select *
        from tbl_client_file_index as cfi, tbl_file_index as fi
        where cfi.index = fi.fiID
        and cfi.workpaper = 3
        and cfi.client = 3')
 2 APPPATH\Controllers\WorkpaperController.php(80): App\Models\WorkpaperModel->getfileindex('3', '3')
 3 SYSTEMPATH\CodeIgniter.php(941): App\Controllers\WorkpaperController->getfiles('06cb6401366e7157a3a7e0ce5825a7e2f1dbeaf14d64a7a443f2a8172cf89ffeadc695de456659db2579d177edfdee707c6366e0f5a50918feba4cb7e0159565JvDHWSF31nhY35KdqaDqdKw=', 'e59d7186084e2b24f90a7934a157aac194ae7fab0b1ff64e88390fed6858356b7d1d6e23926ffda3c875d157fe79999f838eb5edf5acf895250bc49c2d6afcfbC~hKhx5wj$KGM1MfPbGSiAg=', 'Sample client 1s')
 4 SYSTEMPATH\CodeIgniter.php(502): CodeIgniter\CodeIgniter->runController(Object(App\Controllers\WorkpaperController))
 5 SYSTEMPATH\CodeIgniter.php(361): CodeIgniter\CodeIgniter->handleRequest(null, Object(Config\Cache), false)
 6 FCPATH\index.php(84): CodeIgniter\CodeIgniter->run()
CRITICAL - 2024-05-23 12:33:09 --> [Caused by] CodeIgniter\Database\Exceptions\DatabaseException: Unknown column 'cfi.client' in 'where clause'
in SYSTEMPATH\Database\MySQLi\Connection.php on line 311.
 1 SYSTEMPATH\Database\BaseConnection.php(693): CodeIgniter\Database\MySQLi\Connection->execute('select *
        from tbl_client_file_index as cfi, tbl_file_index as fi
        where cfi.index = fi.fiID
        and cfi.workpaper = 3
        and cfi.client = 3')
 2 SYSTEMPATH\Database\BaseConnection.php(607): CodeIgniter\Database\BaseConnection->simpleQuery('select *
        from tbl_client_file_index as cfi, tbl_file_index as fi
        where cfi.index = fi.fiID
        and cfi.workpaper = 3
        and cfi.client = 3')
 3 APPPATH\Models\WorkpaperModel.php(73): CodeIgniter\Database\BaseConnection->query('select *
        from tbl_client_file_index as cfi, tbl_file_index as fi
        where cfi.index = fi.fiID
        and cfi.workpaper = 3
        and cfi.client = 3')
 4 APPPATH\Controllers\WorkpaperController.php(80): App\Models\WorkpaperModel->getfileindex('3', '3')
 5 SYSTEMPATH\CodeIgniter.php(941): App\Controllers\WorkpaperController->getfiles('06cb6401366e7157a3a7e0ce5825a7e2f1dbeaf14d64a7a443f2a8172cf89ffeadc695de456659db2579d177edfdee707c6366e0f5a50918feba4cb7e0159565JvDHWSF31nhY35KdqaDqdKw=', 'e59d7186084e2b24f90a7934a157aac194ae7fab0b1ff64e88390fed6858356b7d1d6e23926ffda3c875d157fe79999f838eb5edf5acf895250bc49c2d6afcfbC~hKhx5wj$KGM1MfPbGSiAg=', 'Sample client 1s')
 6 SYSTEMPATH\CodeIgniter.php(502): CodeIgniter\CodeIgniter->runController(Object(App\Controllers\WorkpaperController))
 7 SYSTEMPATH\CodeIgniter.php(361): CodeIgniter\CodeIgniter->handleRequest(null, Object(Config\Cache), false)
 8 FCPATH\index.php(84): CodeIgniter\CodeIgniter->run()
CRITICAL - 2024-05-23 12:33:09 --> [Caused by] mysqli_sql_exception: Unknown column 'cfi.client' in 'where clause'
in SYSTEMPATH\Database\MySQLi\Connection.php on line 306.
 1 SYSTEMPATH\Database\MySQLi\Connection.php(306): mysqli->query('select *
        from tbl_client_file_index as cfi, tbl_file_index as fi
        where cfi.index = fi.fiID
        and cfi.workpaper = 3
        and cfi.client = 3', 0)
 2 SYSTEMPATH\Database\BaseConnection.php(693): CodeIgniter\Database\MySQLi\Connection->execute('select *
        from tbl_client_file_index as cfi, tbl_file_index as fi
        where cfi.index = fi.fiID
        and cfi.workpaper = 3
        and cfi.client = 3')
 3 SYSTEMPATH\Database\BaseConnection.php(607): CodeIgniter\Database\BaseConnection->simpleQuery('select *
        from tbl_client_file_index as cfi, tbl_file_index as fi
        where cfi.index = fi.fiID
        and cfi.workpaper = 3
        and cfi.client = 3')
 4 APPPATH\Models\WorkpaperModel.php(73): CodeIgniter\Database\BaseConnection->query('select *
        from tbl_client_file_index as cfi, tbl_file_index as fi
        where cfi.index = fi.fiID
        and cfi.workpaper = 3
        and cfi.client = 3')
 5 APPPATH\Controllers\WorkpaperController.php(80): App\Models\WorkpaperModel->getfileindex('3', '3')
 6 SYSTEMPATH\CodeIgniter.php(941): App\Controllers\WorkpaperController->getfiles('06cb6401366e7157a3a7e0ce5825a7e2f1dbeaf14d64a7a443f2a8172cf89ffeadc695de456659db2579d177edfdee707c6366e0f5a50918feba4cb7e0159565JvDHWSF31nhY35KdqaDqdKw=', 'e59d7186084e2b24f90a7934a157aac194ae7fab0b1ff64e88390fed6858356b7d1d6e23926ffda3c875d157fe79999f838eb5edf5acf895250bc49c2d6afcfbC~hKhx5wj$KGM1MfPbGSiAg=', 'Sample client 1s')
 7 SYSTEMPATH\CodeIgniter.php(502): CodeIgniter\CodeIgniter->runController(Object(App\Controllers\WorkpaperController))
 8 SYSTEMPATH\CodeIgniter.php(361): CodeIgniter\CodeIgniter->handleRequest(null, Object(Config\Cache), false)
 9 FCPATH\index.php(84): CodeIgniter\CodeIgniter->run()
INFO - 2024-05-23 12:33:57 --> Session: Class initialized using 'CodeIgniter\Session\Handlers\FileHandler' driver.
INFO - 2024-05-23 12:34:03 --> Session: Class initialized using 'CodeIgniter\Session\Handlers\FileHandler' driver.
ERROR - 2024-05-23 12:34:03 --> mysqli_sql_exception: Unknown column 'prepared_on' in 'field list' in D:\Applications\xampp\htdocs\jblas\system\Database\MySQLi\Connection.php:306
Stack trace:
#0 D:\Applications\xampp\htdocs\jblas\system\Database\MySQLi\Connection.php(306): mysqli->query('UPDATE `tbl_cli...', 0)
#1 D:\Applications\xampp\htdocs\jblas\system\Database\BaseConnection.php(693): CodeIgniter\Database\MySQLi\Connection->execute('UPDATE `tbl_cli...')
#2 D:\Applications\xampp\htdocs\jblas\system\Database\BaseConnection.php(607): CodeIgniter\Database\BaseConnection->simpleQuery('UPDATE `tbl_cli...')
#3 D:\Applications\xampp\htdocs\jblas\system\Database\BaseBuilder.php(2474): CodeIgniter\Database\BaseConnection->query('UPDATE `tbl_cli...', Array, false)
#4 D:\Applications\xampp\htdocs\jblas\app\Models\WorkpaperModel.php(475): CodeIgniter\Database\BaseBuilder->update(Array)
#5 D:\Applications\xampp\htdocs\jblas\app\Controllers\WorkpaperController.php(230): App\Models\WorkpaperModel->sendtoreview(Array)
#6 D:\Applications\xampp\htdocs\jblas\system\CodeIgniter.php(941): App\Controllers\WorkpaperController->sendtoreview('index', '86930f22c63e188...', '06cb6401366e715...', 'e59d7186084e2b2...', 'Sample client 1...')
#7 D:\Applications\xampp\htdocs\jblas\system\CodeIgniter.php(502): CodeIgniter\CodeIgniter->runController(Object(App\Controllers\WorkpaperController))
#8 D:\Applications\xampp\htdocs\jblas\system\CodeIgniter.php(361): CodeIgniter\CodeIgniter->handleRequest(NULL, Object(Config\Cache), false)
#9 D:\Applications\xampp\htdocs\jblas\public\index.php(84): CodeIgniter\CodeIgniter->run()
#10 {main}
CRITICAL - 2024-05-23 12:34:03 --> CodeIgniter\Database\Exceptions\DatabaseException: Unknown column 'prepared_on' in 'field list'
in SYSTEMPATH\Database\BaseConnection.php on line 647.
 1 SYSTEMPATH\Database\BaseBuilder.php(2474): CodeIgniter\Database\BaseConnection->query('UPDATE `tbl_client_file_index` SET `remarks` = :remarks:, `status` = :status:, `prepared_on` = :prepared_on:
WHERE `clientID` = :clientID:
AND `workpaper` = :workpaper:
AND `index` = :index:', [...], false)
 2 APPPATH\Models\WorkpaperModel.php(475): CodeIgniter\Database\BaseBuilder->update([...])
 3 APPPATH\Controllers\WorkpaperController.php(230): App\Models\WorkpaperModel->sendtoreview([...])
 4 SYSTEMPATH\CodeIgniter.php(941): App\Controllers\WorkpaperController->sendtoreview('index', '86930f22c63e188ddabd23ab57ce093032824f441c1044f0ddb9a144151061b7f5af36b37aa7c49b6aa8f06b1025e057f232cabc2ded39e83bccc8d860b59cbf~3U6MG3swa4HhkxKHOvwvYU=', '06cb6401366e7157a3a7e0ce5825a7e2f1dbeaf14d64a7a443f2a8172cf89ffeadc695de456659db2579d177edfdee707c6366e0f5a50918feba4cb7e0159565JvDHWSF31nhY35KdqaDqdKw=', 'e59d7186084e2b24f90a7934a157aac194ae7fab0b1ff64e88390fed6858356b7d1d6e23926ffda3c875d157fe79999f838eb5edf5acf895250bc49c2d6afcfbC~hKhx5wj$KGM1MfPbGSiAg=', 'Sample client 1s')
 5 SYSTEMPATH\CodeIgniter.php(502): CodeIgniter\CodeIgniter->runController(Object(App\Controllers\WorkpaperController))
 6 SYSTEMPATH\CodeIgniter.php(361): CodeIgniter\CodeIgniter->handleRequest(null, Object(Config\Cache), false)
 7 FCPATH\index.php(84): CodeIgniter\CodeIgniter->run()
CRITICAL - 2024-05-23 12:34:03 --> [Caused by] CodeIgniter\Database\Exceptions\DatabaseException: Unknown column 'prepared_on' in 'field list'
in SYSTEMPATH\Database\MySQLi\Connection.php on line 311.
 1 SYSTEMPATH\Database\BaseConnection.php(693): CodeIgniter\Database\MySQLi\Connection->execute('UPDATE `tbl_client_file_index` SET `remarks` = \'\', `status` = \'Reviewing\', `prepared_on` = \'2024-05-23 12:34:03\'
WHERE `clientID` = \'3\'
AND `workpaper` = \'3\'
AND `index` = \'6\'')
 2 SYSTEMPATH\Database\BaseConnection.php(607): CodeIgniter\Database\BaseConnection->simpleQuery('UPDATE `tbl_client_file_index` SET `remarks` = \'\', `status` = \'Reviewing\', `prepared_on` = \'2024-05-23 12:34:03\'
WHERE `clientID` = \'3\'
AND `workpaper` = \'3\'
AND `index` = \'6\'')
 3 SYSTEMPATH\Database\BaseBuilder.php(2474): CodeIgniter\Database\BaseConnection->query('UPDATE `tbl_client_file_index` SET `remarks` = :remarks:, `status` = :status:, `prepared_on` = :prepared_on:
WHERE `clientID` = :clientID:
AND `workpaper` = :workpaper:
AND `index` = :index:', [...], false)
 4 APPPATH\Models\WorkpaperModel.php(475): CodeIgniter\Database\BaseBuilder->update([...])
 5 APPPATH\Controllers\WorkpaperController.php(230): App\Models\WorkpaperModel->sendtoreview([...])
 6 SYSTEMPATH\CodeIgniter.php(941): App\Controllers\WorkpaperController->sendtoreview('index', '86930f22c63e188ddabd23ab57ce093032824f441c1044f0ddb9a144151061b7f5af36b37aa7c49b6aa8f06b1025e057f232cabc2ded39e83bccc8d860b59cbf~3U6MG3swa4HhkxKHOvwvYU=', '06cb6401366e7157a3a7e0ce5825a7e2f1dbeaf14d64a7a443f2a8172cf89ffeadc695de456659db2579d177edfdee707c6366e0f5a50918feba4cb7e0159565JvDHWSF31nhY35KdqaDqdKw=', 'e59d7186084e2b24f90a7934a157aac194ae7fab0b1ff64e88390fed6858356b7d1d6e23926ffda3c875d157fe79999f838eb5edf5acf895250bc49c2d6afcfbC~hKhx5wj$KGM1MfPbGSiAg=', 'Sample client 1s')
 7 SYSTEMPATH\CodeIgniter.php(502): CodeIgniter\CodeIgniter->runController(Object(App\Controllers\WorkpaperController))
 8 SYSTEMPATH\CodeIgniter.php(361): CodeIgniter\CodeIgniter->handleRequest(null, Object(Config\Cache), false)
 9 FCPATH\index.php(84): CodeIgniter\CodeIgniter->run()
CRITICAL - 2024-05-23 12:34:03 --> [Caused by] mysqli_sql_exception: Unknown column 'prepared_on' in 'field list'
in SYSTEMPATH\Database\MySQLi\Connection.php on line 306.
 1 SYSTEMPATH\Database\MySQLi\Connection.php(306): mysqli->query('UPDATE `tbl_client_file_index` SET `remarks` = \'\', `status` = \'Reviewing\', `prepared_on` = \'2024-05-23 12:34:03\'
WHERE `clientID` = \'3\'
AND `workpaper` = \'3\'
AND `index` = \'6\'', 0)
 2 SYSTEMPATH\Database\BaseConnection.php(693): CodeIgniter\Database\MySQLi\Connection->execute('UPDATE `tbl_client_file_index` SET `remarks` = \'\', `status` = \'Reviewing\', `prepared_on` = \'2024-05-23 12:34:03\'
WHERE `clientID` = \'3\'
AND `workpaper` = \'3\'
AND `index` = \'6\'')
 3 SYSTEMPATH\Database\BaseConnection.php(607): CodeIgniter\Database\BaseConnection->simpleQuery('UPDATE `tbl_client_file_index` SET `remarks` = \'\', `status` = \'Reviewing\', `prepared_on` = \'2024-05-23 12:34:03\'
WHERE `clientID` = \'3\'
AND `workpaper` = \'3\'
AND `index` = \'6\'')
 4 SYSTEMPATH\Database\BaseBuilder.php(2474): CodeIgniter\Database\BaseConnection->query('UPDATE `tbl_client_file_index` SET `remarks` = :remarks:, `status` = :status:, `prepared_on` = :prepared_on:
WHERE `clientID` = :clientID:
AND `workpaper` = :workpaper:
AND `index` = :index:', [...], false)
 5 APPPATH\Models\WorkpaperModel.php(475): CodeIgniter\Database\BaseBuilder->update([...])
 6 APPPATH\Controllers\WorkpaperController.php(230): App\Models\WorkpaperModel->sendtoreview([...])
 7 SYSTEMPATH\CodeIgniter.php(941): App\Controllers\WorkpaperController->sendtoreview('index', '86930f22c63e188ddabd23ab57ce093032824f441c1044f0ddb9a144151061b7f5af36b37aa7c49b6aa8f06b1025e057f232cabc2ded39e83bccc8d860b59cbf~3U6MG3swa4HhkxKHOvwvYU=', '06cb6401366e7157a3a7e0ce5825a7e2f1dbeaf14d64a7a443f2a8172cf89ffeadc695de456659db2579d177edfdee707c6366e0f5a50918feba4cb7e0159565JvDHWSF31nhY35KdqaDqdKw=', 'e59d7186084e2b24f90a7934a157aac194ae7fab0b1ff64e88390fed6858356b7d1d6e23926ffda3c875d157fe79999f838eb5edf5acf895250bc49c2d6afcfbC~hKhx5wj$KGM1MfPbGSiAg=', 'Sample client 1s')
 8 SYSTEMPATH\CodeIgniter.php(502): CodeIgniter\CodeIgniter->runController(Object(App\Controllers\WorkpaperController))
 9 SYSTEMPATH\CodeIgniter.php(361): CodeIgniter\CodeIgniter->handleRequest(null, Object(Config\Cache), false)
10 FCPATH\index.php(84): CodeIgniter\CodeIgniter->run()
INFO - 2024-05-23 12:34:11 --> Session: Class initialized using 'CodeIgniter\Session\Handlers\FileHandler' driver.
INFO - 2024-05-23 12:36:09 --> Session: Class initialized using 'CodeIgniter\Session\Handlers\FileHandler' driver.
INFO - 2024-05-23 12:36:13 --> Session: Class initialized using 'CodeIgniter\Session\Handlers\FileHandler' driver.
INFO - 2024-05-23 12:36:13 --> Session: Class initialized using 'CodeIgniter\Session\Handlers\FileHandler' driver.
INFO - 2024-05-23 12:36:29 --> Session: Class initialized using 'CodeIgniter\Session\Handlers\FileHandler' driver.
INFO - 2024-05-23 12:36:33 --> Session: Class initialized using 'CodeIgniter\Session\Handlers\FileHandler' driver.
INFO - 2024-05-23 12:36:33 --> Session: Class initialized using 'CodeIgniter\Session\Handlers\FileHandler' driver.
INFO - 2024-05-23 12:36:37 --> Session: Class initialized using 'CodeIgniter\Session\Handlers\FileHandler' driver.
INFO - 2024-05-23 12:36:37 --> Session: Class initialized using 'CodeIgniter\Session\Handlers\FileHandler' driver.
INFO - 2024-05-23 12:36:43 --> Session: Class initialized using 'CodeIgniter\Session\Handlers\FileHandler' driver.
INFO - 2024-05-23 12:36:44 --> Session: Class initialized using 'CodeIgniter\Session\Handlers\FileHandler' driver.
INFO - 2024-05-23 12:36:45 --> Session: Class initialized using 'CodeIgniter\Session\Handlers\FileHandler' driver.
INFO - 2024-05-23 12:36:50 --> Session: Class initialized using 'CodeIgniter\Session\Handlers\FileHandler' driver.
INFO - 2024-05-23 12:36:58 --> Session: Class initialized using 'CodeIgniter\Session\Handlers\FileHandler' driver.
INFO - 2024-05-23 12:36:58 --> Session: Class initialized using 'CodeIgniter\Session\Handlers\FileHandler' driver.
INFO - 2024-05-23 12:37:44 --> Session: Class initialized using 'CodeIgniter\Session\Handlers\FileHandler' driver.
INFO - 2024-05-23 12:38:37 --> Session: Class initialized using 'CodeIgniter\Session\Handlers\FileHandler' driver.
INFO - 2024-05-23 12:38:37 --> Session: Class initialized using 'CodeIgniter\Session\Handlers\FileHandler' driver.
INFO - 2024-05-23 12:38:41 --> Session: Class initialized using 'CodeIgniter\Session\Handlers\FileHandler' driver.
INFO - 2024-05-23 12:38:41 --> Session: Class initialized using 'CodeIgniter\Session\Handlers\FileHandler' driver.
INFO - 2024-05-23 12:38:45 --> Session: Class initialized using 'CodeIgniter\Session\Handlers\FileHandler' driver.
INFO - 2024-05-23 12:38:56 --> Session: Class initialized using 'CodeIgniter\Session\Handlers\FileHandler' driver.
INFO - 2024-05-23 12:38:59 --> Session: Class initialized using 'CodeIgniter\Session\Handlers\FileHandler' driver.
INFO - 2024-05-23 12:39:00 --> Session: Class initialized using 'CodeIgniter\Session\Handlers\FileHandler' driver.
INFO - 2024-05-23 12:39:04 --> Session: Class initialized using 'CodeIgniter\Session\Handlers\FileHandler' driver.
INFO - 2024-05-23 12:39:07 --> Session: Class initialized using 'CodeIgniter\Session\Handlers\FileHandler' driver.
INFO - 2024-05-23 12:39:12 --> Session: Class initialized using 'CodeIgniter\Session\Handlers\FileHandler' driver.
INFO - 2024-05-23 12:39:20 --> Session: Class initialized using 'CodeIgniter\Session\Handlers\FileHandler' driver.
INFO - 2024-05-23 12:39:22 --> Session: Class initialized using 'CodeIgniter\Session\Handlers\FileHandler' driver.
INFO - 2024-05-23 12:40:15 --> Session: Class initialized using 'CodeIgniter\Session\Handlers\FileHandler' driver.
INFO - 2024-05-23 12:40:15 --> Session: Class initialized using 'CodeIgniter\Session\Handlers\FileHandler' driver.
INFO - 2024-05-23 12:40:30 --> Session: Class initialized using 'CodeIgniter\Session\Handlers\FileHandler' driver.
INFO - 2024-05-23 12:40:30 --> Session: Class initialized using 'CodeIgniter\Session\Handlers\FileHandler' driver.
INFO - 2024-05-23 12:40:32 --> Session: Class initialized using 'CodeIgniter\Session\Handlers\FileHandler' driver.
INFO - 2024-05-23 12:40:39 --> Session: Class initialized using 'CodeIgniter\Session\Handlers\FileHandler' driver.
INFO - 2024-05-23 12:40:39 --> Session: Class initialized using 'CodeIgniter\Session\Handlers\FileHandler' driver.
INFO - 2024-05-23 12:40:42 --> Session: Class initialized using 'CodeIgniter\Session\Handlers\FileHandler' driver.
INFO - 2024-05-23 12:40:46 --> Session: Class initialized using 'CodeIgniter\Session\Handlers\FileHandler' driver.
INFO - 2024-05-23 12:40:46 --> Session: Class initialized using 'CodeIgniter\Session\Handlers\FileHandler' driver.
INFO - 2024-05-23 12:40:51 --> Session: Class initialized using 'CodeIgniter\Session\Handlers\FileHandler' driver.
INFO - 2024-05-23 12:40:51 --> Session: Class initialized using 'CodeIgniter\Session\Handlers\FileHandler' driver.
INFO - 2024-05-23 12:40:55 --> Session: Class initialized using 'CodeIgniter\Session\Handlers\FileHandler' driver.
INFO - 2024-05-23 12:40:55 --> Session: Class initialized using 'CodeIgniter\Session\Handlers\FileHandler' driver.
INFO - 2024-05-23 12:41:04 --> Session: Class initialized using 'CodeIgniter\Session\Handlers\FileHandler' driver.
INFO - 2024-05-23 12:41:04 --> Session: Class initialized using 'CodeIgniter\Session\Handlers\FileHandler' driver.
INFO - 2024-05-23 12:41:08 --> Session: Class initialized using 'CodeIgniter\Session\Handlers\FileHandler' driver.
INFO - 2024-05-23 12:41:15 --> Session: Class initialized using 'CodeIgniter\Session\Handlers\FileHandler' driver.
INFO - 2024-05-23 12:41:47 --> Session: Class initialized using 'CodeIgniter\Session\Handlers\FileHandler' driver.
INFO - 2024-05-23 12:42:21 --> Session: Class initialized using 'CodeIgniter\Session\Handlers\FileHandler' driver.
CRITICAL - 2024-05-23 12:42:21 --> CodeIgniter\HTTP\Exceptions\HTTPException: The original file is not a valid file.
in SYSTEMPATH\HTTP\Files\UploadedFile.php on line 146.
 1 SYSTEMPATH\HTTP\Files\UploadedFile.php(146): CodeIgniter\HTTP\Exceptions\HTTPException::forInvalidFile()
 2 APPPATH\Models\WorkpaperModel.php(264): CodeIgniter\HTTP\Files\UploadedFile->move('D:\\Applications\\xampp\\htdocs\\jblas\\public/uploads/pdf/', '6336.pdf')
 3 APPPATH\Controllers\WorkpaperController.php(210): App\Models\WorkpaperModel->uploadtbfiles([...])
 4 SYSTEMPATH\CodeIgniter.php(941): App\Controllers\WorkpaperController->uploadtbfiles('B', '00fecee942d96383aa55484661933949b9a941e1a48940c190b0936cfebb425343cffef4a5d25044fbc2e91cce78d0bb129e5b8dfa8571ddd023a3107b2a08984s9YhPZuqiQbMAqyeksg7k4=', 'c0cafd8e5ca64fc1888533b9c2abb749587a711a9af7710f968e85209a4095372840ae1681e41bc43ec52ddbea32bb6b8fa42890b9c28c286d6e4b8e24eb4bcabbsPwG$gNvsrvxkWJPgwwxo=', 'c0ef2c00591569c6eb52b19a48f8743fe9ac0f3abfe1a732291088e5e463bbf473f73e9295ad6662941b88ecaf5b45b3dc6c7bc7a4337787d6f70d1f1ff4b17elRPI0UMRsPQG83Oj22UsiOM=', '0a9a6366e05620834280a58a5808a4878d04ed50d111af9a8f2cb690112eb26ca6a69741171e3df1109a821ec18172e24154e5f00823ea0f6bf07373a779c4cfyYN7nCxUdVBfLk6rEHaiuHs=', 'Non-current assets - intangibles and goodwill')
 5 SYSTEMPATH\CodeIgniter.php(502): CodeIgniter\CodeIgniter->runController(Object(App\Controllers\WorkpaperController))
 6 SYSTEMPATH\CodeIgniter.php(361): CodeIgniter\CodeIgniter->handleRequest(null, Object(Config\Cache), false)
 7 FCPATH\index.php(84): CodeIgniter\CodeIgniter->run()
INFO - 2024-05-23 12:42:27 --> Session: Class initialized using 'CodeIgniter\Session\Handlers\FileHandler' driver.
INFO - 2024-05-23 12:43:10 --> Session: Class initialized using 'CodeIgniter\Session\Handlers\FileHandler' driver.
CRITICAL - 2024-05-23 12:43:10 --> CodeIgniter\HTTP\Exceptions\HTTPException: The original file is not a valid file.
in SYSTEMPATH\HTTP\Files\UploadedFile.php on line 146.
 1 SYSTEMPATH\HTTP\Files\UploadedFile.php(146): CodeIgniter\HTTP\Exceptions\HTTPException::forInvalidFile()
 2 APPPATH\Models\WorkpaperModel.php(264): CodeIgniter\HTTP\Files\UploadedFile->move('D:\\Applications\\xampp\\htdocs\\jblas\\public/uploads/pdf/', '6336.pdf')
 3 APPPATH\Controllers\WorkpaperController.php(210): App\Models\WorkpaperModel->uploadtbfiles([...])
 4 SYSTEMPATH\CodeIgniter.php(941): App\Controllers\WorkpaperController->uploadtbfiles('B', '00fecee942d96383aa55484661933949b9a941e1a48940c190b0936cfebb425343cffef4a5d25044fbc2e91cce78d0bb129e5b8dfa8571ddd023a3107b2a08984s9YhPZuqiQbMAqyeksg7k4=', 'c0cafd8e5ca64fc1888533b9c2abb749587a711a9af7710f968e85209a4095372840ae1681e41bc43ec52ddbea32bb6b8fa42890b9c28c286d6e4b8e24eb4bcabbsPwG$gNvsrvxkWJPgwwxo=', 'c0ef2c00591569c6eb52b19a48f8743fe9ac0f3abfe1a732291088e5e463bbf473f73e9295ad6662941b88ecaf5b45b3dc6c7bc7a4337787d6f70d1f1ff4b17elRPI0UMRsPQG83Oj22UsiOM=', '0a9a6366e05620834280a58a5808a4878d04ed50d111af9a8f2cb690112eb26ca6a69741171e3df1109a821ec18172e24154e5f00823ea0f6bf07373a779c4cfyYN7nCxUdVBfLk6rEHaiuHs=', 'Non-current assets - intangibles and goodwill')
 5 SYSTEMPATH\CodeIgniter.php(502): CodeIgniter\CodeIgniter->runController(Object(App\Controllers\WorkpaperController))
 6 SYSTEMPATH\CodeIgniter.php(361): CodeIgniter\CodeIgniter->handleRequest(null, Object(Config\Cache), false)
 7 FCPATH\index.php(84): CodeIgniter\CodeIgniter->run()
INFO - 2024-05-23 12:43:53 --> Session: Class initialized using 'CodeIgniter\Session\Handlers\FileHandler' driver.
INFO - 2024-05-23 12:43:55 --> Session: Class initialized using 'CodeIgniter\Session\Handlers\FileHandler' driver.
INFO - 2024-05-23 12:44:00 --> Session: Class initialized using 'CodeIgniter\Session\Handlers\FileHandler' driver.
CRITICAL - 2024-05-23 12:44:01 --> CodeIgniter\HTTP\Exceptions\HTTPException: The original file is not a valid file.
in SYSTEMPATH\HTTP\Files\UploadedFile.php on line 146.
 1 SYSTEMPATH\HTTP\Files\UploadedFile.php(146): CodeIgniter\HTTP\Exceptions\HTTPException::forInvalidFile()
 2 APPPATH\Models\WorkpaperModel.php(265): CodeIgniter\HTTP\Files\UploadedFile->move('D:\\Applications\\xampp\\htdocs\\jblas\\public/uploads/pdf/', '6336.pdf')
 3 APPPATH\Controllers\WorkpaperController.php(210): App\Models\WorkpaperModel->uploadtbfiles([...])
 4 SYSTEMPATH\CodeIgniter.php(941): App\Controllers\WorkpaperController->uploadtbfiles('B', '00fecee942d96383aa55484661933949b9a941e1a48940c190b0936cfebb425343cffef4a5d25044fbc2e91cce78d0bb129e5b8dfa8571ddd023a3107b2a08984s9YhPZuqiQbMAqyeksg7k4=', 'c0cafd8e5ca64fc1888533b9c2abb749587a711a9af7710f968e85209a4095372840ae1681e41bc43ec52ddbea32bb6b8fa42890b9c28c286d6e4b8e24eb4bcabbsPwG$gNvsrvxkWJPgwwxo=', 'c0ef2c00591569c6eb52b19a48f8743fe9ac0f3abfe1a732291088e5e463bbf473f73e9295ad6662941b88ecaf5b45b3dc6c7bc7a4337787d6f70d1f1ff4b17elRPI0UMRsPQG83Oj22UsiOM=', '0a9a6366e05620834280a58a5808a4878d04ed50d111af9a8f2cb690112eb26ca6a69741171e3df1109a821ec18172e24154e5f00823ea0f6bf07373a779c4cfyYN7nCxUdVBfLk6rEHaiuHs=', 'Non-current assets - intangibles and goodwill')
 5 SYSTEMPATH\CodeIgniter.php(502): CodeIgniter\CodeIgniter->runController(Object(App\Controllers\WorkpaperController))
 6 SYSTEMPATH\CodeIgniter.php(361): CodeIgniter\CodeIgniter->handleRequest(null, Object(Config\Cache), false)
 7 FCPATH\index.php(84): CodeIgniter\CodeIgniter->run()
INFO - 2024-05-23 12:44:25 --> Session: Class initialized using 'CodeIgniter\Session\Handlers\FileHandler' driver.
INFO - 2024-05-23 12:44:26 --> Session: Class initialized using 'CodeIgniter\Session\Handlers\FileHandler' driver.
INFO - 2024-05-23 12:44:38 --> Session: Class initialized using 'CodeIgniter\Session\Handlers\FileHandler' driver.
INFO - 2024-05-23 12:44:43 --> Session: Class initialized using 'CodeIgniter\Session\Handlers\FileHandler' driver.
CRITICAL - 2024-05-23 12:44:43 --> CodeIgniter\HTTP\Exceptions\HTTPException: The original file is not a valid file.
in SYSTEMPATH\HTTP\Files\UploadedFile.php on line 146.
 1 SYSTEMPATH\HTTP\Files\UploadedFile.php(146): CodeIgniter\HTTP\Exceptions\HTTPException::forInvalidFile()
 2 APPPATH\Models\WorkpaperModel.php(265): CodeIgniter\HTTP\Files\UploadedFile->move('D:\\Applications\\xampp\\htdocs\\jblas\\public/uploads/pdf/', '6336.pdf')
 3 APPPATH\Controllers\WorkpaperController.php(210): App\Models\WorkpaperModel->uploadtbfiles([...])
 4 SYSTEMPATH\CodeIgniter.php(941): App\Controllers\WorkpaperController->uploadtbfiles('B', '00fecee942d96383aa55484661933949b9a941e1a48940c190b0936cfebb425343cffef4a5d25044fbc2e91cce78d0bb129e5b8dfa8571ddd023a3107b2a08984s9YhPZuqiQbMAqyeksg7k4=', 'c0cafd8e5ca64fc1888533b9c2abb749587a711a9af7710f968e85209a4095372840ae1681e41bc43ec52ddbea32bb6b8fa42890b9c28c286d6e4b8e24eb4bcabbsPwG$gNvsrvxkWJPgwwxo=', 'c0ef2c00591569c6eb52b19a48f8743fe9ac0f3abfe1a732291088e5e463bbf473f73e9295ad6662941b88ecaf5b45b3dc6c7bc7a4337787d6f70d1f1ff4b17elRPI0UMRsPQG83Oj22UsiOM=', '0a9a6366e05620834280a58a5808a4878d04ed50d111af9a8f2cb690112eb26ca6a69741171e3df1109a821ec18172e24154e5f00823ea0f6bf07373a779c4cfyYN7nCxUdVBfLk6rEHaiuHs=', 'Non-current assets - intangibles and goodwill')
 5 SYSTEMPATH\CodeIgniter.php(502): CodeIgniter\CodeIgniter->runController(Object(App\Controllers\WorkpaperController))
 6 SYSTEMPATH\CodeIgniter.php(361): CodeIgniter\CodeIgniter->handleRequest(null, Object(Config\Cache), false)
 7 FCPATH\index.php(84): CodeIgniter\CodeIgniter->run()
INFO - 2024-05-23 12:46:20 --> Session: Class initialized using 'CodeIgniter\Session\Handlers\FileHandler' driver.
INFO - 2024-05-23 12:46:21 --> Session: Class initialized using 'CodeIgniter\Session\Handlers\FileHandler' driver.
INFO - 2024-05-23 12:46:25 --> Session: Class initialized using 'CodeIgniter\Session\Handlers\FileHandler' driver.
INFO - 2024-05-23 12:46:28 --> Session: Class initialized using 'CodeIgniter\Session\Handlers\FileHandler' driver.
INFO - 2024-05-23 12:47:36 --> Session: Class initialized using 'CodeIgniter\Session\Handlers\FileHandler' driver.
INFO - 2024-05-23 12:47:41 --> Session: Class initialized using 'CodeIgniter\Session\Handlers\FileHandler' driver.
INFO - 2024-05-23 12:47:41 --> Session: Class initialized using 'CodeIgniter\Session\Handlers\FileHandler' driver.
INFO - 2024-05-23 12:47:49 --> Session: Class initialized using 'CodeIgniter\Session\Handlers\FileHandler' driver.
INFO - 2024-05-23 12:48:25 --> Session: Class initialized using 'CodeIgniter\Session\Handlers\FileHandler' driver.
INFO - 2024-05-23 12:49:32 --> Session: Class initialized using 'CodeIgniter\Session\Handlers\FileHandler' driver.
INFO - 2024-05-23 12:49:33 --> Session: Class initialized using 'CodeIgniter\Session\Handlers\FileHandler' driver.
INFO - 2024-05-23 12:50:07 --> Session: Class initialized using 'CodeIgniter\Session\Handlers\FileHandler' driver.
INFO - 2024-05-23 12:50:07 --> Session: Class initialized using 'CodeIgniter\Session\Handlers\FileHandler' driver.
INFO - 2024-05-23 12:50:11 --> Session: Class initialized using 'CodeIgniter\Session\Handlers\FileHandler' driver.
INFO - 2024-05-23 12:51:10 --> Session: Class initialized using 'CodeIgniter\Session\Handlers\FileHandler' driver.
INFO - 2024-05-23 12:51:20 --> Session: Class initialized using 'CodeIgniter\Session\Handlers\FileHandler' driver.
INFO - 2024-05-23 12:51:30 --> Session: Class initialized using 'CodeIgniter\Session\Handlers\FileHandler' driver.
INFO - 2024-05-23 12:51:38 --> Session: Class initialized using 'CodeIgniter\Session\Handlers\FileHandler' driver.
INFO - 2024-05-23 12:51:54 --> Session: Class initialized using 'CodeIgniter\Session\Handlers\FileHandler' driver.
INFO - 2024-05-23 12:51:55 --> Session: Class initialized using 'CodeIgniter\Session\Handlers\FileHandler' driver.
INFO - 2024-05-23 12:51:58 --> Session: Class initialized using 'CodeIgniter\Session\Handlers\FileHandler' driver.
INFO - 2024-05-23 12:52:31 --> Session: Class initialized using 'CodeIgniter\Session\Handlers\FileHandler' driver.
INFO - 2024-05-23 12:53:40 --> Session: Class initialized using 'CodeIgniter\Session\Handlers\FileHandler' driver.
INFO - 2024-05-23 12:53:49 --> Session: Class initialized using 'CodeIgniter\Session\Handlers\FileHandler' driver.
INFO - 2024-05-23 12:53:52 --> Session: Class initialized using 'CodeIgniter\Session\Handlers\FileHandler' driver.
INFO - 2024-05-23 12:54:02 --> Session: Class initialized using 'CodeIgniter\Session\Handlers\FileHandler' driver.
INFO - 2024-05-23 12:54:09 --> Session: Class initialized using 'CodeIgniter\Session\Handlers\FileHandler' driver.
INFO - 2024-05-23 12:54:10 --> Session: Class initialized using 'CodeIgniter\Session\Handlers\FileHandler' driver.
INFO - 2024-05-23 12:54:19 --> Session: Class initialized using 'CodeIgniter\Session\Handlers\FileHandler' driver.
INFO - 2024-05-23 12:54:23 --> Session: Class initialized using 'CodeIgniter\Session\Handlers\FileHandler' driver.
INFO - 2024-05-23 12:54:59 --> Session: Class initialized using 'CodeIgniter\Session\Handlers\FileHandler' driver.
INFO - 2024-05-23 12:55:03 --> Session: Class initialized using 'CodeIgniter\Session\Handlers\FileHandler' driver.
INFO - 2024-05-23 12:55:47 --> Session: Class initialized using 'CodeIgniter\Session\Handlers\FileHandler' driver.
INFO - 2024-05-23 12:55:50 --> Session: Class initialized using 'CodeIgniter\Session\Handlers\FileHandler' driver.
INFO - 2024-05-23 12:56:10 --> Session: Class initialized using 'CodeIgniter\Session\Handlers\FileHandler' driver.
INFO - 2024-05-23 12:56:19 --> Session: Class initialized using 'CodeIgniter\Session\Handlers\FileHandler' driver.
INFO - 2024-05-23 12:56:31 --> Session: Class initialized using 'CodeIgniter\Session\Handlers\FileHandler' driver.
INFO - 2024-05-23 12:56:31 --> Session: Class initialized using 'CodeIgniter\Session\Handlers\FileHandler' driver.
INFO - 2024-05-23 12:56:45 --> Session: Class initialized using 'CodeIgniter\Session\Handlers\FileHandler' driver.
INFO - 2024-05-23 12:57:36 --> Session: Class initialized using 'CodeIgniter\Session\Handlers\FileHandler' driver.
INFO - 2024-05-23 12:57:38 --> Session: Class initialized using 'CodeIgniter\Session\Handlers\FileHandler' driver.
INFO - 2024-05-23 12:57:52 --> Session: Class initialized using 'CodeIgniter\Session\Handlers\FileHandler' driver.
INFO - 2024-05-23 12:57:52 --> Session: Class initialized using 'CodeIgniter\Session\Handlers\FileHandler' driver.
INFO - 2024-05-23 12:58:06 --> Session: Class initialized using 'CodeIgniter\Session\Handlers\FileHandler' driver.
INFO - 2024-05-23 12:58:09 --> Session: Class initialized using 'CodeIgniter\Session\Handlers\FileHandler' driver.
INFO - 2024-05-23 12:58:32 --> Session: Class initialized using 'CodeIgniter\Session\Handlers\FileHandler' driver.
INFO - 2024-05-23 13:57:07 --> Session: Class initialized using 'CodeIgniter\Session\Handlers\FileHandler' driver.
INFO - 2024-05-23 13:57:44 --> Session: Class initialized using 'CodeIgniter\Session\Handlers\FileHandler' driver.
INFO - 2024-05-23 13:57:50 --> Session: Class initialized using 'CodeIgniter\Session\Handlers\FileHandler' driver.
INFO - 2024-05-23 13:58:30 --> Session: Class initialized using 'CodeIgniter\Session\Handlers\FileHandler' driver.
INFO - 2024-05-23 13:59:38 --> Session: Class initialized using 'CodeIgniter\Session\Handlers\FileHandler' driver.
INFO - 2024-05-23 13:59:39 --> Session: Class initialized using 'CodeIgniter\Session\Handlers\FileHandler' driver.
INFO - 2024-05-23 13:59:42 --> Session: Class initialized using 'CodeIgniter\Session\Handlers\FileHandler' driver.
INFO - 2024-05-23 14:00:17 --> Session: Class initialized using 'CodeIgniter\Session\Handlers\FileHandler' driver.
INFO - 2024-05-23 14:00:25 --> Session: Class initialized using 'CodeIgniter\Session\Handlers\FileHandler' driver.
INFO - 2024-05-23 14:00:28 --> Session: Class initialized using 'CodeIgniter\Session\Handlers\FileHandler' driver.
INFO - 2024-05-23 14:00:32 --> Session: Class initialized using 'CodeIgniter\Session\Handlers\FileHandler' driver.
INFO - 2024-05-23 14:02:24 --> Session: Class initialized using 'CodeIgniter\Session\Handlers\FileHandler' driver.
CRITICAL - 2024-05-23 14:02:24 --> ErrorException: Undefined array key "dytd"
in APPPATH\Views\workpaper\index\DG.php on line 34.
 1 APPPATH\Views\workpaper\index\DG.php(34): CodeIgniter\Debug\Exceptions->errorHandler(2, 'Undefined array key "dytd"', 'D:\\Applications\\xampp\\htdocs\\jblas\\app\\Views\\workpaper\\index\\DG.php', 34)
 2 SYSTEMPATH\View\View.php(228): include('D:\\Applications\\xampp\\htdocs\\jblas\\app\\Views\\workpaper\\index\\DG.php')
 3 SYSTEMPATH\View\View.php(231): CodeIgniter\View\View->CodeIgniter\View\{closure}()
 4 SYSTEMPATH\Common.php(1178): CodeIgniter\View\View->render('workpaper/index/DG', [], true)
 5 APPPATH\Controllers\WorkpaperController.php(2062): view('workpaper/index/DG', [...])
 6 SYSTEMPATH\CodeIgniter.php(941): App\Controllers\WorkpaperController->viewindexfiles('DG', 'b067008d1b272f84479b68bf0a4f7a7c2286a477874cff7144a24a03585a5f851ec1b87a9a03ded5c6e2d8b6c774daadfee51c5f696e6f25d63e047b06d78bd6jH4y8Gm51oJ$$fQ5yB6cuPs=', '674508dd6ed47270fae2c99c7d776c72e68cae9c554851cd747ca4ce309013477a17827c38180b18595338c61b9a91563b1a25b2f095dc34bbdf6e00de9773104ahPY$hSrVPMbdch75BHIyk=', '0ded1fcf5de50d89ee2db4ee9e224f177b85c2e2b32cf401d35eb3b3cd9f116a4996cea10226c724f7ecd8805af0844a3ce961d97950d8eb4acc6c8c0036a7edykMGpiUNaxD03Gw8GurwYOQ=', '53e63c223c66cfab176ad7af35e8fe4f2379c7daf8fa9602b59251f4d72a88fbbd781e2e5de6cf25acd0dfa9d8613337183023b16adad815aa43385be1c5fd8c69FmVpAGlvRlGD1b$pcPgvs=', 'Investments')
 7 SYSTEMPATH\CodeIgniter.php(502): CodeIgniter\CodeIgniter->runController(Object(App\Controllers\WorkpaperController))
 8 SYSTEMPATH\CodeIgniter.php(361): CodeIgniter\CodeIgniter->handleRequest(null, Object(Config\Cache), false)
 9 FCPATH\index.php(84): CodeIgniter\CodeIgniter->run()
INFO - 2024-05-23 14:02:37 --> Session: Class initialized using 'CodeIgniter\Session\Handlers\FileHandler' driver.
INFO - 2024-05-23 14:02:39 --> Session: Class initialized using 'CodeIgniter\Session\Handlers\FileHandler' driver.
INFO - 2024-05-23 14:03:53 --> Session: Class initialized using 'CodeIgniter\Session\Handlers\FileHandler' driver.
INFO - 2024-05-23 14:03:54 --> Session: Class initialized using 'CodeIgniter\Session\Handlers\FileHandler' driver.
INFO - 2024-05-23 14:04:02 --> Session: Class initialized using 'CodeIgniter\Session\Handlers\FileHandler' driver.
INFO - 2024-05-23 14:04:04 --> Session: Class initialized using 'CodeIgniter\Session\Handlers\FileHandler' driver.
CRITICAL - 2024-05-23 14:04:04 --> DivisionByZeroError: Division by zero
in APPPATH\Views\workpaper\index\Q.php on line 93.
 1 SYSTEMPATH\View\View.php(228): include()
 2 SYSTEMPATH\View\View.php(231): CodeIgniter\View\View->CodeIgniter\View\{closure}()
 3 SYSTEMPATH\Common.php(1178): CodeIgniter\View\View->render('workpaper/index/Q', [], true)
 4 APPPATH\Controllers\WorkpaperController.php(2134): view('workpaper/index/Q', [...])
 5 SYSTEMPATH\CodeIgniter.php(941): App\Controllers\WorkpaperController->viewindexfiles('Q', '6814c1a94d3ccbe0376cb3c830d792bd95ff3dc288053aaa80a512d1522c553792112735206843436a8da6c30f9d21706e4466d7d2fe879bccc4d8c8a1c04b53cizvAFZ1shlC7lz7NrDHTte1', '674508dd6ed47270fae2c99c7d776c72e68cae9c554851cd747ca4ce309013477a17827c38180b18595338c61b9a91563b1a25b2f095dc34bbdf6e00de9773104ahPY$hSrVPMbdch75BHIyk=', '0ded1fcf5de50d89ee2db4ee9e224f177b85c2e2b32cf401d35eb3b3cd9f116a4996cea10226c724f7ecd8805af0844a3ce961d97950d8eb4acc6c8c0036a7edykMGpiUNaxD03Gw8GurwYOQ=', '353cf0cc8066a1fa091cced2a207e2aa9dec1b4c1987da90a3326f7d652231c889089a9ca9ef9f77af0c725e7b11de6afeadede391c557c0064278f108df464fN5zhptmebqwLnWHEXw7e3eVa', 'Other income and gains')
 6 SYSTEMPATH\CodeIgniter.php(502): CodeIgniter\CodeIgniter->runController(Object(App\Controllers\WorkpaperController))
 7 SYSTEMPATH\CodeIgniter.php(361): CodeIgniter\CodeIgniter->handleRequest(null, Object(Config\Cache), false)
 8 FCPATH\index.php(84): CodeIgniter\CodeIgniter->run()
INFO - 2024-05-23 14:04:14 --> Session: Class initialized using 'CodeIgniter\Session\Handlers\FileHandler' driver.
INFO - 2024-05-23 14:04:16 --> Session: Class initialized using 'CodeIgniter\Session\Handlers\FileHandler' driver.
INFO - 2024-05-23 14:04:25 --> Session: Class initialized using 'CodeIgniter\Session\Handlers\FileHandler' driver.
INFO - 2024-05-23 14:04:49 --> Session: Class initialized using 'CodeIgniter\Session\Handlers\FileHandler' driver.
INFO - 2024-05-23 14:04:50 --> Session: Class initialized using 'CodeIgniter\Session\Handlers\FileHandler' driver.
INFO - 2024-05-23 14:04:54 --> Session: Class initialized using 'CodeIgniter\Session\Handlers\FileHandler' driver.
INFO - 2024-05-23 14:05:05 --> Session: Class initialized using 'CodeIgniter\Session\Handlers\FileHandler' driver.
INFO - 2024-05-23 14:05:10 --> Session: Class initialized using 'CodeIgniter\Session\Handlers\FileHandler' driver.
INFO - 2024-05-23 14:05:13 --> Session: Class initialized using 'CodeIgniter\Session\Handlers\FileHandler' driver.
INFO - 2024-05-23 14:05:16 --> Session: Class initialized using 'CodeIgniter\Session\Handlers\FileHandler' driver.
INFO - 2024-05-23 14:05:19 --> Session: Class initialized using 'CodeIgniter\Session\Handlers\FileHandler' driver.
INFO - 2024-05-23 14:05:22 --> Session: Class initialized using 'CodeIgniter\Session\Handlers\FileHandler' driver.
INFO - 2024-05-23 14:05:24 --> Session: Class initialized using 'CodeIgniter\Session\Handlers\FileHandler' driver.
INFO - 2024-05-23 14:05:27 --> Session: Class initialized using 'CodeIgniter\Session\Handlers\FileHandler' driver.
INFO - 2024-05-23 14:05:29 --> Session: Class initialized using 'CodeIgniter\Session\Handlers\FileHandler' driver.
INFO - 2024-05-23 14:05:32 --> Session: Class initialized using 'CodeIgniter\Session\Handlers\FileHandler' driver.
