INFO - 2024-04-23 09:29:07 --> Session: Class initialized using 'CodeIgniter\Session\Handlers\FileHandler' driver.
INFO - 2024-04-23 09:29:07 --> Session: Class initialized using 'CodeIgniter\Session\Handlers\FileHandler' driver.
INFO - 2024-04-23 09:29:12 --> Session: Class initialized using 'CodeIgniter\Session\Handlers\FileHandler' driver.
INFO - 2024-04-23 09:29:12 --> Session: Class initialized using 'CodeIgniter\Session\Handlers\FileHandler' driver.
INFO - 2024-04-23 09:29:21 --> Session: Class initialized using 'CodeIgniter\Session\Handlers\FileHandler' driver.
INFO - 2024-04-23 09:32:01 --> Session: Class initialized using 'CodeIgniter\Session\Handlers\FileHandler' driver.
INFO - 2024-04-23 09:32:40 --> Session: Class initialized using 'CodeIgniter\Session\Handlers\FileHandler' driver.
INFO - 2024-04-23 09:36:40 --> Session: Class initialized using 'CodeIgniter\Session\Handlers\FileHandler' driver.
INFO - 2024-04-23 09:37:33 --> Session: Class initialized using 'CodeIgniter\Session\Handlers\FileHandler' driver.
INFO - 2024-04-23 09:38:57 --> Session: Class initialized using 'CodeIgniter\Session\Handlers\FileHandler' driver.
INFO - 2024-04-23 09:39:07 --> Session: Class initialized using 'CodeIgniter\Session\Handlers\FileHandler' driver.
INFO - 2024-04-23 09:41:06 --> Session: Class initialized using 'CodeIgniter\Session\Handlers\FileHandler' driver.
CRITICAL - 2024-04-23 09:41:06 --> CodeIgniter\Encryption\Exceptions\EncryptionException: Decrypting: authentication failed.
in SYSTEMPATH\Encryption\Handlers\OpenSSLHandler.php on line 139.
 1 SYSTEMPATH\Encryption\Handlers\OpenSSLHandler.php(139): CodeIgniter\Encryption\Exceptions\EncryptionException::forAuthenticationFailed()
 2 APPPATH\Views\workpaper\Initiate.php(50): CodeIgniter\Encryption\Handlers\OpenSSLHandler->decrypt('')
 3 SYSTEMPATH\View\View.php(228): include('D:\\dhay\\xampp\\htdocs\\jblas\\app\\Views\\workpaper\\Initiate.php')
 4 SYSTEMPATH\View\View.php(231): CodeIgniter\View\View->CodeIgniter\View\{closure}()
 5 SYSTEMPATH\Common.php(1178): CodeIgniter\View\View->render('workpaper/Initiate', [], true)
 6 APPPATH\Controllers\WorkpaperController.php(41): view('workpaper/Initiate', [...])
 7 SYSTEMPATH\CodeIgniter.php(941): App\Controllers\WorkpaperController->initiate()
 8 SYSTEMPATH\CodeIgniter.php(502): CodeIgniter\CodeIgniter->runController(Object(App\Controllers\WorkpaperController))
 9 SYSTEMPATH\CodeIgniter.php(361): CodeIgniter\CodeIgniter->handleRequest(null, Object(Config\Cache), false)
10 FCPATH\index.php(84): CodeIgniter\CodeIgniter->run()
INFO - 2024-04-23 09:41:29 --> Session: Class initialized using 'CodeIgniter\Session\Handlers\FileHandler' driver.
INFO - 2024-04-23 09:51:57 --> Session: Class initialized using 'CodeIgniter\Session\Handlers\FileHandler' driver.
INFO - 2024-04-23 09:52:27 --> Session: Class initialized using 'CodeIgniter\Session\Handlers\FileHandler' driver.
INFO - 2024-04-23 09:52:38 --> Session: Class initialized using 'CodeIgniter\Session\Handlers\FileHandler' driver.
INFO - 2024-04-23 09:52:40 --> Session: Class initialized using 'CodeIgniter\Session\Handlers\FileHandler' driver.
INFO - 2024-04-23 09:52:43 --> Session: Class initialized using 'CodeIgniter\Session\Handlers\FileHandler' driver.
INFO - 2024-04-23 09:54:15 --> Session: Class initialized using 'CodeIgniter\Session\Handlers\FileHandler' driver.
INFO - 2024-04-23 09:57:56 --> Session: Class initialized using 'CodeIgniter\Session\Handlers\FileHandler' driver.
INFO - 2024-04-23 09:58:27 --> Session: Class initialized using 'CodeIgniter\Session\Handlers\FileHandler' driver.
INFO - 2024-04-23 10:04:30 --> Session: Class initialized using 'CodeIgniter\Session\Handlers\FileHandler' driver.
INFO - 2024-04-23 10:25:50 --> Session: Class initialized using 'CodeIgniter\Session\Handlers\FileHandler' driver.
INFO - 2024-04-23 10:26:13 --> Session: Class initialized using 'CodeIgniter\Session\Handlers\FileHandler' driver.
INFO - 2024-04-23 10:26:13 --> Session: Class initialized using 'CodeIgniter\Session\Handlers\FileHandler' driver.
INFO - 2024-04-23 10:33:13 --> Session: Class initialized using 'CodeIgniter\Session\Handlers\FileHandler' driver.
INFO - 2024-04-23 10:35:41 --> Session: Class initialized using 'CodeIgniter\Session\Handlers\FileHandler' driver.
INFO - 2024-04-23 10:35:56 --> Session: Class initialized using 'CodeIgniter\Session\Handlers\FileHandler' driver.
INFO - 2024-04-23 11:24:01 --> Session: Class initialized using 'CodeIgniter\Session\Handlers\FileHandler' driver.
ERROR - 2024-04-23 11:24:01 --> mysqli_sql_exception: Table 'as.tbl_client' doesn't exist in D:\dhay\xampp\htdocs\jblas\system\Database\MySQLi\Connection.php:306
Stack trace:
#0 D:\dhay\xampp\htdocs\jblas\system\Database\MySQLi\Connection.php(306): mysqli->query('select wpID,wp....', 0)
#1 D:\dhay\xampp\htdocs\jblas\system\Database\BaseConnection.php(693): CodeIgniter\Database\MySQLi\Connection->execute('select wpID,wp....')
#2 D:\dhay\xampp\htdocs\jblas\system\Database\BaseConnection.php(607): CodeIgniter\Database\BaseConnection->simpleQuery('select wpID,wp....')
#3 D:\dhay\xampp\htdocs\jblas\app\Models\WorkpaperModel.php(44): CodeIgniter\Database\BaseConnection->query('select wpID,wp....')
#4 D:\dhay\xampp\htdocs\jblas\app\Controllers\WorkpaperController.php(39): App\Models\WorkpaperModel->getworkpaper('1')
#5 D:\dhay\xampp\htdocs\jblas\system\CodeIgniter.php(941): App\Controllers\WorkpaperController->initiate()
#6 D:\dhay\xampp\htdocs\jblas\system\CodeIgniter.php(502): CodeIgniter\CodeIgniter->runController(Object(App\Controllers\WorkpaperController))
#7 D:\dhay\xampp\htdocs\jblas\system\CodeIgniter.php(361): CodeIgniter\CodeIgniter->handleRequest(NULL, Object(Config\Cache), false)
#8 D:\dhay\xampp\htdocs\jblas\public\index.php(84): CodeIgniter\CodeIgniter->run()
#9 {main}
CRITICAL - 2024-04-23 11:24:01 --> CodeIgniter\Database\Exceptions\DatabaseException: Table 'as.tbl_client' doesn't exist
in SYSTEMPATH\Database\BaseConnection.php on line 647.
 1 APPPATH\Models\WorkpaperModel.php(44): CodeIgniter\Database\BaseConnection->query('select wpID,wp.added_by, wp.auditor, wp.supervisor,wp.audmanager, wp.firm,wp.jobdur,wp.financial_year,wp.end_financial_year,wp.status,wp.remarks,wp.added_on,
        (select CONCAT(name,\'-\',type) from tbl_users as tu where tu.userID = wp.added_by) as added,
        (select CONCAT(name,\'-\',type) from tbl_users as tu where tu.userID = wp.auditor) as aud,
        (select CONCAT(name,\'-\',type) from tbl_users as tu where tu.userID = wp.supervisor) as sup,
        (select CONCAT(name,\'-\',type) from tbl_users as tu where tu.userID = wp.supervisor) as audmanager,
        tc.name as cli
        from tbl_workpaper as wp, tbl_client as tc
        where wp.firm = 1
        and tc.cID = wp.client')
 2 APPPATH\Controllers\WorkpaperController.php(39): App\Models\WorkpaperModel->getworkpaper('1')
 3 SYSTEMPATH\CodeIgniter.php(941): App\Controllers\WorkpaperController->initiate()
 4 SYSTEMPATH\CodeIgniter.php(502): CodeIgniter\CodeIgniter->runController(Object(App\Controllers\WorkpaperController))
 5 SYSTEMPATH\CodeIgniter.php(361): CodeIgniter\CodeIgniter->handleRequest(null, Object(Config\Cache), false)
 6 FCPATH\index.php(84): CodeIgniter\CodeIgniter->run()
CRITICAL - 2024-04-23 11:24:01 --> [Caused by] CodeIgniter\Database\Exceptions\DatabaseException: Table 'as.tbl_client' doesn't exist
in SYSTEMPATH\Database\MySQLi\Connection.php on line 311.
 1 SYSTEMPATH\Database\BaseConnection.php(693): CodeIgniter\Database\MySQLi\Connection->execute('select wpID,wp.added_by, wp.auditor, wp.supervisor,wp.audmanager, wp.firm,wp.jobdur,wp.financial_year,wp.end_financial_year,wp.status,wp.remarks,wp.added_on,
        (select CONCAT(name,\'-\',type) from tbl_users as tu where tu.userID = wp.added_by) as added,
        (select CONCAT(name,\'-\',type) from tbl_users as tu where tu.userID = wp.auditor) as aud,
        (select CONCAT(name,\'-\',type) from tbl_users as tu where tu.userID = wp.supervisor) as sup,
        (select CONCAT(name,\'-\',type) from tbl_users as tu where tu.userID = wp.supervisor) as audmanager,
        tc.name as cli
        from tbl_workpaper as wp, tbl_client as tc
        where wp.firm = 1
        and tc.cID = wp.client')
 2 SYSTEMPATH\Database\BaseConnection.php(607): CodeIgniter\Database\BaseConnection->simpleQuery('select wpID,wp.added_by, wp.auditor, wp.supervisor,wp.audmanager, wp.firm,wp.jobdur,wp.financial_year,wp.end_financial_year,wp.status,wp.remarks,wp.added_on,
        (select CONCAT(name,\'-\',type) from tbl_users as tu where tu.userID = wp.added_by) as added,
        (select CONCAT(name,\'-\',type) from tbl_users as tu where tu.userID = wp.auditor) as aud,
        (select CONCAT(name,\'-\',type) from tbl_users as tu where tu.userID = wp.supervisor) as sup,
        (select CONCAT(name,\'-\',type) from tbl_users as tu where tu.userID = wp.supervisor) as audmanager,
        tc.name as cli
        from tbl_workpaper as wp, tbl_client as tc
        where wp.firm = 1
        and tc.cID = wp.client')
 3 APPPATH\Models\WorkpaperModel.php(44): CodeIgniter\Database\BaseConnection->query('select wpID,wp.added_by, wp.auditor, wp.supervisor,wp.audmanager, wp.firm,wp.jobdur,wp.financial_year,wp.end_financial_year,wp.status,wp.remarks,wp.added_on,
        (select CONCAT(name,\'-\',type) from tbl_users as tu where tu.userID = wp.added_by) as added,
        (select CONCAT(name,\'-\',type) from tbl_users as tu where tu.userID = wp.auditor) as aud,
        (select CONCAT(name,\'-\',type) from tbl_users as tu where tu.userID = wp.supervisor) as sup,
        (select CONCAT(name,\'-\',type) from tbl_users as tu where tu.userID = wp.supervisor) as audmanager,
        tc.name as cli
        from tbl_workpaper as wp, tbl_client as tc
        where wp.firm = 1
        and tc.cID = wp.client')
 4 APPPATH\Controllers\WorkpaperController.php(39): App\Models\WorkpaperModel->getworkpaper('1')
 5 SYSTEMPATH\CodeIgniter.php(941): App\Controllers\WorkpaperController->initiate()
 6 SYSTEMPATH\CodeIgniter.php(502): CodeIgniter\CodeIgniter->runController(Object(App\Controllers\WorkpaperController))
 7 SYSTEMPATH\CodeIgniter.php(361): CodeIgniter\CodeIgniter->handleRequest(null, Object(Config\Cache), false)
 8 FCPATH\index.php(84): CodeIgniter\CodeIgniter->run()
CRITICAL - 2024-04-23 11:24:01 --> [Caused by] mysqli_sql_exception: Table 'as.tbl_client' doesn't exist
in SYSTEMPATH\Database\MySQLi\Connection.php on line 306.
 1 SYSTEMPATH\Database\MySQLi\Connection.php(306): mysqli->query('select wpID,wp.added_by, wp.auditor, wp.supervisor,wp.audmanager, wp.firm,wp.jobdur,wp.financial_year,wp.end_financial_year,wp.status,wp.remarks,wp.added_on,
        (select CONCAT(name,\'-\',type) from tbl_users as tu where tu.userID = wp.added_by) as added,
        (select CONCAT(name,\'-\',type) from tbl_users as tu where tu.userID = wp.auditor) as aud,
        (select CONCAT(name,\'-\',type) from tbl_users as tu where tu.userID = wp.supervisor) as sup,
        (select CONCAT(name,\'-\',type) from tbl_users as tu where tu.userID = wp.supervisor) as audmanager,
        tc.name as cli
        from tbl_workpaper as wp, tbl_client as tc
        where wp.firm = 1
        and tc.cID = wp.client', 0)
 2 SYSTEMPATH\Database\BaseConnection.php(693): CodeIgniter\Database\MySQLi\Connection->execute('select wpID,wp.added_by, wp.auditor, wp.supervisor,wp.audmanager, wp.firm,wp.jobdur,wp.financial_year,wp.end_financial_year,wp.status,wp.remarks,wp.added_on,
        (select CONCAT(name,\'-\',type) from tbl_users as tu where tu.userID = wp.added_by) as added,
        (select CONCAT(name,\'-\',type) from tbl_users as tu where tu.userID = wp.auditor) as aud,
        (select CONCAT(name,\'-\',type) from tbl_users as tu where tu.userID = wp.supervisor) as sup,
        (select CONCAT(name,\'-\',type) from tbl_users as tu where tu.userID = wp.supervisor) as audmanager,
        tc.name as cli
        from tbl_workpaper as wp, tbl_client as tc
        where wp.firm = 1
        and tc.cID = wp.client')
 3 SYSTEMPATH\Database\BaseConnection.php(607): CodeIgniter\Database\BaseConnection->simpleQuery('select wpID,wp.added_by, wp.auditor, wp.supervisor,wp.audmanager, wp.firm,wp.jobdur,wp.financial_year,wp.end_financial_year,wp.status,wp.remarks,wp.added_on,
        (select CONCAT(name,\'-\',type) from tbl_users as tu where tu.userID = wp.added_by) as added,
        (select CONCAT(name,\'-\',type) from tbl_users as tu where tu.userID = wp.auditor) as aud,
        (select CONCAT(name,\'-\',type) from tbl_users as tu where tu.userID = wp.supervisor) as sup,
        (select CONCAT(name,\'-\',type) from tbl_users as tu where tu.userID = wp.supervisor) as audmanager,
        tc.name as cli
        from tbl_workpaper as wp, tbl_client as tc
        where wp.firm = 1
        and tc.cID = wp.client')
 4 APPPATH\Models\WorkpaperModel.php(44): CodeIgniter\Database\BaseConnection->query('select wpID,wp.added_by, wp.auditor, wp.supervisor,wp.audmanager, wp.firm,wp.jobdur,wp.financial_year,wp.end_financial_year,wp.status,wp.remarks,wp.added_on,
        (select CONCAT(name,\'-\',type) from tbl_users as tu where tu.userID = wp.added_by) as added,
        (select CONCAT(name,\'-\',type) from tbl_users as tu where tu.userID = wp.auditor) as aud,
        (select CONCAT(name,\'-\',type) from tbl_users as tu where tu.userID = wp.supervisor) as sup,
        (select CONCAT(name,\'-\',type) from tbl_users as tu where tu.userID = wp.supervisor) as audmanager,
        tc.name as cli
        from tbl_workpaper as wp, tbl_client as tc
        where wp.firm = 1
        and tc.cID = wp.client')
 5 APPPATH\Controllers\WorkpaperController.php(39): App\Models\WorkpaperModel->getworkpaper('1')
 6 SYSTEMPATH\CodeIgniter.php(941): App\Controllers\WorkpaperController->initiate()
 7 SYSTEMPATH\CodeIgniter.php(502): CodeIgniter\CodeIgniter->runController(Object(App\Controllers\WorkpaperController))
 8 SYSTEMPATH\CodeIgniter.php(361): CodeIgniter\CodeIgniter->handleRequest(null, Object(Config\Cache), false)
 9 FCPATH\index.php(84): CodeIgniter\CodeIgniter->run()
INFO - 2024-04-23 11:24:18 --> Session: Class initialized using 'CodeIgniter\Session\Handlers\FileHandler' driver.
INFO - 2024-04-23 11:26:00 --> Session: Class initialized using 'CodeIgniter\Session\Handlers\FileHandler' driver.
INFO - 2024-04-23 11:26:18 --> Session: Class initialized using 'CodeIgniter\Session\Handlers\FileHandler' driver.
INFO - 2024-04-23 11:26:51 --> Session: Class initialized using 'CodeIgniter\Session\Handlers\FileHandler' driver.
INFO - 2024-04-23 11:27:32 --> Session: Class initialized using 'CodeIgniter\Session\Handlers\FileHandler' driver.
INFO - 2024-04-23 11:29:48 --> Session: Class initialized using 'CodeIgniter\Session\Handlers\FileHandler' driver.
INFO - 2024-04-23 11:30:00 --> Session: Class initialized using 'CodeIgniter\Session\Handlers\FileHandler' driver.
INFO - 2024-04-23 11:30:22 --> Session: Class initialized using 'CodeIgniter\Session\Handlers\FileHandler' driver.
INFO - 2024-04-23 11:30:40 --> Session: Class initialized using 'CodeIgniter\Session\Handlers\FileHandler' driver.
INFO - 2024-04-23 11:32:19 --> Session: Class initialized using 'CodeIgniter\Session\Handlers\FileHandler' driver.
INFO - 2024-04-23 11:33:12 --> Session: Class initialized using 'CodeIgniter\Session\Handlers\FileHandler' driver.
INFO - 2024-04-23 11:36:24 --> Session: Class initialized using 'CodeIgniter\Session\Handlers\FileHandler' driver.
INFO - 2024-04-23 11:37:29 --> Session: Class initialized using 'CodeIgniter\Session\Handlers\FileHandler' driver.
INFO - 2024-04-23 11:39:13 --> Session: Class initialized using 'CodeIgniter\Session\Handlers\FileHandler' driver.
INFO - 2024-04-23 11:39:28 --> Session: Class initialized using 'CodeIgniter\Session\Handlers\FileHandler' driver.
INFO - 2024-04-23 11:39:29 --> Session: Class initialized using 'CodeIgniter\Session\Handlers\FileHandler' driver.
INFO - 2024-04-23 11:41:03 --> Session: Class initialized using 'CodeIgniter\Session\Handlers\FileHandler' driver.
INFO - 2024-04-23 11:41:21 --> Session: Class initialized using 'CodeIgniter\Session\Handlers\FileHandler' driver.
INFO - 2024-04-23 11:42:34 --> Session: Class initialized using 'CodeIgniter\Session\Handlers\FileHandler' driver.
INFO - 2024-04-23 11:43:09 --> Session: Class initialized using 'CodeIgniter\Session\Handlers\FileHandler' driver.
INFO - 2024-04-23 11:43:38 --> Session: Class initialized using 'CodeIgniter\Session\Handlers\FileHandler' driver.
INFO - 2024-04-23 11:44:59 --> Session: Class initialized using 'CodeIgniter\Session\Handlers\FileHandler' driver.
INFO - 2024-04-23 11:45:14 --> Session: Class initialized using 'CodeIgniter\Session\Handlers\FileHandler' driver.
INFO - 2024-04-23 11:45:25 --> Session: Class initialized using 'CodeIgniter\Session\Handlers\FileHandler' driver.
INFO - 2024-04-23 11:46:19 --> Session: Class initialized using 'CodeIgniter\Session\Handlers\FileHandler' driver.
INFO - 2024-04-23 11:47:00 --> Session: Class initialized using 'CodeIgniter\Session\Handlers\FileHandler' driver.
INFO - 2024-04-23 11:47:11 --> Session: Class initialized using 'CodeIgniter\Session\Handlers\FileHandler' driver.
INFO - 2024-04-23 11:47:33 --> Session: Class initialized using 'CodeIgniter\Session\Handlers\FileHandler' driver.
INFO - 2024-04-23 11:47:42 --> Session: Class initialized using 'CodeIgniter\Session\Handlers\FileHandler' driver.
INFO - 2024-04-23 11:47:54 --> Session: Class initialized using 'CodeIgniter\Session\Handlers\FileHandler' driver.
INFO - 2024-04-23 11:48:00 --> Session: Class initialized using 'CodeIgniter\Session\Handlers\FileHandler' driver.
INFO - 2024-04-23 11:48:05 --> Session: Class initialized using 'CodeIgniter\Session\Handlers\FileHandler' driver.
INFO - 2024-04-23 11:48:12 --> Session: Class initialized using 'CodeIgniter\Session\Handlers\FileHandler' driver.
INFO - 2024-04-23 12:16:38 --> Session: Class initialized using 'CodeIgniter\Session\Handlers\FileHandler' driver.
INFO - 2024-04-23 12:19:36 --> Session: Class initialized using 'CodeIgniter\Session\Handlers\FileHandler' driver.
INFO - 2024-04-23 12:38:58 --> Session: Class initialized using 'CodeIgniter\Session\Handlers\FileHandler' driver.
INFO - 2024-04-23 12:39:30 --> Session: Class initialized using 'CodeIgniter\Session\Handlers\FileHandler' driver.
CRITICAL - 2024-04-23 12:39:30 --> ErrorException: Undefined array key "firmID"
in APPPATH\Models\WorkpaperModel.php on line 103.
 1 APPPATH\Models\WorkpaperModel.php(103): CodeIgniter\Debug\Exceptions->errorHandler(2, 'Undefined array key "firmID"', 'D:\\dhay\\xampp\\htdocs\\jblas\\app\\Models\\WorkpaperModel.php', 103)
 2 APPPATH\Controllers\WorkpaperController.php(79): App\Models\WorkpaperModel->saveworkpaper([...])
 3 SYSTEMPATH\CodeIgniter.php(941): App\Controllers\WorkpaperController->saveworkpaper()
 4 SYSTEMPATH\CodeIgniter.php(502): CodeIgniter\CodeIgniter->runController(Object(App\Controllers\WorkpaperController))
 5 SYSTEMPATH\CodeIgniter.php(361): CodeIgniter\CodeIgniter->handleRequest(null, Object(Config\Cache), false)
 6 FCPATH\index.php(84): CodeIgniter\CodeIgniter->run()
INFO - 2024-04-23 12:39:57 --> Session: Class initialized using 'CodeIgniter\Session\Handlers\FileHandler' driver.
INFO - 2024-04-23 12:39:57 --> Session: Class initialized using 'CodeIgniter\Session\Handlers\FileHandler' driver.
INFO - 2024-04-23 12:40:26 --> Session: Class initialized using 'CodeIgniter\Session\Handlers\FileHandler' driver.
INFO - 2024-04-23 12:40:40 --> Session: Class initialized using 'CodeIgniter\Session\Handlers\FileHandler' driver.
CRITICAL - 2024-04-23 12:40:47 --> ErrorException: Undefined array key "clientID"
in APPPATH\Models\WorkpaperModel.php on line 148.
 1 APPPATH\Models\WorkpaperModel.php(148): CodeIgniter\Debug\Exceptions->errorHandler(2, 'Undefined array key "clientID"', 'D:\\dhay\\xampp\\htdocs\\jblas\\app\\Models\\WorkpaperModel.php', 148)
 2 APPPATH\Controllers\WorkpaperController.php(79): App\Models\WorkpaperModel->saveworkpaper([...])
 3 SYSTEMPATH\CodeIgniter.php(941): App\Controllers\WorkpaperController->saveworkpaper()
 4 SYSTEMPATH\CodeIgniter.php(502): CodeIgniter\CodeIgniter->runController(Object(App\Controllers\WorkpaperController))
 5 SYSTEMPATH\CodeIgniter.php(361): CodeIgniter\CodeIgniter->handleRequest(null, Object(Config\Cache), false)
 6 FCPATH\index.php(84): CodeIgniter\CodeIgniter->run()
INFO - 2024-04-23 12:40:51 --> Session: Class initialized using 'CodeIgniter\Session\Handlers\FileHandler' driver.
INFO - 2024-04-23 12:41:33 --> Session: Class initialized using 'CodeIgniter\Session\Handlers\FileHandler' driver.
INFO - 2024-04-23 12:41:37 --> Session: Class initialized using 'CodeIgniter\Session\Handlers\FileHandler' driver.
INFO - 2024-04-23 12:51:27 --> Session: Class initialized using 'CodeIgniter\Session\Handlers\FileHandler' driver.
INFO - 2024-04-23 12:51:50 --> Session: Class initialized using 'CodeIgniter\Session\Handlers\FileHandler' driver.
INFO - 2024-04-23 12:52:54 --> Session: Class initialized using 'CodeIgniter\Session\Handlers\FileHandler' driver.
INFO - 2024-04-23 12:53:32 --> Session: Class initialized using 'CodeIgniter\Session\Handlers\FileHandler' driver.
INFO - 2024-04-23 12:54:12 --> Session: Class initialized using 'CodeIgniter\Session\Handlers\FileHandler' driver.
INFO - 2024-04-23 12:54:22 --> Session: Class initialized using 'CodeIgniter\Session\Handlers\FileHandler' driver.
INFO - 2024-04-23 12:57:28 --> Session: Class initialized using 'CodeIgniter\Session\Handlers\FileHandler' driver.
INFO - 2024-04-23 13:01:31 --> Session: Class initialized using 'CodeIgniter\Session\Handlers\FileHandler' driver.
INFO - 2024-04-23 13:23:43 --> Session: Class initialized using 'CodeIgniter\Session\Handlers\FileHandler' driver.
CRITICAL - 2024-04-23 13:23:43 --> Error: Object of class App\Models\WorkpaperModel could not be converted to string
in APPPATH\Views\workpaper\Initiate.php on line 112.
 1 SYSTEMPATH\View\View.php(228): include()
 2 SYSTEMPATH\View\View.php(231): CodeIgniter\View\View->CodeIgniter\View\{closure}()
 3 SYSTEMPATH\Common.php(1178): CodeIgniter\View\View->render('workpaper/Initiate', [], true)
 4 APPPATH\Controllers\WorkpaperController.php(42): view('workpaper/Initiate', [...])
 5 SYSTEMPATH\CodeIgniter.php(941): App\Controllers\WorkpaperController->initiate()
 6 SYSTEMPATH\CodeIgniter.php(502): CodeIgniter\CodeIgniter->runController(Object(App\Controllers\WorkpaperController))
 7 SYSTEMPATH\CodeIgniter.php(361): CodeIgniter\CodeIgniter->handleRequest(null, Object(Config\Cache), false)
 8 FCPATH\index.php(84): CodeIgniter\CodeIgniter->run()
INFO - 2024-04-23 13:25:47 --> Session: Class initialized using 'CodeIgniter\Session\Handlers\FileHandler' driver.
INFO - 2024-04-23 13:27:01 --> Session: Class initialized using 'CodeIgniter\Session\Handlers\FileHandler' driver.
INFO - 2024-04-23 13:28:09 --> Session: Class initialized using 'CodeIgniter\Session\Handlers\FileHandler' driver.
INFO - 2024-04-23 13:28:59 --> Session: Class initialized using 'CodeIgniter\Session\Handlers\FileHandler' driver.
INFO - 2024-04-23 13:29:03 --> Session: Class initialized using 'CodeIgniter\Session\Handlers\FileHandler' driver.
INFO - 2024-04-23 13:33:01 --> Session: Class initialized using 'CodeIgniter\Session\Handlers\FileHandler' driver.
INFO - 2024-04-23 13:33:22 --> Session: Class initialized using 'CodeIgniter\Session\Handlers\FileHandler' driver.
INFO - 2024-04-23 13:33:34 --> Session: Class initialized using 'CodeIgniter\Session\Handlers\FileHandler' driver.
INFO - 2024-04-23 13:33:35 --> Session: Class initialized using 'CodeIgniter\Session\Handlers\FileHandler' driver.
INFO - 2024-04-23 13:33:36 --> Session: Class initialized using 'CodeIgniter\Session\Handlers\FileHandler' driver.
INFO - 2024-04-23 13:33:44 --> Session: Class initialized using 'CodeIgniter\Session\Handlers\FileHandler' driver.
INFO - 2024-04-23 13:33:53 --> Session: Class initialized using 'CodeIgniter\Session\Handlers\FileHandler' driver.
INFO - 2024-04-23 13:34:02 --> Session: Class initialized using 'CodeIgniter\Session\Handlers\FileHandler' driver.
INFO - 2024-04-23 13:37:45 --> Session: Class initialized using 'CodeIgniter\Session\Handlers\FileHandler' driver.
CRITICAL - 2024-04-23 13:37:45 --> DivisionByZeroError: Division by zero
in APPPATH\Models\WorkpaperModel.php on line 55.
 1 APPPATH\Views\workpaper\Initiate.php(112): App\Models\WorkpaperModel->getprogress('4', '5')
 2 SYSTEMPATH\View\View.php(228): include('D:\\dhay\\xampp\\htdocs\\jblas\\app\\Views\\workpaper\\Initiate.php')
 3 SYSTEMPATH\View\View.php(231): CodeIgniter\View\View->CodeIgniter\View\{closure}()
 4 SYSTEMPATH\Common.php(1178): CodeIgniter\View\View->render('workpaper/Initiate', [], true)
 5 APPPATH\Controllers\WorkpaperController.php(42): view('workpaper/Initiate', [...])
 6 SYSTEMPATH\CodeIgniter.php(941): App\Controllers\WorkpaperController->initiate()
 7 SYSTEMPATH\CodeIgniter.php(502): CodeIgniter\CodeIgniter->runController(Object(App\Controllers\WorkpaperController))
 8 SYSTEMPATH\CodeIgniter.php(361): CodeIgniter\CodeIgniter->handleRequest(null, Object(Config\Cache), false)
 9 FCPATH\index.php(84): CodeIgniter\CodeIgniter->run()
INFO - 2024-04-23 13:38:13 --> Session: Class initialized using 'CodeIgniter\Session\Handlers\FileHandler' driver.
INFO - 2024-04-23 13:38:34 --> Session: Class initialized using 'CodeIgniter\Session\Handlers\FileHandler' driver.
INFO - 2024-04-23 13:38:36 --> Session: Class initialized using 'CodeIgniter\Session\Handlers\FileHandler' driver.
INFO - 2024-04-23 13:38:40 --> Session: Class initialized using 'CodeIgniter\Session\Handlers\FileHandler' driver.
CRITICAL - 2024-04-23 13:38:40 --> DivisionByZeroError: Division by zero
in APPPATH\Models\WorkpaperModel.php on line 55.
 1 APPPATH\Views\workpaper\Initiate.php(112): App\Models\WorkpaperModel->getprogress('4', '5')
 2 SYSTEMPATH\View\View.php(228): include('D:\\dhay\\xampp\\htdocs\\jblas\\app\\Views\\workpaper\\Initiate.php')
 3 SYSTEMPATH\View\View.php(231): CodeIgniter\View\View->CodeIgniter\View\{closure}()
 4 SYSTEMPATH\Common.php(1178): CodeIgniter\View\View->render('workpaper/Initiate', [], true)
 5 APPPATH\Controllers\WorkpaperController.php(42): view('workpaper/Initiate', [...])
 6 SYSTEMPATH\CodeIgniter.php(941): App\Controllers\WorkpaperController->initiate()
 7 SYSTEMPATH\CodeIgniter.php(502): CodeIgniter\CodeIgniter->runController(Object(App\Controllers\WorkpaperController))
 8 SYSTEMPATH\CodeIgniter.php(361): CodeIgniter\CodeIgniter->handleRequest(null, Object(Config\Cache), false)
 9 FCPATH\index.php(84): CodeIgniter\CodeIgniter->run()
INFO - 2024-04-23 13:38:49 --> Session: Class initialized using 'CodeIgniter\Session\Handlers\FileHandler' driver.
CRITICAL - 2024-04-23 13:38:49 --> DivisionByZeroError: Division by zero
in APPPATH\Models\WorkpaperModel.php on line 55.
 1 APPPATH\Views\workpaper\Initiate.php(112): App\Models\WorkpaperModel->getprogress('4', '5')
 2 SYSTEMPATH\View\View.php(228): include('D:\\dhay\\xampp\\htdocs\\jblas\\app\\Views\\workpaper\\Initiate.php')
 3 SYSTEMPATH\View\View.php(231): CodeIgniter\View\View->CodeIgniter\View\{closure}()
 4 SYSTEMPATH\Common.php(1178): CodeIgniter\View\View->render('workpaper/Initiate', [], true)
 5 APPPATH\Controllers\WorkpaperController.php(42): view('workpaper/Initiate', [...])
 6 SYSTEMPATH\CodeIgniter.php(941): App\Controllers\WorkpaperController->initiate()
 7 SYSTEMPATH\CodeIgniter.php(502): CodeIgniter\CodeIgniter->runController(Object(App\Controllers\WorkpaperController))
 8 SYSTEMPATH\CodeIgniter.php(361): CodeIgniter\CodeIgniter->handleRequest(null, Object(Config\Cache), false)
 9 FCPATH\index.php(84): CodeIgniter\CodeIgniter->run()
INFO - 2024-04-23 13:38:51 --> Session: Class initialized using 'CodeIgniter\Session\Handlers\FileHandler' driver.
CRITICAL - 2024-04-23 13:38:51 --> DivisionByZeroError: Division by zero
in APPPATH\Models\WorkpaperModel.php on line 55.
 1 APPPATH\Views\workpaper\Initiate.php(112): App\Models\WorkpaperModel->getprogress('4', '5')
 2 SYSTEMPATH\View\View.php(228): include('D:\\dhay\\xampp\\htdocs\\jblas\\app\\Views\\workpaper\\Initiate.php')
 3 SYSTEMPATH\View\View.php(231): CodeIgniter\View\View->CodeIgniter\View\{closure}()
 4 SYSTEMPATH\Common.php(1178): CodeIgniter\View\View->render('workpaper/Initiate', [], true)
 5 APPPATH\Controllers\WorkpaperController.php(42): view('workpaper/Initiate', [...])
 6 SYSTEMPATH\CodeIgniter.php(941): App\Controllers\WorkpaperController->initiate()
 7 SYSTEMPATH\CodeIgniter.php(502): CodeIgniter\CodeIgniter->runController(Object(App\Controllers\WorkpaperController))
 8 SYSTEMPATH\CodeIgniter.php(361): CodeIgniter\CodeIgniter->handleRequest(null, Object(Config\Cache), false)
 9 FCPATH\index.php(84): CodeIgniter\CodeIgniter->run()
INFO - 2024-04-23 13:38:56 --> Session: Class initialized using 'CodeIgniter\Session\Handlers\FileHandler' driver.
CRITICAL - 2024-04-23 13:38:56 --> ErrorException: Undefined variable $p
in APPPATH\Models\WorkpaperModel.php on line 56.
 1 APPPATH\Models\WorkpaperModel.php(56): CodeIgniter\Debug\Exceptions->errorHandler(2, 'Undefined variable $p', 'D:\\dhay\\xampp\\htdocs\\jblas\\app\\Models\\WorkpaperModel.php', 56)
 2 APPPATH\Views\workpaper\Initiate.php(112): App\Models\WorkpaperModel->getprogress('4', '5')
 3 SYSTEMPATH\View\View.php(228): include('D:\\dhay\\xampp\\htdocs\\jblas\\app\\Views\\workpaper\\Initiate.php')
 4 SYSTEMPATH\View\View.php(231): CodeIgniter\View\View->CodeIgniter\View\{closure}()
 5 SYSTEMPATH\Common.php(1178): CodeIgniter\View\View->render('workpaper/Initiate', [], true)
 6 APPPATH\Controllers\WorkpaperController.php(42): view('workpaper/Initiate', [...])
 7 SYSTEMPATH\CodeIgniter.php(941): App\Controllers\WorkpaperController->initiate()
 8 SYSTEMPATH\CodeIgniter.php(502): CodeIgniter\CodeIgniter->runController(Object(App\Controllers\WorkpaperController))
 9 SYSTEMPATH\CodeIgniter.php(361): CodeIgniter\CodeIgniter->handleRequest(null, Object(Config\Cache), false)
10 FCPATH\index.php(84): CodeIgniter\CodeIgniter->run()
INFO - 2024-04-23 13:39:03 --> Session: Class initialized using 'CodeIgniter\Session\Handlers\FileHandler' driver.
INFO - 2024-04-23 13:39:10 --> Session: Class initialized using 'CodeIgniter\Session\Handlers\FileHandler' driver.
INFO - 2024-04-23 13:40:31 --> Session: Class initialized using 'CodeIgniter\Session\Handlers\FileHandler' driver.
INFO - 2024-04-23 13:41:21 --> Session: Class initialized using 'CodeIgniter\Session\Handlers\FileHandler' driver.
INFO - 2024-04-23 13:41:58 --> Session: Class initialized using 'CodeIgniter\Session\Handlers\FileHandler' driver.
INFO - 2024-04-23 13:41:59 --> Session: Class initialized using 'CodeIgniter\Session\Handlers\FileHandler' driver.
INFO - 2024-04-23 13:42:30 --> Session: Class initialized using 'CodeIgniter\Session\Handlers\FileHandler' driver.
INFO - 2024-04-23 13:42:32 --> Session: Class initialized using 'CodeIgniter\Session\Handlers\FileHandler' driver.
INFO - 2024-04-23 13:42:47 --> Session: Class initialized using 'CodeIgniter\Session\Handlers\FileHandler' driver.
INFO - 2024-04-23 13:42:48 --> Session: Class initialized using 'CodeIgniter\Session\Handlers\FileHandler' driver.
INFO - 2024-04-23 13:45:30 --> Session: Class initialized using 'CodeIgniter\Session\Handlers\FileHandler' driver.
INFO - 2024-04-23 13:45:53 --> Session: Class initialized using 'CodeIgniter\Session\Handlers\FileHandler' driver.
INFO - 2024-04-23 13:46:10 --> Session: Class initialized using 'CodeIgniter\Session\Handlers\FileHandler' driver.
INFO - 2024-04-23 13:46:46 --> Session: Class initialized using 'CodeIgniter\Session\Handlers\FileHandler' driver.
INFO - 2024-04-23 13:49:03 --> Session: Class initialized using 'CodeIgniter\Session\Handlers\FileHandler' driver.
INFO - 2024-04-23 13:49:22 --> Session: Class initialized using 'CodeIgniter\Session\Handlers\FileHandler' driver.
INFO - 2024-04-23 13:50:30 --> Session: Class initialized using 'CodeIgniter\Session\Handlers\FileHandler' driver.
INFO - 2024-04-23 13:51:26 --> Session: Class initialized using 'CodeIgniter\Session\Handlers\FileHandler' driver.
INFO - 2024-04-23 13:51:33 --> Session: Class initialized using 'CodeIgniter\Session\Handlers\FileHandler' driver.
INFO - 2024-04-23 13:51:53 --> Session: Class initialized using 'CodeIgniter\Session\Handlers\FileHandler' driver.
INFO - 2024-04-23 13:52:02 --> Session: Class initialized using 'CodeIgniter\Session\Handlers\FileHandler' driver.
CRITICAL - 2024-04-23 13:52:02 --> ParseError: syntax error, unexpected token "}", expecting ";"
in APPPATH\Models\WorkpaperModel.php on line 64.
 1 SYSTEMPATH\Autoloader\Autoloader.php(288): CodeIgniter\Autoloader\Autoloader->includeFile('D:\\dhay\\xampp\\htdocs\\jblas\\app\\Models\\WorkpaperModel.php')
 2 SYSTEMPATH\Autoloader\Autoloader.php(266): CodeIgniter\Autoloader\Autoloader->loadInNamespace('App\\Models\\WorkpaperModel')
 3 APPPATH\Controllers\WorkpaperController.php(22): CodeIgniter\Autoloader\Autoloader->loadClass('App\\Models\\WorkpaperModel')
 4 SYSTEMPATH\CodeIgniter.php(913): App\Controllers\WorkpaperController->__construct()
 5 SYSTEMPATH\CodeIgniter.php(493): CodeIgniter\CodeIgniter->createController()
 6 SYSTEMPATH\CodeIgniter.php(361): CodeIgniter\CodeIgniter->handleRequest(null, Object(Config\Cache), false)
 7 FCPATH\index.php(84): CodeIgniter\CodeIgniter->run()
INFO - 2024-04-23 13:52:07 --> Session: Class initialized using 'CodeIgniter\Session\Handlers\FileHandler' driver.
INFO - 2024-04-23 13:52:30 --> Session: Class initialized using 'CodeIgniter\Session\Handlers\FileHandler' driver.
INFO - 2024-04-23 13:52:54 --> Session: Class initialized using 'CodeIgniter\Session\Handlers\FileHandler' driver.
INFO - 2024-04-23 13:53:46 --> Session: Class initialized using 'CodeIgniter\Session\Handlers\FileHandler' driver.
INFO - 2024-04-23 13:54:11 --> Session: Class initialized using 'CodeIgniter\Session\Handlers\FileHandler' driver.
CRITICAL - 2024-04-23 13:54:11 --> ParseError: syntax error, unexpected token "="
in APPPATH\Models\WorkpaperModel.php on line 50.
 1 SYSTEMPATH\Autoloader\Autoloader.php(288): CodeIgniter\Autoloader\Autoloader->includeFile('D:\\dhay\\xampp\\htdocs\\jblas\\app\\Models\\WorkpaperModel.php')
 2 SYSTEMPATH\Autoloader\Autoloader.php(266): CodeIgniter\Autoloader\Autoloader->loadInNamespace('App\\Models\\WorkpaperModel')
 3 APPPATH\Controllers\WorkpaperController.php(22): CodeIgniter\Autoloader\Autoloader->loadClass('App\\Models\\WorkpaperModel')
 4 SYSTEMPATH\CodeIgniter.php(913): App\Controllers\WorkpaperController->__construct()
 5 SYSTEMPATH\CodeIgniter.php(493): CodeIgniter\CodeIgniter->createController()
 6 SYSTEMPATH\CodeIgniter.php(361): CodeIgniter\CodeIgniter->handleRequest(null, Object(Config\Cache), false)
 7 FCPATH\index.php(84): CodeIgniter\CodeIgniter->run()
INFO - 2024-04-23 13:54:31 --> Session: Class initialized using 'CodeIgniter\Session\Handlers\FileHandler' driver.
INFO - 2024-04-23 13:54:57 --> Session: Class initialized using 'CodeIgniter\Session\Handlers\FileHandler' driver.
INFO - 2024-04-23 13:56:25 --> Session: Class initialized using 'CodeIgniter\Session\Handlers\FileHandler' driver.
INFO - 2024-04-23 13:56:59 --> Session: Class initialized using 'CodeIgniter\Session\Handlers\FileHandler' driver.
INFO - 2024-04-23 13:58:05 --> Session: Class initialized using 'CodeIgniter\Session\Handlers\FileHandler' driver.
INFO - 2024-04-23 13:58:06 --> Session: Class initialized using 'CodeIgniter\Session\Handlers\FileHandler' driver.
INFO - 2024-04-23 13:58:07 --> Session: Class initialized using 'CodeIgniter\Session\Handlers\FileHandler' driver.
INFO - 2024-04-23 13:58:36 --> Session: Class initialized using 'CodeIgniter\Session\Handlers\FileHandler' driver.
INFO - 2024-04-23 13:59:07 --> Session: Class initialized using 'CodeIgniter\Session\Handlers\FileHandler' driver.
INFO - 2024-04-23 13:59:09 --> Session: Class initialized using 'CodeIgniter\Session\Handlers\FileHandler' driver.
INFO - 2024-04-23 13:59:32 --> Session: Class initialized using 'CodeIgniter\Session\Handlers\FileHandler' driver.
INFO - 2024-04-23 13:59:41 --> Session: Class initialized using 'CodeIgniter\Session\Handlers\FileHandler' driver.
INFO - 2024-04-23 13:59:53 --> Session: Class initialized using 'CodeIgniter\Session\Handlers\FileHandler' driver.
INFO - 2024-04-23 14:00:02 --> Session: Class initialized using 'CodeIgniter\Session\Handlers\FileHandler' driver.
INFO - 2024-04-23 14:00:09 --> Session: Class initialized using 'CodeIgniter\Session\Handlers\FileHandler' driver.
INFO - 2024-04-23 14:00:19 --> Session: Class initialized using 'CodeIgniter\Session\Handlers\FileHandler' driver.
INFO - 2024-04-23 14:00:40 --> Session: Class initialized using 'CodeIgniter\Session\Handlers\FileHandler' driver.
INFO - 2024-04-23 14:03:35 --> Session: Class initialized using 'CodeIgniter\Session\Handlers\FileHandler' driver.
INFO - 2024-04-23 14:08:40 --> Session: Class initialized using 'CodeIgniter\Session\Handlers\FileHandler' driver.
INFO - 2024-04-23 14:09:31 --> Session: Class initialized using 'CodeIgniter\Session\Handlers\FileHandler' driver.
INFO - 2024-04-23 14:11:13 --> Session: Class initialized using 'CodeIgniter\Session\Handlers\FileHandler' driver.
INFO - 2024-04-23 14:11:53 --> Session: Class initialized using 'CodeIgniter\Session\Handlers\FileHandler' driver.
