INFO - 2024-08-22 18:26:33 --> Session: Class initialized using 'CodeIgniter\Session\Handlers\FileHandler' driver.
INFO - 2024-08-22 18:26:34 --> Session: Class initialized using 'CodeIgniter\Session\Handlers\FileHandler' driver.
INFO - 2024-08-22 18:26:35 --> Session: Class initialized using 'CodeIgniter\Session\Handlers\FileHandler' driver.
INFO - 2024-08-22 18:26:44 --> Session: Class initialized using 'CodeIgniter\Session\Handlers\FileHandler' driver.
INFO - 2024-08-22 18:26:44 --> Session: Class initialized using 'CodeIgniter\Session\Handlers\FileHandler' driver.
INFO - 2024-08-22 18:26:49 --> Session: Class initialized using 'CodeIgniter\Session\Handlers\FileHandler' driver.
INFO - 2024-08-22 18:26:53 --> Session: Class initialized using 'CodeIgniter\Session\Handlers\FileHandler' driver.
CRITICAL - 2024-08-22 18:26:54 --> ValueError: imagecreatefromjpeg(): Argument #1 ($filename) must not contain any null bytes
in APPPATH/Libraries/tcpdf/tcpdf.php on line 7149.
 1 APPPATH/Libraries/tcpdf/tcpdf.php(7149): imagecreatefromjpeg()
 2 APPPATH/Views/workpaper/Report.php(11001): TCPDF->Image()
 3 SYSTEMPATH/View/View.php(228): include('/home/q05wyrnxw9oo/testapplaud.buildappminds.com/app/Views/workpaper/Report.php')
 4 SYSTEMPATH/View/View.php(231): CodeIgniter\View\View->CodeIgniter\View\{closure}()
 5 SYSTEMPATH/Common.php(1178): CodeIgniter\View\View->render()
 6 APPPATH/Controllers/ReportController.php(99): view()
 7 SYSTEMPATH/CodeIgniter.php(941): App\Controllers\ReportController->generatepdf()
 8 SYSTEMPATH/CodeIgniter.php(502): CodeIgniter\CodeIgniter->runController()
 9 SYSTEMPATH/CodeIgniter.php(361): CodeIgniter\CodeIgniter->handleRequest()
10 FCPATH/index.php(84): CodeIgniter\CodeIgniter->run()
INFO - 2024-08-22 18:29:54 --> Session: Class initialized using 'CodeIgniter\Session\Handlers\FileHandler' driver.
INFO - 2024-08-22 18:38:45 --> Session: Class initialized using 'CodeIgniter\Session\Handlers\FileHandler' driver.
INFO - 2024-08-22 18:40:50 --> Session: Class initialized using 'CodeIgniter\Session\Handlers\FileHandler' driver.
CRITICAL - 2024-08-22 18:40:50 --> Error: Class "FPDI" not found
in APPPATH/Views/workpaper/Report.php on line 10976.
 1 SYSTEMPATH/View/View.php(228): include()
 2 SYSTEMPATH/View/View.php(231): CodeIgniter\View\View->CodeIgniter\View\{closure}()
 3 SYSTEMPATH/Common.php(1178): CodeIgniter\View\View->render()
 4 APPPATH/Controllers/ReportController.php(99): view()
 5 SYSTEMPATH/CodeIgniter.php(941): App\Controllers\ReportController->generatepdf()
 6 SYSTEMPATH/CodeIgniter.php(502): CodeIgniter\CodeIgniter->runController()
 7 SYSTEMPATH/CodeIgniter.php(361): CodeIgniter\CodeIgniter->handleRequest()
 8 FCPATH/index.php(84): CodeIgniter\CodeIgniter->run()
INFO - 2024-08-22 18:41:01 --> Session: Class initialized using 'CodeIgniter\Session\Handlers\FileHandler' driver.
CRITICAL - 2024-08-22 18:41:01 --> Error: Class "Fpdi" not found
in APPPATH/Views/workpaper/Report.php on line 10976.
 1 SYSTEMPATH/View/View.php(228): include()
 2 SYSTEMPATH/View/View.php(231): CodeIgniter\View\View->CodeIgniter\View\{closure}()
 3 SYSTEMPATH/Common.php(1178): CodeIgniter\View\View->render()
 4 APPPATH/Controllers/ReportController.php(99): view()
 5 SYSTEMPATH/CodeIgniter.php(941): App\Controllers\ReportController->generatepdf()
 6 SYSTEMPATH/CodeIgniter.php(502): CodeIgniter\CodeIgniter->runController()
 7 SYSTEMPATH/CodeIgniter.php(361): CodeIgniter\CodeIgniter->handleRequest()
 8 FCPATH/index.php(84): CodeIgniter\CodeIgniter->run()
INFO - 2024-08-22 18:41:40 --> Session: Class initialized using 'CodeIgniter\Session\Handlers\FileHandler' driver.
CRITICAL - 2024-08-22 18:41:40 --> ErrorException: fopen(/path/to/your/file.pdf): Failed to open stream: No such file or directory
in VENDORPATH/setasign/fpdi/src/PdfParser/StreamReader.php on line 42.
 1 [internal function]: CodeIgniter\Debug\Exceptions->errorHandler()
 2 VENDORPATH/setasign/fpdi/src/PdfParser/StreamReader.php(42): fopen()
 3 VENDORPATH/setasign/fpdi/src/FpdiTrait.php(177): setasign\Fpdi\PdfParser\StreamReader::createByFile()
 4 VENDORPATH/setasign/fpdi/src/FpdiTrait.php(233): setasign\Fpdi\Tcpdf\Fpdi->getPdfReaderId()
 5 VENDORPATH/setasign/fpdi/src/FpdiTrait.php(216): setasign\Fpdi\Tcpdf\Fpdi->setSourceFileWithParserParams()
 6 APPPATH/Views/workpaper/Report.php(10980): setasign\Fpdi\Tcpdf\Fpdi->setSourceFile()
 7 SYSTEMPATH/View/View.php(228): include('/home/q05wyrnxw9oo/testapplaud.buildappminds.com/app/Views/workpaper/Report.php')
 8 SYSTEMPATH/View/View.php(231): CodeIgniter\View\View->CodeIgniter\View\{closure}()
 9 SYSTEMPATH/Common.php(1178): CodeIgniter\View\View->render()
10 APPPATH/Controllers/ReportController.php(99): view()
11 SYSTEMPATH/CodeIgniter.php(941): App\Controllers\ReportController->generatepdf()
12 SYSTEMPATH/CodeIgniter.php(502): CodeIgniter\CodeIgniter->runController()
13 SYSTEMPATH/CodeIgniter.php(361): CodeIgniter\CodeIgniter->handleRequest()
14 FCPATH/index.php(84): CodeIgniter\CodeIgniter->run()
INFO - 2024-08-22 18:42:04 --> Session: Class initialized using 'CodeIgniter\Session\Handlers\FileHandler' driver.
CRITICAL - 2024-08-22 18:42:04 --> InvalidArgumentException: Given stream is not seekable!
in VENDORPATH/setasign/fpdi/src/PdfParser/StreamReader.php on line 111.
 1 VENDORPATH/setasign/fpdi/src/PdfParser/StreamReader.php(43): setasign\Fpdi\PdfParser\StreamReader->__construct()
 2 VENDORPATH/setasign/fpdi/src/FpdiTrait.php(177): setasign\Fpdi\PdfParser\StreamReader::createByFile()
 3 VENDORPATH/setasign/fpdi/src/FpdiTrait.php(233): setasign\Fpdi\Tcpdf\Fpdi->getPdfReaderId()
 4 VENDORPATH/setasign/fpdi/src/FpdiTrait.php(216): setasign\Fpdi\Tcpdf\Fpdi->setSourceFileWithParserParams()
 5 APPPATH/Views/workpaper/Report.php(10980): setasign\Fpdi\Tcpdf\Fpdi->setSourceFile()
 6 SYSTEMPATH/View/View.php(228): include('/home/q05wyrnxw9oo/testapplaud.buildappminds.com/app/Views/workpaper/Report.php')
 7 SYSTEMPATH/View/View.php(231): CodeIgniter\View\View->CodeIgniter\View\{closure}()
 8 SYSTEMPATH/Common.php(1178): CodeIgniter\View\View->render()
 9 APPPATH/Controllers/ReportController.php(99): view()
10 SYSTEMPATH/CodeIgniter.php(941): App\Controllers\ReportController->generatepdf()
11 SYSTEMPATH/CodeIgniter.php(502): CodeIgniter\CodeIgniter->runController()
12 SYSTEMPATH/CodeIgniter.php(361): CodeIgniter\CodeIgniter->handleRequest()
13 FCPATH/index.php(84): CodeIgniter\CodeIgniter->run()
INFO - 2024-08-22 18:43:11 --> Session: Class initialized using 'CodeIgniter\Session\Handlers\FileHandler' driver.
INFO - 2024-08-22 18:43:46 --> Session: Class initialized using 'CodeIgniter\Session\Handlers\FileHandler' driver.
INFO - 2024-08-22 18:45:25 --> Session: Class initialized using 'CodeIgniter\Session\Handlers\FileHandler' driver.
CRITICAL - 2024-08-22 18:45:25 --> ErrorException: fopen(/home/q05wyrnxw9oo/testapplaud.buildappminds.com/uploads/pdf/wp/1/4/Doc1.pdf): Failed to open stream: No such file or directory
in VENDORPATH/setasign/fpdi/src/PdfParser/StreamReader.php on line 42.
 1 [internal function]: CodeIgniter\Debug\Exceptions->errorHandler()
 2 VENDORPATH/setasign/fpdi/src/PdfParser/StreamReader.php(42): fopen()
 3 VENDORPATH/setasign/fpdi/src/FpdiTrait.php(177): setasign\Fpdi\PdfParser\StreamReader::createByFile()
 4 VENDORPATH/setasign/fpdi/src/FpdiTrait.php(233): setasign\Fpdi\Tcpdf\Fpdi->getPdfReaderId()
 5 VENDORPATH/setasign/fpdi/src/FpdiTrait.php(216): setasign\Fpdi\Tcpdf\Fpdi->setSourceFileWithParserParams()
 6 APPPATH/Views/workpaper/Report.php(10979): setasign\Fpdi\Tcpdf\Fpdi->setSourceFile()
 7 SYSTEMPATH/View/View.php(228): include('/home/q05wyrnxw9oo/testapplaud.buildappminds.com/app/Views/workpaper/Report.php')
 8 SYSTEMPATH/View/View.php(231): CodeIgniter\View\View->CodeIgniter\View\{closure}()
 9 SYSTEMPATH/Common.php(1178): CodeIgniter\View\View->render()
10 APPPATH/Controllers/ReportController.php(99): view()
11 SYSTEMPATH/CodeIgniter.php(941): App\Controllers\ReportController->generatepdf()
12 SYSTEMPATH/CodeIgniter.php(502): CodeIgniter\CodeIgniter->runController()
13 SYSTEMPATH/CodeIgniter.php(361): CodeIgniter\CodeIgniter->handleRequest()
14 FCPATH/index.php(84): CodeIgniter\CodeIgniter->run()
INFO - 2024-08-22 18:46:33 --> Session: Class initialized using 'CodeIgniter\Session\Handlers\FileHandler' driver.
INFO - 2024-08-22 18:47:08 --> Session: Class initialized using 'CodeIgniter\Session\Handlers\FileHandler' driver.
