INFO - 2024-09-13 10:00:29 --> Session: Class initialized using 'CodeIgniter\Session\Handlers\FileHandler' driver.
WARNING - 2024-09-13 10:00:29 --> [DEPRECATED] mb_substr(): Passing null to parameter #1 ($string) of type string is deprecated in SYSTEMPATH/Encryption/Handlers/BaseHandler.php on line 48.
 1 SYSTEMPATH/Encryption/Handlers/BaseHandler.php(48): mb_substr(null, 0, 128, '8bit')
 2 SYSTEMPATH/Encryption/Handlers/OpenSSLHandler.php(134): CodeIgniter\Encryption\Handlers\BaseHandler::substr(null, 0, 128)
 3 APPPATH/Models/AuthModel.php(104): CodeIgniter\Encryption\Handlers\OpenSSLHandler->decrypt(null)
 4 APPPATH/Filters/Client_sd.php(22): App\Models\AuthModel->getUserAccess()
 5 SYSTEMPATH/Filters/Filters.php(182): App\Filters\Client_sd->before(Object(CodeIgniter\HTTP\IncomingRequest), null)
 6 SYSTEMPATH/CodeIgniter.php(474): CodeIgniter\Filters\Filters->run('auditsystem/client/chapter3/setvalues/3.7%20Aa7/f6d163f10c38c20fc556c5bc6f7687452b7881be05b74cf3a1b561134c272c1936d80c5cdaf416ba1b69e4296b0fcebf6b154adc9286e453c0c5fbbf99b163c5D1CPVugajwMGsgD$4uBbEfBP/b23893e5bf8e164ec39f63f6081b7a04ffb40f1b0b1c432b27aaef9254e5b54e77a354b8a5c2b5010468d0a714f6a70a6bf99097ac3b70a93ac4a354e73a8453S~IyCS8AnenBQEq7OtPUxUg=/DJ%20metal%20works%20-%20Bbbbb', 'before')
 7 SYSTEMPATH/CodeIgniter.php(361): CodeIgniter\CodeIgniter->handleRequest(null, Object(Config\Cache), false)
 8 FCPATH/index.php(84): CodeIgniter\CodeIgniter->run()
WARNING - 2024-09-13 10:00:29 --> [DEPRECATED] mb_substr(): Passing null to parameter #1 ($string) of type string is deprecated in SYSTEMPATH/Encryption/Handlers/BaseHandler.php on line 48.
 1 SYSTEMPATH/Encryption/Handlers/BaseHandler.php(48): mb_substr(null, 128, null, '8bit')
 2 SYSTEMPATH/Encryption/Handlers/OpenSSLHandler.php(135): CodeIgniter\Encryption\Handlers\BaseHandler::substr(null, 128)
 3 APPPATH/Models/AuthModel.php(104): CodeIgniter\Encryption\Handlers\OpenSSLHandler->decrypt(null)
 4 APPPATH/Filters/Client_sd.php(22): App\Models\AuthModel->getUserAccess()
 5 SYSTEMPATH/Filters/Filters.php(182): App\Filters\Client_sd->before(Object(CodeIgniter\HTTP\IncomingRequest), null)
 6 SYSTEMPATH/CodeIgniter.php(474): CodeIgniter\Filters\Filters->run('auditsystem/client/chapter3/setvalues/3.7%20Aa7/f6d163f10c38c20fc556c5bc6f7687452b7881be05b74cf3a1b561134c272c1936d80c5cdaf416ba1b69e4296b0fcebf6b154adc9286e453c0c5fbbf99b163c5D1CPVugajwMGsgD$4uBbEfBP/b23893e5bf8e164ec39f63f6081b7a04ffb40f1b0b1c432b27aaef9254e5b54e77a354b8a5c2b5010468d0a714f6a70a6bf99097ac3b70a93ac4a354e73a8453S~IyCS8AnenBQEq7OtPUxUg=/DJ%20metal%20works%20-%20Bbbbb', 'before')
 7 SYSTEMPATH/CodeIgniter.php(361): CodeIgniter\CodeIgniter->handleRequest(null, Object(Config\Cache), false)
 8 FCPATH/index.php(84): CodeIgniter\CodeIgniter->run()
CRITICAL - 2024-09-13 10:00:29 --> CodeIgniter\Encryption\Exceptions\EncryptionException: Decrypting: authentication failed.
in SYSTEMPATH/Encryption/Handlers/OpenSSLHandler.php on line 139.
 1 SYSTEMPATH/Encryption/Handlers/OpenSSLHandler.php(139): CodeIgniter\Encryption\Exceptions\EncryptionException::forAuthenticationFailed()
 2 APPPATH/Models/AuthModel.php(104): CodeIgniter\Encryption\Handlers\OpenSSLHandler->decrypt()
 3 APPPATH/Filters/Client_sd.php(22): App\Models\AuthModel->getUserAccess()
 4 SYSTEMPATH/Filters/Filters.php(182): App\Filters\Client_sd->before()
 5 SYSTEMPATH/CodeIgniter.php(474): CodeIgniter\Filters\Filters->run()
 6 SYSTEMPATH/CodeIgniter.php(361): CodeIgniter\CodeIgniter->handleRequest()
 7 FCPATH/index.php(84): CodeIgniter\CodeIgniter->run()
INFO - 2024-09-13 10:00:31 --> Session: Class initialized using 'CodeIgniter\Session\Handlers\FileHandler' driver.
WARNING - 2024-09-13 10:00:31 --> [DEPRECATED] mb_substr(): Passing null to parameter #1 ($string) of type string is deprecated in SYSTEMPATH/Encryption/Handlers/BaseHandler.php on line 48.
 1 SYSTEMPATH/Encryption/Handlers/BaseHandler.php(48): mb_substr(null, 0, 128, '8bit')
 2 SYSTEMPATH/Encryption/Handlers/OpenSSLHandler.php(134): CodeIgniter\Encryption\Handlers\BaseHandler::substr(null, 0, 128)
 3 APPPATH/Models/AuthModel.php(104): CodeIgniter\Encryption\Handlers\OpenSSLHandler->decrypt(null)
 4 APPPATH/Filters/Client_sd.php(22): App\Models\AuthModel->getUserAccess()
 5 SYSTEMPATH/Filters/Filters.php(182): App\Filters\Client_sd->before(Object(CodeIgniter\HTTP\IncomingRequest), null)
 6 SYSTEMPATH/CodeIgniter.php(474): CodeIgniter\Filters\Filters->run('auditsystem/client/getfiles/b23893e5bf8e164ec39f63f6081b7a04ffb40f1b0b1c432b27aaef9254e5b54e77a354b8a5c2b5010468d0a714f6a70a6bf99097ac3b70a93ac4a354e73a8453S~IyCS8AnenBQEq7OtPUxUg=/DJ%20metal%20works%20-%20Bbbbb', 'before')
 7 SYSTEMPATH/CodeIgniter.php(361): CodeIgniter\CodeIgniter->handleRequest(null, Object(Config\Cache), false)
 8 FCPATH/index.php(84): CodeIgniter\CodeIgniter->run()
WARNING - 2024-09-13 10:00:31 --> [DEPRECATED] mb_substr(): Passing null to parameter #1 ($string) of type string is deprecated in SYSTEMPATH/Encryption/Handlers/BaseHandler.php on line 48.
 1 SYSTEMPATH/Encryption/Handlers/BaseHandler.php(48): mb_substr(null, 128, null, '8bit')
 2 SYSTEMPATH/Encryption/Handlers/OpenSSLHandler.php(135): CodeIgniter\Encryption\Handlers\BaseHandler::substr(null, 128)
 3 APPPATH/Models/AuthModel.php(104): CodeIgniter\Encryption\Handlers\OpenSSLHandler->decrypt(null)
 4 APPPATH/Filters/Client_sd.php(22): App\Models\AuthModel->getUserAccess()
 5 SYSTEMPATH/Filters/Filters.php(182): App\Filters\Client_sd->before(Object(CodeIgniter\HTTP\IncomingRequest), null)
 6 SYSTEMPATH/CodeIgniter.php(474): CodeIgniter\Filters\Filters->run('auditsystem/client/getfiles/b23893e5bf8e164ec39f63f6081b7a04ffb40f1b0b1c432b27aaef9254e5b54e77a354b8a5c2b5010468d0a714f6a70a6bf99097ac3b70a93ac4a354e73a8453S~IyCS8AnenBQEq7OtPUxUg=/DJ%20metal%20works%20-%20Bbbbb', 'before')
 7 SYSTEMPATH/CodeIgniter.php(361): CodeIgniter\CodeIgniter->handleRequest(null, Object(Config\Cache), false)
 8 FCPATH/index.php(84): CodeIgniter\CodeIgniter->run()
CRITICAL - 2024-09-13 10:00:31 --> CodeIgniter\Encryption\Exceptions\EncryptionException: Decrypting: authentication failed.
in SYSTEMPATH/Encryption/Handlers/OpenSSLHandler.php on line 139.
 1 SYSTEMPATH/Encryption/Handlers/OpenSSLHandler.php(139): CodeIgniter\Encryption\Exceptions\EncryptionException::forAuthenticationFailed()
 2 APPPATH/Models/AuthModel.php(104): CodeIgniter\Encryption\Handlers\OpenSSLHandler->decrypt()
 3 APPPATH/Filters/Client_sd.php(22): App\Models\AuthModel->getUserAccess()
 4 SYSTEMPATH/Filters/Filters.php(182): App\Filters\Client_sd->before()
 5 SYSTEMPATH/CodeIgniter.php(474): CodeIgniter\Filters\Filters->run()
 6 SYSTEMPATH/CodeIgniter.php(361): CodeIgniter\CodeIgniter->handleRequest()
 7 FCPATH/index.php(84): CodeIgniter\CodeIgniter->run()
INFO - 2024-09-13 10:38:34 --> Session: Class initialized using 'CodeIgniter\Session\Handlers\FileHandler' driver.
WARNING - 2024-09-13 10:38:34 --> [DEPRECATED] mb_substr(): Passing null to parameter #1 ($string) of type string is deprecated in SYSTEMPATH/Encryption/Handlers/BaseHandler.php on line 48.
 1 SYSTEMPATH/Encryption/Handlers/BaseHandler.php(48): mb_substr(null, 0, 128, '8bit')
 2 SYSTEMPATH/Encryption/Handlers/OpenSSLHandler.php(134): CodeIgniter\Encryption\Handlers\BaseHandler::substr(null, 0, 128)
 3 APPPATH/Models/AuthModel.php(104): CodeIgniter\Encryption\Handlers\OpenSSLHandler->decrypt(null)
 4 APPPATH/Filters/Client_sd.php(22): App\Models\AuthModel->getUserAccess()
 5 SYSTEMPATH/Filters/Filters.php(182): App\Filters\Client_sd->before(Object(CodeIgniter\HTTP\IncomingRequest), null)
 6 SYSTEMPATH/CodeIgniter.php(474): CodeIgniter\Filters\Filters->run('auditsystem/client/set', 'before')
 7 SYSTEMPATH/CodeIgniter.php(361): CodeIgniter\CodeIgniter->handleRequest(null, Object(Config\Cache), false)
 8 FCPATH/index.php(84): CodeIgniter\CodeIgniter->run()
WARNING - 2024-09-13 10:38:34 --> [DEPRECATED] mb_substr(): Passing null to parameter #1 ($string) of type string is deprecated in SYSTEMPATH/Encryption/Handlers/BaseHandler.php on line 48.
 1 SYSTEMPATH/Encryption/Handlers/BaseHandler.php(48): mb_substr(null, 128, null, '8bit')
 2 SYSTEMPATH/Encryption/Handlers/OpenSSLHandler.php(135): CodeIgniter\Encryption\Handlers\BaseHandler::substr(null, 128)
 3 APPPATH/Models/AuthModel.php(104): CodeIgniter\Encryption\Handlers\OpenSSLHandler->decrypt(null)
 4 APPPATH/Filters/Client_sd.php(22): App\Models\AuthModel->getUserAccess()
 5 SYSTEMPATH/Filters/Filters.php(182): App\Filters\Client_sd->before(Object(CodeIgniter\HTTP\IncomingRequest), null)
 6 SYSTEMPATH/CodeIgniter.php(474): CodeIgniter\Filters\Filters->run('auditsystem/client/set', 'before')
 7 SYSTEMPATH/CodeIgniter.php(361): CodeIgniter\CodeIgniter->handleRequest(null, Object(Config\Cache), false)
 8 FCPATH/index.php(84): CodeIgniter\CodeIgniter->run()
CRITICAL - 2024-09-13 10:38:34 --> CodeIgniter\Encryption\Exceptions\EncryptionException: Decrypting: authentication failed.
in SYSTEMPATH/Encryption/Handlers/OpenSSLHandler.php on line 139.
 1 SYSTEMPATH/Encryption/Handlers/OpenSSLHandler.php(139): CodeIgniter\Encryption\Exceptions\EncryptionException::forAuthenticationFailed()
 2 APPPATH/Models/AuthModel.php(104): CodeIgniter\Encryption\Handlers\OpenSSLHandler->decrypt()
 3 APPPATH/Filters/Client_sd.php(22): App\Models\AuthModel->getUserAccess()
 4 SYSTEMPATH/Filters/Filters.php(182): App\Filters\Client_sd->before()
 5 SYSTEMPATH/CodeIgniter.php(474): CodeIgniter\Filters\Filters->run()
 6 SYSTEMPATH/CodeIgniter.php(361): CodeIgniter\CodeIgniter->handleRequest()
 7 FCPATH/index.php(84): CodeIgniter\CodeIgniter->run()
INFO - 2024-09-13 10:38:36 --> Session: Class initialized using 'CodeIgniter\Session\Handlers\FileHandler' driver.
WARNING - 2024-09-13 10:38:36 --> [DEPRECATED] mb_substr(): Passing null to parameter #1 ($string) of type string is deprecated in SYSTEMPATH/Encryption/Handlers/BaseHandler.php on line 48.
 1 SYSTEMPATH/Encryption/Handlers/BaseHandler.php(48): mb_substr(null, 0, 128, '8bit')
 2 SYSTEMPATH/Encryption/Handlers/OpenSSLHandler.php(134): CodeIgniter\Encryption\Handlers\BaseHandler::substr(null, 0, 128)
 3 APPPATH/Models/AuthModel.php(104): CodeIgniter\Encryption\Handlers\OpenSSLHandler->decrypt(null)
 4 APPPATH/Filters/Client_sd.php(22): App\Models\AuthModel->getUserAccess()
 5 SYSTEMPATH/Filters/Filters.php(182): App\Filters\Client_sd->before(Object(CodeIgniter\HTTP\IncomingRequest), null)
 6 SYSTEMPATH/CodeIgniter.php(474): CodeIgniter\Filters\Filters->run('auditsystem/client/set', 'before')
 7 SYSTEMPATH/CodeIgniter.php(361): CodeIgniter\CodeIgniter->handleRequest(null, Object(Config\Cache), false)
 8 FCPATH/index.php(84): CodeIgniter\CodeIgniter->run()
WARNING - 2024-09-13 10:38:36 --> [DEPRECATED] mb_substr(): Passing null to parameter #1 ($string) of type string is deprecated in SYSTEMPATH/Encryption/Handlers/BaseHandler.php on line 48.
 1 SYSTEMPATH/Encryption/Handlers/BaseHandler.php(48): mb_substr(null, 128, null, '8bit')
 2 SYSTEMPATH/Encryption/Handlers/OpenSSLHandler.php(135): CodeIgniter\Encryption\Handlers\BaseHandler::substr(null, 128)
 3 APPPATH/Models/AuthModel.php(104): CodeIgniter\Encryption\Handlers\OpenSSLHandler->decrypt(null)
 4 APPPATH/Filters/Client_sd.php(22): App\Models\AuthModel->getUserAccess()
 5 SYSTEMPATH/Filters/Filters.php(182): App\Filters\Client_sd->before(Object(CodeIgniter\HTTP\IncomingRequest), null)
 6 SYSTEMPATH/CodeIgniter.php(474): CodeIgniter\Filters\Filters->run('auditsystem/client/set', 'before')
 7 SYSTEMPATH/CodeIgniter.php(361): CodeIgniter\CodeIgniter->handleRequest(null, Object(Config\Cache), false)
 8 FCPATH/index.php(84): CodeIgniter\CodeIgniter->run()
CRITICAL - 2024-09-13 10:38:36 --> CodeIgniter\Encryption\Exceptions\EncryptionException: Decrypting: authentication failed.
in SYSTEMPATH/Encryption/Handlers/OpenSSLHandler.php on line 139.
 1 SYSTEMPATH/Encryption/Handlers/OpenSSLHandler.php(139): CodeIgniter\Encryption\Exceptions\EncryptionException::forAuthenticationFailed()
 2 APPPATH/Models/AuthModel.php(104): CodeIgniter\Encryption\Handlers\OpenSSLHandler->decrypt()
 3 APPPATH/Filters/Client_sd.php(22): App\Models\AuthModel->getUserAccess()
 4 SYSTEMPATH/Filters/Filters.php(182): App\Filters\Client_sd->before()
 5 SYSTEMPATH/CodeIgniter.php(474): CodeIgniter\Filters\Filters->run()
 6 SYSTEMPATH/CodeIgniter.php(361): CodeIgniter\CodeIgniter->handleRequest()
 7 FCPATH/index.php(84): CodeIgniter\CodeIgniter->run()
INFO - 2024-09-13 10:38:38 --> Session: Class initialized using 'CodeIgniter\Session\Handlers\FileHandler' driver.
WARNING - 2024-09-13 10:38:38 --> [DEPRECATED] mb_substr(): Passing null to parameter #1 ($string) of type string is deprecated in SYSTEMPATH/Encryption/Handlers/BaseHandler.php on line 48.
 1 SYSTEMPATH/Encryption/Handlers/BaseHandler.php(48): mb_substr(null, 0, 128, '8bit')
 2 SYSTEMPATH/Encryption/Handlers/OpenSSLHandler.php(134): CodeIgniter\Encryption\Handlers\BaseHandler::substr(null, 0, 128)
 3 APPPATH/Models/AuthModel.php(104): CodeIgniter\Encryption\Handlers\OpenSSLHandler->decrypt(null)
 4 APPPATH/Filters/Client_cl.php(23): App\Models\AuthModel->getUserAccess()
 5 SYSTEMPATH/Filters/Filters.php(182): App\Filters\Client_cl->before(Object(CodeIgniter\HTTP\IncomingRequest), null)
 6 SYSTEMPATH/CodeIgniter.php(474): CodeIgniter\Filters\Filters->run('auditsystem/client', 'before')
 7 SYSTEMPATH/CodeIgniter.php(361): CodeIgniter\CodeIgniter->handleRequest(null, Object(Config\Cache), false)
 8 FCPATH/index.php(84): CodeIgniter\CodeIgniter->run()
WARNING - 2024-09-13 10:38:38 --> [DEPRECATED] mb_substr(): Passing null to parameter #1 ($string) of type string is deprecated in SYSTEMPATH/Encryption/Handlers/BaseHandler.php on line 48.
 1 SYSTEMPATH/Encryption/Handlers/BaseHandler.php(48): mb_substr(null, 128, null, '8bit')
 2 SYSTEMPATH/Encryption/Handlers/OpenSSLHandler.php(135): CodeIgniter\Encryption\Handlers\BaseHandler::substr(null, 128)
 3 APPPATH/Models/AuthModel.php(104): CodeIgniter\Encryption\Handlers\OpenSSLHandler->decrypt(null)
 4 APPPATH/Filters/Client_cl.php(23): App\Models\AuthModel->getUserAccess()
 5 SYSTEMPATH/Filters/Filters.php(182): App\Filters\Client_cl->before(Object(CodeIgniter\HTTP\IncomingRequest), null)
 6 SYSTEMPATH/CodeIgniter.php(474): CodeIgniter\Filters\Filters->run('auditsystem/client', 'before')
 7 SYSTEMPATH/CodeIgniter.php(361): CodeIgniter\CodeIgniter->handleRequest(null, Object(Config\Cache), false)
 8 FCPATH/index.php(84): CodeIgniter\CodeIgniter->run()
CRITICAL - 2024-09-13 10:38:38 --> CodeIgniter\Encryption\Exceptions\EncryptionException: Decrypting: authentication failed.
in SYSTEMPATH/Encryption/Handlers/OpenSSLHandler.php on line 139.
 1 SYSTEMPATH/Encryption/Handlers/OpenSSLHandler.php(139): CodeIgniter\Encryption\Exceptions\EncryptionException::forAuthenticationFailed()
 2 APPPATH/Models/AuthModel.php(104): CodeIgniter\Encryption\Handlers\OpenSSLHandler->decrypt()
 3 APPPATH/Filters/Client_cl.php(23): App\Models\AuthModel->getUserAccess()
 4 SYSTEMPATH/Filters/Filters.php(182): App\Filters\Client_cl->before()
 5 SYSTEMPATH/CodeIgniter.php(474): CodeIgniter\Filters\Filters->run()
 6 SYSTEMPATH/CodeIgniter.php(361): CodeIgniter\CodeIgniter->handleRequest()
 7 FCPATH/index.php(84): CodeIgniter\CodeIgniter->run()
INFO - 2024-09-13 10:38:39 --> Session: Class initialized using 'CodeIgniter\Session\Handlers\FileHandler' driver.
INFO - 2024-09-13 10:38:39 --> Session: Class initialized using 'CodeIgniter\Session\Handlers\FileHandler' driver.
INFO - 2024-09-13 10:38:40 --> Session: Class initialized using 'CodeIgniter\Session\Handlers\FileHandler' driver.
INFO - 2024-09-13 10:38:59 --> Session: Class initialized using 'CodeIgniter\Session\Handlers\FileHandler' driver.
INFO - 2024-09-13 10:38:59 --> Session: Class initialized using 'CodeIgniter\Session\Handlers\FileHandler' driver.
INFO - 2024-09-13 10:48:52 --> Session: Class initialized using 'CodeIgniter\Session\Handlers\FileHandler' driver.
INFO - 2024-09-13 10:49:00 --> Session: Class initialized using 'CodeIgniter\Session\Handlers\FileHandler' driver.
INFO - 2024-09-13 10:49:03 --> Session: Class initialized using 'CodeIgniter\Session\Handlers\FileHandler' driver.
INFO - 2024-09-13 10:49:05 --> Session: Class initialized using 'CodeIgniter\Session\Handlers\FileHandler' driver.
CRITICAL - 2024-09-13 10:49:05 --> CodeIgniter\Encryption\Exceptions\EncryptionException: Decrypting: authentication failed.
in SYSTEMPATH/Encryption/Handlers/OpenSSLHandler.php on line 139.
 1 SYSTEMPATH/Encryption/Handlers/OpenSSLHandler.php(139): CodeIgniter\Encryption\Exceptions\EncryptionException::forAuthenticationFailed()
 2 APPPATH/Controllers/ClientController.php(56): CodeIgniter\Encryption\Handlers\OpenSSLHandler->decrypt()
 3 SYSTEMPATH/CodeIgniter.php(941): App\Controllers\ClientController->getdefaultfiles()
 4 SYSTEMPATH/CodeIgniter.php(502): CodeIgniter\CodeIgniter->runController()
 5 SYSTEMPATH/CodeIgniter.php(361): CodeIgniter\CodeIgniter->handleRequest()
 6 FCPATH/index.php(84): CodeIgniter\CodeIgniter->run()
INFO - 2024-09-13 10:49:05 --> Session: Class initialized using 'CodeIgniter\Session\Handlers\FileHandler' driver.
INFO - 2024-09-13 10:49:12 --> Session: Class initialized using 'CodeIgniter\Session\Handlers\FileHandler' driver.
INFO - 2024-09-13 10:51:26 --> Session: Class initialized using 'CodeIgniter\Session\Handlers\FileHandler' driver.
INFO - 2024-09-13 10:51:34 --> Session: Class initialized using 'CodeIgniter\Session\Handlers\FileHandler' driver.
INFO - 2024-09-13 10:51:34 --> Session: Class initialized using 'CodeIgniter\Session\Handlers\FileHandler' driver.
INFO - 2024-09-13 10:52:14 --> Session: Class initialized using 'CodeIgniter\Session\Handlers\FileHandler' driver.
INFO - 2024-09-13 10:52:34 --> Session: Class initialized using 'CodeIgniter\Session\Handlers\FileHandler' driver.
INFO - 2024-09-13 10:52:37 --> Session: Class initialized using 'CodeIgniter\Session\Handlers\FileHandler' driver.
INFO - 2024-09-13 11:02:20 --> Session: Class initialized using 'CodeIgniter\Session\Handlers\FileHandler' driver.
INFO - 2024-09-13 11:21:23 --> Session: Class initialized using 'CodeIgniter\Session\Handlers\FileHandler' driver.
INFO - 2024-09-13 11:21:25 --> Session: Class initialized using 'CodeIgniter\Session\Handlers\FileHandler' driver.
CRITICAL - 2024-09-13 11:21:25 --> ErrorException: Undefined variable $req
in APPPATH/Controllers/ChapterValuesController.php on line 1416.
 1 APPPATH/Controllers/ChapterValuesController.php(1416): CodeIgniter\Debug\Exceptions->errorHandler()
 2 SYSTEMPATH/CodeIgniter.php(941): App\Controllers\ChapterValuesController->saveaa11ue()
 3 SYSTEMPATH/CodeIgniter.php(502): CodeIgniter\CodeIgniter->runController()
 4 SYSTEMPATH/CodeIgniter.php(361): CodeIgniter\CodeIgniter->handleRequest()
 5 FCPATH/index.php(84): CodeIgniter\CodeIgniter->run()
INFO - 2024-09-13 11:21:28 --> Session: Class initialized using 'CodeIgniter\Session\Handlers\FileHandler' driver.
INFO - 2024-09-13 11:22:53 --> Session: Class initialized using 'CodeIgniter\Session\Handlers\FileHandler' driver.
INFO - 2024-09-13 11:22:59 --> Session: Class initialized using 'CodeIgniter\Session\Handlers\FileHandler' driver.
CRITICAL - 2024-09-13 11:22:59 --> ErrorException: Undefined variable $req
in APPPATH/Controllers/ChapterValuesController.php on line 1416.
 1 APPPATH/Controllers/ChapterValuesController.php(1416): CodeIgniter\Debug\Exceptions->errorHandler()
 2 SYSTEMPATH/CodeIgniter.php(941): App\Controllers\ChapterValuesController->saveaa11ue()
 3 SYSTEMPATH/CodeIgniter.php(502): CodeIgniter\CodeIgniter->runController()
 4 SYSTEMPATH/CodeIgniter.php(361): CodeIgniter\CodeIgniter->handleRequest()
 5 FCPATH/index.php(84): CodeIgniter\CodeIgniter->run()
INFO - 2024-09-13 11:23:03 --> Session: Class initialized using 'CodeIgniter\Session\Handlers\FileHandler' driver.
INFO - 2024-09-13 11:23:34 --> Session: Class initialized using 'CodeIgniter\Session\Handlers\FileHandler' driver.
INFO - 2024-09-13 11:23:35 --> Session: Class initialized using 'CodeIgniter\Session\Handlers\FileHandler' driver.
INFO - 2024-09-13 11:23:40 --> Session: Class initialized using 'CodeIgniter\Session\Handlers\FileHandler' driver.
INFO - 2024-09-13 11:23:40 --> Session: Class initialized using 'CodeIgniter\Session\Handlers\FileHandler' driver.
INFO - 2024-09-13 11:23:50 --> Session: Class initialized using 'CodeIgniter\Session\Handlers\FileHandler' driver.
INFO - 2024-09-13 11:23:50 --> Session: Class initialized using 'CodeIgniter\Session\Handlers\FileHandler' driver.
INFO - 2024-09-13 11:26:50 --> Session: Class initialized using 'CodeIgniter\Session\Handlers\FileHandler' driver.
INFO - 2024-09-13 11:26:50 --> Session: Class initialized using 'CodeIgniter\Session\Handlers\FileHandler' driver.
INFO - 2024-09-13 11:26:57 --> Session: Class initialized using 'CodeIgniter\Session\Handlers\FileHandler' driver.
INFO - 2024-09-13 11:26:57 --> Session: Class initialized using 'CodeIgniter\Session\Handlers\FileHandler' driver.
INFO - 2024-09-13 11:28:52 --> Session: Class initialized using 'CodeIgniter\Session\Handlers\FileHandler' driver.
INFO - 2024-09-13 11:28:57 --> Session: Class initialized using 'CodeIgniter\Session\Handlers\FileHandler' driver.
INFO - 2024-09-13 11:28:57 --> Session: Class initialized using 'CodeIgniter\Session\Handlers\FileHandler' driver.
INFO - 2024-09-13 11:29:03 --> Session: Class initialized using 'CodeIgniter\Session\Handlers\FileHandler' driver.
INFO - 2024-09-13 11:29:03 --> Session: Class initialized using 'CodeIgniter\Session\Handlers\FileHandler' driver.
INFO - 2024-09-13 11:29:08 --> Session: Class initialized using 'CodeIgniter\Session\Handlers\FileHandler' driver.
INFO - 2024-09-13 11:31:14 --> Session: Class initialized using 'CodeIgniter\Session\Handlers\FileHandler' driver.
INFO - 2024-09-13 11:31:20 --> Session: Class initialized using 'CodeIgniter\Session\Handlers\FileHandler' driver.
INFO - 2024-09-13 11:31:20 --> Session: Class initialized using 'CodeIgniter\Session\Handlers\FileHandler' driver.
INFO - 2024-09-13 11:31:26 --> Session: Class initialized using 'CodeIgniter\Session\Handlers\FileHandler' driver.
INFO - 2024-09-13 11:31:26 --> Session: Class initialized using 'CodeIgniter\Session\Handlers\FileHandler' driver.
INFO - 2024-09-13 11:31:35 --> Session: Class initialized using 'CodeIgniter\Session\Handlers\FileHandler' driver.
INFO - 2024-09-13 11:31:35 --> Session: Class initialized using 'CodeIgniter\Session\Handlers\FileHandler' driver.
INFO - 2024-09-13 11:31:43 --> Session: Class initialized using 'CodeIgniter\Session\Handlers\FileHandler' driver.
INFO - 2024-09-13 11:31:43 --> Session: Class initialized using 'CodeIgniter\Session\Handlers\FileHandler' driver.
INFO - 2024-09-13 11:31:49 --> Session: Class initialized using 'CodeIgniter\Session\Handlers\FileHandler' driver.
INFO - 2024-09-13 11:31:49 --> Session: Class initialized using 'CodeIgniter\Session\Handlers\FileHandler' driver.
INFO - 2024-09-13 11:31:59 --> Session: Class initialized using 'CodeIgniter\Session\Handlers\FileHandler' driver.
INFO - 2024-09-13 11:31:59 --> Session: Class initialized using 'CodeIgniter\Session\Handlers\FileHandler' driver.
INFO - 2024-09-13 11:35:44 --> Session: Class initialized using 'CodeIgniter\Session\Handlers\FileHandler' driver.
INFO - 2024-09-13 11:35:49 --> Session: Class initialized using 'CodeIgniter\Session\Handlers\FileHandler' driver.
INFO - 2024-09-13 11:35:49 --> Session: Class initialized using 'CodeIgniter\Session\Handlers\FileHandler' driver.
INFO - 2024-09-13 11:36:17 --> Session: Class initialized using 'CodeIgniter\Session\Handlers\FileHandler' driver.
INFO - 2024-09-13 11:39:06 --> Session: Class initialized using 'CodeIgniter\Session\Handlers\FileHandler' driver.
INFO - 2024-09-13 11:39:23 --> Session: Class initialized using 'CodeIgniter\Session\Handlers\FileHandler' driver.
INFO - 2024-09-13 11:39:51 --> Session: Class initialized using 'CodeIgniter\Session\Handlers\FileHandler' driver.
INFO - 2024-09-13 11:39:58 --> Session: Class initialized using 'CodeIgniter\Session\Handlers\FileHandler' driver.
INFO - 2024-09-13 11:39:59 --> Session: Class initialized using 'CodeIgniter\Session\Handlers\FileHandler' driver.
INFO - 2024-09-13 11:40:03 --> Session: Class initialized using 'CodeIgniter\Session\Handlers\FileHandler' driver.
INFO - 2024-09-13 11:40:03 --> Session: Class initialized using 'CodeIgniter\Session\Handlers\FileHandler' driver.
INFO - 2024-09-13 11:40:28 --> Session: Class initialized using 'CodeIgniter\Session\Handlers\FileHandler' driver.
INFO - 2024-09-13 11:43:23 --> Session: Class initialized using 'CodeIgniter\Session\Handlers\FileHandler' driver.
INFO - 2024-09-13 11:43:30 --> Session: Class initialized using 'CodeIgniter\Session\Handlers\FileHandler' driver.
INFO - 2024-09-13 11:43:31 --> Session: Class initialized using 'CodeIgniter\Session\Handlers\FileHandler' driver.
INFO - 2024-09-13 11:43:33 --> Session: Class initialized using 'CodeIgniter\Session\Handlers\FileHandler' driver.
INFO - 2024-09-13 11:43:34 --> Session: Class initialized using 'CodeIgniter\Session\Handlers\FileHandler' driver.
INFO - 2024-09-13 11:43:36 --> Session: Class initialized using 'CodeIgniter\Session\Handlers\FileHandler' driver.
INFO - 2024-09-13 11:47:31 --> Session: Class initialized using 'CodeIgniter\Session\Handlers\FileHandler' driver.
INFO - 2024-09-13 11:48:12 --> Session: Class initialized using 'CodeIgniter\Session\Handlers\FileHandler' driver.
INFO - 2024-09-13 11:48:18 --> Session: Class initialized using 'CodeIgniter\Session\Handlers\FileHandler' driver.
CRITICAL - 2024-09-13 11:48:18 --> ErrorException: Undefined variable $req
in APPPATH/Controllers/ChapterValuesController.php on line 1493.
 1 APPPATH/Controllers/ChapterValuesController.php(1493): CodeIgniter\Debug\Exceptions->errorHandler()
 2 SYSTEMPATH/CodeIgniter.php(941): App\Controllers\ChapterValuesController->savevalues()
 3 SYSTEMPATH/CodeIgniter.php(502): CodeIgniter\CodeIgniter->runController()
 4 SYSTEMPATH/CodeIgniter.php(361): CodeIgniter\CodeIgniter->handleRequest()
 5 FCPATH/index.php(84): CodeIgniter\CodeIgniter->run()
INFO - 2024-09-13 11:48:26 --> Session: Class initialized using 'CodeIgniter\Session\Handlers\FileHandler' driver.
INFO - 2024-09-13 11:48:41 --> Session: Class initialized using 'CodeIgniter\Session\Handlers\FileHandler' driver.
CRITICAL - 2024-09-13 11:48:41 --> ErrorException: Undefined variable $req
in APPPATH/Controllers/ChapterValuesController.php on line 1493.
 1 APPPATH/Controllers/ChapterValuesController.php(1493): CodeIgniter\Debug\Exceptions->errorHandler()
 2 SYSTEMPATH/CodeIgniter.php(941): App\Controllers\ChapterValuesController->savevalues()
 3 SYSTEMPATH/CodeIgniter.php(502): CodeIgniter\CodeIgniter->runController()
 4 SYSTEMPATH/CodeIgniter.php(361): CodeIgniter\CodeIgniter->handleRequest()
 5 FCPATH/index.php(84): CodeIgniter\CodeIgniter->run()
INFO - 2024-09-13 11:49:13 --> Session: Class initialized using 'CodeIgniter\Session\Handlers\FileHandler' driver.
INFO - 2024-09-13 11:49:15 --> Session: Class initialized using 'CodeIgniter\Session\Handlers\FileHandler' driver.
INFO - 2024-09-13 11:49:15 --> Session: Class initialized using 'CodeIgniter\Session\Handlers\FileHandler' driver.
INFO - 2024-09-13 11:49:23 --> Session: Class initialized using 'CodeIgniter\Session\Handlers\FileHandler' driver.
INFO - 2024-09-13 11:49:23 --> Session: Class initialized using 'CodeIgniter\Session\Handlers\FileHandler' driver.
INFO - 2024-09-13 11:49:27 --> Session: Class initialized using 'CodeIgniter\Session\Handlers\FileHandler' driver.
INFO - 2024-09-13 11:49:31 --> Session: Class initialized using 'CodeIgniter\Session\Handlers\FileHandler' driver.
INFO - 2024-09-13 11:49:36 --> Session: Class initialized using 'CodeIgniter\Session\Handlers\FileHandler' driver.
INFO - 2024-09-13 11:49:36 --> Session: Class initialized using 'CodeIgniter\Session\Handlers\FileHandler' driver.
INFO - 2024-09-13 11:49:44 --> Session: Class initialized using 'CodeIgniter\Session\Handlers\FileHandler' driver.
INFO - 2024-09-13 11:49:44 --> Session: Class initialized using 'CodeIgniter\Session\Handlers\FileHandler' driver.
INFO - 2024-09-13 11:49:58 --> Session: Class initialized using 'CodeIgniter\Session\Handlers\FileHandler' driver.
INFO - 2024-09-13 11:49:58 --> Session: Class initialized using 'CodeIgniter\Session\Handlers\FileHandler' driver.
INFO - 2024-09-13 11:50:00 --> Session: Class initialized using 'CodeIgniter\Session\Handlers\FileHandler' driver.
INFO - 2024-09-13 11:54:33 --> Session: Class initialized using 'CodeIgniter\Session\Handlers\FileHandler' driver.
INFO - 2024-09-13 11:54:39 --> Session: Class initialized using 'CodeIgniter\Session\Handlers\FileHandler' driver.
INFO - 2024-09-13 11:54:39 --> Session: Class initialized using 'CodeIgniter\Session\Handlers\FileHandler' driver.
INFO - 2024-09-13 12:02:34 --> Session: Class initialized using 'CodeIgniter\Session\Handlers\FileHandler' driver.
INFO - 2024-09-13 12:07:20 --> Session: Class initialized using 'CodeIgniter\Session\Handlers\FileHandler' driver.
INFO - 2024-09-13 12:07:23 --> Session: Class initialized using 'CodeIgniter\Session\Handlers\FileHandler' driver.
CRITICAL - 2024-09-13 12:07:23 --> ErrorException: Undefined variable $csID
in APPPATH/Controllers/ChapterValuesController.php on line 71.
 1 APPPATH/Controllers/ChapterValuesController.php(71): CodeIgniter\Debug\Exceptions->errorHandler()
 2 SYSTEMPATH/CodeIgniter.php(941): App\Controllers\ChapterValuesController->savevalues()
 3 SYSTEMPATH/CodeIgniter.php(502): CodeIgniter\CodeIgniter->runController()
 4 SYSTEMPATH/CodeIgniter.php(361): CodeIgniter\CodeIgniter->handleRequest()
 5 FCPATH/index.php(84): CodeIgniter\CodeIgniter->run()
INFO - 2024-09-13 12:07:27 --> Session: Class initialized using 'CodeIgniter\Session\Handlers\FileHandler' driver.
INFO - 2024-09-13 12:07:37 --> Session: Class initialized using 'CodeIgniter\Session\Handlers\FileHandler' driver.
WARNING - 2024-09-13 12:07:37 --> [DEPRECATED] mb_substr(): Passing null to parameter #1 ($string) of type string is deprecated in SYSTEMPATH/Encryption/Handlers/BaseHandler.php on line 48.
 1 SYSTEMPATH/Encryption/Handlers/BaseHandler.php(48): mb_substr(null, 0, 128, '8bit')
 2 SYSTEMPATH/Encryption/Handlers/OpenSSLHandler.php(134): CodeIgniter\Encryption\Handlers\BaseHandler::substr(null, 0, 128)
 3 APPPATH/Controllers/ChapterValuesController.php(73): CodeIgniter\Encryption\Handlers\OpenSSLHandler->decrypt(null)
 4 SYSTEMPATH/CodeIgniter.php(941): App\Controllers\ChapterValuesController->savevalues('c3', 'saveab4a', '3.15.4 Ab4d', '1c8de8a37774575b1fe85eced3d66af061bb6b73d2f14ee9765b9fb746aed51240538322431703492cb127d7c30a1d51c14419779e50b0fcfccce5ba340d9154rjQfFP3XKx$fGs0TTPVTh13d', '67c7be1f77c3437525f537ca44b79efa79f832a6887c5736a6d51f55ae724dc553b82765b370272530d321ddc5f1c3bea183f912c90305ff37a016741f59f062vRqX~pWK8vJeMFUpTBuO2ls=', 'DJ metal works - Bbbbb')
 5 SYSTEMPATH/CodeIgniter.php(502): CodeIgniter\CodeIgniter->runController(Object(App\Controllers\ChapterValuesController))
 6 SYSTEMPATH/CodeIgniter.php(361): CodeIgniter\CodeIgniter->handleRequest(null, Object(Config\Cache), false)
 7 FCPATH/index.php(84): CodeIgniter\CodeIgniter->run()
WARNING - 2024-09-13 12:07:37 --> [DEPRECATED] mb_substr(): Passing null to parameter #1 ($string) of type string is deprecated in SYSTEMPATH/Encryption/Handlers/BaseHandler.php on line 48.
 1 SYSTEMPATH/Encryption/Handlers/BaseHandler.php(48): mb_substr(null, 128, null, '8bit')
 2 SYSTEMPATH/Encryption/Handlers/OpenSSLHandler.php(135): CodeIgniter\Encryption\Handlers\BaseHandler::substr(null, 128)
 3 APPPATH/Controllers/ChapterValuesController.php(73): CodeIgniter\Encryption\Handlers\OpenSSLHandler->decrypt(null)
 4 SYSTEMPATH/CodeIgniter.php(941): App\Controllers\ChapterValuesController->savevalues('c3', 'saveab4a', '3.15.4 Ab4d', '1c8de8a37774575b1fe85eced3d66af061bb6b73d2f14ee9765b9fb746aed51240538322431703492cb127d7c30a1d51c14419779e50b0fcfccce5ba340d9154rjQfFP3XKx$fGs0TTPVTh13d', '67c7be1f77c3437525f537ca44b79efa79f832a6887c5736a6d51f55ae724dc553b82765b370272530d321ddc5f1c3bea183f912c90305ff37a016741f59f062vRqX~pWK8vJeMFUpTBuO2ls=', 'DJ metal works - Bbbbb')
 5 SYSTEMPATH/CodeIgniter.php(502): CodeIgniter\CodeIgniter->runController(Object(App\Controllers\ChapterValuesController))
 6 SYSTEMPATH/CodeIgniter.php(361): CodeIgniter\CodeIgniter->handleRequest(null, Object(Config\Cache), false)
 7 FCPATH/index.php(84): CodeIgniter\CodeIgniter->run()
CRITICAL - 2024-09-13 12:07:37 --> CodeIgniter\Encryption\Exceptions\EncryptionException: Decrypting: authentication failed.
in SYSTEMPATH/Encryption/Handlers/OpenSSLHandler.php on line 139.
 1 SYSTEMPATH/Encryption/Handlers/OpenSSLHandler.php(139): CodeIgniter\Encryption\Exceptions\EncryptionException::forAuthenticationFailed()
 2 APPPATH/Controllers/ChapterValuesController.php(73): CodeIgniter\Encryption\Handlers\OpenSSLHandler->decrypt()
 3 SYSTEMPATH/CodeIgniter.php(941): App\Controllers\ChapterValuesController->savevalues()
 4 SYSTEMPATH/CodeIgniter.php(502): CodeIgniter\CodeIgniter->runController()
 5 SYSTEMPATH/CodeIgniter.php(361): CodeIgniter\CodeIgniter->handleRequest()
 6 FCPATH/index.php(84): CodeIgniter\CodeIgniter->run()
INFO - 2024-09-13 12:07:40 --> Session: Class initialized using 'CodeIgniter\Session\Handlers\FileHandler' driver.
INFO - 2024-09-13 12:07:43 --> Session: Class initialized using 'CodeIgniter\Session\Handlers\FileHandler' driver.
INFO - 2024-09-13 12:07:46 --> Session: Class initialized using 'CodeIgniter\Session\Handlers\FileHandler' driver.
WARNING - 2024-09-13 12:07:46 --> [DEPRECATED] mb_substr(): Passing null to parameter #1 ($string) of type string is deprecated in SYSTEMPATH/Encryption/Handlers/BaseHandler.php on line 48.
 1 SYSTEMPATH/Encryption/Handlers/BaseHandler.php(48): mb_substr(null, 0, 128, '8bit')
 2 SYSTEMPATH/Encryption/Handlers/OpenSSLHandler.php(134): CodeIgniter\Encryption\Handlers\BaseHandler::substr(null, 0, 128)
 3 APPPATH/Controllers/ChapterValuesController.php(73): CodeIgniter\Encryption\Handlers\OpenSSLHandler->decrypt(null)
 4 SYSTEMPATH/CodeIgniter.php(941): App\Controllers\ChapterValuesController->savevalues('c3', 'saveab4a', '3.15.4 Ab4d', '1c8de8a37774575b1fe85eced3d66af061bb6b73d2f14ee9765b9fb746aed51240538322431703492cb127d7c30a1d51c14419779e50b0fcfccce5ba340d9154rjQfFP3XKx$fGs0TTPVTh13d', '67c7be1f77c3437525f537ca44b79efa79f832a6887c5736a6d51f55ae724dc553b82765b370272530d321ddc5f1c3bea183f912c90305ff37a016741f59f062vRqX~pWK8vJeMFUpTBuO2ls=', 'DJ metal works - Bbbbb')
 5 SYSTEMPATH/CodeIgniter.php(502): CodeIgniter\CodeIgniter->runController(Object(App\Controllers\ChapterValuesController))
 6 SYSTEMPATH/CodeIgniter.php(361): CodeIgniter\CodeIgniter->handleRequest(null, Object(Config\Cache), false)
 7 FCPATH/index.php(84): CodeIgniter\CodeIgniter->run()
WARNING - 2024-09-13 12:07:46 --> [DEPRECATED] mb_substr(): Passing null to parameter #1 ($string) of type string is deprecated in SYSTEMPATH/Encryption/Handlers/BaseHandler.php on line 48.
 1 SYSTEMPATH/Encryption/Handlers/BaseHandler.php(48): mb_substr(null, 128, null, '8bit')
 2 SYSTEMPATH/Encryption/Handlers/OpenSSLHandler.php(135): CodeIgniter\Encryption\Handlers\BaseHandler::substr(null, 128)
 3 APPPATH/Controllers/ChapterValuesController.php(73): CodeIgniter\Encryption\Handlers\OpenSSLHandler->decrypt(null)
 4 SYSTEMPATH/CodeIgniter.php(941): App\Controllers\ChapterValuesController->savevalues('c3', 'saveab4a', '3.15.4 Ab4d', '1c8de8a37774575b1fe85eced3d66af061bb6b73d2f14ee9765b9fb746aed51240538322431703492cb127d7c30a1d51c14419779e50b0fcfccce5ba340d9154rjQfFP3XKx$fGs0TTPVTh13d', '67c7be1f77c3437525f537ca44b79efa79f832a6887c5736a6d51f55ae724dc553b82765b370272530d321ddc5f1c3bea183f912c90305ff37a016741f59f062vRqX~pWK8vJeMFUpTBuO2ls=', 'DJ metal works - Bbbbb')
 5 SYSTEMPATH/CodeIgniter.php(502): CodeIgniter\CodeIgniter->runController(Object(App\Controllers\ChapterValuesController))
 6 SYSTEMPATH/CodeIgniter.php(361): CodeIgniter\CodeIgniter->handleRequest(null, Object(Config\Cache), false)
 7 FCPATH/index.php(84): CodeIgniter\CodeIgniter->run()
CRITICAL - 2024-09-13 12:07:46 --> CodeIgniter\Encryption\Exceptions\EncryptionException: Decrypting: authentication failed.
in SYSTEMPATH/Encryption/Handlers/OpenSSLHandler.php on line 139.
 1 SYSTEMPATH/Encryption/Handlers/OpenSSLHandler.php(139): CodeIgniter\Encryption\Exceptions\EncryptionException::forAuthenticationFailed()
 2 APPPATH/Controllers/ChapterValuesController.php(73): CodeIgniter\Encryption\Handlers\OpenSSLHandler->decrypt()
 3 SYSTEMPATH/CodeIgniter.php(941): App\Controllers\ChapterValuesController->savevalues()
 4 SYSTEMPATH/CodeIgniter.php(502): CodeIgniter\CodeIgniter->runController()
 5 SYSTEMPATH/CodeIgniter.php(361): CodeIgniter\CodeIgniter->handleRequest()
 6 FCPATH/index.php(84): CodeIgniter\CodeIgniter->run()
INFO - 2024-09-13 12:07:57 --> Session: Class initialized using 'CodeIgniter\Session\Handlers\FileHandler' driver.
INFO - 2024-09-13 12:08:10 --> Session: Class initialized using 'CodeIgniter\Session\Handlers\FileHandler' driver.
INFO - 2024-09-13 12:08:14 --> Session: Class initialized using 'CodeIgniter\Session\Handlers\FileHandler' driver.
WARNING - 2024-09-13 12:08:14 --> [DEPRECATED] mb_substr(): Passing null to parameter #1 ($string) of type string is deprecated in SYSTEMPATH/Encryption/Handlers/BaseHandler.php on line 48.
 1 SYSTEMPATH/Encryption/Handlers/BaseHandler.php(48): mb_substr(null, 0, 128, '8bit')
 2 SYSTEMPATH/Encryption/Handlers/OpenSSLHandler.php(134): CodeIgniter\Encryption\Handlers\BaseHandler::substr(null, 0, 128)
 3 APPPATH/Controllers/ChapterValuesController.php(73): CodeIgniter\Encryption\Handlers\OpenSSLHandler->decrypt(null)
 4 SYSTEMPATH/CodeIgniter.php(941): App\Controllers\ChapterValuesController->savevalues('c3', 'saveab4a', '3.15.6 Ab4f', 'a6316f961e60be5b38582a7641bd8b206b7524daf1c2eb2e9d049ae7b9d3673b4dbc053702d49093dd3942f114bf2034d3b17d42c3c26e020abe946fc55fbe52yDic$IIhiscuj$OQYUq2U0xL', '67c7be1f77c3437525f537ca44b79efa79f832a6887c5736a6d51f55ae724dc553b82765b370272530d321ddc5f1c3bea183f912c90305ff37a016741f59f062vRqX~pWK8vJeMFUpTBuO2ls=', 'DJ metal works - Bbbbb')
 5 SYSTEMPATH/CodeIgniter.php(502): CodeIgniter\CodeIgniter->runController(Object(App\Controllers\ChapterValuesController))
 6 SYSTEMPATH/CodeIgniter.php(361): CodeIgniter\CodeIgniter->handleRequest(null, Object(Config\Cache), false)
 7 FCPATH/index.php(84): CodeIgniter\CodeIgniter->run()
WARNING - 2024-09-13 12:08:14 --> [DEPRECATED] mb_substr(): Passing null to parameter #1 ($string) of type string is deprecated in SYSTEMPATH/Encryption/Handlers/BaseHandler.php on line 48.
 1 SYSTEMPATH/Encryption/Handlers/BaseHandler.php(48): mb_substr(null, 128, null, '8bit')
 2 SYSTEMPATH/Encryption/Handlers/OpenSSLHandler.php(135): CodeIgniter\Encryption\Handlers\BaseHandler::substr(null, 128)
 3 APPPATH/Controllers/ChapterValuesController.php(73): CodeIgniter\Encryption\Handlers\OpenSSLHandler->decrypt(null)
 4 SYSTEMPATH/CodeIgniter.php(941): App\Controllers\ChapterValuesController->savevalues('c3', 'saveab4a', '3.15.6 Ab4f', 'a6316f961e60be5b38582a7641bd8b206b7524daf1c2eb2e9d049ae7b9d3673b4dbc053702d49093dd3942f114bf2034d3b17d42c3c26e020abe946fc55fbe52yDic$IIhiscuj$OQYUq2U0xL', '67c7be1f77c3437525f537ca44b79efa79f832a6887c5736a6d51f55ae724dc553b82765b370272530d321ddc5f1c3bea183f912c90305ff37a016741f59f062vRqX~pWK8vJeMFUpTBuO2ls=', 'DJ metal works - Bbbbb')
 5 SYSTEMPATH/CodeIgniter.php(502): CodeIgniter\CodeIgniter->runController(Object(App\Controllers\ChapterValuesController))
 6 SYSTEMPATH/CodeIgniter.php(361): CodeIgniter\CodeIgniter->handleRequest(null, Object(Config\Cache), false)
 7 FCPATH/index.php(84): CodeIgniter\CodeIgniter->run()
CRITICAL - 2024-09-13 12:08:14 --> CodeIgniter\Encryption\Exceptions\EncryptionException: Decrypting: authentication failed.
in SYSTEMPATH/Encryption/Handlers/OpenSSLHandler.php on line 139.
 1 SYSTEMPATH/Encryption/Handlers/OpenSSLHandler.php(139): CodeIgniter\Encryption\Exceptions\EncryptionException::forAuthenticationFailed()
 2 APPPATH/Controllers/ChapterValuesController.php(73): CodeIgniter\Encryption\Handlers\OpenSSLHandler->decrypt()
 3 SYSTEMPATH/CodeIgniter.php(941): App\Controllers\ChapterValuesController->savevalues()
 4 SYSTEMPATH/CodeIgniter.php(502): CodeIgniter\CodeIgniter->runController()
 5 SYSTEMPATH/CodeIgniter.php(361): CodeIgniter\CodeIgniter->handleRequest()
 6 FCPATH/index.php(84): CodeIgniter\CodeIgniter->run()
INFO - 2024-09-13 12:08:16 --> Session: Class initialized using 'CodeIgniter\Session\Handlers\FileHandler' driver.
INFO - 2024-09-13 12:08:43 --> Session: Class initialized using 'CodeIgniter\Session\Handlers\FileHandler' driver.
INFO - 2024-09-13 12:08:45 --> Session: Class initialized using 'CodeIgniter\Session\Handlers\FileHandler' driver.
WARNING - 2024-09-13 12:08:45 --> [DEPRECATED] mb_substr(): Passing null to parameter #1 ($string) of type string is deprecated in SYSTEMPATH/Encryption/Handlers/BaseHandler.php on line 48.
 1 SYSTEMPATH/Encryption/Handlers/BaseHandler.php(48): mb_substr(null, 0, 128, '8bit')
 2 SYSTEMPATH/Encryption/Handlers/OpenSSLHandler.php(134): CodeIgniter\Encryption\Handlers\BaseHandler::substr(null, 0, 128)
 3 APPPATH/Controllers/ChapterValuesController.php(73): CodeIgniter\Encryption\Handlers\OpenSSLHandler->decrypt(null)
 4 SYSTEMPATH/CodeIgniter.php(941): App\Controllers\ChapterValuesController->savevalues('c3', 'saveab4a', '3.15.6 Ab4f', 'a6316f961e60be5b38582a7641bd8b206b7524daf1c2eb2e9d049ae7b9d3673b4dbc053702d49093dd3942f114bf2034d3b17d42c3c26e020abe946fc55fbe52yDic$IIhiscuj$OQYUq2U0xL', '67c7be1f77c3437525f537ca44b79efa79f832a6887c5736a6d51f55ae724dc553b82765b370272530d321ddc5f1c3bea183f912c90305ff37a016741f59f062vRqX~pWK8vJeMFUpTBuO2ls=', 'DJ metal works - Bbbbb')
 5 SYSTEMPATH/CodeIgniter.php(502): CodeIgniter\CodeIgniter->runController(Object(App\Controllers\ChapterValuesController))
 6 SYSTEMPATH/CodeIgniter.php(361): CodeIgniter\CodeIgniter->handleRequest(null, Object(Config\Cache), false)
 7 FCPATH/index.php(84): CodeIgniter\CodeIgniter->run()
WARNING - 2024-09-13 12:08:45 --> [DEPRECATED] mb_substr(): Passing null to parameter #1 ($string) of type string is deprecated in SYSTEMPATH/Encryption/Handlers/BaseHandler.php on line 48.
 1 SYSTEMPATH/Encryption/Handlers/BaseHandler.php(48): mb_substr(null, 128, null, '8bit')
 2 SYSTEMPATH/Encryption/Handlers/OpenSSLHandler.php(135): CodeIgniter\Encryption\Handlers\BaseHandler::substr(null, 128)
 3 APPPATH/Controllers/ChapterValuesController.php(73): CodeIgniter\Encryption\Handlers\OpenSSLHandler->decrypt(null)
 4 SYSTEMPATH/CodeIgniter.php(941): App\Controllers\ChapterValuesController->savevalues('c3', 'saveab4a', '3.15.6 Ab4f', 'a6316f961e60be5b38582a7641bd8b206b7524daf1c2eb2e9d049ae7b9d3673b4dbc053702d49093dd3942f114bf2034d3b17d42c3c26e020abe946fc55fbe52yDic$IIhiscuj$OQYUq2U0xL', '67c7be1f77c3437525f537ca44b79efa79f832a6887c5736a6d51f55ae724dc553b82765b370272530d321ddc5f1c3bea183f912c90305ff37a016741f59f062vRqX~pWK8vJeMFUpTBuO2ls=', 'DJ metal works - Bbbbb')
 5 SYSTEMPATH/CodeIgniter.php(502): CodeIgniter\CodeIgniter->runController(Object(App\Controllers\ChapterValuesController))
 6 SYSTEMPATH/CodeIgniter.php(361): CodeIgniter\CodeIgniter->handleRequest(null, Object(Config\Cache), false)
 7 FCPATH/index.php(84): CodeIgniter\CodeIgniter->run()
CRITICAL - 2024-09-13 12:08:45 --> CodeIgniter\Encryption\Exceptions\EncryptionException: Decrypting: authentication failed.
in SYSTEMPATH/Encryption/Handlers/OpenSSLHandler.php on line 139.
 1 SYSTEMPATH/Encryption/Handlers/OpenSSLHandler.php(139): CodeIgniter\Encryption\Exceptions\EncryptionException::forAuthenticationFailed()
 2 APPPATH/Controllers/ChapterValuesController.php(73): CodeIgniter\Encryption\Handlers\OpenSSLHandler->decrypt()
 3 SYSTEMPATH/CodeIgniter.php(941): App\Controllers\ChapterValuesController->savevalues()
 4 SYSTEMPATH/CodeIgniter.php(502): CodeIgniter\CodeIgniter->runController()
 5 SYSTEMPATH/CodeIgniter.php(361): CodeIgniter\CodeIgniter->handleRequest()
 6 FCPATH/index.php(84): CodeIgniter\CodeIgniter->run()
INFO - 2024-09-13 12:08:48 --> Session: Class initialized using 'CodeIgniter\Session\Handlers\FileHandler' driver.
INFO - 2024-09-13 12:09:28 --> Session: Class initialized using 'CodeIgniter\Session\Handlers\FileHandler' driver.
INFO - 2024-09-13 12:09:29 --> Session: Class initialized using 'CodeIgniter\Session\Handlers\FileHandler' driver.
WARNING - 2024-09-13 12:09:29 --> [DEPRECATED] mb_substr(): Passing null to parameter #1 ($string) of type string is deprecated in SYSTEMPATH/Encryption/Handlers/BaseHandler.php on line 48.
 1 SYSTEMPATH/Encryption/Handlers/BaseHandler.php(48): mb_substr(null, 0, 128, '8bit')
 2 SYSTEMPATH/Encryption/Handlers/OpenSSLHandler.php(134): CodeIgniter\Encryption\Handlers\BaseHandler::substr(null, 0, 128)
 3 APPPATH/Controllers/ChapterValuesController.php(73): CodeIgniter\Encryption\Handlers\OpenSSLHandler->decrypt(null)
 4 SYSTEMPATH/CodeIgniter.php(941): App\Controllers\ChapterValuesController->savevalues('c3', 'saveab4a', '3.15.6 Ab4f', 'a6316f961e60be5b38582a7641bd8b206b7524daf1c2eb2e9d049ae7b9d3673b4dbc053702d49093dd3942f114bf2034d3b17d42c3c26e020abe946fc55fbe52yDic$IIhiscuj$OQYUq2U0xL', '67c7be1f77c3437525f537ca44b79efa79f832a6887c5736a6d51f55ae724dc553b82765b370272530d321ddc5f1c3bea183f912c90305ff37a016741f59f062vRqX~pWK8vJeMFUpTBuO2ls=', 'DJ metal works - Bbbbb')
 5 SYSTEMPATH/CodeIgniter.php(502): CodeIgniter\CodeIgniter->runController(Object(App\Controllers\ChapterValuesController))
 6 SYSTEMPATH/CodeIgniter.php(361): CodeIgniter\CodeIgniter->handleRequest(null, Object(Config\Cache), false)
 7 FCPATH/index.php(84): CodeIgniter\CodeIgniter->run()
WARNING - 2024-09-13 12:09:29 --> [DEPRECATED] mb_substr(): Passing null to parameter #1 ($string) of type string is deprecated in SYSTEMPATH/Encryption/Handlers/BaseHandler.php on line 48.
 1 SYSTEMPATH/Encryption/Handlers/BaseHandler.php(48): mb_substr(null, 128, null, '8bit')
 2 SYSTEMPATH/Encryption/Handlers/OpenSSLHandler.php(135): CodeIgniter\Encryption\Handlers\BaseHandler::substr(null, 128)
 3 APPPATH/Controllers/ChapterValuesController.php(73): CodeIgniter\Encryption\Handlers\OpenSSLHandler->decrypt(null)
 4 SYSTEMPATH/CodeIgniter.php(941): App\Controllers\ChapterValuesController->savevalues('c3', 'saveab4a', '3.15.6 Ab4f', 'a6316f961e60be5b38582a7641bd8b206b7524daf1c2eb2e9d049ae7b9d3673b4dbc053702d49093dd3942f114bf2034d3b17d42c3c26e020abe946fc55fbe52yDic$IIhiscuj$OQYUq2U0xL', '67c7be1f77c3437525f537ca44b79efa79f832a6887c5736a6d51f55ae724dc553b82765b370272530d321ddc5f1c3bea183f912c90305ff37a016741f59f062vRqX~pWK8vJeMFUpTBuO2ls=', 'DJ metal works - Bbbbb')
 5 SYSTEMPATH/CodeIgniter.php(502): CodeIgniter\CodeIgniter->runController(Object(App\Controllers\ChapterValuesController))
 6 SYSTEMPATH/CodeIgniter.php(361): CodeIgniter\CodeIgniter->handleRequest(null, Object(Config\Cache), false)
 7 FCPATH/index.php(84): CodeIgniter\CodeIgniter->run()
CRITICAL - 2024-09-13 12:09:29 --> CodeIgniter\Encryption\Exceptions\EncryptionException: Decrypting: authentication failed.
in SYSTEMPATH/Encryption/Handlers/OpenSSLHandler.php on line 139.
 1 SYSTEMPATH/Encryption/Handlers/OpenSSLHandler.php(139): CodeIgniter\Encryption\Exceptions\EncryptionException::forAuthenticationFailed()
 2 APPPATH/Controllers/ChapterValuesController.php(73): CodeIgniter\Encryption\Handlers\OpenSSLHandler->decrypt()
 3 SYSTEMPATH/CodeIgniter.php(941): App\Controllers\ChapterValuesController->savevalues()
 4 SYSTEMPATH/CodeIgniter.php(502): CodeIgniter\CodeIgniter->runController()
 5 SYSTEMPATH/CodeIgniter.php(361): CodeIgniter\CodeIgniter->handleRequest()
 6 FCPATH/index.php(84): CodeIgniter\CodeIgniter->run()
INFO - 2024-09-13 12:09:43 --> Session: Class initialized using 'CodeIgniter\Session\Handlers\FileHandler' driver.
INFO - 2024-09-13 12:09:43 --> Session: Class initialized using 'CodeIgniter\Session\Handlers\FileHandler' driver.
INFO - 2024-09-13 12:09:49 --> Session: Class initialized using 'CodeIgniter\Session\Handlers\FileHandler' driver.
INFO - 2024-09-13 12:09:49 --> Session: Class initialized using 'CodeIgniter\Session\Handlers\FileHandler' driver.
INFO - 2024-09-13 13:24:18 --> Session: Class initialized using 'CodeIgniter\Session\Handlers\FileHandler' driver.
INFO - 2024-09-13 13:24:22 --> Session: Class initialized using 'CodeIgniter\Session\Handlers\FileHandler' driver.
INFO - 2024-09-13 13:24:24 --> Session: Class initialized using 'CodeIgniter\Session\Handlers\FileHandler' driver.
INFO - 2024-09-13 13:24:29 --> Session: Class initialized using 'CodeIgniter\Session\Handlers\FileHandler' driver.
INFO - 2024-09-13 13:25:02 --> Session: Class initialized using 'CodeIgniter\Session\Handlers\FileHandler' driver.
CRITICAL - 2024-09-13 13:25:02 --> ArgumentCountError: Too few arguments to function App\Controllers\WorkpaperController::resultpage(), 6 passed in /home/q05wyrnxw9oo/testapplaud.buildappminds.com/app/Controllers/WorkpaperController.php on line 850 and exactly 7 expected
in APPPATH/Controllers/WorkpaperController.php on line 769.
 1 APPPATH/Controllers/WorkpaperController.php(850): App\Controllers\WorkpaperController->resultpage()
 2 SYSTEMPATH/CodeIgniter.php(941): App\Controllers\WorkpaperController->savevalues()
 3 SYSTEMPATH/CodeIgniter.php(502): CodeIgniter\CodeIgniter->runController()
 4 SYSTEMPATH/CodeIgniter.php(361): CodeIgniter\CodeIgniter->handleRequest()
 5 FCPATH/index.php(84): CodeIgniter\CodeIgniter->run()
INFO - 2024-09-13 13:26:31 --> Session: Class initialized using 'CodeIgniter\Session\Handlers\FileHandler' driver.
INFO - 2024-09-13 13:26:31 --> Session: Class initialized using 'CodeIgniter\Session\Handlers\FileHandler' driver.
INFO - 2024-09-13 13:27:14 --> Session: Class initialized using 'CodeIgniter\Session\Handlers\FileHandler' driver.
INFO - 2024-09-13 13:27:22 --> Session: Class initialized using 'CodeIgniter\Session\Handlers\FileHandler' driver.
INFO - 2024-09-13 13:27:22 --> Session: Class initialized using 'CodeIgniter\Session\Handlers\FileHandler' driver.
INFO - 2024-09-13 13:27:32 --> Session: Class initialized using 'CodeIgniter\Session\Handlers\FileHandler' driver.
INFO - 2024-09-13 13:27:42 --> Session: Class initialized using 'CodeIgniter\Session\Handlers\FileHandler' driver.
INFO - 2024-09-13 13:27:42 --> Session: Class initialized using 'CodeIgniter\Session\Handlers\FileHandler' driver.
INFO - 2024-09-13 13:27:46 --> Session: Class initialized using 'CodeIgniter\Session\Handlers\FileHandler' driver.
INFO - 2024-09-13 13:27:46 --> Session: Class initialized using 'CodeIgniter\Session\Handlers\FileHandler' driver.
INFO - 2024-09-13 13:27:51 --> Session: Class initialized using 'CodeIgniter\Session\Handlers\FileHandler' driver.
INFO - 2024-09-13 13:27:51 --> Session: Class initialized using 'CodeIgniter\Session\Handlers\FileHandler' driver.
INFO - 2024-09-13 13:28:04 --> Session: Class initialized using 'CodeIgniter\Session\Handlers\FileHandler' driver.
INFO - 2024-09-13 13:28:22 --> Session: Class initialized using 'CodeIgniter\Session\Handlers\FileHandler' driver.
INFO - 2024-09-13 13:28:23 --> Session: Class initialized using 'CodeIgniter\Session\Handlers\FileHandler' driver.
INFO - 2024-09-13 13:28:33 --> Session: Class initialized using 'CodeIgniter\Session\Handlers\FileHandler' driver.
INFO - 2024-09-13 13:28:33 --> Session: Class initialized using 'CodeIgniter\Session\Handlers\FileHandler' driver.
INFO - 2024-09-13 13:28:46 --> Session: Class initialized using 'CodeIgniter\Session\Handlers\FileHandler' driver.
INFO - 2024-09-13 13:28:46 --> Session: Class initialized using 'CodeIgniter\Session\Handlers\FileHandler' driver.
INFO - 2024-09-13 13:28:56 --> Session: Class initialized using 'CodeIgniter\Session\Handlers\FileHandler' driver.
INFO - 2024-09-13 13:28:56 --> Session: Class initialized using 'CodeIgniter\Session\Handlers\FileHandler' driver.
INFO - 2024-09-13 13:29:06 --> Session: Class initialized using 'CodeIgniter\Session\Handlers\FileHandler' driver.
INFO - 2024-09-13 13:29:18 --> Session: Class initialized using 'CodeIgniter\Session\Handlers\FileHandler' driver.
INFO - 2024-09-13 13:29:26 --> Session: Class initialized using 'CodeIgniter\Session\Handlers\FileHandler' driver.
INFO - 2024-09-13 13:29:26 --> Session: Class initialized using 'CodeIgniter\Session\Handlers\FileHandler' driver.
INFO - 2024-09-13 13:29:32 --> Session: Class initialized using 'CodeIgniter\Session\Handlers\FileHandler' driver.
INFO - 2024-09-13 13:29:33 --> Session: Class initialized using 'CodeIgniter\Session\Handlers\FileHandler' driver.
INFO - 2024-09-13 13:29:37 --> Session: Class initialized using 'CodeIgniter\Session\Handlers\FileHandler' driver.
INFO - 2024-09-13 13:29:37 --> Session: Class initialized using 'CodeIgniter\Session\Handlers\FileHandler' driver.
INFO - 2024-09-13 13:29:42 --> Session: Class initialized using 'CodeIgniter\Session\Handlers\FileHandler' driver.
INFO - 2024-09-13 13:29:49 --> Session: Class initialized using 'CodeIgniter\Session\Handlers\FileHandler' driver.
INFO - 2024-09-13 13:29:49 --> Session: Class initialized using 'CodeIgniter\Session\Handlers\FileHandler' driver.
INFO - 2024-09-13 13:29:54 --> Session: Class initialized using 'CodeIgniter\Session\Handlers\FileHandler' driver.
INFO - 2024-09-13 13:30:02 --> Session: Class initialized using 'CodeIgniter\Session\Handlers\FileHandler' driver.
INFO - 2024-09-13 13:30:02 --> Session: Class initialized using 'CodeIgniter\Session\Handlers\FileHandler' driver.
INFO - 2024-09-13 13:30:06 --> Session: Class initialized using 'CodeIgniter\Session\Handlers\FileHandler' driver.
INFO - 2024-09-13 13:30:06 --> Session: Class initialized using 'CodeIgniter\Session\Handlers\FileHandler' driver.
INFO - 2024-09-13 13:30:20 --> Session: Class initialized using 'CodeIgniter\Session\Handlers\FileHandler' driver.
INFO - 2024-09-13 13:30:20 --> Session: Class initialized using 'CodeIgniter\Session\Handlers\FileHandler' driver.
INFO - 2024-09-13 13:30:26 --> Session: Class initialized using 'CodeIgniter\Session\Handlers\FileHandler' driver.
INFO - 2024-09-13 13:30:26 --> Session: Class initialized using 'CodeIgniter\Session\Handlers\FileHandler' driver.
INFO - 2024-09-13 13:30:38 --> Session: Class initialized using 'CodeIgniter\Session\Handlers\FileHandler' driver.
INFO - 2024-09-13 13:30:38 --> Session: Class initialized using 'CodeIgniter\Session\Handlers\FileHandler' driver.
INFO - 2024-09-13 13:42:17 --> Session: Class initialized using 'CodeIgniter\Session\Handlers\FileHandler' driver.
INFO - 2024-09-13 13:42:19 --> Session: Class initialized using 'CodeIgniter\Session\Handlers\FileHandler' driver.
CRITICAL - 2024-09-13 13:42:19 --> CodeIgniter\Encryption\Exceptions\EncryptionException: Decrypting: authentication failed.
in SYSTEMPATH/Encryption/Handlers/OpenSSLHandler.php on line 139.
 1 SYSTEMPATH/Encryption/Handlers/OpenSSLHandler.php(139): CodeIgniter\Encryption\Exceptions\EncryptionException::forAuthenticationFailed()
 2 APPPATH/Controllers/ClientController.php(56): CodeIgniter\Encryption\Handlers\OpenSSLHandler->decrypt()
 3 SYSTEMPATH/CodeIgniter.php(941): App\Controllers\ClientController->getdefaultfiles()
 4 SYSTEMPATH/CodeIgniter.php(502): CodeIgniter\CodeIgniter->runController()
 5 SYSTEMPATH/CodeIgniter.php(361): CodeIgniter\CodeIgniter->handleRequest()
 6 FCPATH/index.php(84): CodeIgniter\CodeIgniter->run()
INFO - 2024-09-13 13:42:19 --> Session: Class initialized using 'CodeIgniter\Session\Handlers\FileHandler' driver.
INFO - 2024-09-13 13:42:35 --> Session: Class initialized using 'CodeIgniter\Session\Handlers\FileHandler' driver.
INFO - 2024-09-13 13:42:40 --> Session: Class initialized using 'CodeIgniter\Session\Handlers\FileHandler' driver.
INFO - 2024-09-13 13:42:40 --> Session: Class initialized using 'CodeIgniter\Session\Handlers\FileHandler' driver.
INFO - 2024-09-13 13:43:02 --> Session: Class initialized using 'CodeIgniter\Session\Handlers\FileHandler' driver.
INFO - 2024-09-13 13:43:02 --> Session: Class initialized using 'CodeIgniter\Session\Handlers\FileHandler' driver.
INFO - 2024-09-13 13:54:31 --> Session: Class initialized using 'CodeIgniter\Session\Handlers\FileHandler' driver.
INFO - 2024-09-13 13:54:51 --> Session: Class initialized using 'CodeIgniter\Session\Handlers\FileHandler' driver.
CRITICAL - 2024-09-13 13:54:51 --> ErrorException: Undefined array key "wpID"
in APPPATH/Models/WorkpaperModel.php on line 1511.
 1 APPPATH/Models/WorkpaperModel.php(1511): CodeIgniter\Debug\Exceptions->errorHandler()
 2 APPPATH/Controllers/WorkpaperController.php(1011): App\Models\WorkpaperModel->savevalues()
 3 SYSTEMPATH/CodeIgniter.php(941): App\Controllers\WorkpaperController->savevalues()
 4 SYSTEMPATH/CodeIgniter.php(502): CodeIgniter\CodeIgniter->runController()
 5 SYSTEMPATH/CodeIgniter.php(361): CodeIgniter\CodeIgniter->handleRequest()
 6 FCPATH/index.php(84): CodeIgniter\CodeIgniter->run()
INFO - 2024-09-13 14:12:13 --> Session: Class initialized using 'CodeIgniter\Session\Handlers\FileHandler' driver.
INFO - 2024-09-13 14:12:16 --> Session: Class initialized using 'CodeIgniter\Session\Handlers\FileHandler' driver.
INFO - 2024-09-13 14:12:24 --> Session: Class initialized using 'CodeIgniter\Session\Handlers\FileHandler' driver.
INFO - 2024-09-13 14:12:25 --> Session: Class initialized using 'CodeIgniter\Session\Handlers\FileHandler' driver.
INFO - 2024-09-13 14:12:43 --> Session: Class initialized using 'CodeIgniter\Session\Handlers\FileHandler' driver.
INFO - 2024-09-13 14:12:43 --> Session: Class initialized using 'CodeIgniter\Session\Handlers\FileHandler' driver.
INFO - 2024-09-13 14:12:52 --> Session: Class initialized using 'CodeIgniter\Session\Handlers\FileHandler' driver.
INFO - 2024-09-13 14:13:07 --> Session: Class initialized using 'CodeIgniter\Session\Handlers\FileHandler' driver.
INFO - 2024-09-13 14:13:07 --> Session: Class initialized using 'CodeIgniter\Session\Handlers\FileHandler' driver.
INFO - 2024-09-13 14:13:17 --> Session: Class initialized using 'CodeIgniter\Session\Handlers\FileHandler' driver.
INFO - 2024-09-13 14:13:17 --> Session: Class initialized using 'CodeIgniter\Session\Handlers\FileHandler' driver.
INFO - 2024-09-13 14:13:36 --> Session: Class initialized using 'CodeIgniter\Session\Handlers\FileHandler' driver.
INFO - 2024-09-13 14:13:42 --> Session: Class initialized using 'CodeIgniter\Session\Handlers\FileHandler' driver.
INFO - 2024-09-13 14:13:44 --> Session: Class initialized using 'CodeIgniter\Session\Handlers\FileHandler' driver.
INFO - 2024-09-13 14:13:51 --> Session: Class initialized using 'CodeIgniter\Session\Handlers\FileHandler' driver.
INFO - 2024-09-13 14:14:06 --> Session: Class initialized using 'CodeIgniter\Session\Handlers\FileHandler' driver.
INFO - 2024-09-13 14:14:07 --> Session: Class initialized using 'CodeIgniter\Session\Handlers\FileHandler' driver.
INFO - 2024-09-13 14:14:16 --> Session: Class initialized using 'CodeIgniter\Session\Handlers\FileHandler' driver.
INFO - 2024-09-13 14:14:25 --> Session: Class initialized using 'CodeIgniter\Session\Handlers\FileHandler' driver.
INFO - 2024-09-13 14:14:25 --> Session: Class initialized using 'CodeIgniter\Session\Handlers\FileHandler' driver.
INFO - 2024-09-13 14:14:41 --> Session: Class initialized using 'CodeIgniter\Session\Handlers\FileHandler' driver.
INFO - 2024-09-13 14:15:17 --> Session: Class initialized using 'CodeIgniter\Session\Handlers\FileHandler' driver.
INFO - 2024-09-13 14:15:17 --> Session: Class initialized using 'CodeIgniter\Session\Handlers\FileHandler' driver.
INFO - 2024-09-13 14:15:28 --> Session: Class initialized using 'CodeIgniter\Session\Handlers\FileHandler' driver.
INFO - 2024-09-13 14:15:34 --> Session: Class initialized using 'CodeIgniter\Session\Handlers\FileHandler' driver.
INFO - 2024-09-13 14:15:36 --> Session: Class initialized using 'CodeIgniter\Session\Handlers\FileHandler' driver.
INFO - 2024-09-13 14:15:37 --> Session: Class initialized using 'CodeIgniter\Session\Handlers\FileHandler' driver.
INFO - 2024-09-13 14:15:40 --> Session: Class initialized using 'CodeIgniter\Session\Handlers\FileHandler' driver.
INFO - 2024-09-13 14:15:46 --> Session: Class initialized using 'CodeIgniter\Session\Handlers\FileHandler' driver.
INFO - 2024-09-13 14:15:46 --> Session: Class initialized using 'CodeIgniter\Session\Handlers\FileHandler' driver.
INFO - 2024-09-13 14:15:49 --> Session: Class initialized using 'CodeIgniter\Session\Handlers\FileHandler' driver.
INFO - 2024-09-13 14:15:51 --> Session: Class initialized using 'CodeIgniter\Session\Handlers\FileHandler' driver.
INFO - 2024-09-13 14:15:53 --> Session: Class initialized using 'CodeIgniter\Session\Handlers\FileHandler' driver.
INFO - 2024-09-13 14:15:59 --> Session: Class initialized using 'CodeIgniter\Session\Handlers\FileHandler' driver.
INFO - 2024-09-13 14:15:59 --> Session: Class initialized using 'CodeIgniter\Session\Handlers\FileHandler' driver.
INFO - 2024-09-13 14:16:03 --> Session: Class initialized using 'CodeIgniter\Session\Handlers\FileHandler' driver.
INFO - 2024-09-13 14:16:05 --> Session: Class initialized using 'CodeIgniter\Session\Handlers\FileHandler' driver.
INFO - 2024-09-13 14:16:06 --> Session: Class initialized using 'CodeIgniter\Session\Handlers\FileHandler' driver.
INFO - 2024-09-13 14:17:34 --> Session: Class initialized using 'CodeIgniter\Session\Handlers\FileHandler' driver.
INFO - 2024-09-13 14:17:37 --> Session: Class initialized using 'CodeIgniter\Session\Handlers\FileHandler' driver.
INFO - 2024-09-13 14:17:42 --> Session: Class initialized using 'CodeIgniter\Session\Handlers\FileHandler' driver.
INFO - 2024-09-13 14:17:43 --> Session: Class initialized using 'CodeIgniter\Session\Handlers\FileHandler' driver.
INFO - 2024-09-13 14:17:45 --> Session: Class initialized using 'CodeIgniter\Session\Handlers\FileHandler' driver.
INFO - 2024-09-13 14:17:46 --> Session: Class initialized using 'CodeIgniter\Session\Handlers\FileHandler' driver.
INFO - 2024-09-13 14:17:47 --> Session: Class initialized using 'CodeIgniter\Session\Handlers\FileHandler' driver.
INFO - 2024-09-13 14:18:07 --> Session: Class initialized using 'CodeIgniter\Session\Handlers\FileHandler' driver.
INFO - 2024-09-13 14:18:07 --> Session: Class initialized using 'CodeIgniter\Session\Handlers\FileHandler' driver.
INFO - 2024-09-13 14:19:23 --> Session: Class initialized using 'CodeIgniter\Session\Handlers\FileHandler' driver.
INFO - 2024-09-13 14:19:30 --> Session: Class initialized using 'CodeIgniter\Session\Handlers\FileHandler' driver.
INFO - 2024-09-13 14:21:59 --> Session: Class initialized using 'CodeIgniter\Session\Handlers\FileHandler' driver.
INFO - 2024-09-13 14:22:03 --> Session: Class initialized using 'CodeIgniter\Session\Handlers\FileHandler' driver.
INFO - 2024-09-13 14:22:05 --> Session: Class initialized using 'CodeIgniter\Session\Handlers\FileHandler' driver.
INFO - 2024-09-13 14:22:07 --> Session: Class initialized using 'CodeIgniter\Session\Handlers\FileHandler' driver.
INFO - 2024-09-13 14:22:11 --> Session: Class initialized using 'CodeIgniter\Session\Handlers\FileHandler' driver.
INFO - 2024-09-13 14:22:11 --> Session: Class initialized using 'CodeIgniter\Session\Handlers\FileHandler' driver.
INFO - 2024-09-13 14:22:23 --> Session: Class initialized using 'CodeIgniter\Session\Handlers\FileHandler' driver.
INFO - 2024-09-13 14:22:23 --> Session: Class initialized using 'CodeIgniter\Session\Handlers\FileHandler' driver.
INFO - 2024-09-13 14:25:10 --> Session: Class initialized using 'CodeIgniter\Session\Handlers\FileHandler' driver.
INFO - 2024-09-13 14:25:18 --> Session: Class initialized using 'CodeIgniter\Session\Handlers\FileHandler' driver.
INFO - 2024-09-13 14:25:18 --> Session: Class initialized using 'CodeIgniter\Session\Handlers\FileHandler' driver.
INFO - 2024-09-13 14:26:23 --> Session: Class initialized using 'CodeIgniter\Session\Handlers\FileHandler' driver.
INFO - 2024-09-13 14:26:25 --> Session: Class initialized using 'CodeIgniter\Session\Handlers\FileHandler' driver.
INFO - 2024-09-13 14:26:28 --> Session: Class initialized using 'CodeIgniter\Session\Handlers\FileHandler' driver.
INFO - 2024-09-13 14:26:34 --> Session: Class initialized using 'CodeIgniter\Session\Handlers\FileHandler' driver.
INFO - 2024-09-13 14:26:34 --> Session: Class initialized using 'CodeIgniter\Session\Handlers\FileHandler' driver.
INFO - 2024-09-13 14:26:51 --> Session: Class initialized using 'CodeIgniter\Session\Handlers\FileHandler' driver.
INFO - 2024-09-13 14:26:55 --> Session: Class initialized using 'CodeIgniter\Session\Handlers\FileHandler' driver.
INFO - 2024-09-13 14:26:55 --> Session: Class initialized using 'CodeIgniter\Session\Handlers\FileHandler' driver.
INFO - 2024-09-13 14:27:01 --> Session: Class initialized using 'CodeIgniter\Session\Handlers\FileHandler' driver.
INFO - 2024-09-13 14:27:01 --> Session: Class initialized using 'CodeIgniter\Session\Handlers\FileHandler' driver.
INFO - 2024-09-13 14:27:10 --> Session: Class initialized using 'CodeIgniter\Session\Handlers\FileHandler' driver.
INFO - 2024-09-13 14:27:38 --> Session: Class initialized using 'CodeIgniter\Session\Handlers\FileHandler' driver.
INFO - 2024-09-13 14:27:38 --> Session: Class initialized using 'CodeIgniter\Session\Handlers\FileHandler' driver.
INFO - 2024-09-13 14:27:51 --> Session: Class initialized using 'CodeIgniter\Session\Handlers\FileHandler' driver.
INFO - 2024-09-13 14:27:51 --> Session: Class initialized using 'CodeIgniter\Session\Handlers\FileHandler' driver.
INFO - 2024-09-13 14:28:07 --> Session: Class initialized using 'CodeIgniter\Session\Handlers\FileHandler' driver.
INFO - 2024-09-13 14:28:07 --> Session: Class initialized using 'CodeIgniter\Session\Handlers\FileHandler' driver.
INFO - 2024-09-13 14:29:04 --> Session: Class initialized using 'CodeIgniter\Session\Handlers\FileHandler' driver.
INFO - 2024-09-13 14:30:06 --> Session: Class initialized using 'CodeIgniter\Session\Handlers\FileHandler' driver.
INFO - 2024-09-13 14:30:17 --> Session: Class initialized using 'CodeIgniter\Session\Handlers\FileHandler' driver.
INFO - 2024-09-13 14:30:17 --> Session: Class initialized using 'CodeIgniter\Session\Handlers\FileHandler' driver.
INFO - 2024-09-13 14:30:22 --> Session: Class initialized using 'CodeIgniter\Session\Handlers\FileHandler' driver.
INFO - 2024-09-13 14:30:27 --> Session: Class initialized using 'CodeIgniter\Session\Handlers\FileHandler' driver.
INFO - 2024-09-13 14:30:27 --> Session: Class initialized using 'CodeIgniter\Session\Handlers\FileHandler' driver.
INFO - 2024-09-13 14:30:31 --> Session: Class initialized using 'CodeIgniter\Session\Handlers\FileHandler' driver.
INFO - 2024-09-13 14:30:31 --> Session: Class initialized using 'CodeIgniter\Session\Handlers\FileHandler' driver.
INFO - 2024-09-13 14:30:38 --> Session: Class initialized using 'CodeIgniter\Session\Handlers\FileHandler' driver.
INFO - 2024-09-13 14:30:38 --> Session: Class initialized using 'CodeIgniter\Session\Handlers\FileHandler' driver.
INFO - 2024-09-13 14:30:47 --> Session: Class initialized using 'CodeIgniter\Session\Handlers\FileHandler' driver.
INFO - 2024-09-13 14:30:47 --> Session: Class initialized using 'CodeIgniter\Session\Handlers\FileHandler' driver.
INFO - 2024-09-13 14:30:58 --> Session: Class initialized using 'CodeIgniter\Session\Handlers\FileHandler' driver.
INFO - 2024-09-13 14:31:03 --> Session: Class initialized using 'CodeIgniter\Session\Handlers\FileHandler' driver.
INFO - 2024-09-13 14:31:03 --> Session: Class initialized using 'CodeIgniter\Session\Handlers\FileHandler' driver.
INFO - 2024-09-13 14:31:09 --> Session: Class initialized using 'CodeIgniter\Session\Handlers\FileHandler' driver.
INFO - 2024-09-13 14:31:09 --> Session: Class initialized using 'CodeIgniter\Session\Handlers\FileHandler' driver.
INFO - 2024-09-13 14:31:22 --> Session: Class initialized using 'CodeIgniter\Session\Handlers\FileHandler' driver.
INFO - 2024-09-13 14:31:22 --> Session: Class initialized using 'CodeIgniter\Session\Handlers\FileHandler' driver.
INFO - 2024-09-13 14:31:31 --> Session: Class initialized using 'CodeIgniter\Session\Handlers\FileHandler' driver.
INFO - 2024-09-13 14:31:50 --> Session: Class initialized using 'CodeIgniter\Session\Handlers\FileHandler' driver.
INFO - 2024-09-13 14:31:50 --> Session: Class initialized using 'CodeIgniter\Session\Handlers\FileHandler' driver.
INFO - 2024-09-13 14:32:03 --> Session: Class initialized using 'CodeIgniter\Session\Handlers\FileHandler' driver.
INFO - 2024-09-13 14:32:16 --> Session: Class initialized using 'CodeIgniter\Session\Handlers\FileHandler' driver.
INFO - 2024-09-13 14:32:21 --> Session: Class initialized using 'CodeIgniter\Session\Handlers\FileHandler' driver.
INFO - 2024-09-13 14:32:21 --> Session: Class initialized using 'CodeIgniter\Session\Handlers\FileHandler' driver.
INFO - 2024-09-13 14:32:27 --> Session: Class initialized using 'CodeIgniter\Session\Handlers\FileHandler' driver.
INFO - 2024-09-13 14:32:33 --> Session: Class initialized using 'CodeIgniter\Session\Handlers\FileHandler' driver.
INFO - 2024-09-13 14:32:33 --> Session: Class initialized using 'CodeIgniter\Session\Handlers\FileHandler' driver.
INFO - 2024-09-13 14:32:46 --> Session: Class initialized using 'CodeIgniter\Session\Handlers\FileHandler' driver.
INFO - 2024-09-13 14:32:56 --> Session: Class initialized using 'CodeIgniter\Session\Handlers\FileHandler' driver.
INFO - 2024-09-13 14:33:03 --> Session: Class initialized using 'CodeIgniter\Session\Handlers\FileHandler' driver.
INFO - 2024-09-13 14:33:03 --> Session: Class initialized using 'CodeIgniter\Session\Handlers\FileHandler' driver.
INFO - 2024-09-13 14:33:21 --> Session: Class initialized using 'CodeIgniter\Session\Handlers\FileHandler' driver.
INFO - 2024-09-13 14:33:25 --> Session: Class initialized using 'CodeIgniter\Session\Handlers\FileHandler' driver.
INFO - 2024-09-13 14:33:26 --> Session: Class initialized using 'CodeIgniter\Session\Handlers\FileHandler' driver.
INFO - 2024-09-13 14:33:50 --> Session: Class initialized using 'CodeIgniter\Session\Handlers\FileHandler' driver.
INFO - 2024-09-13 14:33:58 --> Session: Class initialized using 'CodeIgniter\Session\Handlers\FileHandler' driver.
INFO - 2024-09-13 14:34:02 --> Session: Class initialized using 'CodeIgniter\Session\Handlers\FileHandler' driver.
INFO - 2024-09-13 14:34:07 --> Session: Class initialized using 'CodeIgniter\Session\Handlers\FileHandler' driver.
INFO - 2024-09-13 14:34:11 --> Session: Class initialized using 'CodeIgniter\Session\Handlers\FileHandler' driver.
INFO - 2024-09-13 14:34:11 --> Session: Class initialized using 'CodeIgniter\Session\Handlers\FileHandler' driver.
INFO - 2024-09-13 14:34:30 --> Session: Class initialized using 'CodeIgniter\Session\Handlers\FileHandler' driver.
INFO - 2024-09-13 14:34:30 --> Session: Class initialized using 'CodeIgniter\Session\Handlers\FileHandler' driver.
INFO - 2024-09-13 14:34:38 --> Session: Class initialized using 'CodeIgniter\Session\Handlers\FileHandler' driver.
INFO - 2024-09-13 14:34:43 --> Session: Class initialized using 'CodeIgniter\Session\Handlers\FileHandler' driver.
INFO - 2024-09-13 14:34:50 --> Session: Class initialized using 'CodeIgniter\Session\Handlers\FileHandler' driver.
INFO - 2024-09-13 14:34:50 --> Session: Class initialized using 'CodeIgniter\Session\Handlers\FileHandler' driver.
INFO - 2024-09-13 14:35:04 --> Session: Class initialized using 'CodeIgniter\Session\Handlers\FileHandler' driver.
INFO - 2024-09-13 14:35:04 --> Session: Class initialized using 'CodeIgniter\Session\Handlers\FileHandler' driver.
INFO - 2024-09-13 14:35:12 --> Session: Class initialized using 'CodeIgniter\Session\Handlers\FileHandler' driver.
INFO - 2024-09-13 14:35:12 --> Session: Class initialized using 'CodeIgniter\Session\Handlers\FileHandler' driver.
INFO - 2024-09-13 14:35:33 --> Session: Class initialized using 'CodeIgniter\Session\Handlers\FileHandler' driver.
INFO - 2024-09-13 14:35:42 --> Session: Class initialized using 'CodeIgniter\Session\Handlers\FileHandler' driver.
INFO - 2024-09-13 14:35:42 --> Session: Class initialized using 'CodeIgniter\Session\Handlers\FileHandler' driver.
INFO - 2024-09-13 14:35:58 --> Session: Class initialized using 'CodeIgniter\Session\Handlers\FileHandler' driver.
INFO - 2024-09-13 14:36:04 --> Session: Class initialized using 'CodeIgniter\Session\Handlers\FileHandler' driver.
INFO - 2024-09-13 14:36:04 --> Session: Class initialized using 'CodeIgniter\Session\Handlers\FileHandler' driver.
INFO - 2024-09-13 14:36:12 --> Session: Class initialized using 'CodeIgniter\Session\Handlers\FileHandler' driver.
INFO - 2024-09-13 14:36:12 --> Session: Class initialized using 'CodeIgniter\Session\Handlers\FileHandler' driver.
INFO - 2024-09-13 14:36:18 --> Session: Class initialized using 'CodeIgniter\Session\Handlers\FileHandler' driver.
INFO - 2024-09-13 14:36:18 --> Session: Class initialized using 'CodeIgniter\Session\Handlers\FileHandler' driver.
INFO - 2024-09-13 14:41:37 --> Session: Class initialized using 'CodeIgniter\Session\Handlers\FileHandler' driver.
INFO - 2024-09-13 14:41:43 --> Session: Class initialized using 'CodeIgniter\Session\Handlers\FileHandler' driver.
INFO - 2024-09-13 14:41:43 --> Session: Class initialized using 'CodeIgniter\Session\Handlers\FileHandler' driver.
INFO - 2024-09-13 14:41:50 --> Session: Class initialized using 'CodeIgniter\Session\Handlers\FileHandler' driver.
INFO - 2024-09-13 14:41:50 --> Session: Class initialized using 'CodeIgniter\Session\Handlers\FileHandler' driver.
INFO - 2024-09-13 14:41:57 --> Session: Class initialized using 'CodeIgniter\Session\Handlers\FileHandler' driver.
INFO - 2024-09-13 14:41:57 --> Session: Class initialized using 'CodeIgniter\Session\Handlers\FileHandler' driver.
INFO - 2024-09-13 14:42:03 --> Session: Class initialized using 'CodeIgniter\Session\Handlers\FileHandler' driver.
INFO - 2024-09-13 14:42:07 --> Session: Class initialized using 'CodeIgniter\Session\Handlers\FileHandler' driver.
INFO - 2024-09-13 14:42:07 --> Session: Class initialized using 'CodeIgniter\Session\Handlers\FileHandler' driver.
INFO - 2024-09-13 14:42:15 --> Session: Class initialized using 'CodeIgniter\Session\Handlers\FileHandler' driver.
INFO - 2024-09-13 14:42:15 --> Session: Class initialized using 'CodeIgniter\Session\Handlers\FileHandler' driver.
INFO - 2024-09-13 14:44:40 --> Session: Class initialized using 'CodeIgniter\Session\Handlers\FileHandler' driver.
INFO - 2024-09-13 14:44:50 --> Session: Class initialized using 'CodeIgniter\Session\Handlers\FileHandler' driver.
INFO - 2024-09-13 14:44:50 --> Session: Class initialized using 'CodeIgniter\Session\Handlers\FileHandler' driver.
INFO - 2024-09-13 14:45:03 --> Session: Class initialized using 'CodeIgniter\Session\Handlers\FileHandler' driver.
INFO - 2024-09-13 14:45:10 --> Session: Class initialized using 'CodeIgniter\Session\Handlers\FileHandler' driver.
INFO - 2024-09-13 14:45:10 --> Session: Class initialized using 'CodeIgniter\Session\Handlers\FileHandler' driver.
INFO - 2024-09-13 15:00:03 --> Session: Class initialized using 'CodeIgniter\Session\Handlers\FileHandler' driver.
