INFO - 2024-04-19 09:05:24 --> Session: Class initialized using 'CodeIgniter\Session\Handlers\FileHandler' driver.
INFO - 2024-04-19 09:05:24 --> Session: Class initialized using 'CodeIgniter\Session\Handlers\FileHandler' driver.
INFO - 2024-04-19 09:05:31 --> Session: Class initialized using 'CodeIgniter\Session\Handlers\FileHandler' driver.
INFO - 2024-04-19 09:05:31 --> Session: Class initialized using 'CodeIgniter\Session\Handlers\FileHandler' driver.
INFO - 2024-04-19 09:05:34 --> Session: Class initialized using 'CodeIgniter\Session\Handlers\FileHandler' driver.
INFO - 2024-04-19 09:05:36 --> Session: Class initialized using 'CodeIgniter\Session\Handlers\FileHandler' driver.
INFO - 2024-04-19 09:05:38 --> Session: Class initialized using 'CodeIgniter\Session\Handlers\FileHandler' driver.
INFO - 2024-04-19 09:05:48 --> Session: Class initialized using 'CodeIgniter\Session\Handlers\FileHandler' driver.
INFO - 2024-04-19 09:05:51 --> Session: Class initialized using 'CodeIgniter\Session\Handlers\FileHandler' driver.
INFO - 2024-04-19 09:05:59 --> Session: Class initialized using 'CodeIgniter\Session\Handlers\FileHandler' driver.
INFO - 2024-04-19 09:06:02 --> Session: Class initialized using 'CodeIgniter\Session\Handlers\FileHandler' driver.
INFO - 2024-04-19 09:06:07 --> Session: Class initialized using 'CodeIgniter\Session\Handlers\FileHandler' driver.
INFO - 2024-04-19 09:06:13 --> Session: Class initialized using 'CodeIgniter\Session\Handlers\FileHandler' driver.
INFO - 2024-04-19 09:06:19 --> Session: Class initialized using 'CodeIgniter\Session\Handlers\FileHandler' driver.
CRITICAL - 2024-04-19 09:06:19 --> CodeIgniter\Encryption\Exceptions\EncryptionException: Decrypting: authentication failed.
in SYSTEMPATH\Encryption\Handlers\OpenSSLHandler.php on line 139.
 1 SYSTEMPATH\Encryption\Handlers\OpenSSLHandler.php(139): CodeIgniter\Encryption\Exceptions\EncryptionException::forAuthenticationFailed()
 2 APPPATH\Controllers\ClientController.php(31): CodeIgniter\Encryption\Handlers\OpenSSLHandler->decrypt('')
 3 SYSTEMPATH\CodeIgniter.php(941): App\Controllers\ClientController->getdefaultfiles('undefined')
 4 SYSTEMPATH\CodeIgniter.php(502): CodeIgniter\CodeIgniter->runController(Object(App\Controllers\ClientController))
 5 SYSTEMPATH\CodeIgniter.php(361): CodeIgniter\CodeIgniter->handleRequest(null, Object(Config\Cache), false)
 6 FCPATH\index.php(84): CodeIgniter\CodeIgniter->run()
INFO - 2024-04-19 09:06:19 --> Session: Class initialized using 'CodeIgniter\Session\Handlers\FileHandler' driver.
INFO - 2024-04-19 09:06:23 --> Session: Class initialized using 'CodeIgniter\Session\Handlers\FileHandler' driver.
INFO - 2024-04-19 09:06:28 --> Session: Class initialized using 'CodeIgniter\Session\Handlers\FileHandler' driver.
INFO - 2024-04-19 09:06:31 --> Session: Class initialized using 'CodeIgniter\Session\Handlers\FileHandler' driver.
INFO - 2024-04-19 09:06:37 --> Session: Class initialized using 'CodeIgniter\Session\Handlers\FileHandler' driver.
CRITICAL - 2024-04-19 09:06:37 --> ErrorException: Undefined variable $header
in APPPATH\Views\client\chapter2\243E22.php on line 12.
 1 APPPATH\Views\client\chapter2\243E22.php(12): CodeIgniter\Debug\Exceptions->errorHandler(2, 'Undefined variable $header', 'D:\\dhay\\xampp\\htdocs\\jblas\\app\\Views\\client\\chapter2\\243E22.php', 12)
 2 SYSTEMPATH\View\View.php(228): include('D:\\dhay\\xampp\\htdocs\\jblas\\app\\Views\\client\\chapter2\\243E22.php')
 3 SYSTEMPATH\View\View.php(231): CodeIgniter\View\View->CodeIgniter\View\{closure}()
 4 SYSTEMPATH\Common.php(1178): CodeIgniter\View\View->render('client/chapter2/243E22', [], true)
 5 APPPATH\Controllers\ChapterController.php(1961): view('client/chapter2/243E22', [...])
 6 SYSTEMPATH\CodeIgniter.php(941): App\Controllers\ChapterController->c2setvalues('2.4.3 E2-2', '7f285fa81347efd0d821f4ff4c4c4a6d8a0548a99e85c61a10ccf318ea90660496ddc65e77f015b9ba84a1844b0c416a4bbd9c7dd93af379669d2a715d412c67Mre4~M1DlnbQD96o2l$k$w65', 'e85e3853717b041d4c248f71ae0b5b995e0bfad7d040f89510c62f0d187b19449e054145b329d2f00c99660ce877bc580d5215825fe567ba09f5ef60ad56c847em2WULFZZDiXyjLbqytAY3U=', 'DJ metal works')
 7 SYSTEMPATH\CodeIgniter.php(502): CodeIgniter\CodeIgniter->runController(Object(App\Controllers\ChapterController))
 8 SYSTEMPATH\CodeIgniter.php(361): CodeIgniter\CodeIgniter->handleRequest(null, Object(Config\Cache), false)
 9 FCPATH\index.php(84): CodeIgniter\CodeIgniter->run()
INFO - 2024-04-19 09:07:03 --> Session: Class initialized using 'CodeIgniter\Session\Handlers\FileHandler' driver.
INFO - 2024-04-19 09:07:07 --> Session: Class initialized using 'CodeIgniter\Session\Handlers\FileHandler' driver.
CRITICAL - 2024-04-19 09:07:07 --> ErrorException: Undefined variable $header
in APPPATH\Views\client\chapter2\243E22.php on line 12.
 1 APPPATH\Views\client\chapter2\243E22.php(12): CodeIgniter\Debug\Exceptions->errorHandler(2, 'Undefined variable $header', 'D:\\dhay\\xampp\\htdocs\\jblas\\app\\Views\\client\\chapter2\\243E22.php', 12)
 2 SYSTEMPATH\View\View.php(228): include('D:\\dhay\\xampp\\htdocs\\jblas\\app\\Views\\client\\chapter2\\243E22.php')
 3 SYSTEMPATH\View\View.php(231): CodeIgniter\View\View->CodeIgniter\View\{closure}()
 4 SYSTEMPATH\Common.php(1178): CodeIgniter\View\View->render('client/chapter2/243E22', [], true)
 5 APPPATH\Controllers\ChapterController.php(1961): view('client/chapter2/243E22', [...])
 6 SYSTEMPATH\CodeIgniter.php(941): App\Controllers\ChapterController->c2setvalues('2.4.3 E2-2', '7f285fa81347efd0d821f4ff4c4c4a6d8a0548a99e85c61a10ccf318ea90660496ddc65e77f015b9ba84a1844b0c416a4bbd9c7dd93af379669d2a715d412c67Mre4~M1DlnbQD96o2l$k$w65', 'e85e3853717b041d4c248f71ae0b5b995e0bfad7d040f89510c62f0d187b19449e054145b329d2f00c99660ce877bc580d5215825fe567ba09f5ef60ad56c847em2WULFZZDiXyjLbqytAY3U=', 'DJ metal works')
 7 SYSTEMPATH\CodeIgniter.php(502): CodeIgniter\CodeIgniter->runController(Object(App\Controllers\ChapterController))
 8 SYSTEMPATH\CodeIgniter.php(361): CodeIgniter\CodeIgniter->handleRequest(null, Object(Config\Cache), false)
 9 FCPATH\index.php(84): CodeIgniter\CodeIgniter->run()
INFO - 2024-04-19 09:08:13 --> Session: Class initialized using 'CodeIgniter\Session\Handlers\FileHandler' driver.
INFO - 2024-04-19 09:08:16 --> Session: Class initialized using 'CodeIgniter\Session\Handlers\FileHandler' driver.
CRITICAL - 2024-04-19 09:08:16 --> CodeIgniter\Encryption\Exceptions\EncryptionException: Decrypting: authentication failed.
in SYSTEMPATH\Encryption\Handlers\OpenSSLHandler.php on line 139.
 1 SYSTEMPATH\Encryption\Handlers\OpenSSLHandler.php(139): CodeIgniter\Encryption\Exceptions\EncryptionException::forAuthenticationFailed()
 2 APPPATH\Controllers\ClientController.php(31): CodeIgniter\Encryption\Handlers\OpenSSLHandler->decrypt('')
 3 SYSTEMPATH\CodeIgniter.php(941): App\Controllers\ClientController->getdefaultfiles('undefined')
 4 SYSTEMPATH\CodeIgniter.php(502): CodeIgniter\CodeIgniter->runController(Object(App\Controllers\ClientController))
 5 SYSTEMPATH\CodeIgniter.php(361): CodeIgniter\CodeIgniter->handleRequest(null, Object(Config\Cache), false)
 6 FCPATH\index.php(84): CodeIgniter\CodeIgniter->run()
INFO - 2024-04-19 09:08:16 --> Session: Class initialized using 'CodeIgniter\Session\Handlers\FileHandler' driver.
INFO - 2024-04-19 09:08:24 --> Session: Class initialized using 'CodeIgniter\Session\Handlers\FileHandler' driver.
INFO - 2024-04-19 09:08:34 --> Session: Class initialized using 'CodeIgniter\Session\Handlers\FileHandler' driver.
INFO - 2024-04-19 09:08:54 --> Session: Class initialized using 'CodeIgniter\Session\Handlers\FileHandler' driver.
INFO - 2024-04-19 09:08:55 --> Session: Class initialized using 'CodeIgniter\Session\Handlers\FileHandler' driver.
CRITICAL - 2024-04-19 09:08:55 --> CodeIgniter\Encryption\Exceptions\EncryptionException: Decrypting: authentication failed.
in SYSTEMPATH\Encryption\Handlers\OpenSSLHandler.php on line 139.
 1 SYSTEMPATH\Encryption\Handlers\OpenSSLHandler.php(139): CodeIgniter\Encryption\Exceptions\EncryptionException::forAuthenticationFailed()
 2 APPPATH\Controllers\ClientController.php(31): CodeIgniter\Encryption\Handlers\OpenSSLHandler->decrypt('')
 3 SYSTEMPATH\CodeIgniter.php(941): App\Controllers\ClientController->getdefaultfiles('undefined')
 4 SYSTEMPATH\CodeIgniter.php(502): CodeIgniter\CodeIgniter->runController(Object(App\Controllers\ClientController))
 5 SYSTEMPATH\CodeIgniter.php(361): CodeIgniter\CodeIgniter->handleRequest(null, Object(Config\Cache), false)
 6 FCPATH\index.php(84): CodeIgniter\CodeIgniter->run()
INFO - 2024-04-19 09:08:55 --> Session: Class initialized using 'CodeIgniter\Session\Handlers\FileHandler' driver.
INFO - 2024-04-19 09:09:36 --> Session: Class initialized using 'CodeIgniter\Session\Handlers\FileHandler' driver.
INFO - 2024-04-19 09:09:40 --> Session: Class initialized using 'CodeIgniter\Session\Handlers\FileHandler' driver.
INFO - 2024-04-19 09:09:47 --> Session: Class initialized using 'CodeIgniter\Session\Handlers\FileHandler' driver.
CRITICAL - 2024-04-19 09:09:47 --> CodeIgniter\Encryption\Exceptions\EncryptionException: Decrypting: authentication failed.
in SYSTEMPATH\Encryption\Handlers\OpenSSLHandler.php on line 139.
 1 SYSTEMPATH\Encryption\Handlers\OpenSSLHandler.php(139): CodeIgniter\Encryption\Exceptions\EncryptionException::forAuthenticationFailed()
 2 APPPATH\Controllers\ClientController.php(31): CodeIgniter\Encryption\Handlers\OpenSSLHandler->decrypt('')
 3 SYSTEMPATH\CodeIgniter.php(941): App\Controllers\ClientController->getdefaultfiles('undefined')
 4 SYSTEMPATH\CodeIgniter.php(502): CodeIgniter\CodeIgniter->runController(Object(App\Controllers\ClientController))
 5 SYSTEMPATH\CodeIgniter.php(361): CodeIgniter\CodeIgniter->handleRequest(null, Object(Config\Cache), false)
 6 FCPATH\index.php(84): CodeIgniter\CodeIgniter->run()
INFO - 2024-04-19 09:09:47 --> Session: Class initialized using 'CodeIgniter\Session\Handlers\FileHandler' driver.
INFO - 2024-04-19 09:10:02 --> Session: Class initialized using 'CodeIgniter\Session\Handlers\FileHandler' driver.
INFO - 2024-04-19 09:12:14 --> Session: Class initialized using 'CodeIgniter\Session\Handlers\FileHandler' driver.
CRITICAL - 2024-04-19 09:12:14 --> CodeIgniter\Encryption\Exceptions\EncryptionException: Decrypting: authentication failed.
in SYSTEMPATH\Encryption\Handlers\OpenSSLHandler.php on line 139.
 1 SYSTEMPATH\Encryption\Handlers\OpenSSLHandler.php(139): CodeIgniter\Encryption\Exceptions\EncryptionException::forAuthenticationFailed()
 2 APPPATH\Controllers\ClientController.php(31): CodeIgniter\Encryption\Handlers\OpenSSLHandler->decrypt('')
 3 SYSTEMPATH\CodeIgniter.php(941): App\Controllers\ClientController->getdefaultfiles('undefined')
 4 SYSTEMPATH\CodeIgniter.php(502): CodeIgniter\CodeIgniter->runController(Object(App\Controllers\ClientController))
 5 SYSTEMPATH\CodeIgniter.php(361): CodeIgniter\CodeIgniter->handleRequest(null, Object(Config\Cache), false)
 6 FCPATH\index.php(84): CodeIgniter\CodeIgniter->run()
INFO - 2024-04-19 09:12:14 --> Session: Class initialized using 'CodeIgniter\Session\Handlers\FileHandler' driver.
INFO - 2024-04-19 09:13:46 --> Session: Class initialized using 'CodeIgniter\Session\Handlers\FileHandler' driver.
INFO - 2024-04-19 09:14:09 --> Session: Class initialized using 'CodeIgniter\Session\Handlers\FileHandler' driver.
INFO - 2024-04-19 09:14:12 --> Session: Class initialized using 'CodeIgniter\Session\Handlers\FileHandler' driver.
CRITICAL - 2024-04-19 09:14:12 --> ErrorException: Undefined variable $header
in APPPATH\Views\client\chapter2\242E21.php on line 12.
 1 APPPATH\Views\client\chapter2\242E21.php(12): CodeIgniter\Debug\Exceptions->errorHandler(2, 'Undefined variable $header', 'D:\\dhay\\xampp\\htdocs\\jblas\\app\\Views\\client\\chapter2\\242E21.php', 12)
 2 SYSTEMPATH\View\View.php(228): include('D:\\dhay\\xampp\\htdocs\\jblas\\app\\Views\\client\\chapter2\\242E21.php')
 3 SYSTEMPATH\View\View.php(231): CodeIgniter\View\View->CodeIgniter\View\{closure}()
 4 SYSTEMPATH\Common.php(1178): CodeIgniter\View\View->render('client/chapter2/242E21', [], true)
 5 APPPATH\Controllers\ChapterController.php(1953): view('client/chapter2/242E21', [...])
 6 SYSTEMPATH\CodeIgniter.php(941): App\Controllers\ChapterController->c2setvalues('2.4.2 E2-1', 'f48f9b1bc739d654b43543424654ac20f3dfcfed84d819adb14be2e245e9ab9ca61138dafd5becc867c3499f49a1b6b8dc24affe46100932cd41e2f3f8b3fc55C6wS24KyAyTF9BFKX~QxsfiQ', '26375625836fd32fb9d17734ab4f49722f1e48f71d4048d06d1c985e5a18c21e19f6d27acd0380ac72b2ab9159e0cb975f30964a37556360638a96259b4ce85ddJLGKFJ78YxojV1d~15D~7U=', 'DJ metal works')
 7 SYSTEMPATH\CodeIgniter.php(502): CodeIgniter\CodeIgniter->runController(Object(App\Controllers\ChapterController))
 8 SYSTEMPATH\CodeIgniter.php(361): CodeIgniter\CodeIgniter->handleRequest(null, Object(Config\Cache), false)
 9 FCPATH\index.php(84): CodeIgniter\CodeIgniter->run()
INFO - 2024-04-19 09:16:36 --> Session: Class initialized using 'CodeIgniter\Session\Handlers\FileHandler' driver.
CRITICAL - 2024-04-19 09:16:36 --> ErrorException: Undefined variable $header
in APPPATH\Views\client\chapter2\242E21.php on line 142.
 1 APPPATH\Views\client\chapter2\242E21.php(142): CodeIgniter\Debug\Exceptions->errorHandler(2, 'Undefined variable $header', 'D:\\dhay\\xampp\\htdocs\\jblas\\app\\Views\\client\\chapter2\\242E21.php', 142)
 2 SYSTEMPATH\View\View.php(228): include('D:\\dhay\\xampp\\htdocs\\jblas\\app\\Views\\client\\chapter2\\242E21.php')
 3 SYSTEMPATH\View\View.php(231): CodeIgniter\View\View->CodeIgniter\View\{closure}()
 4 SYSTEMPATH\Common.php(1178): CodeIgniter\View\View->render('client/chapter2/242E21', [], true)
 5 APPPATH\Controllers\ChapterController.php(1953): view('client/chapter2/242E21', [...])
 6 SYSTEMPATH\CodeIgniter.php(941): App\Controllers\ChapterController->c2setvalues('2.4.2 E2-1', 'f48f9b1bc739d654b43543424654ac20f3dfcfed84d819adb14be2e245e9ab9ca61138dafd5becc867c3499f49a1b6b8dc24affe46100932cd41e2f3f8b3fc55C6wS24KyAyTF9BFKX~QxsfiQ', '26375625836fd32fb9d17734ab4f49722f1e48f71d4048d06d1c985e5a18c21e19f6d27acd0380ac72b2ab9159e0cb975f30964a37556360638a96259b4ce85ddJLGKFJ78YxojV1d~15D~7U=', 'DJ metal works')
 7 SYSTEMPATH\CodeIgniter.php(502): CodeIgniter\CodeIgniter->runController(Object(App\Controllers\ChapterController))
 8 SYSTEMPATH\CodeIgniter.php(361): CodeIgniter\CodeIgniter->handleRequest(null, Object(Config\Cache), false)
 9 FCPATH\index.php(84): CodeIgniter\CodeIgniter->run()
INFO - 2024-04-19 09:16:49 --> Session: Class initialized using 'CodeIgniter\Session\Handlers\FileHandler' driver.
INFO - 2024-04-19 09:18:49 --> Session: Class initialized using 'CodeIgniter\Session\Handlers\FileHandler' driver.
INFO - 2024-04-19 09:19:11 --> Session: Class initialized using 'CodeIgniter\Session\Handlers\FileHandler' driver.
INFO - 2024-04-19 09:24:19 --> Session: Class initialized using 'CodeIgniter\Session\Handlers\FileHandler' driver.
INFO - 2024-04-19 09:24:27 --> Session: Class initialized using 'CodeIgniter\Session\Handlers\FileHandler' driver.
INFO - 2024-04-19 09:24:28 --> Session: Class initialized using 'CodeIgniter\Session\Handlers\FileHandler' driver.
INFO - 2024-04-19 09:24:38 --> Session: Class initialized using 'CodeIgniter\Session\Handlers\FileHandler' driver.
INFO - 2024-04-19 09:24:38 --> Session: Class initialized using 'CodeIgniter\Session\Handlers\FileHandler' driver.
INFO - 2024-04-19 09:25:34 --> Session: Class initialized using 'CodeIgniter\Session\Handlers\FileHandler' driver.
INFO - 2024-04-19 09:25:35 --> Session: Class initialized using 'CodeIgniter\Session\Handlers\FileHandler' driver.
INFO - 2024-04-19 09:25:54 --> Session: Class initialized using 'CodeIgniter\Session\Handlers\FileHandler' driver.
INFO - 2024-04-19 09:26:05 --> Session: Class initialized using 'CodeIgniter\Session\Handlers\FileHandler' driver.
INFO - 2024-04-19 09:26:06 --> Session: Class initialized using 'CodeIgniter\Session\Handlers\FileHandler' driver.
INFO - 2024-04-19 09:26:13 --> Session: Class initialized using 'CodeIgniter\Session\Handlers\FileHandler' driver.
INFO - 2024-04-19 09:26:14 --> Session: Class initialized using 'CodeIgniter\Session\Handlers\FileHandler' driver.
INFO - 2024-04-19 09:26:50 --> Session: Class initialized using 'CodeIgniter\Session\Handlers\FileHandler' driver.
INFO - 2024-04-19 09:26:55 --> Session: Class initialized using 'CodeIgniter\Session\Handlers\FileHandler' driver.
CRITICAL - 2024-04-19 09:26:55 --> ErrorException: foreach() argument must be of type array|object, null given
in APPPATH\Models\ChapterValuesModel.php on line 1016.
 1 APPPATH\Models\ChapterValuesModel.php(1016): CodeIgniter\Debug\Exceptions->errorHandler(2, 'foreach() argument must be of type array|object, null given', 'D:\\dhay\\xampp\\htdocs\\jblas\\app\\Models\\ChapterValuesModel.php', 1016)
 2 APPPATH\Controllers\ChapterValuesController.php(1089): App\Models\ChapterValuesModel->savercicp([...])
 3 SYSTEMPATH\CodeIgniter.php(941): App\Controllers\ChapterValuesController->savercicp('2.4.2 E2-1', 'f48f9b1bc739d654b43543424654ac20f3dfcfed84d819adb14be2e245e9ab9ca61138dafd5becc867c3499f49a1b6b8dc24affe46100932cd41e2f3f8b3fc55C6wS24KyAyTF9BFKX~QxsfiQ', '26375625836fd32fb9d17734ab4f49722f1e48f71d4048d06d1c985e5a18c21e19f6d27acd0380ac72b2ab9159e0cb975f30964a37556360638a96259b4ce85ddJLGKFJ78YxojV1d~15D~7U=', 'DJ metal works')
 4 SYSTEMPATH\CodeIgniter.php(502): CodeIgniter\CodeIgniter->runController(Object(App\Controllers\ChapterValuesController))
 5 SYSTEMPATH\CodeIgniter.php(361): CodeIgniter\CodeIgniter->handleRequest(null, Object(Config\Cache), false)
 6 FCPATH\index.php(84): CodeIgniter\CodeIgniter->run()
INFO - 2024-04-19 09:27:27 --> Session: Class initialized using 'CodeIgniter\Session\Handlers\FileHandler' driver.
INFO - 2024-04-19 09:28:08 --> Session: Class initialized using 'CodeIgniter\Session\Handlers\FileHandler' driver.
INFO - 2024-04-19 09:28:13 --> Session: Class initialized using 'CodeIgniter\Session\Handlers\FileHandler' driver.
INFO - 2024-04-19 09:28:15 --> Session: Class initialized using 'CodeIgniter\Session\Handlers\FileHandler' driver.
INFO - 2024-04-19 09:30:05 --> Session: Class initialized using 'CodeIgniter\Session\Handlers\FileHandler' driver.
INFO - 2024-04-19 09:30:14 --> Session: Class initialized using 'CodeIgniter\Session\Handlers\FileHandler' driver.
WARNING - 2024-04-19 09:30:15 --> [DEPRECATED] Required parameter $currentfont follows optional parameter $isunicode in APPPATH\Libraries\tcpdf\include\tcpdf_fonts.php on line 1998.
 1 APPPATH\Libraries\tcpdf\tcpdf.php(115): require_once()
 2 SYSTEMPATH\Autoloader\Autoloader.php(309): include_once('D:\\dhay\\xampp\\htdocs\\jblas\\app\\Libraries\\tcpdf\\tcpdf.php')
 3 SYSTEMPATH\Autoloader\Autoloader.php(253): CodeIgniter\Autoloader\Autoloader->includeFile('D:\\dhay\\xampp\\htdocs\\jblas\\app\\Libraries/tcpdf/tcpdf.php')
 4 APPPATH\Views\pdfc2\E2-1.php(6): CodeIgniter\Autoloader\Autoloader->loadClassmap('TCPDF')
 5 SYSTEMPATH\View\View.php(228): include('D:\\dhay\\xampp\\htdocs\\jblas\\app\\Views\\pdfc2\\E2-1.php')
 6 SYSTEMPATH\View\View.php(231): CodeIgniter\View\View->CodeIgniter\View\{closure}()
 7 SYSTEMPATH\Common.php(1178): CodeIgniter\View\View->render('pdfc2/E2-1', [], true)
 8 APPPATH\Controllers\ChapterController.php(1224): view('pdfc2/E2-1', [...])
 9 SYSTEMPATH\CodeIgniter.php(941): App\Controllers\ChapterController->viewc2pdf('2.4.2 E2-1', '2d10acf1ff3fea44600ef0ee9ca8c86d16130425d2bf704c409f005702937da75a6da972cc612a2eced7833fca3845ecf8b255a4e60ed48973c88435d3c02643iGmy7k32Fw1DnmsWLO0dY3UB')
10 SYSTEMPATH\CodeIgniter.php(502): CodeIgniter\CodeIgniter->runController(Object(App\Controllers\ChapterController))
11 SYSTEMPATH\CodeIgniter.php(361): CodeIgniter\CodeIgniter->handleRequest(null, Object(Config\Cache), false)
12 FCPATH\index.php(84): CodeIgniter\CodeIgniter->run()
WARNING - 2024-04-19 09:30:15 --> [DEPRECATED] Required parameter $currentfont follows optional parameter $isunicode in APPPATH\Libraries\tcpdf\include\tcpdf_fonts.php on line 2024.
 1 APPPATH\Libraries\tcpdf\tcpdf.php(115): require_once()
 2 SYSTEMPATH\Autoloader\Autoloader.php(309): include_once('D:\\dhay\\xampp\\htdocs\\jblas\\app\\Libraries\\tcpdf\\tcpdf.php')
 3 SYSTEMPATH\Autoloader\Autoloader.php(253): CodeIgniter\Autoloader\Autoloader->includeFile('D:\\dhay\\xampp\\htdocs\\jblas\\app\\Libraries/tcpdf/tcpdf.php')
 4 APPPATH\Views\pdfc2\E2-1.php(6): CodeIgniter\Autoloader\Autoloader->loadClassmap('TCPDF')
 5 SYSTEMPATH\View\View.php(228): include('D:\\dhay\\xampp\\htdocs\\jblas\\app\\Views\\pdfc2\\E2-1.php')
 6 SYSTEMPATH\View\View.php(231): CodeIgniter\View\View->CodeIgniter\View\{closure}()
 7 SYSTEMPATH\Common.php(1178): CodeIgniter\View\View->render('pdfc2/E2-1', [], true)
 8 APPPATH\Controllers\ChapterController.php(1224): view('pdfc2/E2-1', [...])
 9 SYSTEMPATH\CodeIgniter.php(941): App\Controllers\ChapterController->viewc2pdf('2.4.2 E2-1', '2d10acf1ff3fea44600ef0ee9ca8c86d16130425d2bf704c409f005702937da75a6da972cc612a2eced7833fca3845ecf8b255a4e60ed48973c88435d3c02643iGmy7k32Fw1DnmsWLO0dY3UB')
10 SYSTEMPATH\CodeIgniter.php(502): CodeIgniter\CodeIgniter->runController(Object(App\Controllers\ChapterController))
11 SYSTEMPATH\CodeIgniter.php(361): CodeIgniter\CodeIgniter->handleRequest(null, Object(Config\Cache), false)
12 FCPATH\index.php(84): CodeIgniter\CodeIgniter->run()
WARNING - 2024-04-19 09:30:15 --> [DEPRECATED] Required parameter $currentfont follows optional parameter $setbom in APPPATH\Libraries\tcpdf\include\tcpdf_fonts.php on line 2040.
 1 APPPATH\Libraries\tcpdf\tcpdf.php(115): require_once()
 2 SYSTEMPATH\Autoloader\Autoloader.php(309): include_once('D:\\dhay\\xampp\\htdocs\\jblas\\app\\Libraries\\tcpdf\\tcpdf.php')
 3 SYSTEMPATH\Autoloader\Autoloader.php(253): CodeIgniter\Autoloader\Autoloader->includeFile('D:\\dhay\\xampp\\htdocs\\jblas\\app\\Libraries/tcpdf/tcpdf.php')
 4 APPPATH\Views\pdfc2\E2-1.php(6): CodeIgniter\Autoloader\Autoloader->loadClassmap('TCPDF')
 5 SYSTEMPATH\View\View.php(228): include('D:\\dhay\\xampp\\htdocs\\jblas\\app\\Views\\pdfc2\\E2-1.php')
 6 SYSTEMPATH\View\View.php(231): CodeIgniter\View\View->CodeIgniter\View\{closure}()
 7 SYSTEMPATH\Common.php(1178): CodeIgniter\View\View->render('pdfc2/E2-1', [], true)
 8 APPPATH\Controllers\ChapterController.php(1224): view('pdfc2/E2-1', [...])
 9 SYSTEMPATH\CodeIgniter.php(941): App\Controllers\ChapterController->viewc2pdf('2.4.2 E2-1', '2d10acf1ff3fea44600ef0ee9ca8c86d16130425d2bf704c409f005702937da75a6da972cc612a2eced7833fca3845ecf8b255a4e60ed48973c88435d3c02643iGmy7k32Fw1DnmsWLO0dY3UB')
10 SYSTEMPATH\CodeIgniter.php(502): CodeIgniter\CodeIgniter->runController(Object(App\Controllers\ChapterController))
11 SYSTEMPATH\CodeIgniter.php(361): CodeIgniter\CodeIgniter->handleRequest(null, Object(Config\Cache), false)
12 FCPATH\index.php(84): CodeIgniter\CodeIgniter->run()
WARNING - 2024-04-19 09:30:15 --> [DEPRECATED] Required parameter $currentfont follows optional parameter $setbom in APPPATH\Libraries\tcpdf\include\tcpdf_fonts.php on line 2060.
 1 APPPATH\Libraries\tcpdf\tcpdf.php(115): require_once()
 2 SYSTEMPATH\Autoloader\Autoloader.php(309): include_once('D:\\dhay\\xampp\\htdocs\\jblas\\app\\Libraries\\tcpdf\\tcpdf.php')
 3 SYSTEMPATH\Autoloader\Autoloader.php(253): CodeIgniter\Autoloader\Autoloader->includeFile('D:\\dhay\\xampp\\htdocs\\jblas\\app\\Libraries/tcpdf/tcpdf.php')
 4 APPPATH\Views\pdfc2\E2-1.php(6): CodeIgniter\Autoloader\Autoloader->loadClassmap('TCPDF')
 5 SYSTEMPATH\View\View.php(228): include('D:\\dhay\\xampp\\htdocs\\jblas\\app\\Views\\pdfc2\\E2-1.php')
 6 SYSTEMPATH\View\View.php(231): CodeIgniter\View\View->CodeIgniter\View\{closure}()
 7 SYSTEMPATH\Common.php(1178): CodeIgniter\View\View->render('pdfc2/E2-1', [], true)
 8 APPPATH\Controllers\ChapterController.php(1224): view('pdfc2/E2-1', [...])
 9 SYSTEMPATH\CodeIgniter.php(941): App\Controllers\ChapterController->viewc2pdf('2.4.2 E2-1', '2d10acf1ff3fea44600ef0ee9ca8c86d16130425d2bf704c409f005702937da75a6da972cc612a2eced7833fca3845ecf8b255a4e60ed48973c88435d3c02643iGmy7k32Fw1DnmsWLO0dY3UB')
10 SYSTEMPATH\CodeIgniter.php(502): CodeIgniter\CodeIgniter->runController(Object(App\Controllers\ChapterController))
11 SYSTEMPATH\CodeIgniter.php(361): CodeIgniter\CodeIgniter->handleRequest(null, Object(Config\Cache), false)
12 FCPATH\index.php(84): CodeIgniter\CodeIgniter->run()
WARNING - 2024-04-19 09:30:15 --> [DEPRECATED] Required parameter $currentfont follows optional parameter $str in APPPATH\Libraries\tcpdf\include\tcpdf_fonts.php on line 2077.
 1 APPPATH\Libraries\tcpdf\tcpdf.php(115): require_once()
 2 SYSTEMPATH\Autoloader\Autoloader.php(309): include_once('D:\\dhay\\xampp\\htdocs\\jblas\\app\\Libraries\\tcpdf\\tcpdf.php')
 3 SYSTEMPATH\Autoloader\Autoloader.php(253): CodeIgniter\Autoloader\Autoloader->includeFile('D:\\dhay\\xampp\\htdocs\\jblas\\app\\Libraries/tcpdf/tcpdf.php')
 4 APPPATH\Views\pdfc2\E2-1.php(6): CodeIgniter\Autoloader\Autoloader->loadClassmap('TCPDF')
 5 SYSTEMPATH\View\View.php(228): include('D:\\dhay\\xampp\\htdocs\\jblas\\app\\Views\\pdfc2\\E2-1.php')
 6 SYSTEMPATH\View\View.php(231): CodeIgniter\View\View->CodeIgniter\View\{closure}()
 7 SYSTEMPATH\Common.php(1178): CodeIgniter\View\View->render('pdfc2/E2-1', [], true)
 8 APPPATH\Controllers\ChapterController.php(1224): view('pdfc2/E2-1', [...])
 9 SYSTEMPATH\CodeIgniter.php(941): App\Controllers\ChapterController->viewc2pdf('2.4.2 E2-1', '2d10acf1ff3fea44600ef0ee9ca8c86d16130425d2bf704c409f005702937da75a6da972cc612a2eced7833fca3845ecf8b255a4e60ed48973c88435d3c02643iGmy7k32Fw1DnmsWLO0dY3UB')
10 SYSTEMPATH\CodeIgniter.php(502): CodeIgniter\CodeIgniter->runController(Object(App\Controllers\ChapterController))
11 SYSTEMPATH\CodeIgniter.php(361): CodeIgniter\CodeIgniter->handleRequest(null, Object(Config\Cache), false)
12 FCPATH\index.php(84): CodeIgniter\CodeIgniter->run()
WARNING - 2024-04-19 09:30:15 --> [DEPRECATED] Required parameter $currentfont follows optional parameter $str in APPPATH\Libraries\tcpdf\include\tcpdf_fonts.php on line 2093.
 1 APPPATH\Libraries\tcpdf\tcpdf.php(115): require_once()
 2 SYSTEMPATH\Autoloader\Autoloader.php(309): include_once('D:\\dhay\\xampp\\htdocs\\jblas\\app\\Libraries\\tcpdf\\tcpdf.php')
 3 SYSTEMPATH\Autoloader\Autoloader.php(253): CodeIgniter\Autoloader\Autoloader->includeFile('D:\\dhay\\xampp\\htdocs\\jblas\\app\\Libraries/tcpdf/tcpdf.php')
 4 APPPATH\Views\pdfc2\E2-1.php(6): CodeIgniter\Autoloader\Autoloader->loadClassmap('TCPDF')
 5 SYSTEMPATH\View\View.php(228): include('D:\\dhay\\xampp\\htdocs\\jblas\\app\\Views\\pdfc2\\E2-1.php')
 6 SYSTEMPATH\View\View.php(231): CodeIgniter\View\View->CodeIgniter\View\{closure}()
 7 SYSTEMPATH\Common.php(1178): CodeIgniter\View\View->render('pdfc2/E2-1', [], true)
 8 APPPATH\Controllers\ChapterController.php(1224): view('pdfc2/E2-1', [...])
 9 SYSTEMPATH\CodeIgniter.php(941): App\Controllers\ChapterController->viewc2pdf('2.4.2 E2-1', '2d10acf1ff3fea44600ef0ee9ca8c86d16130425d2bf704c409f005702937da75a6da972cc612a2eced7833fca3845ecf8b255a4e60ed48973c88435d3c02643iGmy7k32Fw1DnmsWLO0dY3UB')
10 SYSTEMPATH\CodeIgniter.php(502): CodeIgniter\CodeIgniter->runController(Object(App\Controllers\ChapterController))
11 SYSTEMPATH\CodeIgniter.php(361): CodeIgniter\CodeIgniter->handleRequest(null, Object(Config\Cache), false)
12 FCPATH\index.php(84): CodeIgniter\CodeIgniter->run()
WARNING - 2024-04-19 09:30:15 --> [DEPRECATED] Required parameter $tagvspaces follows optional parameter $default_css in APPPATH\Libraries\tcpdf\include\tcpdf_static.php on line 1139.
 1 APPPATH\Libraries\tcpdf\tcpdf.php(121): require_once()
 2 SYSTEMPATH\Autoloader\Autoloader.php(309): include_once('D:\\dhay\\xampp\\htdocs\\jblas\\app\\Libraries\\tcpdf\\tcpdf.php')
 3 SYSTEMPATH\Autoloader\Autoloader.php(253): CodeIgniter\Autoloader\Autoloader->includeFile('D:\\dhay\\xampp\\htdocs\\jblas\\app\\Libraries/tcpdf/tcpdf.php')
 4 APPPATH\Views\pdfc2\E2-1.php(6): CodeIgniter\Autoloader\Autoloader->loadClassmap('TCPDF')
 5 SYSTEMPATH\View\View.php(228): include('D:\\dhay\\xampp\\htdocs\\jblas\\app\\Views\\pdfc2\\E2-1.php')
 6 SYSTEMPATH\View\View.php(231): CodeIgniter\View\View->CodeIgniter\View\{closure}()
 7 SYSTEMPATH\Common.php(1178): CodeIgniter\View\View->render('pdfc2/E2-1', [], true)
 8 APPPATH\Controllers\ChapterController.php(1224): view('pdfc2/E2-1', [...])
 9 SYSTEMPATH\CodeIgniter.php(941): App\Controllers\ChapterController->viewc2pdf('2.4.2 E2-1', '2d10acf1ff3fea44600ef0ee9ca8c86d16130425d2bf704c409f005702937da75a6da972cc612a2eced7833fca3845ecf8b255a4e60ed48973c88435d3c02643iGmy7k32Fw1DnmsWLO0dY3UB')
10 SYSTEMPATH\CodeIgniter.php(502): CodeIgniter\CodeIgniter->runController(Object(App\Controllers\ChapterController))
11 SYSTEMPATH\CodeIgniter.php(361): CodeIgniter\CodeIgniter->handleRequest(null, Object(Config\Cache), false)
12 FCPATH\index.php(84): CodeIgniter\CodeIgniter->run()
WARNING - 2024-04-19 09:30:15 --> [DEPRECATED] Required parameter $k follows optional parameter $points in APPPATH\Libraries\tcpdf\include\tcpdf_static.php on line 2488.
 1 APPPATH\Libraries\tcpdf\tcpdf.php(121): require_once()
 2 SYSTEMPATH\Autoloader\Autoloader.php(309): include_once('D:\\dhay\\xampp\\htdocs\\jblas\\app\\Libraries\\tcpdf\\tcpdf.php')
 3 SYSTEMPATH\Autoloader\Autoloader.php(253): CodeIgniter\Autoloader\Autoloader->includeFile('D:\\dhay\\xampp\\htdocs\\jblas\\app\\Libraries/tcpdf/tcpdf.php')
 4 APPPATH\Views\pdfc2\E2-1.php(6): CodeIgniter\Autoloader\Autoloader->loadClassmap('TCPDF')
 5 SYSTEMPATH\View\View.php(228): include('D:\\dhay\\xampp\\htdocs\\jblas\\app\\Views\\pdfc2\\E2-1.php')
 6 SYSTEMPATH\View\View.php(231): CodeIgniter\View\View->CodeIgniter\View\{closure}()
 7 SYSTEMPATH\Common.php(1178): CodeIgniter\View\View->render('pdfc2/E2-1', [], true)
 8 APPPATH\Controllers\ChapterController.php(1224): view('pdfc2/E2-1', [...])
 9 SYSTEMPATH\CodeIgniter.php(941): App\Controllers\ChapterController->viewc2pdf('2.4.2 E2-1', '2d10acf1ff3fea44600ef0ee9ca8c86d16130425d2bf704c409f005702937da75a6da972cc612a2eced7833fca3845ecf8b255a4e60ed48973c88435d3c02643iGmy7k32Fw1DnmsWLO0dY3UB')
10 SYSTEMPATH\CodeIgniter.php(502): CodeIgniter\CodeIgniter->runController(Object(App\Controllers\ChapterController))
11 SYSTEMPATH\CodeIgniter.php(361): CodeIgniter\CodeIgniter->handleRequest(null, Object(Config\Cache), false)
12 FCPATH\index.php(84): CodeIgniter\CodeIgniter->run()
INFO - 2024-04-19 09:30:33 --> Session: Class initialized using 'CodeIgniter\Session\Handlers\FileHandler' driver.
INFO - 2024-04-19 09:30:34 --> Session: Class initialized using 'CodeIgniter\Session\Handlers\FileHandler' driver.
INFO - 2024-04-19 09:31:44 --> Session: Class initialized using 'CodeIgniter\Session\Handlers\FileHandler' driver.
CRITICAL - 2024-04-19 09:31:44 --> ErrorException: Undefined variable $header
in APPPATH\Views\client\chapter2\243E22.php on line 12.
 1 APPPATH\Views\client\chapter2\243E22.php(12): CodeIgniter\Debug\Exceptions->errorHandler(2, 'Undefined variable $header', 'D:\\dhay\\xampp\\htdocs\\jblas\\app\\Views\\client\\chapter2\\243E22.php', 12)
 2 SYSTEMPATH\View\View.php(228): include('D:\\dhay\\xampp\\htdocs\\jblas\\app\\Views\\client\\chapter2\\243E22.php')
 3 SYSTEMPATH\View\View.php(231): CodeIgniter\View\View->CodeIgniter\View\{closure}()
 4 SYSTEMPATH\Common.php(1178): CodeIgniter\View\View->render('client/chapter2/243E22', [], true)
 5 APPPATH\Controllers\ChapterController.php(1961): view('client/chapter2/243E22', [...])
 6 SYSTEMPATH\CodeIgniter.php(941): App\Controllers\ChapterController->c2setvalues('2.4.3 E2-2', 'b5a757a74a3d17795b6cd69cc3749984ef19ee708296831ffa0a7c53f5295ce2b605e682e08881758d0da9b733842ab8a27d64a6ee808293bd309d5e7ff65d8bExNYqQvS8lbpO~a1nfETG47j', '26375625836fd32fb9d17734ab4f49722f1e48f71d4048d06d1c985e5a18c21e19f6d27acd0380ac72b2ab9159e0cb975f30964a37556360638a96259b4ce85ddJLGKFJ78YxojV1d~15D~7U=', 'DJ metal works')
 7 SYSTEMPATH\CodeIgniter.php(502): CodeIgniter\CodeIgniter->runController(Object(App\Controllers\ChapterController))
 8 SYSTEMPATH\CodeIgniter.php(361): CodeIgniter\CodeIgniter->handleRequest(null, Object(Config\Cache), false)
 9 FCPATH\index.php(84): CodeIgniter\CodeIgniter->run()
INFO - 2024-04-19 09:33:21 --> Session: Class initialized using 'CodeIgniter\Session\Handlers\FileHandler' driver.
INFO - 2024-04-19 09:33:32 --> Session: Class initialized using 'CodeIgniter\Session\Handlers\FileHandler' driver.
INFO - 2024-04-19 09:33:33 --> Session: Class initialized using 'CodeIgniter\Session\Handlers\FileHandler' driver.
INFO - 2024-04-19 09:33:38 --> Session: Class initialized using 'CodeIgniter\Session\Handlers\FileHandler' driver.
INFO - 2024-04-19 09:33:39 --> Session: Class initialized using 'CodeIgniter\Session\Handlers\FileHandler' driver.
INFO - 2024-04-19 09:33:54 --> Session: Class initialized using 'CodeIgniter\Session\Handlers\FileHandler' driver.
CRITICAL - 2024-04-19 09:33:55 --> ErrorException: Undefined variable $header
in APPPATH\Views\client\chapter2\243E23.php on line 12.
 1 APPPATH\Views\client\chapter2\243E23.php(12): CodeIgniter\Debug\Exceptions->errorHandler(2, 'Undefined variable $header', 'D:\\dhay\\xampp\\htdocs\\jblas\\app\\Views\\client\\chapter2\\243E23.php', 12)
 2 SYSTEMPATH\View\View.php(228): include('D:\\dhay\\xampp\\htdocs\\jblas\\app\\Views\\client\\chapter2\\243E23.php')
 3 SYSTEMPATH\View\View.php(231): CodeIgniter\View\View->CodeIgniter\View\{closure}()
 4 SYSTEMPATH\Common.php(1178): CodeIgniter\View\View->render('client/chapter2/243E23', [], true)
 5 APPPATH\Controllers\ChapterController.php(1969): view('client/chapter2/243E23', [...])
 6 SYSTEMPATH\CodeIgniter.php(941): App\Controllers\ChapterController->c2setvalues('2.4.4 E2-3', 'e79dc82fb2b289d6d45bb131fbb530c266d0bf77f0c808c0917d20d5a0f238d681c1f220a766db14b1c75bf3dd044efa7c076cd018eba0148e8ea9ef53e904c8I73h$4TRu4m8~GDemFfyK9kH', '26375625836fd32fb9d17734ab4f49722f1e48f71d4048d06d1c985e5a18c21e19f6d27acd0380ac72b2ab9159e0cb975f30964a37556360638a96259b4ce85ddJLGKFJ78YxojV1d~15D~7U=', 'DJ metal works')
 7 SYSTEMPATH\CodeIgniter.php(502): CodeIgniter\CodeIgniter->runController(Object(App\Controllers\ChapterController))
 8 SYSTEMPATH\CodeIgniter.php(361): CodeIgniter\CodeIgniter->handleRequest(null, Object(Config\Cache), false)
 9 FCPATH\index.php(84): CodeIgniter\CodeIgniter->run()
INFO - 2024-04-19 09:35:24 --> Session: Class initialized using 'CodeIgniter\Session\Handlers\FileHandler' driver.
INFO - 2024-04-19 09:35:27 --> Session: Class initialized using 'CodeIgniter\Session\Handlers\FileHandler' driver.
INFO - 2024-04-19 09:35:28 --> Session: Class initialized using 'CodeIgniter\Session\Handlers\FileHandler' driver.
INFO - 2024-04-19 09:35:30 --> Session: Class initialized using 'CodeIgniter\Session\Handlers\FileHandler' driver.
INFO - 2024-04-19 09:35:31 --> Session: Class initialized using 'CodeIgniter\Session\Handlers\FileHandler' driver.
INFO - 2024-04-19 09:36:52 --> Session: Class initialized using 'CodeIgniter\Session\Handlers\FileHandler' driver.
INFO - 2024-04-19 09:37:02 --> Session: Class initialized using 'CodeIgniter\Session\Handlers\FileHandler' driver.
CRITICAL - 2024-04-19 09:37:02 --> ErrorException: Undefined variable $header
in APPPATH\Views\client\chapter2\245E24.php on line 12.
 1 APPPATH\Views\client\chapter2\245E24.php(12): CodeIgniter\Debug\Exceptions->errorHandler(2, 'Undefined variable $header', 'D:\\dhay\\xampp\\htdocs\\jblas\\app\\Views\\client\\chapter2\\245E24.php', 12)
 2 SYSTEMPATH\View\View.php(228): include('D:\\dhay\\xampp\\htdocs\\jblas\\app\\Views\\client\\chapter2\\245E24.php')
 3 SYSTEMPATH\View\View.php(231): CodeIgniter\View\View->CodeIgniter\View\{closure}()
 4 SYSTEMPATH\Common.php(1178): CodeIgniter\View\View->render('client/chapter2/245E24', [], true)
 5 APPPATH\Controllers\ChapterController.php(1977): view('client/chapter2/245E24', [...])
 6 SYSTEMPATH\CodeIgniter.php(941): App\Controllers\ChapterController->c2setvalues('2.4.5 E2-4', 'cd3760aadb1f59e5d05f4197e5a16ff6316ecab11f4aaae2be7d9fdbda921dbde821eeab03bfbd2d163807c6b04c73960da877ef6ab466c086d681a91a0acf6fWIF35bM8iBjuDnqUGGzFonkG', '26375625836fd32fb9d17734ab4f49722f1e48f71d4048d06d1c985e5a18c21e19f6d27acd0380ac72b2ab9159e0cb975f30964a37556360638a96259b4ce85ddJLGKFJ78YxojV1d~15D~7U=', 'DJ metal works')
 7 SYSTEMPATH\CodeIgniter.php(502): CodeIgniter\CodeIgniter->runController(Object(App\Controllers\ChapterController))
 8 SYSTEMPATH\CodeIgniter.php(361): CodeIgniter\CodeIgniter->handleRequest(null, Object(Config\Cache), false)
 9 FCPATH\index.php(84): CodeIgniter\CodeIgniter->run()
INFO - 2024-04-19 09:38:29 --> Session: Class initialized using 'CodeIgniter\Session\Handlers\FileHandler' driver.
INFO - 2024-04-19 09:38:36 --> Session: Class initialized using 'CodeIgniter\Session\Handlers\FileHandler' driver.
INFO - 2024-04-19 09:38:38 --> Session: Class initialized using 'CodeIgniter\Session\Handlers\FileHandler' driver.
INFO - 2024-04-19 09:38:44 --> Session: Class initialized using 'CodeIgniter\Session\Handlers\FileHandler' driver.
INFO - 2024-04-19 09:38:45 --> Session: Class initialized using 'CodeIgniter\Session\Handlers\FileHandler' driver.
INFO - 2024-04-19 09:38:50 --> Session: Class initialized using 'CodeIgniter\Session\Handlers\FileHandler' driver.
INFO - 2024-04-19 09:38:51 --> Session: Class initialized using 'CodeIgniter\Session\Handlers\FileHandler' driver.
INFO - 2024-04-19 09:39:22 --> Session: Class initialized using 'CodeIgniter\Session\Handlers\FileHandler' driver.
CRITICAL - 2024-04-19 09:39:22 --> ErrorException: Undefined variable $header
in APPPATH\Views\client\chapter2\25F2.php on line 12.
 1 APPPATH\Views\client\chapter2\25F2.php(12): CodeIgniter\Debug\Exceptions->errorHandler(2, 'Undefined variable $header', 'D:\\dhay\\xampp\\htdocs\\jblas\\app\\Views\\client\\chapter2\\25F2.php', 12)
 2 SYSTEMPATH\View\View.php(228): include('D:\\dhay\\xampp\\htdocs\\jblas\\app\\Views\\client\\chapter2\\25F2.php')
 3 SYSTEMPATH\View\View.php(231): CodeIgniter\View\View->CodeIgniter\View\{closure}()
 4 SYSTEMPATH\Common.php(1178): CodeIgniter\View\View->render('client/chapter2/25F2', [], true)
 5 APPPATH\Controllers\ChapterController.php(1985): view('client/chapter2/25F2', [...])
 6 SYSTEMPATH\CodeIgniter.php(941): App\Controllers\ChapterController->c2setvalues('2.5 F2', 'c5fca182b3f5578a480f03c052dad931650af573f464687283f165a90250823a167c2d0ecb53d39710812a3fdc2562ea254306aba44d1c4c12e2e6b257262cacndqj31nllrIrnjJqCLN1t5Ug', '26375625836fd32fb9d17734ab4f49722f1e48f71d4048d06d1c985e5a18c21e19f6d27acd0380ac72b2ab9159e0cb975f30964a37556360638a96259b4ce85ddJLGKFJ78YxojV1d~15D~7U=', 'DJ metal works')
 7 SYSTEMPATH\CodeIgniter.php(502): CodeIgniter\CodeIgniter->runController(Object(App\Controllers\ChapterController))
 8 SYSTEMPATH\CodeIgniter.php(361): CodeIgniter\CodeIgniter->handleRequest(null, Object(Config\Cache), false)
 9 FCPATH\index.php(84): CodeIgniter\CodeIgniter->run()
INFO - 2024-04-19 09:40:50 --> Session: Class initialized using 'CodeIgniter\Session\Handlers\FileHandler' driver.
INFO - 2024-04-19 09:41:07 --> Session: Class initialized using 'CodeIgniter\Session\Handlers\FileHandler' driver.
INFO - 2024-04-19 09:41:08 --> Session: Class initialized using 'CodeIgniter\Session\Handlers\FileHandler' driver.
INFO - 2024-04-19 09:41:15 --> Session: Class initialized using 'CodeIgniter\Session\Handlers\FileHandler' driver.
INFO - 2024-04-19 09:41:16 --> Session: Class initialized using 'CodeIgniter\Session\Handlers\FileHandler' driver.
INFO - 2024-04-19 09:41:26 --> Session: Class initialized using 'CodeIgniter\Session\Handlers\FileHandler' driver.
CRITICAL - 2024-04-19 09:41:26 --> ErrorException: Undefined variable $header
in APPPATH\Views\client\chapter2\26H2.php on line 12.
 1 APPPATH\Views\client\chapter2\26H2.php(12): CodeIgniter\Debug\Exceptions->errorHandler(2, 'Undefined variable $header', 'D:\\dhay\\xampp\\htdocs\\jblas\\app\\Views\\client\\chapter2\\26H2.php', 12)
 2 SYSTEMPATH\View\View.php(228): include('D:\\dhay\\xampp\\htdocs\\jblas\\app\\Views\\client\\chapter2\\26H2.php')
 3 SYSTEMPATH\View\View.php(231): CodeIgniter\View\View->CodeIgniter\View\{closure}()
 4 SYSTEMPATH\Common.php(1178): CodeIgniter\View\View->render('client/chapter2/26H2', [], true)
 5 APPPATH\Controllers\ChapterController.php(1993): view('client/chapter2/26H2', [...])
 6 SYSTEMPATH\CodeIgniter.php(941): App\Controllers\ChapterController->c2setvalues('2.6 H2', 'ed2456cb675e5aebb10f46ed5fd85fc273a6e58d3e3bd98716a641aab7e9cf0c7cdcf9eb7efd1d9c27a9d58ef2267d25b3f51e369778c06bd129aa2da2a16335kyUaXV0rh6ybBuDykWMSOqJn', '26375625836fd32fb9d17734ab4f49722f1e48f71d4048d06d1c985e5a18c21e19f6d27acd0380ac72b2ab9159e0cb975f30964a37556360638a96259b4ce85ddJLGKFJ78YxojV1d~15D~7U=', 'DJ metal works')
 7 SYSTEMPATH\CodeIgniter.php(502): CodeIgniter\CodeIgniter->runController(Object(App\Controllers\ChapterController))
 8 SYSTEMPATH\CodeIgniter.php(361): CodeIgniter\CodeIgniter->handleRequest(null, Object(Config\Cache), false)
 9 FCPATH\index.php(84): CodeIgniter\CodeIgniter->run()
