INFO - 2024-04-01 09:09:14 --> Session: Class initialized using 'CodeIgniter\Session\Handlers\FileHandler' driver.
INFO - 2024-04-01 09:09:14 --> Session: Class initialized using 'CodeIgniter\Session\Handlers\FileHandler' driver.
INFO - 2024-04-01 09:09:15 --> Session: Class initialized using 'CodeIgniter\Session\Handlers\FileHandler' driver.
CRITICAL - 2024-04-01 09:09:16 --> ErrorException: unlink(D:\dhay\xampp\htdocs\jblas\writable\debugbar/debugbar_1711509419.123531.json): No such file or directory
in SYSTEMPATH\Debug\Toolbar\Collectors\History.php on line 80.
 1 [internal function]: CodeIgniter\Debug\Exceptions->errorHandler(2, 'unlink(D:\\dhay\\xampp\\htdocs\\jblas\\writable\\debugbar/debugbar_1711509419.123531.json): No such file or directory', 'D:\\dhay\\xampp\\htdocs\\jblas\\system\\Debug\\Toolbar\\Collectors\\History.php', 80)
 2 SYSTEMPATH\Debug\Toolbar\Collectors\History.php(80): unlink('D:\\dhay\\xampp\\htdocs\\jblas\\writable\\debugbar/debugbar_1711509419.123531.json')
 3 SYSTEMPATH\Debug\Toolbar.php(498): CodeIgniter\Debug\Toolbar\Collectors\History->setFiles('1711933755.791167', 20)
 4 SYSTEMPATH\Debug\Toolbar.php(475): CodeIgniter\Debug\Toolbar->format([...], 'html')
 5 APPPATH\Config\Events.php(47): CodeIgniter\Debug\Toolbar->respond()
 6 SYSTEMPATH\Events\Events.php(154): CodeIgniter\Events\Events::Config\{closure}()
 7 SYSTEMPATH\CodeIgniter.php(442): CodeIgniter\Events\Events::trigger('pre_system')
 8 SYSTEMPATH\CodeIgniter.php(361): CodeIgniter\CodeIgniter->handleRequest(null, Object(Config\Cache), false)
 9 FCPATH\index.php(84): CodeIgniter\CodeIgniter->run()
INFO - 2024-04-01 09:09:35 --> Session: Class initialized using 'CodeIgniter\Session\Handlers\FileHandler' driver.
INFO - 2024-04-01 09:09:37 --> Session: Class initialized using 'CodeIgniter\Session\Handlers\FileHandler' driver.
INFO - 2024-04-01 09:09:38 --> Session: Class initialized using 'CodeIgniter\Session\Handlers\FileHandler' driver.
INFO - 2024-04-01 09:09:43 --> Session: Class initialized using 'CodeIgniter\Session\Handlers\FileHandler' driver.
INFO - 2024-04-01 09:09:43 --> Session: Class initialized using 'CodeIgniter\Session\Handlers\FileHandler' driver.
INFO - 2024-04-01 09:10:08 --> Session: Class initialized using 'CodeIgniter\Session\Handlers\FileHandler' driver.
INFO - 2024-04-01 09:12:09 --> Session: Class initialized using 'CodeIgniter\Session\Handlers\FileHandler' driver.
INFO - 2024-04-01 09:12:12 --> Session: Class initialized using 'CodeIgniter\Session\Handlers\FileHandler' driver.
CRITICAL - 2024-04-01 09:12:14 --> CodeIgniter\View\Exceptions\ViewException: Invalid file: "chapter3/3151Ab4a.php"
in SYSTEMPATH\Exceptions\FrameworkException.php on line 39.
 1 SYSTEMPATH\View\View.php(216): CodeIgniter\Exceptions\FrameworkException::forInvalidFile('chapter3/3151Ab4a.php')
 2 SYSTEMPATH\Common.php(1178): CodeIgniter\View\View->render('chapter3/3151Ab4a', [], true)
 3 APPPATH\Controllers\ChapterController.php(771): view('chapter3/3151Ab4a', [...])
 4 SYSTEMPATH\CodeIgniter.php(941): App\Controllers\ChapterController->managechapter3('3.15.1 Ab4a', 'Supplementary - Mineral Resources (IFRS 6)', 'b30ca9be03e2301e076bdcbb4c14376d3f2f388436e37d6f90dd31954551f64dec6a92eee8f168394b5cfbd2bc06f0bee4a8e7a20bcd9bd124dd9575b5b2d311Qkzcf2~qOMMjw0z04vpmRvU1')
 5 SYSTEMPATH\CodeIgniter.php(502): CodeIgniter\CodeIgniter->runController(Object(App\Controllers\ChapterController))
 6 SYSTEMPATH\CodeIgniter.php(361): CodeIgniter\CodeIgniter->handleRequest(null, Object(Config\Cache), false)
 7 FCPATH\index.php(84): CodeIgniter\CodeIgniter->run()
INFO - 2024-04-01 09:15:35 --> Session: Class initialized using 'CodeIgniter\Session\Handlers\FileHandler' driver.
CRITICAL - 2024-04-01 09:15:35 --> ErrorException: Undefined variable $section
in APPPATH\Views\chapter3\3151Ab4a.php on line 65.
 1 APPPATH\Views\chapter3\3151Ab4a.php(65): CodeIgniter\Debug\Exceptions->errorHandler(2, 'Undefined variable $section', 'D:\\dhay\\xampp\\htdocs\\jblas\\app\\Views\\chapter3\\3151Ab4a.php', 65)
 2 SYSTEMPATH\View\View.php(228): include('D:\\dhay\\xampp\\htdocs\\jblas\\app\\Views\\chapter3\\3151Ab4a.php')
 3 SYSTEMPATH\View\View.php(231): CodeIgniter\View\View->CodeIgniter\View\{closure}()
 4 SYSTEMPATH\Common.php(1178): CodeIgniter\View\View->render('chapter3/3151Ab4a', [], true)
 5 APPPATH\Controllers\ChapterController.php(771): view('chapter3/3151Ab4a', [...])
 6 SYSTEMPATH\CodeIgniter.php(941): App\Controllers\ChapterController->managechapter3('3.15.1 Ab4a', 'Supplementary - Mineral Resources (IFRS 6)', 'b30ca9be03e2301e076bdcbb4c14376d3f2f388436e37d6f90dd31954551f64dec6a92eee8f168394b5cfbd2bc06f0bee4a8e7a20bcd9bd124dd9575b5b2d311Qkzcf2~qOMMjw0z04vpmRvU1')
 7 SYSTEMPATH\CodeIgniter.php(502): CodeIgniter\CodeIgniter->runController(Object(App\Controllers\ChapterController))
 8 SYSTEMPATH\CodeIgniter.php(361): CodeIgniter\CodeIgniter->handleRequest(null, Object(Config\Cache), false)
 9 FCPATH\index.php(84): CodeIgniter\CodeIgniter->run()
INFO - 2024-04-01 09:16:31 --> Session: Class initialized using 'CodeIgniter\Session\Handlers\FileHandler' driver.
CRITICAL - 2024-04-01 09:16:31 --> ErrorException: Undefined variable $sectiontitle
in APPPATH\Views\chapter3\3151Ab4a.php on line 69.
 1 APPPATH\Views\chapter3\3151Ab4a.php(69): CodeIgniter\Debug\Exceptions->errorHandler(2, 'Undefined variable $sectiontitle', 'D:\\dhay\\xampp\\htdocs\\jblas\\app\\Views\\chapter3\\3151Ab4a.php', 69)
 2 SYSTEMPATH\View\View.php(228): include('D:\\dhay\\xampp\\htdocs\\jblas\\app\\Views\\chapter3\\3151Ab4a.php')
 3 SYSTEMPATH\View\View.php(231): CodeIgniter\View\View->CodeIgniter\View\{closure}()
 4 SYSTEMPATH\Common.php(1178): CodeIgniter\View\View->render('chapter3/3151Ab4a', [], true)
 5 APPPATH\Controllers\ChapterController.php(771): view('chapter3/3151Ab4a', [...])
 6 SYSTEMPATH\CodeIgniter.php(941): App\Controllers\ChapterController->managechapter3('3.15.1 Ab4a', 'Supplementary - Mineral Resources (IFRS 6)', 'b30ca9be03e2301e076bdcbb4c14376d3f2f388436e37d6f90dd31954551f64dec6a92eee8f168394b5cfbd2bc06f0bee4a8e7a20bcd9bd124dd9575b5b2d311Qkzcf2~qOMMjw0z04vpmRvU1')
 7 SYSTEMPATH\CodeIgniter.php(502): CodeIgniter\CodeIgniter->runController(Object(App\Controllers\ChapterController))
 8 SYSTEMPATH\CodeIgniter.php(361): CodeIgniter\CodeIgniter->handleRequest(null, Object(Config\Cache), false)
 9 FCPATH\index.php(84): CodeIgniter\CodeIgniter->run()
INFO - 2024-04-01 09:16:42 --> Session: Class initialized using 'CodeIgniter\Session\Handlers\FileHandler' driver.
CRITICAL - 2024-04-01 09:16:42 --> ErrorException: Undefined variable $sec
in APPPATH\Views\chapter3\3151Ab4a.php on line 82.
 1 APPPATH\Views\chapter3\3151Ab4a.php(82): CodeIgniter\Debug\Exceptions->errorHandler(2, 'Undefined variable $sec', 'D:\\dhay\\xampp\\htdocs\\jblas\\app\\Views\\chapter3\\3151Ab4a.php', 82)
 2 SYSTEMPATH\View\View.php(228): include('D:\\dhay\\xampp\\htdocs\\jblas\\app\\Views\\chapter3\\3151Ab4a.php')
 3 SYSTEMPATH\View\View.php(231): CodeIgniter\View\View->CodeIgniter\View\{closure}()
 4 SYSTEMPATH\Common.php(1178): CodeIgniter\View\View->render('chapter3/3151Ab4a', [], true)
 5 APPPATH\Controllers\ChapterController.php(771): view('chapter3/3151Ab4a', [...])
 6 SYSTEMPATH\CodeIgniter.php(941): App\Controllers\ChapterController->managechapter3('3.15.1 Ab4a', 'Supplementary - Mineral Resources (IFRS 6)', 'b30ca9be03e2301e076bdcbb4c14376d3f2f388436e37d6f90dd31954551f64dec6a92eee8f168394b5cfbd2bc06f0bee4a8e7a20bcd9bd124dd9575b5b2d311Qkzcf2~qOMMjw0z04vpmRvU1')
 7 SYSTEMPATH\CodeIgniter.php(502): CodeIgniter\CodeIgniter->runController(Object(App\Controllers\ChapterController))
 8 SYSTEMPATH\CodeIgniter.php(361): CodeIgniter\CodeIgniter->handleRequest(null, Object(Config\Cache), false)
 9 FCPATH\index.php(84): CodeIgniter\CodeIgniter->run()
INFO - 2024-04-01 09:16:54 --> Session: Class initialized using 'CodeIgniter\Session\Handlers\FileHandler' driver.
CRITICAL - 2024-04-01 09:16:54 --> ErrorException: Undefined variable $r
in APPPATH\Views\chapter3\3151Ab4a.php on line 84.
 1 APPPATH\Views\chapter3\3151Ab4a.php(84): CodeIgniter\Debug\Exceptions->errorHandler(2, 'Undefined variable $r', 'D:\\dhay\\xampp\\htdocs\\jblas\\app\\Views\\chapter3\\3151Ab4a.php', 84)
 2 SYSTEMPATH\View\View.php(228): include('D:\\dhay\\xampp\\htdocs\\jblas\\app\\Views\\chapter3\\3151Ab4a.php')
 3 SYSTEMPATH\View\View.php(231): CodeIgniter\View\View->CodeIgniter\View\{closure}()
 4 SYSTEMPATH\Common.php(1178): CodeIgniter\View\View->render('chapter3/3151Ab4a', [], true)
 5 APPPATH\Controllers\ChapterController.php(771): view('chapter3/3151Ab4a', [...])
 6 SYSTEMPATH\CodeIgniter.php(941): App\Controllers\ChapterController->managechapter3('3.15.1 Ab4a', 'Supplementary - Mineral Resources (IFRS 6)', 'b30ca9be03e2301e076bdcbb4c14376d3f2f388436e37d6f90dd31954551f64dec6a92eee8f168394b5cfbd2bc06f0bee4a8e7a20bcd9bd124dd9575b5b2d311Qkzcf2~qOMMjw0z04vpmRvU1')
 7 SYSTEMPATH\CodeIgniter.php(502): CodeIgniter\CodeIgniter->runController(Object(App\Controllers\ChapterController))
 8 SYSTEMPATH\CodeIgniter.php(361): CodeIgniter\CodeIgniter->handleRequest(null, Object(Config\Cache), false)
 9 FCPATH\index.php(84): CodeIgniter\CodeIgniter->run()
INFO - 2024-04-01 09:17:52 --> Session: Class initialized using 'CodeIgniter\Session\Handlers\FileHandler' driver.
CRITICAL - 2024-04-01 09:17:52 --> ErrorException: Undefined variable $sec
in APPPATH\Views\chapter3\3151Ab4a.php on line 82.
 1 APPPATH\Views\chapter3\3151Ab4a.php(82): CodeIgniter\Debug\Exceptions->errorHandler(2, 'Undefined variable $sec', 'D:\\dhay\\xampp\\htdocs\\jblas\\app\\Views\\chapter3\\3151Ab4a.php', 82)
 2 SYSTEMPATH\View\View.php(228): include('D:\\dhay\\xampp\\htdocs\\jblas\\app\\Views\\chapter3\\3151Ab4a.php')
 3 SYSTEMPATH\View\View.php(231): CodeIgniter\View\View->CodeIgniter\View\{closure}()
 4 SYSTEMPATH\Common.php(1178): CodeIgniter\View\View->render('chapter3/3151Ab4a', [], true)
 5 APPPATH\Controllers\ChapterController.php(771): view('chapter3/3151Ab4a', [...])
 6 SYSTEMPATH\CodeIgniter.php(941): App\Controllers\ChapterController->managechapter3('3.15.1 Ab4a', 'Supplementary - Mineral Resources (IFRS 6)', 'b30ca9be03e2301e076bdcbb4c14376d3f2f388436e37d6f90dd31954551f64dec6a92eee8f168394b5cfbd2bc06f0bee4a8e7a20bcd9bd124dd9575b5b2d311Qkzcf2~qOMMjw0z04vpmRvU1')
 7 SYSTEMPATH\CodeIgniter.php(502): CodeIgniter\CodeIgniter->runController(Object(App\Controllers\ChapterController))
 8 SYSTEMPATH\CodeIgniter.php(361): CodeIgniter\CodeIgniter->handleRequest(null, Object(Config\Cache), false)
 9 FCPATH\index.php(84): CodeIgniter\CodeIgniter->run()
INFO - 2024-04-01 09:17:59 --> Session: Class initialized using 'CodeIgniter\Session\Handlers\FileHandler' driver.
CRITICAL - 2024-04-01 09:17:59 --> ErrorException: Undefined variable $sheet
in APPPATH\Controllers\ChapterController.php on line 769.
 1 APPPATH\Controllers\ChapterController.php(769): CodeIgniter\Debug\Exceptions->errorHandler(2, 'Undefined variable $sheet', 'D:\\dhay\\xampp\\htdocs\\jblas\\app\\Controllers\\ChapterController.php', 769)
 2 SYSTEMPATH\CodeIgniter.php(941): App\Controllers\ChapterController->managechapter3('3.15.1 Ab4a', 'Supplementary - Mineral Resources (IFRS 6)', 'b30ca9be03e2301e076bdcbb4c14376d3f2f388436e37d6f90dd31954551f64dec6a92eee8f168394b5cfbd2bc06f0bee4a8e7a20bcd9bd124dd9575b5b2d311Qkzcf2~qOMMjw0z04vpmRvU1')
 3 SYSTEMPATH\CodeIgniter.php(502): CodeIgniter\CodeIgniter->runController(Object(App\Controllers\ChapterController))
 4 SYSTEMPATH\CodeIgniter.php(361): CodeIgniter\CodeIgniter->handleRequest(null, Object(Config\Cache), false)
 5 FCPATH\index.php(84): CodeIgniter\CodeIgniter->run()
INFO - 2024-04-01 09:18:10 --> Session: Class initialized using 'CodeIgniter\Session\Handlers\FileHandler' driver.
CRITICAL - 2024-04-01 09:18:10 --> ArgumentCountError: Too few arguments to function App\Models\Chapter3Model::getab4(), 2 passed in D:\dhay\xampp\htdocs\jblas\app\Controllers\ChapterController.php on line 769 and exactly 3 expected
in APPPATH\Models\Chapter3Model.php on line 838.
 1 APPPATH\Controllers\ChapterController.php(769): App\Models\Chapter3Model->getab4('3.15.1 Ab4a', '60')
 2 SYSTEMPATH\CodeIgniter.php(941): App\Controllers\ChapterController->managechapter3('3.15.1 Ab4a', 'Supplementary - Mineral Resources (IFRS 6)', 'b30ca9be03e2301e076bdcbb4c14376d3f2f388436e37d6f90dd31954551f64dec6a92eee8f168394b5cfbd2bc06f0bee4a8e7a20bcd9bd124dd9575b5b2d311Qkzcf2~qOMMjw0z04vpmRvU1')
 3 SYSTEMPATH\CodeIgniter.php(502): CodeIgniter\CodeIgniter->runController(Object(App\Controllers\ChapterController))
 4 SYSTEMPATH\CodeIgniter.php(361): CodeIgniter\CodeIgniter->handleRequest(null, Object(Config\Cache), false)
 5 FCPATH\index.php(84): CodeIgniter\CodeIgniter->run()
INFO - 2024-04-01 09:18:24 --> Session: Class initialized using 'CodeIgniter\Session\Handlers\FileHandler' driver.
INFO - 2024-04-01 09:18:35 --> Session: Class initialized using 'CodeIgniter\Session\Handlers\FileHandler' driver.
INFO - 2024-04-01 09:18:58 --> Session: Class initialized using 'CodeIgniter\Session\Handlers\FileHandler' driver.
INFO - 2024-04-01 09:20:03 --> Session: Class initialized using 'CodeIgniter\Session\Handlers\FileHandler' driver.
INFO - 2024-04-01 09:20:05 --> Session: Class initialized using 'CodeIgniter\Session\Handlers\FileHandler' driver.
CRITICAL - 2024-04-01 09:20:05 --> ErrorException: Undefined variable $sectiontitle
in APPPATH\Views\chapter3\315Ab4_section.php on line 69.
 1 APPPATH\Views\chapter3\315Ab4_section.php(69): CodeIgniter\Debug\Exceptions->errorHandler(2, 'Undefined variable $sectiontitle', 'D:\\dhay\\xampp\\htdocs\\jblas\\app\\Views\\chapter3\\315Ab4_section.php', 69)
 2 SYSTEMPATH\View\View.php(228): include('D:\\dhay\\xampp\\htdocs\\jblas\\app\\Views\\chapter3\\315Ab4_section.php')
 3 SYSTEMPATH\View\View.php(231): CodeIgniter\View\View->CodeIgniter\View\{closure}()
 4 SYSTEMPATH\Common.php(1178): CodeIgniter\View\View->render('chapter3/315Ab4_section', [], true)
 5 APPPATH\Controllers\Chapter3Controller.php(810): view('chapter3/315Ab4_section', [...])
 6 SYSTEMPATH\CodeIgniter.php(941): App\Controllers\Chapter3Controller->viewab4('ab4a', '3.15.1 Ab4a', 'Supplementary - Mineral Resources (IFRS 6)', 'b30ca9be03e2301e076bdcbb4c14376d3f2f388436e37d6f90dd31954551f64dec6a92eee8f168394b5cfbd2bc06f0bee4a8e7a20bcd9bd124dd9575b5b2d311Qkzcf2~qOMMjw0z04vpmRvU1')
 7 SYSTEMPATH\CodeIgniter.php(502): CodeIgniter\CodeIgniter->runController(Object(App\Controllers\Chapter3Controller))
 8 SYSTEMPATH\CodeIgniter.php(361): CodeIgniter\CodeIgniter->handleRequest(null, Object(Config\Cache), false)
 9 FCPATH\index.php(84): CodeIgniter\CodeIgniter->run()
INFO - 2024-04-01 09:20:07 --> Session: Class initialized using 'CodeIgniter\Session\Handlers\FileHandler' driver.
INFO - 2024-04-01 09:33:46 --> Session: Class initialized using 'CodeIgniter\Session\Handlers\FileHandler' driver.
INFO - 2024-04-01 09:33:58 --> Session: Class initialized using 'CodeIgniter\Session\Handlers\FileHandler' driver.
INFO - 2024-04-01 09:33:58 --> Session: Class initialized using 'CodeIgniter\Session\Handlers\FileHandler' driver.
INFO - 2024-04-01 09:38:18 --> Session: Class initialized using 'CodeIgniter\Session\Handlers\FileHandler' driver.
INFO - 2024-04-01 09:38:18 --> Session: Class initialized using 'CodeIgniter\Session\Handlers\FileHandler' driver.
INFO - 2024-04-01 09:38:42 --> Session: Class initialized using 'CodeIgniter\Session\Handlers\FileHandler' driver.
