INFO - 2024-05-26 11:33:14 --> Session: Class initialized using 'CodeIgniter\Session\Handlers\FileHandler' driver.
INFO - 2024-05-26 11:47:24 --> Session: Class initialized using 'CodeIgniter\Session\Handlers\FileHandler' driver.
CRITICAL - 2024-05-26 11:47:24 --> Error: Object of class CodeIgniter\Email\Email could not be converted to string
in APPPATH\Controllers\HomeController.php on line 34.
 1 SYSTEMPATH\CodeIgniter.php(941): App\Controllers\HomeController->homepage()
 2 SYSTEMPATH\CodeIgniter.php(502): CodeIgniter\CodeIgniter->runController(Object(App\Controllers\HomeController))
 3 SYSTEMPATH\CodeIgniter.php(361): CodeIgniter\CodeIgniter->handleRequest(null, Object(Config\Cache), false)
 4 FCPATH\index.php(84): CodeIgniter\CodeIgniter->run()
INFO - 2024-05-26 11:48:45 --> Session: Class initialized using 'CodeIgniter\Session\Handlers\FileHandler' driver.
CRITICAL - 2024-05-26 11:48:45 --> ErrorException: Undefined variable $config
in APPPATH\Controllers\HomeController.php on line 34.
 1 APPPATH\Controllers\HomeController.php(34): CodeIgniter\Debug\Exceptions->errorHandler(2, 'Undefined variable $config', 'D:\\Applications\\xampp\\htdocs\\jblas\\app\\Controllers\\HomeController.php', 34)
 2 SYSTEMPATH\CodeIgniter.php(941): App\Controllers\HomeController->homepage()
 3 SYSTEMPATH\CodeIgniter.php(502): CodeIgniter\CodeIgniter->runController(Object(App\Controllers\HomeController))
 4 SYSTEMPATH\CodeIgniter.php(361): CodeIgniter\CodeIgniter->handleRequest(null, Object(Config\Cache), false)
 5 FCPATH\index.php(84): CodeIgniter\CodeIgniter->run()
INFO - 2024-05-26 11:50:30 --> Session: Class initialized using 'CodeIgniter\Session\Handlers\FileHandler' driver.
ERROR - 2024-05-26 11:50:40 --> Email: Unable to send email using SMTP. Your server might not be configured to send mail using this method.
ERROR - 2024-05-26 11:50:40 --> 
hello: 
The following SMTP error was encountered: 
INFO - 2024-05-26 11:50:48 --> Session: Class initialized using 'CodeIgniter\Session\Handlers\FileHandler' driver.
ERROR - 2024-05-26 11:50:48 --> Email: sendWithSmtp throwed ErrorException: fsockopen(): SSL operation failed with code 1. OpenSSL Error messages:
error:1408F10B:SSL routines:ssl3_get_record:wrong version number in D:\Applications\xampp\htdocs\jblas\system\Email\Email.php:1900
Stack trace:
#0 [internal function]: CodeIgniter\Debug\Exceptions->errorHandler(2, 'fsockopen(): SS...', 'D:\\Applications...', 1900)
#1 D:\Applications\xampp\htdocs\jblas\system\Email\Email.php(1900): fsockopen('ssl://mail.buil...', 465, NULL, NULL, 5)
#2 D:\Applications\xampp\htdocs\jblas\system\Email\Email.php(1808): CodeIgniter\Email\Email->SMTPConnect()
#3 D:\Applications\xampp\htdocs\jblas\system\Email\Email.php(1693): CodeIgniter\Email\Email->sendWithSmtp()
#4 D:\Applications\xampp\htdocs\jblas\system\Email\Email.php(1587): CodeIgniter\Email\Email->spoolEmail()
#5 D:\Applications\xampp\htdocs\jblas\app\Controllers\HomeController.php(38): CodeIgniter\Email\Email->send()
#6 D:\Applications\xampp\htdocs\jblas\system\CodeIgniter.php(941): App\Controllers\HomeController->homepage()
#7 D:\Applications\xampp\htdocs\jblas\system\CodeIgniter.php(502): CodeIgniter\CodeIgniter->runController(Object(App\Controllers\HomeController))
#8 D:\Applications\xampp\htdocs\jblas\system\CodeIgniter.php(361): CodeIgniter\CodeIgniter->handleRequest(NULL, Object(Config\Cache), false)
#9 D:\Applications\xampp\htdocs\jblas\public\index.php(84): CodeIgniter\CodeIgniter->run()
#10 {main}
ERROR - 2024-05-26 11:50:48 --> Email: Unable to send email using SMTP. Your server might not be configured to send mail using this method.
ERROR - 2024-05-26 11:50:48 --> 
INFO - 2024-05-26 11:51:19 --> Session: Class initialized using 'CodeIgniter\Session\Handlers\FileHandler' driver.
ERROR - 2024-05-26 11:51:27 --> Email: Unable to send email using SMTP. Your server might not be configured to send mail using this method.
ERROR - 2024-05-26 11:51:27 --> 220-sg2plmcpnl480577.prod.sin2.secureserver.net ESMTP Exim 4.96.2 #2 Sat, 25 May 2024 20:51:19 -0700 
220-We do not authorize the use of this system to transport unsolicited, 
220 and/or bulk e-mail.

hello: 250-sg2plmcpnl480577.prod.sin2.secureserver.net Hello localhost [120.29.109.172]
250-SIZE 52428800
250-8BITMIME
250-PIPELINING
250-PIPECONNECT
250-AUTH PLAIN LOGIN
250 HELP

from: 250 OK

to: 250 Accepted

data: 354 Enter message, ending with "." on a line by itself


quit: 250 OK id=1sB4ul-00DUNp-34

The following SMTP error was encountered: 250 OK id=1sB4ul-00DUNp-34

The following SMTP error was encountered: 
INFO - 2024-05-26 11:56:46 --> Session: Class initialized using 'CodeIgniter\Session\Handlers\FileHandler' driver.
ERROR - 2024-05-26 11:56:54 --> Email: Unable to send email using SMTP. Your server might not be configured to send mail using this method.
ERROR - 2024-05-26 11:56:54 --> 220-sg2plmcpnl480577.prod.sin2.secureserver.net ESMTP Exim 4.96.2 #2 Sat, 25 May 2024 20:56:46 -0700 
220-We do not authorize the use of this system to transport unsolicited, 
220 and/or bulk e-mail.

hello: 250-sg2plmcpnl480577.prod.sin2.secureserver.net Hello localhost [120.29.109.172]
250-SIZE 52428800
250-8BITMIME
250-PIPELINING
250-PIPECONNECT
250-AUTH PLAIN LOGIN
250 HELP

from: 250 OK

to: 250 Accepted

data: 354 Enter message, ending with "." on a line by itself


quit: 250 OK id=1sB502-00DXh9-2m

The following SMTP error was encountered: 250 OK id=1sB502-00DXh9-2m

The following SMTP error was encountered: 
INFO - 2024-05-26 12:10:08 --> Session: Class initialized using 'CodeIgniter\Session\Handlers\FileHandler' driver.
INFO - 2024-05-26 12:10:16 --> Session: Class initialized using 'CodeIgniter\Session\Handlers\FileHandler' driver.
ERROR - 2024-05-26 12:10:22 --> Email: Unable to send email using SMTP. Your server might not be configured to send mail using this method.
ERROR - 2024-05-26 12:10:22 --> 
hello: 220-sg2plmcpnl480577.prod.sin2.secureserver.net ESMTP Exim 4.96.2 #2 Sat, 25 May 2024 21:10:22 -0700 
220-We do not authorize the use of this system to transport unsolicited, 
220 and/or bulk e-mail.

The following SMTP error was encountered: 220-sg2plmcpnl480577.prod.sin2.secureserver.net ESMTP Exim 4.96.2 #2 Sat, 25 May 2024 21:10:22 -0700 
220-We do not authorize the use of this system to transport unsolicited, 
220 and/or bulk e-mail.

INFO - 2024-05-26 12:34:27 --> Session: Class initialized using 'CodeIgniter\Session\Handlers\FileHandler' driver.
ERROR - 2024-05-26 12:34:35 --> Email: Unable to send email using SMTP. Your server might not be configured to send mail using this method.
ERROR - 2024-05-26 12:34:35 --> 220-sg2plmcpnl480577.prod.sin2.secureserver.net ESMTP Exim 4.96.2 #2 Sat, 25 May 2024 21:34:28 -0700 
220-We do not authorize the use of this system to transport unsolicited, 
220 and/or bulk e-mail.

hello: 250-sg2plmcpnl480577.prod.sin2.secureserver.net Hello localhost [120.29.109.172]
250-SIZE 52428800
250-8BITMIME
250-PIPELINING
250-PIPECONNECT
250-AUTH PLAIN LOGIN
250 HELP

from: 250 OK

to: 250 Accepted

data: 354 Enter message, ending with "." on a line by itself


quit: 250 OK id=1sB5aW-00DvrA-1e

The following SMTP error was encountered: 250 OK id=1sB5aW-00DvrA-1e

The following SMTP error was encountered: 
INFO - 2024-05-26 12:36:39 --> Session: Class initialized using 'CodeIgniter\Session\Handlers\FileHandler' driver.
ERROR - 2024-05-26 12:36:47 --> Email: Unable to send email using SMTP. Your server might not be configured to send mail using this method.
ERROR - 2024-05-26 12:36:47 --> 220-sg2plmcpnl480577.prod.sin2.secureserver.net ESMTP Exim 4.96.2 #2 Sat, 25 May 2024 21:36:39 -0700 
220-We do not authorize the use of this system to transport unsolicited, 
220 and/or bulk e-mail.

hello: 250-sg2plmcpnl480577.prod.sin2.secureserver.net Hello localhost [120.29.109.172]
250-SIZE 52428800
250-8BITMIME
250-PIPELINING
250-PIPECONNECT
250-AUTH PLAIN LOGIN
250 HELP

from: 250 OK

to: 250 Accepted

data: 354 Enter message, ending with "." on a line by itself


quit: 250 OK id=1sB5ce-00DxLC-1A

The following SMTP error was encountered: 250 OK id=1sB5ce-00DxLC-1A

The following SMTP error was encountered: 
