INFO - 2024-08-08 10:35:40 --> Session: Class initialized using 'CodeIgniter\Session\Handlers\FileHandler' driver.
INFO - 2024-08-08 10:35:53 --> Session: Class initialized using 'CodeIgniter\Session\Handlers\FileHandler' driver.
INFO - 2024-08-08 10:35:53 --> Session: Class initialized using 'CodeIgniter\Session\Handlers\FileHandler' driver.
INFO - 2024-08-08 10:36:03 --> Session: Class initialized using 'CodeIgniter\Session\Handlers\FileHandler' driver.
INFO - 2024-08-08 15:00:03 --> Session: Class initialized using 'CodeIgniter\Session\Handlers\FileHandler' driver.
INFO - 2024-08-08 17:14:15 --> Session: Class initialized using 'CodeIgniter\Session\Handlers\FileHandler' driver.
INFO - 2024-08-08 17:14:24 --> Session: Class initialized using 'CodeIgniter\Session\Handlers\FileHandler' driver.
INFO - 2024-08-08 17:14:24 --> Session: Class initialized using 'CodeIgniter\Session\Handlers\FileHandler' driver.
INFO - 2024-08-08 19:03:00 --> Session: Class initialized using 'CodeIgniter\Session\Handlers\FileHandler' driver.
INFO - 2024-08-08 19:03:04 --> Session: Class initialized using 'CodeIgniter\Session\Handlers\FileHandler' driver.
INFO - 2024-08-08 19:03:11 --> Session: Class initialized using 'CodeIgniter\Session\Handlers\FileHandler' driver.
INFO - 2024-08-08 19:03:30 --> Session: Class initialized using 'CodeIgniter\Session\Handlers\FileHandler' driver.
INFO - 2024-08-08 19:03:36 --> Session: Class initialized using 'CodeIgniter\Session\Handlers\FileHandler' driver.
CRITICAL - 2024-08-08 19:03:36 --> CodeIgniter\Encryption\Exceptions\EncryptionException: Decrypting: authentication failed.
in SYSTEMPATH/Encryption/Handlers/OpenSSLHandler.php on line 139.
 1 SYSTEMPATH/Encryption/Handlers/OpenSSLHandler.php(139): CodeIgniter\Encryption\Exceptions\EncryptionException::forAuthenticationFailed()
 2 APPPATH/Controllers/ClientController.php(56): CodeIgniter\Encryption\Handlers\OpenSSLHandler->decrypt()
 3 SYSTEMPATH/CodeIgniter.php(941): App\Controllers\ClientController->getdefaultfiles()
 4 SYSTEMPATH/CodeIgniter.php(502): CodeIgniter\CodeIgniter->runController()
 5 SYSTEMPATH/CodeIgniter.php(361): CodeIgniter\CodeIgniter->handleRequest()
 6 FCPATH/index.php(84): CodeIgniter\CodeIgniter->run()
INFO - 2024-08-08 19:03:36 --> Session: Class initialized using 'CodeIgniter\Session\Handlers\FileHandler' driver.
INFO - 2024-08-08 19:03:40 --> Session: Class initialized using 'CodeIgniter\Session\Handlers\FileHandler' driver.
INFO - 2024-08-08 19:04:19 --> Session: Class initialized using 'CodeIgniter\Session\Handlers\FileHandler' driver.
INFO - 2024-08-08 20:55:47 --> Session: Class initialized using 'CodeIgniter\Session\Handlers\FileHandler' driver.
WARNING - 2024-08-08 20:55:47 --> [DEPRECATED] mb_substr(): Passing null to parameter #1 ($string) of type string is deprecated in SYSTEMPATH/Encryption/Handlers/BaseHandler.php on line 48.
 1 SYSTEMPATH/Encryption/Handlers/BaseHandler.php(48): mb_substr(null, 0, 128, '8bit')
 2 SYSTEMPATH/Encryption/Handlers/OpenSSLHandler.php(134): CodeIgniter\Encryption\Handlers\BaseHandler::substr(null, 0, 128)
 3 APPPATH/Models/AuthModel.php(104): CodeIgniter\Encryption\Handlers\OpenSSLHandler->decrypt(null)
 4 APPPATH/Filters/Client_sd.php(22): App\Models\AuthModel->getUserAccess()
 5 SYSTEMPATH/Filters/Filters.php(182): App\Filters\Client_sd->before(Object(CodeIgniter\HTTP\IncomingRequest), null)
 6 SYSTEMPATH/CodeIgniter.php(474): CodeIgniter\Filters\Filters->run('auditsystem/client/files/b112b6759b5983581e01aad84da3020f9c57a169bd9cb0af21be88e7014ae015571e81207e60ea0a66766f58a7763e7874e2875a18676b929556e81bba48263dUDurg9X5QLm5dVoMIS57D5Y=/DJ%20metal%20works%20-%20Bbbbb', 'before')
 7 SYSTEMPATH/CodeIgniter.php(361): CodeIgniter\CodeIgniter->handleRequest(null, Object(Config\Cache), false)
 8 FCPATH/index.php(84): CodeIgniter\CodeIgniter->run()
WARNING - 2024-08-08 20:55:47 --> [DEPRECATED] mb_substr(): Passing null to parameter #1 ($string) of type string is deprecated in SYSTEMPATH/Encryption/Handlers/BaseHandler.php on line 48.
 1 SYSTEMPATH/Encryption/Handlers/BaseHandler.php(48): mb_substr(null, 128, null, '8bit')
 2 SYSTEMPATH/Encryption/Handlers/OpenSSLHandler.php(135): CodeIgniter\Encryption\Handlers\BaseHandler::substr(null, 128)
 3 APPPATH/Models/AuthModel.php(104): CodeIgniter\Encryption\Handlers\OpenSSLHandler->decrypt(null)
 4 APPPATH/Filters/Client_sd.php(22): App\Models\AuthModel->getUserAccess()
 5 SYSTEMPATH/Filters/Filters.php(182): App\Filters\Client_sd->before(Object(CodeIgniter\HTTP\IncomingRequest), null)
 6 SYSTEMPATH/CodeIgniter.php(474): CodeIgniter\Filters\Filters->run('auditsystem/client/files/b112b6759b5983581e01aad84da3020f9c57a169bd9cb0af21be88e7014ae015571e81207e60ea0a66766f58a7763e7874e2875a18676b929556e81bba48263dUDurg9X5QLm5dVoMIS57D5Y=/DJ%20metal%20works%20-%20Bbbbb', 'before')
 7 SYSTEMPATH/CodeIgniter.php(361): CodeIgniter\CodeIgniter->handleRequest(null, Object(Config\Cache), false)
 8 FCPATH/index.php(84): CodeIgniter\CodeIgniter->run()
CRITICAL - 2024-08-08 20:55:47 --> CodeIgniter\Encryption\Exceptions\EncryptionException: Decrypting: authentication failed.
in SYSTEMPATH/Encryption/Handlers/OpenSSLHandler.php on line 139.
 1 SYSTEMPATH/Encryption/Handlers/OpenSSLHandler.php(139): CodeIgniter\Encryption\Exceptions\EncryptionException::forAuthenticationFailed()
 2 APPPATH/Models/AuthModel.php(104): CodeIgniter\Encryption\Handlers\OpenSSLHandler->decrypt()
 3 APPPATH/Filters/Client_sd.php(22): App\Models\AuthModel->getUserAccess()
 4 SYSTEMPATH/Filters/Filters.php(182): App\Filters\Client_sd->before()
 5 SYSTEMPATH/CodeIgniter.php(474): CodeIgniter\Filters\Filters->run()
 6 SYSTEMPATH/CodeIgniter.php(361): CodeIgniter\CodeIgniter->handleRequest()
 7 FCPATH/index.php(84): CodeIgniter\CodeIgniter->run()
INFO - 2024-08-08 20:56:07 --> Session: Class initialized using 'CodeIgniter\Session\Handlers\FileHandler' driver.
WARNING - 2024-08-08 20:56:07 --> [DEPRECATED] mb_substr(): Passing null to parameter #1 ($string) of type string is deprecated in SYSTEMPATH/Encryption/Handlers/BaseHandler.php on line 48.
 1 SYSTEMPATH/Encryption/Handlers/BaseHandler.php(48): mb_substr(null, 0, 128, '8bit')
 2 SYSTEMPATH/Encryption/Handlers/OpenSSLHandler.php(134): CodeIgniter\Encryption\Handlers\BaseHandler::substr(null, 0, 128)
 3 APPPATH/Models/AuthModel.php(104): CodeIgniter\Encryption\Handlers\OpenSSLHandler->decrypt(null)
 4 APPPATH/Filters/Client_sd.php(22): App\Models\AuthModel->getUserAccess()
 5 SYSTEMPATH/Filters/Filters.php(182): App\Filters\Client_sd->before(Object(CodeIgniter\HTTP\IncomingRequest), null)
 6 SYSTEMPATH/CodeIgniter.php(474): CodeIgniter\Filters\Filters->run('auditsystem/client/files/b112b6759b5983581e01aad84da3020f9c57a169bd9cb0af21be88e7014ae015571e81207e60ea0a66766f58a7763e7874e2875a18676b929556e81bba48263dUDurg9X5QLm5dVoMIS57D5Y=/DJ%20metal%20works%20-%20Bbbbb', 'before')
 7 SYSTEMPATH/CodeIgniter.php(361): CodeIgniter\CodeIgniter->handleRequest(null, Object(Config\Cache), false)
 8 FCPATH/index.php(84): CodeIgniter\CodeIgniter->run()
WARNING - 2024-08-08 20:56:07 --> [DEPRECATED] mb_substr(): Passing null to parameter #1 ($string) of type string is deprecated in SYSTEMPATH/Encryption/Handlers/BaseHandler.php on line 48.
 1 SYSTEMPATH/Encryption/Handlers/BaseHandler.php(48): mb_substr(null, 128, null, '8bit')
 2 SYSTEMPATH/Encryption/Handlers/OpenSSLHandler.php(135): CodeIgniter\Encryption\Handlers\BaseHandler::substr(null, 128)
 3 APPPATH/Models/AuthModel.php(104): CodeIgniter\Encryption\Handlers\OpenSSLHandler->decrypt(null)
 4 APPPATH/Filters/Client_sd.php(22): App\Models\AuthModel->getUserAccess()
 5 SYSTEMPATH/Filters/Filters.php(182): App\Filters\Client_sd->before(Object(CodeIgniter\HTTP\IncomingRequest), null)
 6 SYSTEMPATH/CodeIgniter.php(474): CodeIgniter\Filters\Filters->run('auditsystem/client/files/b112b6759b5983581e01aad84da3020f9c57a169bd9cb0af21be88e7014ae015571e81207e60ea0a66766f58a7763e7874e2875a18676b929556e81bba48263dUDurg9X5QLm5dVoMIS57D5Y=/DJ%20metal%20works%20-%20Bbbbb', 'before')
 7 SYSTEMPATH/CodeIgniter.php(361): CodeIgniter\CodeIgniter->handleRequest(null, Object(Config\Cache), false)
 8 FCPATH/index.php(84): CodeIgniter\CodeIgniter->run()
CRITICAL - 2024-08-08 20:56:07 --> CodeIgniter\Encryption\Exceptions\EncryptionException: Decrypting: authentication failed.
in SYSTEMPATH/Encryption/Handlers/OpenSSLHandler.php on line 139.
 1 SYSTEMPATH/Encryption/Handlers/OpenSSLHandler.php(139): CodeIgniter\Encryption\Exceptions\EncryptionException::forAuthenticationFailed()
 2 APPPATH/Models/AuthModel.php(104): CodeIgniter\Encryption\Handlers\OpenSSLHandler->decrypt()
 3 APPPATH/Filters/Client_sd.php(22): App\Models\AuthModel->getUserAccess()
 4 SYSTEMPATH/Filters/Filters.php(182): App\Filters\Client_sd->before()
 5 SYSTEMPATH/CodeIgniter.php(474): CodeIgniter\Filters\Filters->run()
 6 SYSTEMPATH/CodeIgniter.php(361): CodeIgniter\CodeIgniter->handleRequest()
 7 FCPATH/index.php(84): CodeIgniter\CodeIgniter->run()
INFO - 2024-08-08 20:56:10 --> Session: Class initialized using 'CodeIgniter\Session\Handlers\FileHandler' driver.
WARNING - 2024-08-08 20:56:10 --> [DEPRECATED] mb_substr(): Passing null to parameter #1 ($string) of type string is deprecated in SYSTEMPATH/Encryption/Handlers/BaseHandler.php on line 48.
 1 SYSTEMPATH/Encryption/Handlers/BaseHandler.php(48): mb_substr(null, 0, 128, '8bit')
 2 SYSTEMPATH/Encryption/Handlers/OpenSSLHandler.php(134): CodeIgniter\Encryption\Handlers\BaseHandler::substr(null, 0, 128)
 3 APPPATH/Models/AuthModel.php(104): CodeIgniter\Encryption\Handlers\OpenSSLHandler->decrypt(null)
 4 APPPATH/Filters/Client_sd.php(22): App\Models\AuthModel->getUserAccess()
 5 SYSTEMPATH/Filters/Filters.php(182): App\Filters\Client_sd->before(Object(CodeIgniter\HTTP\IncomingRequest), null)
 6 SYSTEMPATH/CodeIgniter.php(474): CodeIgniter\Filters\Filters->run('auditsystem/client/set', 'before')
 7 SYSTEMPATH/CodeIgniter.php(361): CodeIgniter\CodeIgniter->handleRequest(null, Object(Config\Cache), false)
 8 FCPATH/index.php(84): CodeIgniter\CodeIgniter->run()
WARNING - 2024-08-08 20:56:10 --> [DEPRECATED] mb_substr(): Passing null to parameter #1 ($string) of type string is deprecated in SYSTEMPATH/Encryption/Handlers/BaseHandler.php on line 48.
 1 SYSTEMPATH/Encryption/Handlers/BaseHandler.php(48): mb_substr(null, 128, null, '8bit')
 2 SYSTEMPATH/Encryption/Handlers/OpenSSLHandler.php(135): CodeIgniter\Encryption\Handlers\BaseHandler::substr(null, 128)
 3 APPPATH/Models/AuthModel.php(104): CodeIgniter\Encryption\Handlers\OpenSSLHandler->decrypt(null)
 4 APPPATH/Filters/Client_sd.php(22): App\Models\AuthModel->getUserAccess()
 5 SYSTEMPATH/Filters/Filters.php(182): App\Filters\Client_sd->before(Object(CodeIgniter\HTTP\IncomingRequest), null)
 6 SYSTEMPATH/CodeIgniter.php(474): CodeIgniter\Filters\Filters->run('auditsystem/client/set', 'before')
 7 SYSTEMPATH/CodeIgniter.php(361): CodeIgniter\CodeIgniter->handleRequest(null, Object(Config\Cache), false)
 8 FCPATH/index.php(84): CodeIgniter\CodeIgniter->run()
CRITICAL - 2024-08-08 20:56:10 --> CodeIgniter\Encryption\Exceptions\EncryptionException: Decrypting: authentication failed.
in SYSTEMPATH/Encryption/Handlers/OpenSSLHandler.php on line 139.
 1 SYSTEMPATH/Encryption/Handlers/OpenSSLHandler.php(139): CodeIgniter\Encryption\Exceptions\EncryptionException::forAuthenticationFailed()
 2 APPPATH/Models/AuthModel.php(104): CodeIgniter\Encryption\Handlers\OpenSSLHandler->decrypt()
 3 APPPATH/Filters/Client_sd.php(22): App\Models\AuthModel->getUserAccess()
 4 SYSTEMPATH/Filters/Filters.php(182): App\Filters\Client_sd->before()
 5 SYSTEMPATH/CodeIgniter.php(474): CodeIgniter\Filters\Filters->run()
 6 SYSTEMPATH/CodeIgniter.php(361): CodeIgniter\CodeIgniter->handleRequest()
 7 FCPATH/index.php(84): CodeIgniter\CodeIgniter->run()
INFO - 2024-08-08 20:56:11 --> Session: Class initialized using 'CodeIgniter\Session\Handlers\FileHandler' driver.
WARNING - 2024-08-08 20:56:11 --> [DEPRECATED] mb_substr(): Passing null to parameter #1 ($string) of type string is deprecated in SYSTEMPATH/Encryption/Handlers/BaseHandler.php on line 48.
 1 SYSTEMPATH/Encryption/Handlers/BaseHandler.php(48): mb_substr(null, 0, 128, '8bit')
 2 SYSTEMPATH/Encryption/Handlers/OpenSSLHandler.php(134): CodeIgniter\Encryption\Handlers\BaseHandler::substr(null, 0, 128)
 3 APPPATH/Models/AuthModel.php(104): CodeIgniter\Encryption\Handlers\OpenSSLHandler->decrypt(null)
 4 APPPATH/Filters/Client_sd.php(22): App\Models\AuthModel->getUserAccess()
 5 SYSTEMPATH/Filters/Filters.php(182): App\Filters\Client_sd->before(Object(CodeIgniter\HTTP\IncomingRequest), null)
 6 SYSTEMPATH/CodeIgniter.php(474): CodeIgniter\Filters\Filters->run('auditsystem/client/set', 'before')
 7 SYSTEMPATH/CodeIgniter.php(361): CodeIgniter\CodeIgniter->handleRequest(null, Object(Config\Cache), false)
 8 FCPATH/index.php(84): CodeIgniter\CodeIgniter->run()
WARNING - 2024-08-08 20:56:11 --> [DEPRECATED] mb_substr(): Passing null to parameter #1 ($string) of type string is deprecated in SYSTEMPATH/Encryption/Handlers/BaseHandler.php on line 48.
 1 SYSTEMPATH/Encryption/Handlers/BaseHandler.php(48): mb_substr(null, 128, null, '8bit')
 2 SYSTEMPATH/Encryption/Handlers/OpenSSLHandler.php(135): CodeIgniter\Encryption\Handlers\BaseHandler::substr(null, 128)
 3 APPPATH/Models/AuthModel.php(104): CodeIgniter\Encryption\Handlers\OpenSSLHandler->decrypt(null)
 4 APPPATH/Filters/Client_sd.php(22): App\Models\AuthModel->getUserAccess()
 5 SYSTEMPATH/Filters/Filters.php(182): App\Filters\Client_sd->before(Object(CodeIgniter\HTTP\IncomingRequest), null)
 6 SYSTEMPATH/CodeIgniter.php(474): CodeIgniter\Filters\Filters->run('auditsystem/client/set', 'before')
 7 SYSTEMPATH/CodeIgniter.php(361): CodeIgniter\CodeIgniter->handleRequest(null, Object(Config\Cache), false)
 8 FCPATH/index.php(84): CodeIgniter\CodeIgniter->run()
CRITICAL - 2024-08-08 20:56:11 --> CodeIgniter\Encryption\Exceptions\EncryptionException: Decrypting: authentication failed.
in SYSTEMPATH/Encryption/Handlers/OpenSSLHandler.php on line 139.
 1 SYSTEMPATH/Encryption/Handlers/OpenSSLHandler.php(139): CodeIgniter\Encryption\Exceptions\EncryptionException::forAuthenticationFailed()
 2 APPPATH/Models/AuthModel.php(104): CodeIgniter\Encryption\Handlers\OpenSSLHandler->decrypt()
 3 APPPATH/Filters/Client_sd.php(22): App\Models\AuthModel->getUserAccess()
 4 SYSTEMPATH/Filters/Filters.php(182): App\Filters\Client_sd->before()
 5 SYSTEMPATH/CodeIgniter.php(474): CodeIgniter\Filters\Filters->run()
 6 SYSTEMPATH/CodeIgniter.php(361): CodeIgniter\CodeIgniter->handleRequest()
 7 FCPATH/index.php(84): CodeIgniter\CodeIgniter->run()
INFO - 2024-08-08 20:56:14 --> Session: Class initialized using 'CodeIgniter\Session\Handlers\FileHandler' driver.
