INFO - 2024-05-20 10:32:44 --> Session: Class initialized using 'CodeIgniter\Session\Handlers\FileHandler' driver.
INFO - 2024-05-20 10:32:45 --> Session: Class initialized using 'CodeIgniter\Session\Handlers\FileHandler' driver.
INFO - 2024-05-20 10:32:48 --> Session: Class initialized using 'CodeIgniter\Session\Handlers\FileHandler' driver.
INFO - 2024-05-20 10:33:00 --> Session: Class initialized using 'CodeIgniter\Session\Handlers\FileHandler' driver.
INFO - 2024-05-20 10:33:01 --> Session: Class initialized using 'CodeIgniter\Session\Handlers\FileHandler' driver.
INFO - 2024-05-20 10:36:16 --> Session: Class initialized using 'CodeIgniter\Session\Handlers\FileHandler' driver.
INFO - 2024-05-20 10:36:19 --> Session: Class initialized using 'CodeIgniter\Session\Handlers\FileHandler' driver.
INFO - 2024-05-20 10:36:23 --> Session: Class initialized using 'CodeIgniter\Session\Handlers\FileHandler' driver.
INFO - 2024-05-20 10:36:26 --> Session: Class initialized using 'CodeIgniter\Session\Handlers\FileHandler' driver.
INFO - 2024-05-20 10:36:34 --> Session: Class initialized using 'CodeIgniter\Session\Handlers\FileHandler' driver.
INFO - 2024-05-20 10:36:42 --> Session: Class initialized using 'CodeIgniter\Session\Handlers\FileHandler' driver.
INFO - 2024-05-20 10:36:45 --> Session: Class initialized using 'CodeIgniter\Session\Handlers\FileHandler' driver.
INFO - 2024-05-20 10:36:48 --> Session: Class initialized using 'CodeIgniter\Session\Handlers\FileHandler' driver.
INFO - 2024-05-20 10:37:12 --> Session: Class initialized using 'CodeIgniter\Session\Handlers\FileHandler' driver.
INFO - 2024-05-20 10:37:32 --> Session: Class initialized using 'CodeIgniter\Session\Handlers\FileHandler' driver.
INFO - 2024-05-20 10:37:32 --> Session: Class initialized using 'CodeIgniter\Session\Handlers\FileHandler' driver.
INFO - 2024-05-20 10:37:40 --> Session: Class initialized using 'CodeIgniter\Session\Handlers\FileHandler' driver.
INFO - 2024-05-20 10:37:40 --> Session: Class initialized using 'CodeIgniter\Session\Handlers\FileHandler' driver.
INFO - 2024-05-20 10:37:43 --> Session: Class initialized using 'CodeIgniter\Session\Handlers\FileHandler' driver.
INFO - 2024-05-20 10:37:50 --> Session: Class initialized using 'CodeIgniter\Session\Handlers\FileHandler' driver.
INFO - 2024-05-20 10:37:54 --> Session: Class initialized using 'CodeIgniter\Session\Handlers\FileHandler' driver.
INFO - 2024-05-20 10:37:59 --> Session: Class initialized using 'CodeIgniter\Session\Handlers\FileHandler' driver.
INFO - 2024-05-20 10:38:22 --> Session: Class initialized using 'CodeIgniter\Session\Handlers\FileHandler' driver.
INFO - 2024-05-20 10:38:26 --> Session: Class initialized using 'CodeIgniter\Session\Handlers\FileHandler' driver.
INFO - 2024-05-20 10:38:29 --> Session: Class initialized using 'CodeIgniter\Session\Handlers\FileHandler' driver.
INFO - 2024-05-20 10:38:30 --> Session: Class initialized using 'CodeIgniter\Session\Handlers\FileHandler' driver.
INFO - 2024-05-20 10:38:56 --> Session: Class initialized using 'CodeIgniter\Session\Handlers\FileHandler' driver.
WARNING - 2024-05-20 10:38:56 --> [DEPRECATED] Required parameter $currentfont follows optional parameter $isunicode in APPPATH\Libraries\tcpdf\include\tcpdf_fonts.php on line 1998.
 1 APPPATH\Libraries\tcpdf\tcpdf.php(115): require_once()
 2 SYSTEMPATH\Autoloader\Autoloader.php(309): include_once('D:\\Applications\\xampp\\htdocs\\jblas\\app\\Libraries\\tcpdf\\tcpdf.php')
 3 SYSTEMPATH\Autoloader\Autoloader.php(253): CodeIgniter\Autoloader\Autoloader->includeFile('D:\\Applications\\xampp\\htdocs\\jblas\\app\\Libraries/tcpdf/tcpdf.php')
 4 APPPATH\Views\workpaper\pdfc1\AC5.php(4): CodeIgniter\Autoloader\Autoloader->loadClassmap('TCPDF')
 5 SYSTEMPATH\View\View.php(228): include('D:\\Applications\\xampp\\htdocs\\jblas\\app\\Views\\workpaper\\pdfc1\\AC5.php')
 6 SYSTEMPATH\View\View.php(231): CodeIgniter\View\View->CodeIgniter\View\{closure}()
 7 SYSTEMPATH\Common.php(1178): CodeIgniter\View\View->render('workpaper/pdfc1/AC5', [], true)
 8 APPPATH\Controllers\WorkpaperController.php(2157): view('workpaper/pdfc1/AC5', [...])
 9 SYSTEMPATH\CodeIgniter.php(941): App\Controllers\WorkpaperController->viewpdfc1('AC5', '6edac1ca17868f1d591324bcf13fbab58d3569722223eaeeb47955ef53322c2b9da044f43bb373bb537ea9d4f4bad79d5bd4f5caa1be5578d66cfcfda987b83eS6CL7O3lpSf1DfSFLp34AOQ=', '57c2a1fb0fe061194f5ce7c063a0569f6ae2657547d484e2a415972de5578ece4fde99e8fbe0045b8bec791a430a10df12a9af29ce1234fad172a842ff7e446aP$8aIW1USLOit8Q8MNGSi7M=', '4170b6e7ccf7a39b4e579b903c405b9a6f104a745236d59c95142e82804943fc65c06caeedfad9814c97caa5a5ff960b28b7bdda62ea8dcb3a943c26552d983eAQ9ykVg8ssPXNfyMlarEoqM=')
10 SYSTEMPATH\CodeIgniter.php(502): CodeIgniter\CodeIgniter->runController(Object(App\Controllers\WorkpaperController))
11 SYSTEMPATH\CodeIgniter.php(361): CodeIgniter\CodeIgniter->handleRequest(null, Object(Config\Cache), false)
12 FCPATH\index.php(84): CodeIgniter\CodeIgniter->run()
WARNING - 2024-05-20 10:38:56 --> [DEPRECATED] Required parameter $currentfont follows optional parameter $isunicode in APPPATH\Libraries\tcpdf\include\tcpdf_fonts.php on line 2024.
 1 APPPATH\Libraries\tcpdf\tcpdf.php(115): require_once()
 2 SYSTEMPATH\Autoloader\Autoloader.php(309): include_once('D:\\Applications\\xampp\\htdocs\\jblas\\app\\Libraries\\tcpdf\\tcpdf.php')
 3 SYSTEMPATH\Autoloader\Autoloader.php(253): CodeIgniter\Autoloader\Autoloader->includeFile('D:\\Applications\\xampp\\htdocs\\jblas\\app\\Libraries/tcpdf/tcpdf.php')
 4 APPPATH\Views\workpaper\pdfc1\AC5.php(4): CodeIgniter\Autoloader\Autoloader->loadClassmap('TCPDF')
 5 SYSTEMPATH\View\View.php(228): include('D:\\Applications\\xampp\\htdocs\\jblas\\app\\Views\\workpaper\\pdfc1\\AC5.php')
 6 SYSTEMPATH\View\View.php(231): CodeIgniter\View\View->CodeIgniter\View\{closure}()
 7 SYSTEMPATH\Common.php(1178): CodeIgniter\View\View->render('workpaper/pdfc1/AC5', [], true)
 8 APPPATH\Controllers\WorkpaperController.php(2157): view('workpaper/pdfc1/AC5', [...])
 9 SYSTEMPATH\CodeIgniter.php(941): App\Controllers\WorkpaperController->viewpdfc1('AC5', '6edac1ca17868f1d591324bcf13fbab58d3569722223eaeeb47955ef53322c2b9da044f43bb373bb537ea9d4f4bad79d5bd4f5caa1be5578d66cfcfda987b83eS6CL7O3lpSf1DfSFLp34AOQ=', '57c2a1fb0fe061194f5ce7c063a0569f6ae2657547d484e2a415972de5578ece4fde99e8fbe0045b8bec791a430a10df12a9af29ce1234fad172a842ff7e446aP$8aIW1USLOit8Q8MNGSi7M=', '4170b6e7ccf7a39b4e579b903c405b9a6f104a745236d59c95142e82804943fc65c06caeedfad9814c97caa5a5ff960b28b7bdda62ea8dcb3a943c26552d983eAQ9ykVg8ssPXNfyMlarEoqM=')
10 SYSTEMPATH\CodeIgniter.php(502): CodeIgniter\CodeIgniter->runController(Object(App\Controllers\WorkpaperController))
11 SYSTEMPATH\CodeIgniter.php(361): CodeIgniter\CodeIgniter->handleRequest(null, Object(Config\Cache), false)
12 FCPATH\index.php(84): CodeIgniter\CodeIgniter->run()
WARNING - 2024-05-20 10:38:56 --> [DEPRECATED] Required parameter $currentfont follows optional parameter $setbom in APPPATH\Libraries\tcpdf\include\tcpdf_fonts.php on line 2040.
 1 APPPATH\Libraries\tcpdf\tcpdf.php(115): require_once()
 2 SYSTEMPATH\Autoloader\Autoloader.php(309): include_once('D:\\Applications\\xampp\\htdocs\\jblas\\app\\Libraries\\tcpdf\\tcpdf.php')
 3 SYSTEMPATH\Autoloader\Autoloader.php(253): CodeIgniter\Autoloader\Autoloader->includeFile('D:\\Applications\\xampp\\htdocs\\jblas\\app\\Libraries/tcpdf/tcpdf.php')
 4 APPPATH\Views\workpaper\pdfc1\AC5.php(4): CodeIgniter\Autoloader\Autoloader->loadClassmap('TCPDF')
 5 SYSTEMPATH\View\View.php(228): include('D:\\Applications\\xampp\\htdocs\\jblas\\app\\Views\\workpaper\\pdfc1\\AC5.php')
 6 SYSTEMPATH\View\View.php(231): CodeIgniter\View\View->CodeIgniter\View\{closure}()
 7 SYSTEMPATH\Common.php(1178): CodeIgniter\View\View->render('workpaper/pdfc1/AC5', [], true)
 8 APPPATH\Controllers\WorkpaperController.php(2157): view('workpaper/pdfc1/AC5', [...])
 9 SYSTEMPATH\CodeIgniter.php(941): App\Controllers\WorkpaperController->viewpdfc1('AC5', '6edac1ca17868f1d591324bcf13fbab58d3569722223eaeeb47955ef53322c2b9da044f43bb373bb537ea9d4f4bad79d5bd4f5caa1be5578d66cfcfda987b83eS6CL7O3lpSf1DfSFLp34AOQ=', '57c2a1fb0fe061194f5ce7c063a0569f6ae2657547d484e2a415972de5578ece4fde99e8fbe0045b8bec791a430a10df12a9af29ce1234fad172a842ff7e446aP$8aIW1USLOit8Q8MNGSi7M=', '4170b6e7ccf7a39b4e579b903c405b9a6f104a745236d59c95142e82804943fc65c06caeedfad9814c97caa5a5ff960b28b7bdda62ea8dcb3a943c26552d983eAQ9ykVg8ssPXNfyMlarEoqM=')
10 SYSTEMPATH\CodeIgniter.php(502): CodeIgniter\CodeIgniter->runController(Object(App\Controllers\WorkpaperController))
11 SYSTEMPATH\CodeIgniter.php(361): CodeIgniter\CodeIgniter->handleRequest(null, Object(Config\Cache), false)
12 FCPATH\index.php(84): CodeIgniter\CodeIgniter->run()
WARNING - 2024-05-20 10:38:56 --> [DEPRECATED] Required parameter $currentfont follows optional parameter $setbom in APPPATH\Libraries\tcpdf\include\tcpdf_fonts.php on line 2060.
 1 APPPATH\Libraries\tcpdf\tcpdf.php(115): require_once()
 2 SYSTEMPATH\Autoloader\Autoloader.php(309): include_once('D:\\Applications\\xampp\\htdocs\\jblas\\app\\Libraries\\tcpdf\\tcpdf.php')
 3 SYSTEMPATH\Autoloader\Autoloader.php(253): CodeIgniter\Autoloader\Autoloader->includeFile('D:\\Applications\\xampp\\htdocs\\jblas\\app\\Libraries/tcpdf/tcpdf.php')
 4 APPPATH\Views\workpaper\pdfc1\AC5.php(4): CodeIgniter\Autoloader\Autoloader->loadClassmap('TCPDF')
 5 SYSTEMPATH\View\View.php(228): include('D:\\Applications\\xampp\\htdocs\\jblas\\app\\Views\\workpaper\\pdfc1\\AC5.php')
 6 SYSTEMPATH\View\View.php(231): CodeIgniter\View\View->CodeIgniter\View\{closure}()
 7 SYSTEMPATH\Common.php(1178): CodeIgniter\View\View->render('workpaper/pdfc1/AC5', [], true)
 8 APPPATH\Controllers\WorkpaperController.php(2157): view('workpaper/pdfc1/AC5', [...])
 9 SYSTEMPATH\CodeIgniter.php(941): App\Controllers\WorkpaperController->viewpdfc1('AC5', '6edac1ca17868f1d591324bcf13fbab58d3569722223eaeeb47955ef53322c2b9da044f43bb373bb537ea9d4f4bad79d5bd4f5caa1be5578d66cfcfda987b83eS6CL7O3lpSf1DfSFLp34AOQ=', '57c2a1fb0fe061194f5ce7c063a0569f6ae2657547d484e2a415972de5578ece4fde99e8fbe0045b8bec791a430a10df12a9af29ce1234fad172a842ff7e446aP$8aIW1USLOit8Q8MNGSi7M=', '4170b6e7ccf7a39b4e579b903c405b9a6f104a745236d59c95142e82804943fc65c06caeedfad9814c97caa5a5ff960b28b7bdda62ea8dcb3a943c26552d983eAQ9ykVg8ssPXNfyMlarEoqM=')
10 SYSTEMPATH\CodeIgniter.php(502): CodeIgniter\CodeIgniter->runController(Object(App\Controllers\WorkpaperController))
11 SYSTEMPATH\CodeIgniter.php(361): CodeIgniter\CodeIgniter->handleRequest(null, Object(Config\Cache), false)
12 FCPATH\index.php(84): CodeIgniter\CodeIgniter->run()
WARNING - 2024-05-20 10:38:56 --> [DEPRECATED] Required parameter $currentfont follows optional parameter $str in APPPATH\Libraries\tcpdf\include\tcpdf_fonts.php on line 2077.
 1 APPPATH\Libraries\tcpdf\tcpdf.php(115): require_once()
 2 SYSTEMPATH\Autoloader\Autoloader.php(309): include_once('D:\\Applications\\xampp\\htdocs\\jblas\\app\\Libraries\\tcpdf\\tcpdf.php')
 3 SYSTEMPATH\Autoloader\Autoloader.php(253): CodeIgniter\Autoloader\Autoloader->includeFile('D:\\Applications\\xampp\\htdocs\\jblas\\app\\Libraries/tcpdf/tcpdf.php')
 4 APPPATH\Views\workpaper\pdfc1\AC5.php(4): CodeIgniter\Autoloader\Autoloader->loadClassmap('TCPDF')
 5 SYSTEMPATH\View\View.php(228): include('D:\\Applications\\xampp\\htdocs\\jblas\\app\\Views\\workpaper\\pdfc1\\AC5.php')
 6 SYSTEMPATH\View\View.php(231): CodeIgniter\View\View->CodeIgniter\View\{closure}()
 7 SYSTEMPATH\Common.php(1178): CodeIgniter\View\View->render('workpaper/pdfc1/AC5', [], true)
 8 APPPATH\Controllers\WorkpaperController.php(2157): view('workpaper/pdfc1/AC5', [...])
 9 SYSTEMPATH\CodeIgniter.php(941): App\Controllers\WorkpaperController->viewpdfc1('AC5', '6edac1ca17868f1d591324bcf13fbab58d3569722223eaeeb47955ef53322c2b9da044f43bb373bb537ea9d4f4bad79d5bd4f5caa1be5578d66cfcfda987b83eS6CL7O3lpSf1DfSFLp34AOQ=', '57c2a1fb0fe061194f5ce7c063a0569f6ae2657547d484e2a415972de5578ece4fde99e8fbe0045b8bec791a430a10df12a9af29ce1234fad172a842ff7e446aP$8aIW1USLOit8Q8MNGSi7M=', '4170b6e7ccf7a39b4e579b903c405b9a6f104a745236d59c95142e82804943fc65c06caeedfad9814c97caa5a5ff960b28b7bdda62ea8dcb3a943c26552d983eAQ9ykVg8ssPXNfyMlarEoqM=')
10 SYSTEMPATH\CodeIgniter.php(502): CodeIgniter\CodeIgniter->runController(Object(App\Controllers\WorkpaperController))
11 SYSTEMPATH\CodeIgniter.php(361): CodeIgniter\CodeIgniter->handleRequest(null, Object(Config\Cache), false)
12 FCPATH\index.php(84): CodeIgniter\CodeIgniter->run()
WARNING - 2024-05-20 10:38:56 --> [DEPRECATED] Required parameter $currentfont follows optional parameter $str in APPPATH\Libraries\tcpdf\include\tcpdf_fonts.php on line 2093.
 1 APPPATH\Libraries\tcpdf\tcpdf.php(115): require_once()
 2 SYSTEMPATH\Autoloader\Autoloader.php(309): include_once('D:\\Applications\\xampp\\htdocs\\jblas\\app\\Libraries\\tcpdf\\tcpdf.php')
 3 SYSTEMPATH\Autoloader\Autoloader.php(253): CodeIgniter\Autoloader\Autoloader->includeFile('D:\\Applications\\xampp\\htdocs\\jblas\\app\\Libraries/tcpdf/tcpdf.php')
 4 APPPATH\Views\workpaper\pdfc1\AC5.php(4): CodeIgniter\Autoloader\Autoloader->loadClassmap('TCPDF')
 5 SYSTEMPATH\View\View.php(228): include('D:\\Applications\\xampp\\htdocs\\jblas\\app\\Views\\workpaper\\pdfc1\\AC5.php')
 6 SYSTEMPATH\View\View.php(231): CodeIgniter\View\View->CodeIgniter\View\{closure}()
 7 SYSTEMPATH\Common.php(1178): CodeIgniter\View\View->render('workpaper/pdfc1/AC5', [], true)
 8 APPPATH\Controllers\WorkpaperController.php(2157): view('workpaper/pdfc1/AC5', [...])
 9 SYSTEMPATH\CodeIgniter.php(941): App\Controllers\WorkpaperController->viewpdfc1('AC5', '6edac1ca17868f1d591324bcf13fbab58d3569722223eaeeb47955ef53322c2b9da044f43bb373bb537ea9d4f4bad79d5bd4f5caa1be5578d66cfcfda987b83eS6CL7O3lpSf1DfSFLp34AOQ=', '57c2a1fb0fe061194f5ce7c063a0569f6ae2657547d484e2a415972de5578ece4fde99e8fbe0045b8bec791a430a10df12a9af29ce1234fad172a842ff7e446aP$8aIW1USLOit8Q8MNGSi7M=', '4170b6e7ccf7a39b4e579b903c405b9a6f104a745236d59c95142e82804943fc65c06caeedfad9814c97caa5a5ff960b28b7bdda62ea8dcb3a943c26552d983eAQ9ykVg8ssPXNfyMlarEoqM=')
10 SYSTEMPATH\CodeIgniter.php(502): CodeIgniter\CodeIgniter->runController(Object(App\Controllers\WorkpaperController))
11 SYSTEMPATH\CodeIgniter.php(361): CodeIgniter\CodeIgniter->handleRequest(null, Object(Config\Cache), false)
12 FCPATH\index.php(84): CodeIgniter\CodeIgniter->run()
WARNING - 2024-05-20 10:38:56 --> [DEPRECATED] Required parameter $tagvspaces follows optional parameter $default_css in APPPATH\Libraries\tcpdf\include\tcpdf_static.php on line 1139.
 1 APPPATH\Libraries\tcpdf\tcpdf.php(121): require_once()
 2 SYSTEMPATH\Autoloader\Autoloader.php(309): include_once('D:\\Applications\\xampp\\htdocs\\jblas\\app\\Libraries\\tcpdf\\tcpdf.php')
 3 SYSTEMPATH\Autoloader\Autoloader.php(253): CodeIgniter\Autoloader\Autoloader->includeFile('D:\\Applications\\xampp\\htdocs\\jblas\\app\\Libraries/tcpdf/tcpdf.php')
 4 APPPATH\Views\workpaper\pdfc1\AC5.php(4): CodeIgniter\Autoloader\Autoloader->loadClassmap('TCPDF')
 5 SYSTEMPATH\View\View.php(228): include('D:\\Applications\\xampp\\htdocs\\jblas\\app\\Views\\workpaper\\pdfc1\\AC5.php')
 6 SYSTEMPATH\View\View.php(231): CodeIgniter\View\View->CodeIgniter\View\{closure}()
 7 SYSTEMPATH\Common.php(1178): CodeIgniter\View\View->render('workpaper/pdfc1/AC5', [], true)
 8 APPPATH\Controllers\WorkpaperController.php(2157): view('workpaper/pdfc1/AC5', [...])
 9 SYSTEMPATH\CodeIgniter.php(941): App\Controllers\WorkpaperController->viewpdfc1('AC5', '6edac1ca17868f1d591324bcf13fbab58d3569722223eaeeb47955ef53322c2b9da044f43bb373bb537ea9d4f4bad79d5bd4f5caa1be5578d66cfcfda987b83eS6CL7O3lpSf1DfSFLp34AOQ=', '57c2a1fb0fe061194f5ce7c063a0569f6ae2657547d484e2a415972de5578ece4fde99e8fbe0045b8bec791a430a10df12a9af29ce1234fad172a842ff7e446aP$8aIW1USLOit8Q8MNGSi7M=', '4170b6e7ccf7a39b4e579b903c405b9a6f104a745236d59c95142e82804943fc65c06caeedfad9814c97caa5a5ff960b28b7bdda62ea8dcb3a943c26552d983eAQ9ykVg8ssPXNfyMlarEoqM=')
10 SYSTEMPATH\CodeIgniter.php(502): CodeIgniter\CodeIgniter->runController(Object(App\Controllers\WorkpaperController))
11 SYSTEMPATH\CodeIgniter.php(361): CodeIgniter\CodeIgniter->handleRequest(null, Object(Config\Cache), false)
12 FCPATH\index.php(84): CodeIgniter\CodeIgniter->run()
WARNING - 2024-05-20 10:38:56 --> [DEPRECATED] Required parameter $k follows optional parameter $points in APPPATH\Libraries\tcpdf\include\tcpdf_static.php on line 2488.
 1 APPPATH\Libraries\tcpdf\tcpdf.php(121): require_once()
 2 SYSTEMPATH\Autoloader\Autoloader.php(309): include_once('D:\\Applications\\xampp\\htdocs\\jblas\\app\\Libraries\\tcpdf\\tcpdf.php')
 3 SYSTEMPATH\Autoloader\Autoloader.php(253): CodeIgniter\Autoloader\Autoloader->includeFile('D:\\Applications\\xampp\\htdocs\\jblas\\app\\Libraries/tcpdf/tcpdf.php')
 4 APPPATH\Views\workpaper\pdfc1\AC5.php(4): CodeIgniter\Autoloader\Autoloader->loadClassmap('TCPDF')
 5 SYSTEMPATH\View\View.php(228): include('D:\\Applications\\xampp\\htdocs\\jblas\\app\\Views\\workpaper\\pdfc1\\AC5.php')
 6 SYSTEMPATH\View\View.php(231): CodeIgniter\View\View->CodeIgniter\View\{closure}()
 7 SYSTEMPATH\Common.php(1178): CodeIgniter\View\View->render('workpaper/pdfc1/AC5', [], true)
 8 APPPATH\Controllers\WorkpaperController.php(2157): view('workpaper/pdfc1/AC5', [...])
 9 SYSTEMPATH\CodeIgniter.php(941): App\Controllers\WorkpaperController->viewpdfc1('AC5', '6edac1ca17868f1d591324bcf13fbab58d3569722223eaeeb47955ef53322c2b9da044f43bb373bb537ea9d4f4bad79d5bd4f5caa1be5578d66cfcfda987b83eS6CL7O3lpSf1DfSFLp34AOQ=', '57c2a1fb0fe061194f5ce7c063a0569f6ae2657547d484e2a415972de5578ece4fde99e8fbe0045b8bec791a430a10df12a9af29ce1234fad172a842ff7e446aP$8aIW1USLOit8Q8MNGSi7M=', '4170b6e7ccf7a39b4e579b903c405b9a6f104a745236d59c95142e82804943fc65c06caeedfad9814c97caa5a5ff960b28b7bdda62ea8dcb3a943c26552d983eAQ9ykVg8ssPXNfyMlarEoqM=')
10 SYSTEMPATH\CodeIgniter.php(502): CodeIgniter\CodeIgniter->runController(Object(App\Controllers\WorkpaperController))
11 SYSTEMPATH\CodeIgniter.php(361): CodeIgniter\CodeIgniter->handleRequest(null, Object(Config\Cache), false)
12 FCPATH\index.php(84): CodeIgniter\CodeIgniter->run()
INFO - 2024-05-20 10:39:00 --> Session: Class initialized using 'CodeIgniter\Session\Handlers\FileHandler' driver.
WARNING - 2024-05-20 10:39:00 --> [DEPRECATED] Required parameter $currentfont follows optional parameter $isunicode in APPPATH\Libraries\tcpdf\include\tcpdf_fonts.php on line 1998.
 1 APPPATH\Libraries\tcpdf\tcpdf.php(115): require_once()
 2 SYSTEMPATH\Autoloader\Autoloader.php(309): include_once('D:\\Applications\\xampp\\htdocs\\jblas\\app\\Libraries\\tcpdf\\tcpdf.php')
 3 SYSTEMPATH\Autoloader\Autoloader.php(253): CodeIgniter\Autoloader\Autoloader->includeFile('D:\\Applications\\xampp\\htdocs\\jblas\\app\\Libraries/tcpdf/tcpdf.php')
 4 APPPATH\Views\workpaper\pdfc1\AC10Summ.php(4): CodeIgniter\Autoloader\Autoloader->loadClassmap('TCPDF')
 5 SYSTEMPATH\View\View.php(228): include('D:\\Applications\\xampp\\htdocs\\jblas\\app\\Views\\workpaper\\pdfc1\\AC10Summ.php')
 6 SYSTEMPATH\View\View.php(231): CodeIgniter\View\View->CodeIgniter\View\{closure}()
 7 SYSTEMPATH\Common.php(1178): CodeIgniter\View\View->render('workpaper/pdfc1/AC10Summ', [], true)
 8 APPPATH\Controllers\WorkpaperController.php(2251): view('workpaper/pdfc1/AC10Summ', [...])
 9 SYSTEMPATH\CodeIgniter.php(941): App\Controllers\WorkpaperController->viewpdfc1('AC10-Summary', '1634e50a1bf7e17645df5c64bd563d57a87bf9eff83fef8590143827b598d3311843613fa26705c6e65e7b1da1d7ddeead4b6cf43dc53f2fcf2e12bf8c1383f7n7oSUHdDklihIWNo64yMX8Tz', '57c2a1fb0fe061194f5ce7c063a0569f6ae2657547d484e2a415972de5578ece4fde99e8fbe0045b8bec791a430a10df12a9af29ce1234fad172a842ff7e446aP$8aIW1USLOit8Q8MNGSi7M=', '4170b6e7ccf7a39b4e579b903c405b9a6f104a745236d59c95142e82804943fc65c06caeedfad9814c97caa5a5ff960b28b7bdda62ea8dcb3a943c26552d983eAQ9ykVg8ssPXNfyMlarEoqM=')
10 SYSTEMPATH\CodeIgniter.php(502): CodeIgniter\CodeIgniter->runController(Object(App\Controllers\WorkpaperController))
11 SYSTEMPATH\CodeIgniter.php(361): CodeIgniter\CodeIgniter->handleRequest(null, Object(Config\Cache), false)
12 FCPATH\index.php(84): CodeIgniter\CodeIgniter->run()
WARNING - 2024-05-20 10:39:00 --> [DEPRECATED] Required parameter $currentfont follows optional parameter $isunicode in APPPATH\Libraries\tcpdf\include\tcpdf_fonts.php on line 2024.
 1 APPPATH\Libraries\tcpdf\tcpdf.php(115): require_once()
 2 SYSTEMPATH\Autoloader\Autoloader.php(309): include_once('D:\\Applications\\xampp\\htdocs\\jblas\\app\\Libraries\\tcpdf\\tcpdf.php')
 3 SYSTEMPATH\Autoloader\Autoloader.php(253): CodeIgniter\Autoloader\Autoloader->includeFile('D:\\Applications\\xampp\\htdocs\\jblas\\app\\Libraries/tcpdf/tcpdf.php')
 4 APPPATH\Views\workpaper\pdfc1\AC10Summ.php(4): CodeIgniter\Autoloader\Autoloader->loadClassmap('TCPDF')
 5 SYSTEMPATH\View\View.php(228): include('D:\\Applications\\xampp\\htdocs\\jblas\\app\\Views\\workpaper\\pdfc1\\AC10Summ.php')
 6 SYSTEMPATH\View\View.php(231): CodeIgniter\View\View->CodeIgniter\View\{closure}()
 7 SYSTEMPATH\Common.php(1178): CodeIgniter\View\View->render('workpaper/pdfc1/AC10Summ', [], true)
 8 APPPATH\Controllers\WorkpaperController.php(2251): view('workpaper/pdfc1/AC10Summ', [...])
 9 SYSTEMPATH\CodeIgniter.php(941): App\Controllers\WorkpaperController->viewpdfc1('AC10-Summary', '1634e50a1bf7e17645df5c64bd563d57a87bf9eff83fef8590143827b598d3311843613fa26705c6e65e7b1da1d7ddeead4b6cf43dc53f2fcf2e12bf8c1383f7n7oSUHdDklihIWNo64yMX8Tz', '57c2a1fb0fe061194f5ce7c063a0569f6ae2657547d484e2a415972de5578ece4fde99e8fbe0045b8bec791a430a10df12a9af29ce1234fad172a842ff7e446aP$8aIW1USLOit8Q8MNGSi7M=', '4170b6e7ccf7a39b4e579b903c405b9a6f104a745236d59c95142e82804943fc65c06caeedfad9814c97caa5a5ff960b28b7bdda62ea8dcb3a943c26552d983eAQ9ykVg8ssPXNfyMlarEoqM=')
10 SYSTEMPATH\CodeIgniter.php(502): CodeIgniter\CodeIgniter->runController(Object(App\Controllers\WorkpaperController))
11 SYSTEMPATH\CodeIgniter.php(361): CodeIgniter\CodeIgniter->handleRequest(null, Object(Config\Cache), false)
12 FCPATH\index.php(84): CodeIgniter\CodeIgniter->run()
WARNING - 2024-05-20 10:39:00 --> [DEPRECATED] Required parameter $currentfont follows optional parameter $setbom in APPPATH\Libraries\tcpdf\include\tcpdf_fonts.php on line 2040.
 1 APPPATH\Libraries\tcpdf\tcpdf.php(115): require_once()
 2 SYSTEMPATH\Autoloader\Autoloader.php(309): include_once('D:\\Applications\\xampp\\htdocs\\jblas\\app\\Libraries\\tcpdf\\tcpdf.php')
 3 SYSTEMPATH\Autoloader\Autoloader.php(253): CodeIgniter\Autoloader\Autoloader->includeFile('D:\\Applications\\xampp\\htdocs\\jblas\\app\\Libraries/tcpdf/tcpdf.php')
 4 APPPATH\Views\workpaper\pdfc1\AC10Summ.php(4): CodeIgniter\Autoloader\Autoloader->loadClassmap('TCPDF')
 5 SYSTEMPATH\View\View.php(228): include('D:\\Applications\\xampp\\htdocs\\jblas\\app\\Views\\workpaper\\pdfc1\\AC10Summ.php')
 6 SYSTEMPATH\View\View.php(231): CodeIgniter\View\View->CodeIgniter\View\{closure}()
 7 SYSTEMPATH\Common.php(1178): CodeIgniter\View\View->render('workpaper/pdfc1/AC10Summ', [], true)
 8 APPPATH\Controllers\WorkpaperController.php(2251): view('workpaper/pdfc1/AC10Summ', [...])
 9 SYSTEMPATH\CodeIgniter.php(941): App\Controllers\WorkpaperController->viewpdfc1('AC10-Summary', '1634e50a1bf7e17645df5c64bd563d57a87bf9eff83fef8590143827b598d3311843613fa26705c6e65e7b1da1d7ddeead4b6cf43dc53f2fcf2e12bf8c1383f7n7oSUHdDklihIWNo64yMX8Tz', '57c2a1fb0fe061194f5ce7c063a0569f6ae2657547d484e2a415972de5578ece4fde99e8fbe0045b8bec791a430a10df12a9af29ce1234fad172a842ff7e446aP$8aIW1USLOit8Q8MNGSi7M=', '4170b6e7ccf7a39b4e579b903c405b9a6f104a745236d59c95142e82804943fc65c06caeedfad9814c97caa5a5ff960b28b7bdda62ea8dcb3a943c26552d983eAQ9ykVg8ssPXNfyMlarEoqM=')
10 SYSTEMPATH\CodeIgniter.php(502): CodeIgniter\CodeIgniter->runController(Object(App\Controllers\WorkpaperController))
11 SYSTEMPATH\CodeIgniter.php(361): CodeIgniter\CodeIgniter->handleRequest(null, Object(Config\Cache), false)
12 FCPATH\index.php(84): CodeIgniter\CodeIgniter->run()
WARNING - 2024-05-20 10:39:00 --> [DEPRECATED] Required parameter $currentfont follows optional parameter $setbom in APPPATH\Libraries\tcpdf\include\tcpdf_fonts.php on line 2060.
 1 APPPATH\Libraries\tcpdf\tcpdf.php(115): require_once()
 2 SYSTEMPATH\Autoloader\Autoloader.php(309): include_once('D:\\Applications\\xampp\\htdocs\\jblas\\app\\Libraries\\tcpdf\\tcpdf.php')
 3 SYSTEMPATH\Autoloader\Autoloader.php(253): CodeIgniter\Autoloader\Autoloader->includeFile('D:\\Applications\\xampp\\htdocs\\jblas\\app\\Libraries/tcpdf/tcpdf.php')
 4 APPPATH\Views\workpaper\pdfc1\AC10Summ.php(4): CodeIgniter\Autoloader\Autoloader->loadClassmap('TCPDF')
 5 SYSTEMPATH\View\View.php(228): include('D:\\Applications\\xampp\\htdocs\\jblas\\app\\Views\\workpaper\\pdfc1\\AC10Summ.php')
 6 SYSTEMPATH\View\View.php(231): CodeIgniter\View\View->CodeIgniter\View\{closure}()
 7 SYSTEMPATH\Common.php(1178): CodeIgniter\View\View->render('workpaper/pdfc1/AC10Summ', [], true)
 8 APPPATH\Controllers\WorkpaperController.php(2251): view('workpaper/pdfc1/AC10Summ', [...])
 9 SYSTEMPATH\CodeIgniter.php(941): App\Controllers\WorkpaperController->viewpdfc1('AC10-Summary', '1634e50a1bf7e17645df5c64bd563d57a87bf9eff83fef8590143827b598d3311843613fa26705c6e65e7b1da1d7ddeead4b6cf43dc53f2fcf2e12bf8c1383f7n7oSUHdDklihIWNo64yMX8Tz', '57c2a1fb0fe061194f5ce7c063a0569f6ae2657547d484e2a415972de5578ece4fde99e8fbe0045b8bec791a430a10df12a9af29ce1234fad172a842ff7e446aP$8aIW1USLOit8Q8MNGSi7M=', '4170b6e7ccf7a39b4e579b903c405b9a6f104a745236d59c95142e82804943fc65c06caeedfad9814c97caa5a5ff960b28b7bdda62ea8dcb3a943c26552d983eAQ9ykVg8ssPXNfyMlarEoqM=')
10 SYSTEMPATH\CodeIgniter.php(502): CodeIgniter\CodeIgniter->runController(Object(App\Controllers\WorkpaperController))
11 SYSTEMPATH\CodeIgniter.php(361): CodeIgniter\CodeIgniter->handleRequest(null, Object(Config\Cache), false)
12 FCPATH\index.php(84): CodeIgniter\CodeIgniter->run()
WARNING - 2024-05-20 10:39:00 --> [DEPRECATED] Required parameter $currentfont follows optional parameter $str in APPPATH\Libraries\tcpdf\include\tcpdf_fonts.php on line 2077.
 1 APPPATH\Libraries\tcpdf\tcpdf.php(115): require_once()
 2 SYSTEMPATH\Autoloader\Autoloader.php(309): include_once('D:\\Applications\\xampp\\htdocs\\jblas\\app\\Libraries\\tcpdf\\tcpdf.php')
 3 SYSTEMPATH\Autoloader\Autoloader.php(253): CodeIgniter\Autoloader\Autoloader->includeFile('D:\\Applications\\xampp\\htdocs\\jblas\\app\\Libraries/tcpdf/tcpdf.php')
 4 APPPATH\Views\workpaper\pdfc1\AC10Summ.php(4): CodeIgniter\Autoloader\Autoloader->loadClassmap('TCPDF')
 5 SYSTEMPATH\View\View.php(228): include('D:\\Applications\\xampp\\htdocs\\jblas\\app\\Views\\workpaper\\pdfc1\\AC10Summ.php')
 6 SYSTEMPATH\View\View.php(231): CodeIgniter\View\View->CodeIgniter\View\{closure}()
 7 SYSTEMPATH\Common.php(1178): CodeIgniter\View\View->render('workpaper/pdfc1/AC10Summ', [], true)
 8 APPPATH\Controllers\WorkpaperController.php(2251): view('workpaper/pdfc1/AC10Summ', [...])
 9 SYSTEMPATH\CodeIgniter.php(941): App\Controllers\WorkpaperController->viewpdfc1('AC10-Summary', '1634e50a1bf7e17645df5c64bd563d57a87bf9eff83fef8590143827b598d3311843613fa26705c6e65e7b1da1d7ddeead4b6cf43dc53f2fcf2e12bf8c1383f7n7oSUHdDklihIWNo64yMX8Tz', '57c2a1fb0fe061194f5ce7c063a0569f6ae2657547d484e2a415972de5578ece4fde99e8fbe0045b8bec791a430a10df12a9af29ce1234fad172a842ff7e446aP$8aIW1USLOit8Q8MNGSi7M=', '4170b6e7ccf7a39b4e579b903c405b9a6f104a745236d59c95142e82804943fc65c06caeedfad9814c97caa5a5ff960b28b7bdda62ea8dcb3a943c26552d983eAQ9ykVg8ssPXNfyMlarEoqM=')
10 SYSTEMPATH\CodeIgniter.php(502): CodeIgniter\CodeIgniter->runController(Object(App\Controllers\WorkpaperController))
11 SYSTEMPATH\CodeIgniter.php(361): CodeIgniter\CodeIgniter->handleRequest(null, Object(Config\Cache), false)
12 FCPATH\index.php(84): CodeIgniter\CodeIgniter->run()
WARNING - 2024-05-20 10:39:00 --> [DEPRECATED] Required parameter $currentfont follows optional parameter $str in APPPATH\Libraries\tcpdf\include\tcpdf_fonts.php on line 2093.
 1 APPPATH\Libraries\tcpdf\tcpdf.php(115): require_once()
 2 SYSTEMPATH\Autoloader\Autoloader.php(309): include_once('D:\\Applications\\xampp\\htdocs\\jblas\\app\\Libraries\\tcpdf\\tcpdf.php')
 3 SYSTEMPATH\Autoloader\Autoloader.php(253): CodeIgniter\Autoloader\Autoloader->includeFile('D:\\Applications\\xampp\\htdocs\\jblas\\app\\Libraries/tcpdf/tcpdf.php')
 4 APPPATH\Views\workpaper\pdfc1\AC10Summ.php(4): CodeIgniter\Autoloader\Autoloader->loadClassmap('TCPDF')
 5 SYSTEMPATH\View\View.php(228): include('D:\\Applications\\xampp\\htdocs\\jblas\\app\\Views\\workpaper\\pdfc1\\AC10Summ.php')
 6 SYSTEMPATH\View\View.php(231): CodeIgniter\View\View->CodeIgniter\View\{closure}()
 7 SYSTEMPATH\Common.php(1178): CodeIgniter\View\View->render('workpaper/pdfc1/AC10Summ', [], true)
 8 APPPATH\Controllers\WorkpaperController.php(2251): view('workpaper/pdfc1/AC10Summ', [...])
 9 SYSTEMPATH\CodeIgniter.php(941): App\Controllers\WorkpaperController->viewpdfc1('AC10-Summary', '1634e50a1bf7e17645df5c64bd563d57a87bf9eff83fef8590143827b598d3311843613fa26705c6e65e7b1da1d7ddeead4b6cf43dc53f2fcf2e12bf8c1383f7n7oSUHdDklihIWNo64yMX8Tz', '57c2a1fb0fe061194f5ce7c063a0569f6ae2657547d484e2a415972de5578ece4fde99e8fbe0045b8bec791a430a10df12a9af29ce1234fad172a842ff7e446aP$8aIW1USLOit8Q8MNGSi7M=', '4170b6e7ccf7a39b4e579b903c405b9a6f104a745236d59c95142e82804943fc65c06caeedfad9814c97caa5a5ff960b28b7bdda62ea8dcb3a943c26552d983eAQ9ykVg8ssPXNfyMlarEoqM=')
10 SYSTEMPATH\CodeIgniter.php(502): CodeIgniter\CodeIgniter->runController(Object(App\Controllers\WorkpaperController))
11 SYSTEMPATH\CodeIgniter.php(361): CodeIgniter\CodeIgniter->handleRequest(null, Object(Config\Cache), false)
12 FCPATH\index.php(84): CodeIgniter\CodeIgniter->run()
WARNING - 2024-05-20 10:39:00 --> [DEPRECATED] Required parameter $tagvspaces follows optional parameter $default_css in APPPATH\Libraries\tcpdf\include\tcpdf_static.php on line 1139.
 1 APPPATH\Libraries\tcpdf\tcpdf.php(121): require_once()
 2 SYSTEMPATH\Autoloader\Autoloader.php(309): include_once('D:\\Applications\\xampp\\htdocs\\jblas\\app\\Libraries\\tcpdf\\tcpdf.php')
 3 SYSTEMPATH\Autoloader\Autoloader.php(253): CodeIgniter\Autoloader\Autoloader->includeFile('D:\\Applications\\xampp\\htdocs\\jblas\\app\\Libraries/tcpdf/tcpdf.php')
 4 APPPATH\Views\workpaper\pdfc1\AC10Summ.php(4): CodeIgniter\Autoloader\Autoloader->loadClassmap('TCPDF')
 5 SYSTEMPATH\View\View.php(228): include('D:\\Applications\\xampp\\htdocs\\jblas\\app\\Views\\workpaper\\pdfc1\\AC10Summ.php')
 6 SYSTEMPATH\View\View.php(231): CodeIgniter\View\View->CodeIgniter\View\{closure}()
 7 SYSTEMPATH\Common.php(1178): CodeIgniter\View\View->render('workpaper/pdfc1/AC10Summ', [], true)
 8 APPPATH\Controllers\WorkpaperController.php(2251): view('workpaper/pdfc1/AC10Summ', [...])
 9 SYSTEMPATH\CodeIgniter.php(941): App\Controllers\WorkpaperController->viewpdfc1('AC10-Summary', '1634e50a1bf7e17645df5c64bd563d57a87bf9eff83fef8590143827b598d3311843613fa26705c6e65e7b1da1d7ddeead4b6cf43dc53f2fcf2e12bf8c1383f7n7oSUHdDklihIWNo64yMX8Tz', '57c2a1fb0fe061194f5ce7c063a0569f6ae2657547d484e2a415972de5578ece4fde99e8fbe0045b8bec791a430a10df12a9af29ce1234fad172a842ff7e446aP$8aIW1USLOit8Q8MNGSi7M=', '4170b6e7ccf7a39b4e579b903c405b9a6f104a745236d59c95142e82804943fc65c06caeedfad9814c97caa5a5ff960b28b7bdda62ea8dcb3a943c26552d983eAQ9ykVg8ssPXNfyMlarEoqM=')
10 SYSTEMPATH\CodeIgniter.php(502): CodeIgniter\CodeIgniter->runController(Object(App\Controllers\WorkpaperController))
11 SYSTEMPATH\CodeIgniter.php(361): CodeIgniter\CodeIgniter->handleRequest(null, Object(Config\Cache), false)
12 FCPATH\index.php(84): CodeIgniter\CodeIgniter->run()
WARNING - 2024-05-20 10:39:00 --> [DEPRECATED] Required parameter $k follows optional parameter $points in APPPATH\Libraries\tcpdf\include\tcpdf_static.php on line 2488.
 1 APPPATH\Libraries\tcpdf\tcpdf.php(121): require_once()
 2 SYSTEMPATH\Autoloader\Autoloader.php(309): include_once('D:\\Applications\\xampp\\htdocs\\jblas\\app\\Libraries\\tcpdf\\tcpdf.php')
 3 SYSTEMPATH\Autoloader\Autoloader.php(253): CodeIgniter\Autoloader\Autoloader->includeFile('D:\\Applications\\xampp\\htdocs\\jblas\\app\\Libraries/tcpdf/tcpdf.php')
 4 APPPATH\Views\workpaper\pdfc1\AC10Summ.php(4): CodeIgniter\Autoloader\Autoloader->loadClassmap('TCPDF')
 5 SYSTEMPATH\View\View.php(228): include('D:\\Applications\\xampp\\htdocs\\jblas\\app\\Views\\workpaper\\pdfc1\\AC10Summ.php')
 6 SYSTEMPATH\View\View.php(231): CodeIgniter\View\View->CodeIgniter\View\{closure}()
 7 SYSTEMPATH\Common.php(1178): CodeIgniter\View\View->render('workpaper/pdfc1/AC10Summ', [], true)
 8 APPPATH\Controllers\WorkpaperController.php(2251): view('workpaper/pdfc1/AC10Summ', [...])
 9 SYSTEMPATH\CodeIgniter.php(941): App\Controllers\WorkpaperController->viewpdfc1('AC10-Summary', '1634e50a1bf7e17645df5c64bd563d57a87bf9eff83fef8590143827b598d3311843613fa26705c6e65e7b1da1d7ddeead4b6cf43dc53f2fcf2e12bf8c1383f7n7oSUHdDklihIWNo64yMX8Tz', '57c2a1fb0fe061194f5ce7c063a0569f6ae2657547d484e2a415972de5578ece4fde99e8fbe0045b8bec791a430a10df12a9af29ce1234fad172a842ff7e446aP$8aIW1USLOit8Q8MNGSi7M=', '4170b6e7ccf7a39b4e579b903c405b9a6f104a745236d59c95142e82804943fc65c06caeedfad9814c97caa5a5ff960b28b7bdda62ea8dcb3a943c26552d983eAQ9ykVg8ssPXNfyMlarEoqM=')
10 SYSTEMPATH\CodeIgniter.php(502): CodeIgniter\CodeIgniter->runController(Object(App\Controllers\WorkpaperController))
11 SYSTEMPATH\CodeIgniter.php(361): CodeIgniter\CodeIgniter->handleRequest(null, Object(Config\Cache), false)
12 FCPATH\index.php(84): CodeIgniter\CodeIgniter->run()
INFO - 2024-05-20 14:05:54 --> Session: Class initialized using 'CodeIgniter\Session\Handlers\FileHandler' driver.
INFO - 2024-05-20 14:05:55 --> Session: Class initialized using 'CodeIgniter\Session\Handlers\FileHandler' driver.
INFO - 2024-05-20 14:05:58 --> Session: Class initialized using 'CodeIgniter\Session\Handlers\FileHandler' driver.
INFO - 2024-05-20 14:06:08 --> Session: Class initialized using 'CodeIgniter\Session\Handlers\FileHandler' driver.
INFO - 2024-05-20 14:06:09 --> Session: Class initialized using 'CodeIgniter\Session\Handlers\FileHandler' driver.
INFO - 2024-05-20 14:06:15 --> Session: Class initialized using 'CodeIgniter\Session\Handlers\FileHandler' driver.
INFO - 2024-05-20 14:06:15 --> Session: Class initialized using 'CodeIgniter\Session\Handlers\FileHandler' driver.
INFO - 2024-05-20 14:06:25 --> Session: Class initialized using 'CodeIgniter\Session\Handlers\FileHandler' driver.
INFO - 2024-05-20 14:06:25 --> Session: Class initialized using 'CodeIgniter\Session\Handlers\FileHandler' driver.
INFO - 2024-05-20 14:09:12 --> Session: Class initialized using 'CodeIgniter\Session\Handlers\FileHandler' driver.
INFO - 2024-05-20 14:10:50 --> Session: Class initialized using 'CodeIgniter\Session\Handlers\FileHandler' driver.
INFO - 2024-05-20 14:10:50 --> Session: Class initialized using 'CodeIgniter\Session\Handlers\FileHandler' driver.
INFO - 2024-05-20 14:10:57 --> Session: Class initialized using 'CodeIgniter\Session\Handlers\FileHandler' driver.
INFO - 2024-05-20 14:10:57 --> Session: Class initialized using 'CodeIgniter\Session\Handlers\FileHandler' driver.
INFO - 2024-05-20 14:11:03 --> Session: Class initialized using 'CodeIgniter\Session\Handlers\FileHandler' driver.
INFO - 2024-05-20 14:11:06 --> Session: Class initialized using 'CodeIgniter\Session\Handlers\FileHandler' driver.
INFO - 2024-05-20 14:11:08 --> Session: Class initialized using 'CodeIgniter\Session\Handlers\FileHandler' driver.
INFO - 2024-05-20 14:17:42 --> Session: Class initialized using 'CodeIgniter\Session\Handlers\FileHandler' driver.
INFO - 2024-05-20 14:17:42 --> Session: Class initialized using 'CodeIgniter\Session\Handlers\FileHandler' driver.
INFO - 2024-05-20 14:18:19 --> Session: Class initialized using 'CodeIgniter\Session\Handlers\FileHandler' driver.
INFO - 2024-05-20 14:18:19 --> Session: Class initialized using 'CodeIgniter\Session\Handlers\FileHandler' driver.
