[09:42 AM - July 29, 2024]: Cron Job success Ref: 23
[09:43 AM - July 29, 2024]: Cron Job success Ref: 24
[03:00 PM - July 29, 2024]: Cron Job success Ref: 25
[03:00 PM - July 30, 2024]: Cron Job success Ref: 26
[03:00 PM - July 31, 2024]: Cron Job success Ref: 27
[03:00 PM - August 01, 2024]: Cron Job success Ref: 28
[03:00 PM - August 02, 2024]: Cron Job success Ref: 29
[03:00 PM - August 03, 2024]: Cron Job success Ref: 30
[03:00 PM - August 04, 2024]: Cron Job success Ref: 31
[03:00 PM - August 05, 2024]: Cron Job success Ref: 32
[03:00 PM - August 06, 2024]: Cron Job success Ref: 33
[03:00 PM - August 07, 2024]: Cron Job success Ref: 34
[03:00 PM - August 08, 2024]: Cron Job success Ref: 35
[03:00 PM - August 09, 2024]: Cron Job success Ref: 36
[03:00 PM - August 10, 2024]: Cron Job success Ref: 37
[03:00 PM - August 11, 2024]: Cron Job success Ref: 38
[03:00 PM - August 12, 2024]: Cron Job success Ref: 39
[03:00 PM - August 12, 2024]: Cron Job success Ref: 40
[03:00 PM - August 13, 2024]: Cron Job success Ref: 41
[03:00 PM - August 13, 2024]: Cron Job success Ref: 42
[03:00 PM - August 14, 2024]: Cron Job success Ref: 43
[03:00 PM - August 14, 2024]: Cron Job success Ref: 44
[03:00 PM - August 15, 2024]: Cron Job success Ref: 45
[03:00 PM - August 15, 2024]: Cron Job success Ref: 46
[03:00 PM - August 16, 2024]: Cron Job success Ref: 47
[03:00 PM - August 16, 2024]: Cron Job success Ref: 48
[03:00 PM - August 17, 2024]: Cron Job success Ref: 49
[03:00 PM - August 17, 2024]: Cron Job success Ref: 50
[03:00 PM - August 18, 2024]: Cron Job success Ref: 51
[03:00 PM - August 18, 2024]: Cron Job success Ref: 52
[03:00 PM - August 19, 2024]: Cron Job success Ref: 53
[03:00 PM - August 19, 2024]: Cron Job success Ref: 54
[03:00 PM - August 20, 2024]: Cron Job success Ref: 55
[03:00 PM - August 20, 2024]: Cron Job success Ref: 56
[03:00 PM - August 23, 2024]: Cron Job success Ref: 61
[03:00 PM - August 23, 2024]: Cron Job success Ref: 62
[03:00 PM - August 24, 2024]: Cron Job success Ref: 63
[03:00 PM - August 24, 2024]: Cron Job success Ref: 64
[03:00 PM - August 25, 2024]: Cron Job success Ref: 65
[03:00 PM - August 25, 2024]: Cron Job success Ref: 66
[03:00 PM - August 26, 2024]: Cron Job success Ref: 67
[03:00 PM - August 26, 2024]: Cron Job success Ref: 68
[03:00 PM - August 27, 2024]: Cron Job success Ref: 69
[03:00 PM - August 27, 2024]: Cron Job success Ref: 70
[03:00 PM - August 28, 2024]: Cron Job success Ref: 71
[03:00 PM - August 28, 2024]: Cron Job success Ref: 72
[03:00 PM - August 29, 2024]: Cron Job success Ref: 73
[03:00 PM - August 29, 2024]: Cron Job success Ref: 74
[03:00 PM - August 30, 2024]: Cron Job success Ref: 75
[03:00 PM - August 30, 2024]: Cron Job success Ref: 76
[03:00 PM - August 31, 2024]: Cron Job success Ref: 77
[03:00 PM - August 31, 2024]: Cron Job success Ref: 78
[03:00 PM - September 01, 2024]: Cron Job success Ref: 79
[03:00 PM - September 01, 2024]: Cron Job success Ref: 80
[03:00 PM - September 02, 2024]: Cron Job success Ref: 81
[03:00 PM - September 02, 2024]: Cron Job success Ref: 82
[03:00 PM - September 03, 2024]: Cron Job success Ref: 83
[03:00 PM - September 03, 2024]: Cron Job success Ref: 84
[03:00 PM - September 04, 2024]: Cron Job success Ref: 1
[03:00 PM - September 04, 2024]: Cron Job success Ref: 2
[03:00 PM - September 05, 2024]: Cron Job success Ref: 3
[03:00 PM - September 05, 2024]: Cron Job success Ref: 4
[03:00 PM - September 06, 2024]: Cron Job success Ref: 5
[03:00 PM - September 06, 2024]: Cron Job success Ref: 6
[03:00 PM - September 07, 2024]: Cron Job success Ref: 7
[03:00 PM - September 07, 2024]: Cron Job success Ref: 8
[03:00 PM - September 08, 2024]: Cron Job success Ref: 9
[03:00 PM - September 08, 2024]: Cron Job success Ref: 10
[03:00 PM - September 09, 2024]: Cron Job success Ref: 11
[03:00 PM - September 09, 2024]: Cron Job success Ref: 12
[03:00 PM - September 10, 2024]: Cron Job success Ref: 13
[03:00 PM - September 10, 2024]: Cron Job success Ref: 14
[03:00 PM - September 11, 2024]: Cron Job success Ref: 15
[03:00 PM - September 11, 2024]: Cron Job success Ref: 16
[03:00 PM - September 12, 2024]: Cron Job success Ref: 17
[03:00 PM - September 12, 2024]: Cron Job success Ref: 18
[03:00 PM - September 13, 2024]: Cron Job success Ref: 19
[03:00 PM - September 13, 2024]: Cron Job success Ref: 20
[03:00 PM - September 14, 2024]: Cron Job success Ref: 21
[03:00 PM - September 14, 2024]: Cron Job success Ref: 22
[03:00 PM - September 15, 2024]: Cron Job success Ref: 23
[03:00 PM - September 15, 2024]: Cron Job success Ref: 24
[03:00 PM - September 16, 2024]: Cron Job success Ref: 25
[03:00 PM - September 16, 2024]: Cron Job success Ref: 26
[03:00 PM - September 17, 2024]: Cron Job success Ref: 27
[03:00 PM - September 17, 2024]: Cron Job success Ref: 28
[03:00 PM - September 18, 2024]: Cron Job success Ref: 29
[03:00 PM - September 18, 2024]: Cron Job success Ref: 30
[03:00 PM - September 19, 2024]: Cron Job success Ref: 31
[03:00 PM - September 19, 2024]: Cron Job success Ref: 32
[03:00 PM - September 20, 2024]: Cron Job success Ref: 33
[03:00 PM - September 20, 2024]: Cron Job success Ref: 34
[03:00 PM - September 21, 2024]: Cron Job success Ref: 35
[03:00 PM - September 21, 2024]: Cron Job success Ref: 36
[03:00 PM - September 22, 2024]: Cron Job success Ref: 37
[03:00 PM - September 22, 2024]: Cron Job success Ref: 38
[03:00 PM - September 23, 2024]: Cron Job success Ref: 39
[03:00 PM - September 23, 2024]: Cron Job success Ref: 40
[03:00 PM - September 24, 2024]: Cron Job success Ref: 41
[03:00 PM - September 24, 2024]: Cron Job success Ref: 42
[03:00 PM - September 25, 2024]: Cron Job success Ref: 43
[03:00 PM - September 25, 2024]: Cron Job success Ref: 44
[03:00 PM - September 26, 2024]: Cron Job success Ref: 45
[03:00 PM - September 26, 2024]: Cron Job success Ref: 46
[03:00 PM - September 27, 2024]: Cron Job success Ref: 47
[03:00 PM - September 27, 2024]: Cron Job success Ref: 48
[03:00 PM - September 28, 2024]: Cron Job success Ref: 49
[03:00 PM - September 28, 2024]: Cron Job success Ref: 50
[03:00 PM - September 29, 2024]: Cron Job success Ref: 51
[03:00 PM - September 29, 2024]: Cron Job success Ref: 52
[03:00 PM - September 30, 2024]: Cron Job success Ref: 53
[03:00 PM - September 30, 2024]: Cron Job success Ref: 54
[03:00 PM - October 01, 2024]: Cron Job success Ref: 55
[03:00 PM - October 01, 2024]: Cron Job success Ref: 56
[03:00 PM - October 02, 2024]: Cron Job success Ref: 57
[03:00 PM - October 02, 2024]: Cron Job success Ref: 58
[03:00 PM - October 03, 2024]: Cron Job success Ref: 59
[03:00 PM - October 03, 2024]: Cron Job success Ref: 60
[03:00 PM - October 04, 2024]: Cron Job success Ref: 61
[03:00 PM - October 04, 2024]: Cron Job success Ref: 62
[03:00 PM - October 05, 2024]: Cron Job success Ref: 63
[03:00 PM - October 05, 2024]: Cron Job success Ref: 64
[03:00 PM - October 06, 2024]: Cron Job success Ref: 65
[03:00 PM - October 06, 2024]: Cron Job success Ref: 66
[03:00 PM - October 07, 2024]: Cron Job success Ref: 67
[03:00 PM - October 07, 2024]: Cron Job success Ref: 68
[03:00 PM - October 08, 2024]: Cron Job success Ref: 69
[03:00 PM - October 08, 2024]: Cron Job success Ref: 70
[03:00 PM - October 09, 2024]: Cron Job success Ref: 71
[03:00 PM - October 09, 2024]: Cron Job success Ref: 72
[03:00 PM - October 10, 2024]: Cron Job success Ref: 73
[03:00 PM - October 10, 2024]: Cron Job success Ref: 74
[03:00 PM - October 11, 2024]: Cron Job success Ref: 75
[03:00 PM - October 11, 2024]: Cron Job success Ref: 76
[03:00 PM - October 12, 2024]: Cron Job success Ref: 77
[03:00 PM - October 12, 2024]: Cron Job success Ref: 78
[03:00 PM - October 13, 2024]: Cron Job success Ref: 79
[03:00 PM - October 13, 2024]: Cron Job success Ref: 80
[03:00 PM - October 14, 2024]: Cron Job success Ref: 81
[03:00 PM - October 14, 2024]: Cron Job success Ref: 82
[03:00 PM - October 15, 2024]: Cron Job success Ref: 83
[03:00 PM - October 15, 2024]: Cron Job success Ref: 84
[03:00 PM - October 16, 2024]: Cron Job success Ref: 85
[03:00 PM - October 16, 2024]: Cron Job success Ref: 86
[03:00 PM - October 17, 2024]: Cron Job success Ref: 87
[03:00 PM - October 17, 2024]: Cron Job success Ref: 88
[03:00 PM - October 24, 2024]: Cron Job success Ref: 101
[03:00 PM - October 24, 2024]: Cron Job success Ref: 102
[03:00 PM - October 25, 2024]: Cron Job success Ref: 103
[03:00 PM - October 25, 2024]: Cron Job success Ref: 104
[03:00 PM - October 26, 2024]: Cron Job success Ref: 105
[03:00 PM - October 26, 2024]: Cron Job success Ref: 106
[03:00 PM - October 27, 2024]: Cron Job success Ref: 107
[03:00 PM - October 27, 2024]: Cron Job success Ref: 108
[03:00 PM - October 28, 2024]: Cron Job success Ref: 109
[03:00 PM - October 28, 2024]: Cron Job success Ref: 110
[03:00 PM - October 29, 2024]: Cron Job success Ref: 111
[03:00 PM - October 29, 2024]: Cron Job success Ref: 112
[03:00 PM - October 30, 2024]: Cron Job success Ref: 113
[03:00 PM - October 30, 2024]: Cron Job success Ref: 114
[03:00 PM - October 31, 2024]: Cron Job success Ref: 115
[03:00 PM - October 31, 2024]: Cron Job success Ref: 116
[03:00 PM - October 31, 2024]: Cron Job success Ref: 117
[03:00 PM - November 01, 2024]: Cron Job success Ref: 118
[03:00 PM - November 01, 2024]: Cron Job success Ref: 119
[03:00 PM - November 01, 2024]: Cron Job success Ref: 120
[03:00 PM - November 02, 2024]: Cron Job success Ref: 121
[03:00 PM - November 02, 2024]: Cron Job success Ref: 122
[03:00 PM - November 02, 2024]: Cron Job success Ref: 123
[03:00 PM - November 03, 2024]: Cron Job success Ref: 124
[03:00 PM - November 03, 2024]: Cron Job success Ref: 125
[03:00 PM - November 03, 2024]: Cron Job success Ref: 126
[03:00 PM - November 04, 2024]: Cron Job success Ref: 127
[03:00 PM - November 04, 2024]: Cron Job success Ref: 128
[03:00 PM - November 04, 2024]: Cron Job success Ref: 129
[03:00 PM - November 05, 2024]: Cron Job success Ref: 130
[03:00 PM - November 05, 2024]: Cron Job success Ref: 131
[03:00 PM - November 05, 2024]: Cron Job success Ref: 132
[03:00 PM - November 06, 2024]: Cron Job success Ref: 133
[03:00 PM - November 06, 2024]: Cron Job success Ref: 134
[03:00 PM - November 06, 2024]: Cron Job success Ref: 135
[03:00 PM - November 07, 2024]: Cron Job success Ref: 136
[03:00 PM - November 07, 2024]: Cron Job success Ref: 137
[03:00 PM - November 07, 2024]: Cron Job success Ref: 138
[03:00 PM - November 08, 2024]: Cron Job success Ref: 139
[03:00 PM - November 08, 2024]: Cron Job success Ref: 140
[03:00 PM - November 08, 2024]: Cron Job success Ref: 141
[03:00 PM - November 09, 2024]: Cron Job success Ref: 142
[03:00 PM - November 09, 2024]: Cron Job success Ref: 143
[03:00 PM - November 09, 2024]: Cron Job success Ref: 144
[03:00 PM - November 10, 2024]: Cron Job success Ref: 145
[03:00 PM - November 10, 2024]: Cron Job success Ref: 146
[03:00 PM - November 10, 2024]: Cron Job success Ref: 147
[03:00 PM - November 11, 2024]: Cron Job success Ref: 148
[03:00 PM - November 11, 2024]: Cron Job success Ref: 149
[03:00 PM - November 11, 2024]: Cron Job success Ref: 150
[03:00 PM - November 12, 2024]: Cron Job success Ref: 151
[03:00 PM - November 12, 2024]: Cron Job success Ref: 152
[03:00 PM - November 12, 2024]: Cron Job success Ref: 153
[03:00 PM - November 13, 2024]: Cron Job success Ref: 154
[03:00 PM - November 13, 2024]: Cron Job success Ref: 155
[03:00 PM - November 13, 2024]: Cron Job success Ref: 156
[03:00 PM - November 13, 2024]: Cron Job success Ref: 157
[03:00 PM - November 13, 2024]: Cron Job success Ref: 158
[03:00 PM - November 14, 2024]: Cron Job success Ref: 159
[03:00 PM - November 14, 2024]: Cron Job success Ref: 160
[03:00 PM - November 14, 2024]: Cron Job success Ref: 161
[03:00 PM - November 14, 2024]: Cron Job success Ref: 162
[03:00 PM - November 14, 2024]: Cron Job success Ref: 163
[03:00 PM - November 15, 2024]: Cron Job success Ref: 164
[03:00 PM - November 15, 2024]: Cron Job success Ref: 165
[03:00 PM - November 15, 2024]: Cron Job success Ref: 166
[03:00 PM - November 15, 2024]: Cron Job success Ref: 167
[03:00 PM - November 15, 2024]: Cron Job success Ref: 168
[03:00 PM - November 16, 2024]: Cron Job success Ref: 169
[03:00 PM - November 16, 2024]: Cron Job success Ref: 170
[03:00 PM - November 16, 2024]: Cron Job success Ref: 171
[03:00 PM - November 16, 2024]: Cron Job success Ref: 172
[03:00 PM - November 16, 2024]: Cron Job success Ref: 173
[03:00 PM - November 17, 2024]: Cron Job success Ref: 174
[03:00 PM - November 17, 2024]: Cron Job success Ref: 175
[03:00 PM - November 17, 2024]: Cron Job success Ref: 176
[03:00 PM - November 17, 2024]: Cron Job success Ref: 177
[03:00 PM - November 17, 2024]: Cron Job success Ref: 178
[03:00 PM - November 18, 2024]: Cron Job success Ref: 179
[03:00 PM - November 18, 2024]: Cron Job success Ref: 180
[03:00 PM - November 18, 2024]: Cron Job success Ref: 181
[03:00 PM - November 18, 2024]: Cron Job success Ref: 182
[03:00 PM - November 18, 2024]: Cron Job success Ref: 183
[03:00 PM - November 19, 2024]: Cron Job success Ref: 1
[03:00 PM - November 19, 2024]: Cron Job success Ref: 2
[03:00 PM - November 20, 2024]: Cron Job success Ref: 3
[03:00 PM - November 20, 2024]: Cron Job success Ref: 4
[03:00 PM - November 21, 2024]: Cron Job success Ref: 5
[03:00 PM - November 21, 2024]: Cron Job success Ref: 6
[03:00 PM - November 22, 2024]: Cron Job success Ref: 7
[03:00 PM - November 22, 2024]: Cron Job success Ref: 8
[03:00 PM - November 23, 2024]: Cron Job success Ref: 9
[03:00 PM - November 23, 2024]: Cron Job success Ref: 10
[03:00 PM - November 24, 2024]: Cron Job success Ref: 11
[03:00 PM - November 24, 2024]: Cron Job success Ref: 12
[03:00 PM - November 25, 2024]: Cron Job success Ref: 13
[03:00 PM - November 25, 2024]: Cron Job success Ref: 14
[03:00 PM - November 26, 2024]: Cron Job success Ref: 15
[03:00 PM - November 26, 2024]: Cron Job success Ref: 16
[03:00 PM - November 27, 2024]: Cron Job success Ref: 17
[03:00 PM - November 27, 2024]: Cron Job success Ref: 18
[03:00 PM - November 28, 2024]: Cron Job success Ref: 19
[03:00 PM - November 28, 2024]: Cron Job success Ref: 20
[03:00 PM - November 29, 2024]: Cron Job success Ref: 21
[03:00 PM - November 29, 2024]: Cron Job success Ref: 22
[03:00 PM - November 30, 2024]: Cron Job success Ref: 23
[03:00 PM - November 30, 2024]: Cron Job success Ref: 24
[03:00 PM - December 01, 2024]: Cron Job success Ref: 25
[03:00 PM - December 01, 2024]: Cron Job success Ref: 26
[03:00 PM - December 02, 2024]: Cron Job success Ref: 27
[03:00 PM - December 02, 2024]: Cron Job success Ref: 28
[03:00 PM - December 03, 2024]: Cron Job success Ref: 29
[03:00 PM - December 03, 2024]: Cron Job success Ref: 30
[03:00 PM - December 04, 2024]: Cron Job success Ref: 31
[03:00 PM - December 04, 2024]: Cron Job success Ref: 32
[03:00 PM - December 05, 2024]: Cron Job success Ref: 33
[03:00 PM - December 05, 2024]: Cron Job success Ref: 34
[03:00 PM - December 06, 2024]: Cron Job success Ref: 35
[03:00 PM - December 06, 2024]: Cron Job success Ref: 36
[03:00 PM - December 07, 2024]: Cron Job success Ref: 37
[03:00 PM - December 07, 2024]: Cron Job success Ref: 38
[03:00 PM - December 08, 2024]: Cron Job success Ref: 39
[03:00 PM - December 08, 2024]: Cron Job success Ref: 40
