[09:46 AM]: Davies John Boco has just Logged-in
[01:11 PM]: Davies John Boco uploaded a Financial Statement on work paper
[01:16 PM]: Davies John Boco uploaded a Financial Statement on work paper
[01:20 PM]: Davies John Boco uploaded a Financial Statement on work paper
[01:21 PM]: Davies John Boco uploaded a file on work paper
[01:22 PM]: Davies John Boco uploaded a Financial Statement on work paper
[01:24 PM]: Davies John Boco save a file 2.1 B2 Chapter 2 on work paper
[01:26 PM]: Davies John Boco uploaded a Financial Statement on work paper
[01:27 PM]: Davies John Boco uploaded a file on work paper
[01:29 PM]: Davies John Boco uploaded a file on work paper
[01:35 PM]: Davies John Boco has imported a trial balance
[01:35 PM]: Davies John Boco Updated a work paper
[01:36 PM]: Davies John Boco Updated a work paper
[01:38 PM]: Davies John Boco uploaded a Financial Statement on work paper
[01:38 PM]: Davies John Boco uploaded a Financial Statement on work paper
[01:38 PM]: Davies John Boco uploaded a Financial Statement on work paper
[01:39 PM]: Davies John Boco uploaded a Financial Statement on work paper
[01:39 PM]: Davies John Boco uploaded a Financial Statement on work paper
[01:41 PM]: Davies John Boco uploaded a Financial Statement on work paper
[01:42 PM]: Davies John Boco uploaded a Financial Statement on work paper
[01:50 PM]: Davies John Boco uploaded a Financial Statement on work paper
[01:51 PM]: Davies John Boco uploaded a Financial Statement on work paper
[01:51 PM]: Davies John Boco uploaded a Financial Statement on work paper
[02:00 PM]: Davies John Boco uploaded a Financial Statement on work paper
[02:11 PM]: Davies John Boco uploaded a Financial Statement on work paper
[02:11 PM]: Davies John Boco uploaded a Financial Statement on work paper
[02:14 PM]: Davies John Boco uploaded a Financial Statement on work paper
[02:14 PM]: Davies John Boco uploaded a Financial Statement on work paper
[02:15 PM]: Davies John Boco uploaded a Financial Statement on work paper
[02:16 PM]: Davies John Boco uploaded a Financial Statement on work paper
[02:20 PM]: Davies John Boco uploaded a Financial Statement on work paper
[02:20 PM]: Davies John Boco uploaded a Financial Statement on work paper
[02:24 PM]: Davies John Boco uploaded a Financial Statement on work paper
[02:27 PM]: Davies John Boco uploaded a Financial Statement on work paper
[02:27 PM]: Davies John Boco uploaded a Financial Statement on work paper
[02:28 PM]: Davies John Boco uploaded a Financial Statement on work paper
[02:28 PM]: Davies John Boco uploaded a Financial Statement on work paper
[02:28 PM]: Davies John Boco uploaded a Financial Statement on work paper
[02:28 PM]: Davies John Boco uploaded a Financial Statement on work paper
[02:28 PM]: Davies John Boco uploaded a Financial Statement on work paper
[02:29 PM]: Davies John Boco uploaded a Financial Statement on work paper
[02:42 PM]: Davies John Boco uploaded a Financial Statement on work paper
[02:42 PM]: Davies John Boco uploaded a Financial Statement on work paper
[02:44 PM]: Davies John Boco uploaded a Financial Statement on work paper
[06:08 PM]: Davies John Boco has just Logged-in
[06:46 PM]: Davies John Boco uploaded a Financial Statement on work paper
[07:02 PM]: Davies John Boco uploaded a Financial Statement on work paper
