[August 27, 2024-12:31 PM]: Davies John Boco Updated JDC's information
[August 27, 2024-01:34 PM]: Davies John Boco updated the client Juan Dela Cruz-DJ Metal Works information
[August 27, 2024-06:39 PM]: Davies John Boco has just Logged-in
[August 27, 2024-08:38 PM]: Davies John Boco set a default value on a client file AC1 Chapter 1
[August 27, 2024-08:40 PM]: Davies John Boco set a default value on a client file AC1 Chapter 1
[August 27, 2024-09:02 PM]: Davies John Boco save a file AC1 Chapter 1 on work paper
[August 27, 2024-09:12 PM]: Davies John Boco save a file AC1 Chapter 1 on work paper
[August 27, 2024-09:12 PM]: Davies John Boco save a file AC1 Chapter 1 on work paper
[August 27, 2024-09:12 PM]: Davies John Boco sent a file c1 to reviewer
[August 28, 2024-07:30 PM]: Davies John Boco has just Logged-in
[August 28, 2024-07:31 PM]: Davies John Boco save a file AC2 Chapter 1 on work paper
[August 28, 2024-07:31 PM]: Davies John Boco save a file AC2 Chapter 1 on work paper
[August 28, 2024-07:31 PM]: Davies John Boco sent a file c1 to reviewer
[August 29, 2024-01:24 PM]: Davies John Boco has just Logged-in
[August 29, 2024-01:59 PM]: Davies John Boco set a default value on a client file AC9 Chapter 1
[August 29, 2024-02:00 PM]: Davies John Boco set a default value on a client file AC9 Chapter 1
[August 29, 2024-02:03 PM]: Davies John Boco save a file AC9 Chapter 1 on work paper
[August 29, 2024-04:06 PM]: Davies John Boco has just Logged-in
[August 29, 2024-05:35 PM]: Davies John Boco set a default value on a client file Chapter 3
[August 29, 2024-06:40 PM]: Davies John Boco save a content on 3.1 Aa1 Chapter 3
[August 29, 2024-06:40 PM]: Davies John Boco set a default value on a client file Chapter 3
[August 29, 2024-06:41 PM]: Davies John Boco set a default value on a client file Chapter 3
[August 29, 2024-07:07 PM]: Davies John Boco set a default value on a client file Chapter 3
[August 29, 2024-07:09 PM]: Davies John Boco set a default value on a client file Chapter 3
[August 29, 2024-08:33 PM]: Davies John Boco has initiated a workpaper
[August 29, 2024-08:52 PM]: Davies John Boco save a file 3.1 Aa1 Chapter 3 on work paper
[August 29, 2024-08:52 PM]: Davies John Boco save a file 3.1 Aa1 Chapter 3 on work paper
[August 29, 2024-08:53 PM]: Davies John Boco save a file 3.1 Aa1 Chapter 3 on work paper
[August 30, 2024-09:49 AM]: Davies John Boco has just Logged-in
[August 30, 2024-11:53 AM]: Davies John Boco set a default value on a client file Chapter 3
[August 30, 2024-11:54 AM]: Davies John Boco set a default value on a client file Chapter 3
[August 30, 2024-12:23 PM]: Davies John Boco save a file 3.3 Aa3a Chapter 3 on work paper
[August 30, 2024-05:09 PM]: Davies John Boco has just Logged-in
[August 30, 2024-07:00 PM]: Davies John Boco set a default value on a client file Chapter 3
[August 30, 2024-07:15 PM]: Davies John Boco set a default value on a client file Chapter 3
[August 30, 2024-07:29 PM]: Davies John Boco save a file 3.4 Aa3b Chapter 3 on work paper
[August 30, 2024-07:30 PM]: Davies John Boco save a file 3.4 Aa3b Chapter 3 on work paper
[August 30, 2024-07:30 PM]: Davies John Boco save a file 3.4 Aa3b Chapter 3 on work paper
[September 03, 2024-04:46 PM]: Davies John Boco has just Logged-in
[September 03, 2024-07:10 PM]: Davies John Boco has initiated a workpaper
[September 03, 2024-07:16 PM]: Davies John Boco has initiated a workpaper
[September 03, 2024-07:28 PM]: Davies John Boco set a default value on a client file Chapter 3
[September 03, 2024-07:28 PM]: Davies John Boco set a default value on a client file Chapter 3
[September 03, 2024-07:28 PM]: Davies John Boco set a default value on a client file Chapter 3
[September 03, 2024-07:34 PM]: Davies John Boco save a file 3.6.1 Aa5a Chapter 3 on work paper
[September 04, 2024-08:49 AM]: Davies John Boco has just Logged-in
[September 04, 2024-09:00 AM]: Davies John Boco has initiated a workpaper
[September 04, 2024-09:55 AM]: Davies John Boco set a default value on a client file AC1 Chapter 1
[September 04, 2024-09:58 AM]: Davies John Boco set a default value on a client file AC1 Chapter 1
[September 04, 2024-09:58 AM]: Davies John Boco set a default value on a client file AC1 Chapter 1
[September 04, 2024-09:58 AM]: Davies John Boco set a default value on a client file AC1 Chapter 1
[September 04, 2024-10:22 AM]: Davies John Boco set a default value on a client file AC2 Chapter 1
[September 04, 2024-10:22 AM]: Davies John Boco set a default value on a client file AC2 Chapter 1
[September 04, 2024-10:44 AM]: Davies John Boco set a default value on a client file AC3 Chapter 1
[September 04, 2024-11:04 AM]: Davies John Boco set a default value on a client file AC7 Chapter 1
[September 04, 2024-11:16 AM]: Davies John Boco set a default value on a client file AC7 Chapter 1
[September 04, 2024-11:19 AM]: Davies John Boco set a default value on a client file AC8 Chapter 1
[September 04, 2024-11:19 AM]: Davies John Boco set a default value on a client file AC8 Chapter 1
[September 04, 2024-11:26 AM]: Davies John Boco set a default value on a client file AC9 Chapter 1
[September 04, 2024-11:27 AM]: Davies John Boco set a default value on a client file AC10 Chapter 1
[September 04, 2024-11:33 AM]: Davies John Boco set a default value on a client file AC10 Chapter 1
[September 04, 2024-11:33 AM]: Davies John Boco set a default value on a client file AC10 Chapter 1
[September 04, 2024-11:34 AM]: Davies John Boco set a default value on a client file AC10 Chapter 1
[September 04, 2024-11:34 AM]: Davies John Boco set a default value on a client file AC10 Chapter 1
[September 04, 2024-11:34 AM]: Davies John Boco set a default value on a client file AC10 Chapter 1
[September 04, 2024-11:41 AM]: Davies John Boco set a default value on a client file AC10 Chapter 1
[September 04, 2024-11:41 AM]: Davies John Boco set a default value on a client file AC10 Chapter 1
[September 04, 2024-12:04 PM]: Davies John Boco set a default value on a client file AC11 Chapter 1
[September 04, 2024-02:38 PM]: Davies John Boco has just Logged-in
[September 04, 2024-02:53 PM]: Davies John Boco set a default value on a client file Chapter 2
[September 04, 2024-02:56 PM]: Davies John Boco set a default value on a client file Chapter 2
[September 05, 2024-12:00 PM]: Davies John Boco has just Logged-in
[September 05, 2024-12:12 PM]: Davies John Boco set a default value on a client file Chapter 3
[September 05, 2024-12:17 PM]: Davies John Boco set a default value on a client file Chapter 3
[September 05, 2024-12:20 PM]: Davies John Boco set a default value on a client file Chapter 3
[September 05, 2024-12:53 PM]: Davies John Boco set a default value on a client file Chapter 3
[September 05, 2024-01:31 PM]: Davies John Boco set a default value on a client file Chapter 3
[September 05, 2024-01:35 PM]: Davies John Boco set a default value on a client file Chapter 3
[September 05, 2024-02:05 PM]: Davies John Boco set a default value on a client file Chapter 3
[September 05, 2024-02:09 PM]: Davies John Boco set a default value on a client file Chapter 3
[September 05, 2024-02:14 PM]: Davies John Boco set a default value on a client file Chapter 3
[September 05, 2024-03:47 PM]: Davies John Boco save a file AC1 Chapter 1 on work paper
[September 05, 2024-03:49 PM]: Davies John Boco save a file AC1 Chapter 1 on work paper
[September 05, 2024-03:55 PM]: Davies John Boco save a file AC3 Chapter 1 on work paper
[September 05, 2024-03:58 PM]: Davies John Boco save a file AC5 Chapter 1 on work paper
[September 05, 2024-04:09 PM]: Davies John Boco save a file AC9 Chapter 1 on work paper
[September 05, 2024-04:20 PM]: Davies John Boco set a default value on a client file Chapter 2
[September 05, 2024-04:21 PM]: Davies John Boco save a file 2.1 B2 Chapter 2 on work paper
[September 05, 2024-05:01 PM]: Davies John Boco save a file 3.4 Aa3b Chapter 3 on work paper
[September 05, 2024-05:37 PM]: Davies John Boco save a file 3.15.1 Ab4a Chapter 3 on work paper
[September 06, 2024-11:44 AM]: Davies John Boco has just Logged-in
[September 06, 2024-12:31 PM]: Davies John Boco set a default value on a client file AC1 Chapter 1
[September 06, 2024-12:32 PM]: Davies John Boco set a default value on a client file AC1 Chapter 1
[September 06, 2024-12:32 PM]: Davies John Boco set a default value on a client file AC1 Chapter 1
[September 06, 2024-12:32 PM]: Davies John Boco set a default value on a client file AC1 Chapter 1
[September 06, 2024-12:32 PM]: Davies John Boco set a default value on a client file AC1 Chapter 1
[September 06, 2024-12:33 PM]: Davies John Boco set a default value on a client file AC1 Chapter 1
[September 06, 2024-12:33 PM]: Davies John Boco set a default value on a client file AC1 Chapter 1
[September 06, 2024-12:37 PM]: Davies John Boco set a default value on a client file AC1 Chapter 1
[September 06, 2024-12:42 PM]: Davies John Boco set a default value on a client file AC1 Chapter 1
[September 06, 2024-12:44 PM]: Davies John Boco set a default value on a client file Chapter 2
[September 06, 2024-12:44 PM]: Davies John Boco set a default value on a client file Chapter 2
[September 06, 2024-12:46 PM]: Davies John Boco set a default value on a client file Chapter 2
[September 06, 2024-12:50 PM]: Davies John Boco save a file AC1 Chapter 1 on work paper
[September 06, 2024-12:50 PM]: Davies John Boco save a file AC1 Chapter 1 on work paper
[September 06, 2024-12:50 PM]: Davies John Boco save a file AC1 Chapter 1 on work paper
[September 06, 2024-12:51 PM]: Davies John Boco save a file AC1 Chapter 1 on work paper
[September 06, 2024-12:54 PM]: Davies John Boco save a file 2.1 B2 Chapter 2 on work paper
[September 06, 2024-12:54 PM]: Davies John Boco save a file 3.1 Aa1 Chapter 3 on work paper
[September 08, 2024-05:41 PM]: Davies John Boco has just Logged-in
[September 09, 2024-01:14 PM]: Davies John Boco has just Logged-in
