[08:30 AM]: Davies John Boco has just Logged-in
[10:04 AM]: Davies John Boco has initiated a workpaper
[11:14 AM]: DJ has just Logged-in
[11:14 AM]: Davies John Boco has just Logged-in
[11:15 AM]: Davies John Boco updated a position in the system
[11:15 AM]: Davies John Boco updated a position in the system
[11:15 AM]: Davies John Boco updated a position in the system
[11:16 AM]: DJ has just Logged-in
[11:23 AM]: DJ sent a file to reviewer
[11:28 AM]: DJ sent a file to audit manager
[11:51 AM]: DJ sent a file to reviewer
[12:03 PM]: DJ has just Logged-in
[12:40 PM]: DJ sent back a file to preparer
[12:41 PM]: DJ sent a file to reviewer
[12:41 PM]: DJ sent a file to audit manager
[12:49 PM]: DJ approved a work paper
[12:50 PM]: DJ sent a file to reviewer
[12:50 PM]: DJ sent a file to audit manager
[01:47 PM]: DJ sent a file to c1 audit manager
[01:53 PM]: DJ approved a file to c1
[01:55 PM]: DJ sent a file c1 to reviewer
[01:57 PM]: Davies John Boco has just Logged-in
[02:04 PM]: Davies John Boco sent a file to index audit manager
[02:04 PM]: Davies John Boco sent a file index to reviewer
[02:08 PM]: Davies John Boco sent a file to c1 audit manager
[02:08 PM]: Davies John Boco sent a file c1 to reviewer
[02:16 PM]: DJ has just Logged-in
[02:17 PM]: Davies John Boco has just Logged-in
