[10:04 AM]: Davies John Boco has just Logged-in
[10:08 AM]: Davies John Boco has initiated a workpaper
[10:20 AM]: Davies John Boco has initiated a workpaper
[10:29 AM]: Davies John Boco has initiated a workpaper
[11:22 AM]: Davies John Boco set a default value on a client file Chapter 3
[11:26 AM]: Davies John Boco set a default value on a client file Chapter 3
[11:34 AM]: Davies John Boco set a default value on a client file Chapter 3
[11:34 AM]: Davies John Boco set a default value on a client file Chapter 3
[11:42 AM]: Davies John Boco set a default value on a client file Chapter 3
[11:46 AM]: Davies John Boco set a default value on a client file Chapter 3
[11:46 AM]: Davies John Boco set a default value on a client file Chapter 3
[12:09 PM]: Davies John Boco set a default value on a client file Chapter 3
[12:19 PM]: Davies John Boco save a file 3.5 Aa4 Chapter 3 on work paper
[12:23 PM]: Davies John Boco save a file 3.5 Aa4 Chapter 3 on work paper
[12:35 PM]: Davies John Boco set a default value on a client file Chapter 3
[12:36 PM]: Davies John Boco save a file 3.5 Aa4 Chapter 3 on work paper
[12:37 PM]: Davies John Boco save a file 3.5 Aa4 Chapter 3 on work paper
[02:57 PM]: Davies John Boco has initiated a workpaper
[08:26 PM]: Davies John Boco has just Logged-in
[08:48 PM]: Davies John Boco set a default value on a client file Chapter 3
[08:49 PM]: Davies John Boco set a default value on a client file Chapter 3
[08:50 PM]: Davies John Boco set a default value on a client file Chapter 3
[09:07 PM]: Davies John Boco has initiated a workpaper
[09:26 PM]: Davies John Boco save a file 3.11 Chapter 3 on work paper
[09:30 PM]: Davies John Boco save a file 3.11 Chapter 3 on work paper
[09:31 PM]: Davies John Boco save a file 3.11 Chapter 3 on work paper
