[January 11, 2025-05:19 PM]: Davies John Boco has just Logged-in
[January 11, 2025-05:20 PM]: Davies John Boco added a client MyClient1-Sample Client 1
[January 11, 2025-05:28 PM]: Davies John Boco uploaded a file on work paper
[January 11, 2025-05:37 PM]: Davies John Boco uploaded a file on work paper
[January 11, 2025-05:38 PM]: Davies John Boco uploaded a file on work paper
[January 11, 2025-05:40 PM]: Davies John Boco uploaded a file on work paper
[January 11, 2025-05:41 PM]: Davies John Boco has initiated a workpaper
[January 11, 2025-11:13 PM]: Davies John Boco has just Logged-in
[January 11, 2025-11:26 PM]: Davies John Boco added a client Davies John Boco-BuildApp Minds Corp
[January 11, 2025-11:27 PM]: Davies John Boco has initiated a workpaper
[January 11, 2025-11:41 PM]: Davies John Boco Added Pedro Penduko as a Pedro Penduko in your firm
[January 12, 2025-09:01 AM]: Davies John Boco has just Logged-in
[January 12, 2025-09:02 AM]: Davies John Boco save a file AC4 Audit Planning on work paper
[January 12, 2025-09:15 AM]: Davies John Boco save a file AC4 Audit Planning on work paper
[January 12, 2025-09:24 AM]: Davies John Boco save a file AC1 Pre-Engagement Activities on work paper
[January 12, 2025-09:24 AM]: Davies John Boco save a file AC1 Pre-Engagement Activities on work paper
[January 12, 2025-09:24 AM]: Davies John Boco set a default value on a client file AA1 Concluding the Audit
[January 12, 2025-09:24 AM]: Davies John Boco set a default value on a client file AA1 Concluding the Audit
[January 12, 2025-09:24 AM]: Davies John Boco set a default value on a client file AA1 Concluding the Audit
[January 12, 2025-09:24 AM]: Davies John Boco set a default value on a client file AA1 Concluding the Audit
[January 12, 2025-09:25 AM]: Davies John Boco has imported a trial balance
[January 12, 2025-09:34 AM]: Davies John Boco sent a file c1 to reviewer
[January 12, 2025-09:34 AM]: Davies John Boco sent back a file c1 to preparer
[January 12, 2025-09:38 AM]: Davies John Boco uploaded a file on work paper
[January 12, 2025-09:38 AM]: Davies John Boco uploaded a file on work paper
[January 12, 2025-09:39 AM]: Davies John Boco uploaded a Financial Statement on work paper
[January 12, 2025-09:42 AM]: Davies John Boco sent a file c1 to reviewer
[January 12, 2025-09:42 AM]: Davies John Boco sent a file to c1 audit manager
[January 12, 2025-09:42 AM]: Davies John Boco approved a file to c1
[January 12, 2025-09:42 AM]: Davies John Boco sent a file c2 to reviewer
[January 12, 2025-09:42 AM]: Davies John Boco sent a file c3 to reviewer
[January 12, 2025-09:42 AM]: Davies John Boco sent a file to c2 audit manager
[January 12, 2025-09:53 AM]: Davies John Boco uploaded a file on work paper
[January 12, 2025-09:59 AM]: Davies John Boco uploaded a file on work paper
[January 12, 2025-10:16 AM]: Davies John Boco has initiated a workpaper
[January 12, 2025-10:18 AM]: Davies John Boco has initiated a workpaper
[January 12, 2025-10:25 AM]: Davies John Boco has imported a trial balance
[January 12, 2025-09:27 PM]: Davies John Boco has just Logged-in
[January 13, 2025-11:21 AM]: Davies John Boco has just Logged-in
[January 13, 2025-11:24 AM]: Davies John Boco updated his/her information
[January 13, 2025-11:38 AM]: Pedro Penduko has just Logged-in
[January 13, 2025-11:39 AM]: Pedro Penduko updated his/her information
[January 13, 2025-11:39 AM]: Pedro Penduko updated his/her information
[January 13, 2025-01:40 PM]: Davies John Boco has just Logged-in
[January 13, 2025-01:44 PM]: Davies John Boco updated the client Davies John Boco-BuildApp Minds Corps information
[January 13, 2025-01:44 PM]: Davies John Boco Set the information of Davies John Boco to Inactive
