[September 23, 2024-03:31 PM]: userid:1 has 5 failed login attemps
[September 23, 2024-03:46 PM]: userid:1 has 1 failed login attemps
[September 23, 2024-03:46 PM]: userid:1 has 2 failed login attemps
[September 23, 2024-03:47 PM]: userid:1 has 3 failed login attemps
[September 23, 2024-03:47 PM]: userid:1 has 4 failed login attemps
[September 24, 2024-11:07 AM]: userid:1 has 1 failed login attemps
[September 24, 2024-11:08 AM]: userid:1 has 1 failed login attemps
[October 09, 2024-03:07 PM]: userid:1 has 1 failed login attemps
[October 09, 2024-03:07 Pled login attempsM]: userid:1 has 2 fai
[November 11, 2024-10:24 AM]: userid:1 has 1 failed login attemps
[November 11, 2024-10:24 AM]: userid:1 has 2 failed login attemps
[November 11, 2024-10:25 AM]: userid:1 has 3 failed login attemps
[December 02, 2024-09:44 AM]: userid:1 has 1 failed login attemps
[December 03, 2024-12:02 PM]: userid:1 has 1 failed login attemps
[December 03, 2024-04:18 PM]: userid:1 has 1 failed login attemps
[December 07, 2024-08:23 PM]: userid:1 has 1 failed login attemps
[December 17, 2024-09:03 AM]: userid:1 has 1 failed login attemps
[December 17, 2024-09:44 AM]: userid:1 has 1 failed login attemps
[December 17, 2024-09:46 AM]: userid:1 has 1 failed login attemps
[December 17, 2024-09:59 AM]: userid:1 has 1 failed login attemps
[December 17, 2024-09:59 AM]: userid:1 has 2 failed login attemps
[December 17, 2024-09:59 AM]: userid:1 has 3 failed login attemps
[December 17, 2024-10:11 AM]: userid:1 has 1 failed login attemps
[December 17, 2024-10:14 AM]: userid:1 has 2 failed login attemps
[December 17, 2024-10:14 AM]: userid:1 has 3 failed login attemps
[December 17, 2024-10:14 AM]: userid:1 has 4 failed login attemps
[December 17, 2024-10:15 AM]: userid:1 has 5 failed login attemps
[December 17, 2024-10:16 AM]: userid:1 has 1 failed login attemps
[December 17, 2024-10:17 AM]: userid:1 has 2 failed login attemps
[December 17, 2024-10:17 AM]: userid:1 has 3 failed login attemps
[December 17, 2024-10:17 AM]: userid:1 has 4 failed login attemps
[December 17, 2024-10:17 AM]: userid:1 has 5 failed login attemps
[December 17, 2024-10:17 AM]: userid:1 has 6 failed login attemps
[December 17, 2024-10:17 AM]: userid:1 has 7 failed login attemps
[December 17, 2024-10:18 AM]: userid:1 has 8 failed login attemps
[December 17, 2024-10:18 AM]: userid:1 has 9 failed login attemps
[December 17, 2024-10:18 AM]: userid:1 has 10 failed login attemps
[December 17, 2024-10:18 AM]: userid:1 has 11 failed login attemps
[December 17, 2024-10:23 AM]: userid:1 has 1 failed login attemps
[December 17, 2024-10:23 AM]: userid:1 has 2 failed login attemps
[December 17, 2024-10:24 AM]: userid:1 has 3 failed login attemps
[December 17, 2024-10:24 AM]: userid:1 has 4 failed login attemps
[December 17, 2024-10:24 AM]: userid:1 has 5 failed login attemps
[December 17, 2024-10:24 AM]: userid:1 has 6 failed login attemps
[December 17, 2024-10:24 AM]: userid:1 has 7 failed login attemps
[December 17, 2024-10:25 AM]: userid:1 has 8 failed login attemps
[December 17, 2024-10:25 AM]: userid:1 has 9 failed login attemps
[December 17, 2024-10:25 AM]: userid:1 has 10 failed login attemps
[December 17, 2024-10:28 AM]: userid:1 has 1 failed login attemps
[December 17, 2024-10:29 AM]: userid:1 has 2 failed login attemps
[December 17, 2024-10:29 AM]: userid:1 has 3 failed login attemps
[December 17, 2024-10:30 AM]: userid:1 has 4 failed login attemps
[December 17, 2024-10:30 AM]: userid:1 has 5 failed login attemps
[December 17, 2024-10:33 AM]: userid:1 has 6 failed login attemps
[December 17, 2024-10:34 AM]: userid:1 has 7 failed login attemps
[December 17, 2024-10:36 AM]: userid:1 has 1 failed login attemps
[December 17, 2024-10:36 AM]: userid:1 has 2 failed login attemps
[December 17, 2024-10:37 AM]: userid:1 has 3 failed login attemps
[December 17, 2024-10:37 AM]: userid:1 has 4 failed login attemps
[December 17, 2024-10:37 AM]: userid:1 has 5 failed login attemps
[December 17, 2024-10:37 AM]: userid:1 has 6 failed login attemps
[December 17, 2024-10:37 AM]: userid:1 has 7 failed login attemps
[December 17, 2024-10:37 AM]: userid:1 has 8 failed login attemps
[December 17, 2024-10:38 AM]: userid:1 has 1 failed login attemps
[December 17, 2024-10:39 AM]: userid:1 has 2 failed login attemps
[December 17, 2024-10:40 AM]: userid:1 has 3 failed login attemps
[December 17, 2024-10:41 AM]: userid:1 has 4 failed login attemps
[December 17, 2024-10:41 AM]: userid:1 has 5 failed login attemps
[December 17, 2024-10:41 AM]: userid:1 has 6 failed login attemps
[December 17, 2024-10:41 AM]: userid:1 has 7 failed login attemps
[December 17, 2024-10:46 AM]: userid:1 has 1 failed login attemps
[December 17, 2024-10:46 AM]: userid:1 has 2 failed login attemps
[December 20, 2024-09:00 AM]: userid:1 has 1 failed login attemps
